: No such file or directorycannot remove ‘../../../../Results/PopExpansion100GensAgo/ForwardSims/4Ns_0/HapLengths/ExitFileNoRecLessN10000_43.txt’: No such file or directory: No such file or directorycannot remove ‘../../../../Results/PopExpansion100GensAgo/ForwardSims/4Ns_0/HapLengths/ExitFileNoRecLessN10000_66.txt’: No such file or directory: No such file or directory: No such file or directory
: No such file or directory
cannot remove ‘../../../../Results/PopExpansion100GensAgo/ForwardSims/4Ns_0/HapLengths/ExitFileNoRecLessN10000_45.txt’: No such file or directorycannot remove ‘../../../../Results/PopExpansion100GensAgo/ForwardSims/4Ns_0/HapLengths/ExitFileNoRecLessN10000_28.txt’: No such file or directory: No such file or directorycannot remove ‘../../../../Results/PopExpansion100GensAgo/ForwardSims/4Ns_0/HapLengths/ExitFileNoRecLessN10000_57.txt’



rm: 

: No such file or directory




: No such file or directory: No such file or directory




: No such file or directory

: No such file or directory
cannot remove ‘../../../../Results/PopExpansion100GensAgo/ForwardSims/4Ns_0/HapLengths/ExitFileNoRecLessN10000_59.txt’: No such file or directory
: No such file or directory


rm: 

: No such file or directorycannot remove ‘../../../../Results/PopExpansion100GensAgo/ForwardSims/4Ns_0/HapLengths/ExitFileNoRecLessN10000_56.txt’
: No such file or directory: No such file or directory
cannot remove ‘../../../../Results/PopExpansion100GensAgo/ForwardSims/4Ns_0/HapLengths/ExitFileNoRecLessN10000_52.txt’
: No such file or directory
rm: rm: cannot remove ‘../../../../Results/PopExpansion100GensAgo/ForwardSims/4Ns_0/HapLengths/ExitFileNoRecLessN10000_83.txt’cannot remove ‘../../../../Results/PopExpansion100GensAgo/ForwardSims/4Ns_0/HapLengths/ExitFileNoRecLessN10000_94.txt’rm: rm: : No such file or directorycannot remove ‘../../../../Results/PopExpansion100GensAgo/ForwardSims/4Ns_0/HapLengths/ExitFileNoRecLessN10000_74.txt’
: No such file or directory: No such file or directory
cannot remove ‘../../../../Results/PopExpansion100GensAgo/ForwardSims/4Ns_0/HapLengths/ExitFileNoRecLessN10000_91.txt’
: No such file or directory
rm: cannot remove ‘../../../../Results/PopExpansion100GensAgo/ForwardSims/4Ns_0/HapLengths/ExitFileNoRecLessN10000_92.txt’: No such file or directory
rm: cannot remove ‘../../../../Results/PopExpansion100GensAgo/ForwardSims/4Ns_0/HapLengths/ExitFileNoRecLessN10000_79.txt’: No such file or directory
rm: cannot remove ‘../../../../Results/PopExpansion100GensAgo/ForwardSims/4Ns_0/HapLengths/ExitFileNoRecLessN10000_76.txt’: No such file or directory
rm: cannot remove ‘../../../../Results/PopExpansion100GensAgo/ForwardSims/4Ns_-50/HapLengths/ExitFileNoRecLessN10000_71.txt’: No such file or directory
rm: cannot remove ‘../../../../Results/PopExpansion100GensAgo/ForwardSims/4Ns_-50/HapLengths/ExitFileNoRecLessN10000_73.txt’: No such file or directory
rm: cannot remove ‘../../../../Results/PopExpansion100GensAgo/ForwardSims/4Ns_-50/HapLengths/ExitFileNoRecLessN10000_100.txt’: No such file or directory
rm: cannot remove ‘../../../../Results/PopExpansion100GensAgo/ForwardSims/4Ns_-50/HapLengths/ExitFileNoRecLessN10000_11.txt’: No such file or directory
rm: cannot remove ‘../../../../Results/PopExpansion100GensAgo/ForwardSims/4Ns_-50/HapLengths/ExitFileNoRecLessN10000_85.txt’: No such file or directory
rm: rm: cannot remove ‘../../../../Results/PopExpansion100GensAgo/ForwardSims/4Ns_-50/HapLengths/ExitFileNoRecLessN10000_33.txt’cannot remove ‘../../../../Results/PopExpansion100GensAgo/ForwardSims/4Ns_-50/HapLengths/ExitFileNoRecLessN10000_99.txt’: No such file or directory: No such file or directory

rm: cannot remove ‘../../../../Results/PopExpansion100GensAgo/ForwardSims/4Ns_-50/HapLengths/ExitFileNoRecLessN10000_75.txt’: No such file or directory
rm: cannot remove ‘../../../../Results/PopExpansion100GensAgo/ForwardSims/4Ns_-50/HapLengths/ExitFileNoRecLessN10000_40.txt’: No such file or directory
rm: rm: cannot remove ‘../../../../Results/PopExpansion100GensAgo/ForwardSims/4Ns_-50/HapLengths/ExitFileNoRecLessN10000_72.txt’cannot remove ‘../../../../Results/PopExpansion100GensAgo/ForwardSims/4Ns_-50/HapLengths/ExitFileNoRecLessN10000_30.txt’: No such file or directory: No such file or directory

rm: cannot remove ‘../../../../Results/PopExpansion100GensAgo/ForwardSims/4Ns_-50/HapLengths/ExitFileNoRecLessN10000_20.txt’: No such file or directory
rm: cannot remove ‘../../../../Results/PopExpansion100GensAgo/ForwardSims/4Ns_-50/HapLengths/ExitFileNoRecLessN10000_97.txt’rm: : No such file or directory
rm: cannot remove ‘../../../../Results/PopExpansion100GensAgo/ForwardSims/4Ns_-50/HapLengths/ExitFileNoRecLessN10000_14.txt’cannot remove ‘../../../../Results/PopExpansion100GensAgo/ForwardSims/4Ns_-50/HapLengths/ExitFileNoRecLessN10000_12.txt’: No such file or directory
: No such file or directory
rm: cannot remove ‘../../../../Results/PopExpansion100GensAgo/ForwardSims/4Ns_-50/HapLengths/ExitFileNoRecLessN10000_25.txt’: No such file or directory
rm: cannot remove ‘../../../../Results/PopExpansion100GensAgo/ForwardSims/4Ns_-50/HapLengths/ExitFileNoRecLessN10000_87.txt’: No such file or directory
rm: cannot remove ‘../../../../Results/PopExpansion100GensAgo/ForwardSims/4Ns_-50/HapLengths/ExitFileNoRecLessN10000_47.txt’: No such file or directory
rm: rm: cannot remove ‘../../../../Results/PopExpansion100GensAgo/ForwardSims/4Ns_-50/HapLengths/ExitFileNoRecLessN10000_13.txt’cannot remove ‘../../../../Results/PopExpansion100GensAgo/ForwardSims/4Ns_-50/HapLengths/ExitFileNoRecLessN10000_31.txt’: No such file or directory
: No such file or directory
rm: cannot remove ‘../../../../Results/PopExpansion100GensAgo/ForwardSims/4Ns_-50/HapLengths/ExitFileNoRecLessN10000_32.txt’: No such file or directory
rm: cannot remove ‘../../../../Results/PopExpansion100GensAgo/ForwardSims/4Ns_-50/HapLengths/ExitFileNoRecLessN10000_86.txt’: No such file or directory
rm: cannot remove ‘../../../../Results/PopExpansion100GensAgo/ForwardSims/4Ns_-50/HapLengths/ExitFileNoRecLessN10000_65.txt’: No such file or directory
rm: cannot remove ‘../../../../Results/PopExpansion100GensAgo/ForwardSims/4Ns_-50/HapLengths/ExitFileNoRecLessN10000_37.txt’: No such file or directory
rm: cannot remove ‘../../../../Results/PopExpansion100GensAgo/ForwardSims/4Ns_-50/HapLengths/ExitFileNoRecLessN10000_35.txt’: No such file or directory
rm: rm: cannot remove ‘../../../../Results/PopExpansion100GensAgo/ForwardSims/4Ns_-50/HapLengths/ExitFileNoRecLessN10000_57.txt’cannot remove ‘../../../../Results/PopExpansion100GensAgo/ForwardSims/4Ns_-50/HapLengths/ExitFileNoRecLessN10000_70.txt’: No such file or directory: No such file or directory

rm: cannot remove ‘../../../../Results/PopExpansion100GensAgo/ForwardSims/4Ns_-50/HapLengths/ExitFileNoRecLessN10000_89.txt’: No such file or directory
rm: cannot remove ‘../../../../Results/PopExpansion100GensAgo/ForwardSims/4Ns_-50/HapLengths/ExitFileNoRecLessN10000_38.txt’: No such file or directory
rm: cannot remove ‘../../../../Results/PopExpansion100GensAgo/ForwardSims/4Ns_-50/HapLengths/ExitFileNoRecLessN10000_88.txt’: No such file or directory
rm: cannot remove ‘../../../../Results/PopExpansion100GensAgo/ForwardSims/4Ns_-50/HapLengths/ExitFileNoRecLessN10000_98.txt’: No such file or directory
rm: cannot remove ‘../../../../Results/PopExpansion100GensAgo/ForwardSims/4Ns_-50/HapLengths/ExitFileNoRecLessN10000_21.txt’: No such file or directory
rm: cannot remove ‘../../../../Results/PopExpansion100GensAgo/ForwardSims/4Ns_-50/HapLengths/ExitFileNoRecLessN10000_93.txt’: No such file or directory
rm: cannot remove ‘../../../../Results/PopExpansion100GensAgo/ForwardSims/4Ns_-50/HapLengths/ExitFileNoRecLessN10000_2.txt’: No such file or directory
rm: cannot remove ‘../../../../Results/PopExpansion100GensAgo/ForwardSims/4Ns_-50/HapLengths/ExitFileNoRecLessN10000_68.txt’: No such file or directory
rm: cannot remove ‘../../../../Results/PopExpansion100GensAgo/ForwardSims/4Ns_-50/HapLengths/ExitFileNoRecLessN10000_78.txt’: No such file or directory
rm: cannot remove ‘../../../../Results/PopExpansion100GensAgo/ForwardSims/4Ns_-50/HapLengths/ExitFileNoRecLessN10000_39.txt’: No such file or directory
rm: cannot remove ‘../../../../Results/PopExpansion100GensAgo/ForwardSims/4Ns_-50/HapLengths/ExitFileNoRecLessN10000_18.txt’: No such file or directory
rm: cannot remove ‘../../../../Results/PopExpansion100GensAgo/ForwardSims/4Ns_-50/HapLengths/ExitFileNoRecLessN10000_51.txt’: No such file or directory
rm: cannot remove ‘../../../../Results/PopExpansion100GensAgo/ForwardSims/4Ns_-50/HapLengths/ExitFileNoRecLessN10000_76.txt’: No such file or directory
rm: cannot remove ‘../../../../Results/PopExpansion100GensAgo/ForwardSims/4Ns_-50/HapLengths/ExitFileNoRecLessN10000_90.txt’: No such file or directory
rm: cannot remove ‘../../../../Results/PopExpansion100GensAgo/ForwardSims/4Ns_-50/HapLengths/ExitFileNoRecLessN10000_77.txt’: No such file or directory
rm: cannot remove ‘../../../../Results/PopExpansion100GensAgo/ForwardSims/4Ns_-50/HapLengths/ExitFileNoRecLessN10000_29.txt’: No such file or directory
rm: rm: cannot remove ‘../../../../Results/PopExpansion100GensAgo/ForwardSims/4Ns_-50/HapLengths/ExitFileNoRecLessN10000_96.txt’cannot remove ‘../../../../Results/PopExpansion100GensAgo/ForwardSims/4Ns_-50/HapLengths/ExitFileNoRecLessN10000_61.txt’: No such file or directory
: No such file or directoryrm: rm: cannot remove ‘../../../../Results/PopExpansion100GensAgo/ForwardSims/4Ns_-50/HapLengths/ExitFileNoRecLessN10000_19.txt’
: No such file or directorycannot remove ‘../../../../Results/PopExpansion100GensAgo/ForwardSims/4Ns_-50/HapLengths/ExitFileNoRecLessN10000_23.txt’
: No such file or directory
rm: cannot remove ‘../../../../Results/PopExpansion100GensAgo/ForwardSims/4Ns_-50/HapLengths/ExitFileNoRecLessN10000_80.txt’: No such file or directory
rm: cannot remove ‘../../../../Results/PopExpansion100GensAgo/ForwardSims/4Ns_-50/HapLengths/ExitFileNoRecLessN10000_53.txt’: No such file or directory
rm: cannot remove ‘../../../../Results/PopExpansion100GensAgo/ForwardSims/4Ns_-50/HapLengths/ExitFileNoRecLessN10000_41.txt’: No such file or directory
rm: rm: cannot remove ‘../../../../Results/PopExpansion100GensAgo/ForwardSims/4Ns_-50/HapLengths/ExitFileNoRecLessN10000_3.txt’rm: : No such file or directorycannot remove ‘../../../../Results/PopExpansion100GensAgo/ForwardSims/4Ns_-50/HapLengths/ExitFileNoRecLessN10000_94.txt’
: No such file or directorycannot remove ‘../../../../Results/PopExpansion100GensAgo/ForwardSims/4Ns_-50/HapLengths/ExitFileNoRecLessN10000_84.txt’
: No such file or directory
rm: cannot remove ‘../../../../Results/PopExpansion100GensAgo/ForwardSims/4Ns_-50/HapLengths/ExitFileNoRecLessN10000_63.txt’: No such file or directory
rm: cannot remove ‘../../../../Results/PopExpansion100GensAgo/ForwardSims/4Ns_-50/HapLengths/ExitFileNoRecLessN10000_59.txt’: No such file or directory
rm: cannot remove ‘../../../../Results/PopExpansion100GensAgo/ForwardSims/4Ns_-50/HapLengths/ExitFileNoRecLessN10000_34.txt’: No such file or directory
rm: cannot remove ‘../../../../Results/PopExpansion100GensAgo/ForwardSims/4Ns_-50/HapLengths/ExitFileNoRecLessN10000_49.txt’: No such file or directory
rm: cannot remove ‘../../../../Results/PopExpansion100GensAgo/ForwardSims/4Ns_-50/HapLengths/ExitFileNoRecLessN10000_43.txt’: No such file or directory
rm: cannot remove ‘../../../../Results/PopExpansion100GensAgo/ForwardSims/4Ns_-50/HapLengths/ExitFileNoRecLessN10000_9.txt’: No such file or directory
rm: rm: cannot remove ‘../../../../Results/PopExpansion100GensAgo/ForwardSims/4Ns_-50/HapLengths/ExitFileNoRecLessN10000_16.txt’cannot remove ‘../../../../Results/PopExpansion100GensAgo/ForwardSims/4Ns_-50/HapLengths/ExitFileNoRecLessN10000_17.txt’: No such file or directory
: No such file or directory
rm: cannot remove ‘../../../../Results/PopExpansion100GensAgo/ForwardSims/4Ns_-50/HapLengths/ExitFileNoRecLessN10000_56.txt’: No such file or directory
rm: cannot remove ‘../../../../Results/PopExpansion100GensAgo/ForwardSims/4Ns_-50/HapLengths/ExitFileNoRecLessN10000_92.txt’: No such file or directory
rm: cannot remove ‘../../../../Results/PopExpansion100GensAgo/ForwardSims/4Ns_-50/HapLengths/ExitFileNoRecLessN10000_95.txt’: No such file or directory
rm: cannot remove ‘../../../../Results/PopExpansion100GensAgo/ForwardSims/4Ns_-50/HapLengths/ExitFileNoRecLessN10000_83.txt’: No such file or directory
rm: rm: cannot remove ‘../../../../Results/PopExpansion100GensAgo/ForwardSims/4Ns_-50/HapLengths/ExitFileNoRecLessN10000_6.txt’cannot remove ‘../../../../Results/PopExpansion100GensAgo/ForwardSims/4Ns_-50/HapLengths/ExitFileNoRecLessN10000_7.txt’: No such file or directory
: No such file or directory
rm: cannot remove ‘../../../../Results/PopExpansion100GensAgo/ForwardSims/4Ns_-50/HapLengths/ExitFileNoRecLessN10000_4.txt’: No such file or directory
rm: cannot remove ‘../../../../Results/PopExpansion100GensAgo/ForwardSims/4Ns_-50/HapLengths/ExitFileNoRecLessN10000_91.txt’: No such file or directory
rm: cannot remove ‘../../../../Results/PopExpansion100GensAgo/ForwardSims/4Ns_-50/HapLengths/ExitFileNoRecLessN10000_54.txt’: No such file or directory
rm: rm: cannot remove ‘../../../../Results/PopExpansion100GensAgo/ForwardSims/4Ns_-50/HapLengths/ExitFileNoRecLessN10000_82.txt’cannot remove ‘../../../../Results/PopExpansion100GensAgo/ForwardSims/4Ns_-50/HapLengths/ExitFileNoRecLessN10000_79.txt’: No such file or directory
: No such file or directory
rm: cannot remove ‘../../../../Results/PopExpansion100GensAgo/ForwardSims/4Ns_-50/HapLengths/ExitFileNoRecLessN10000_44.txt’: No such file or directory
rm: cannot remove ‘../../../../Results/PopExpansion100GensAgo/ForwardSims/4Ns_-50/HapLengths/ExitFileNoRecLessN10000_46.txt’: No such file or directory
rm: cannot remove ‘../../../../Results/PopExpansion100GensAgo/ForwardSims/4Ns_-50/HapLengths/ExitFileNoRecLessN10000_27.txt’: No such file or directory
rm: cannot remove ‘../../../../Results/PopExpansion100GensAgo/ForwardSims/4Ns_-50/HapLengths/ExitFileNoRecLessN10000_81.txt’: No such file or directory
rm: cannot remove ‘../../../../Results/PopExpansion100GensAgo/ForwardSims/4Ns_-50/HapLengths/ExitFileNoRecLessN10000_15.txt’: No such file or directory
rm: cannot remove ‘../../../../Results/PopExpansion100GensAgo/ForwardSims/4Ns_-50/HapLengths/ExitFileNoRecLessN10000_69.txt’: No such file or directory
rm: cannot remove ‘../../../../Results/PopExpansion100GensAgo/ForwardSims/4Ns_-50/HapLengths/ExitFileNoRecLessN10000_64.txt’: No such file or directory
rm: cannot remove ‘../../../../Results/PopExpansion100GensAgo/ForwardSims/4Ns_-50/HapLengths/ExitFileNoRecLessN10000_42.txt’: No such file or directory
rm: cannot remove ‘../../../../Results/PopExpansion100GensAgo/ForwardSims/4Ns_-50/HapLengths/ExitFileNoRecLessN10000_50.txt’: No such file or directory
rm: cannot remove ‘../../../../Results/PopExpansion100GensAgo/ForwardSims/4Ns_-50/HapLengths/ExitFileNoRecLessN10000_26.txt’: No such file or directory
rm: cannot remove ‘../../../../Results/PopExpansion100GensAgo/ForwardSims/4Ns_-50/HapLengths/ExitFileNoRecLessN10000_66.txt’: No such file or directory
rm: cannot remove ‘../../../../Results/PopExpansion100GensAgo/ForwardSims/4Ns_-50/HapLengths/ExitFileNoRecLessN10000_74.txt’: No such file or directory
rm: rm: cannot remove ‘../../../../Results/PopExpansion100GensAgo/ForwardSims/4Ns_-50/HapLengths/ExitFileNoRecLessN10000_52.txt’cannot remove ‘../../../../Results/PopExpansion100GensAgo/ForwardSims/4Ns_-50/HapLengths/ExitFileNoRecLessN10000_48.txt’: No such file or directory
: No such file or directory
rm: cannot remove ‘../../../../Results/PopExpansion100GensAgo/ForwardSims/4Ns_-50/HapLengths/ExitFileNoRecLessN10000_36.txt’: No such file or directory
rm: cannot remove ‘../../../../Results/PopExpansion100GensAgo/ForwardSims/4Ns_-50/HapLengths/ExitFileNoRecLessN10000_55.txt’: No such file or directory
rm: cannot remove ‘../../../../Results/PopExpansion100GensAgo/ForwardSims/4Ns_-50/HapLengths/ExitFileNoRecLessN10000_22.txt’: No such file or directory
rm: cannot remove ‘../../../../Results/PopExpansion100GensAgo/ForwardSims/4Ns_-50/HapLengths/ExitFileNoRecLessN10000_10.txt’: No such file or directory
rm: cannot remove ‘../../../../Results/PopExpansion100GensAgo/ForwardSims/4Ns_-50/HapLengths/ExitFileNoRecLessN10000_67.txt’: No such file or directory
rm: cannot remove ‘../../../../Results/PopExpansion100GensAgo/ForwardSims/4Ns_-50/HapLengths/ExitFileNoRecLessN10000_60.txt’: No such file or directory
rm: cannot remove ‘../../../../Results/PopExpansion100GensAgo/ForwardSims/4Ns_-50/HapLengths/ExitFileNoRecLessN10000_28.txt’: No such file or directory
rm: cannot remove ‘../../../../Results/PopExpansion100GensAgo/ForwardSims/4Ns_-50/HapLengths/ExitFileNoRecLessN10000_45.txt’: No such file or directory
rm: cannot remove ‘../../../../Results/PopExpansion100GensAgo/ForwardSims/4Ns_-50/HapLengths/ExitFileNoRecLessN10000_8.txt’: No such file or directory
rm: cannot remove ‘../../../../Results/PopExpansion100GensAgo/ForwardSims/4Ns_-50/HapLengths/ExitFileNoRecLessN10000_5.txt’: No such file or directory
rm: cannot remove ‘../../../../Results/PopExpansion100GensAgo/ForwardSims/4Ns_-50/HapLengths/ExitFileNoRecLessN10000_58.txt’: No such file or directory
rm: cannot remove ‘../../../../Results/PopExpansion100GensAgo/ForwardSims/4Ns_-50/HapLengths/ExitFileNoRecLessN10000_62.txt’: No such file or directory
rm: cannot remove ‘../../../../Results/PopExpansion100GensAgo/ForwardSims/4Ns_-50/HapLengths/ExitFileNoRecLessN10000_24.txt’: No such file or directory
rm: cannot remove ‘../../../../Results/PopExpansion100GensAgo/ForwardSims/4Ns_-100/HapLengths/ExitFileNoRecLessN10000_71.txt’: No such file or directory
rm: cannot remove ‘../../../../Results/PopExpansion100GensAgo/ForwardSims/4Ns_-100/HapLengths/ExitFileNoRecLessN10000_100.txt’: No such file or directory
rm: cannot remove ‘../../../../Results/PopExpansion100GensAgo/ForwardSims/4Ns_-100/HapLengths/ExitFileNoRecLessN10000_73.txt’rm: : No such file or directorycannot remove ‘../../../../Results/PopExpansion100GensAgo/ForwardSims/4Ns_-100/HapLengths/ExitFileNoRecLessN10000_75.txt’
: No such file or directory
rm: cannot remove ‘../../../../Results/PopExpansion100GensAgo/ForwardSims/4Ns_-100/HapLengths/ExitFileNoRecLessN10000_99.txt’: No such file or directory
rm: cannot remove ‘../../../../Results/PopExpansion100GensAgo/ForwardSims/4Ns_-100/HapLengths/ExitFileNoRecLessN10000_30.txt’: No such file or directory
rm: cannot remove ‘../../../../Results/PopExpansion100GensAgo/ForwardSims/4Ns_-100/HapLengths/ExitFileNoRecLessN10000_25.txt’: No such file or directory
rm: cannot remove ‘../../../../Results/PopExpansion100GensAgo/ForwardSims/4Ns_-100/HapLengths/ExitFileNoRecLessN10000_33.txt’: No such file or directory
rm: cannot remove ‘../../../../Results/PopExpansion100GensAgo/ForwardSims/4Ns_-100/HapLengths/ExitFileNoRecLessN10000_72.txt’: No such file or directory
rm: cannot remove ‘../../../../Results/PopExpansion100GensAgo/ForwardSims/4Ns_-100/HapLengths/ExitFileNoRecLessN10000_32.txt’: No such file or directory
rm: cannot remove ‘../../../../Results/PopExpansion100GensAgo/ForwardSims/4Ns_-100/HapLengths/ExitFileNoRecLessN10000_40.txt’: No such file or directory
rm: cannot remove ‘../../../../Results/PopExpansion100GensAgo/ForwardSims/4Ns_-100/HapLengths/ExitFileNoRecLessN10000_47.txt’: No such file or directory
rm: cannot remove ‘../../../../Results/PopExpansion100GensAgo/ForwardSims/4Ns_-100/HapLengths/ExitFileNoRecLessN10000_35.txt’: No such file or directory
rm: cannot remove ‘../../../../Results/PopExpansion100GensAgo/ForwardSims/4Ns_-100/HapLengths/ExitFileNoRecLessN10000_76.txt’: No such file or directory
rm: cannot remove ‘../../../../Results/PopExpansion100GensAgo/ForwardSims/4Ns_-100/HapLengths/ExitFileNoRecLessN10000_85.txt’: No such file or directory
rm: cannot remove ‘../../../../Results/PopExpansion100GensAgo/ForwardSims/4Ns_-100/HapLengths/ExitFileNoRecLessN10000_88.txt’: No such file or directory
rm: cannot remove ‘../../../../Results/PopExpansion100GensAgo/ForwardSims/4Ns_-100/HapLengths/ExitFileNoRecLessN10000_90.txt’: No such file or directory
rm: cannot remove ‘../../../../Results/PopExpansion100GensAgo/ForwardSims/4Ns_-100/HapLengths/ExitFileNoRecLessN10000_21.txt’: No such file or directory
rm: cannot remove ‘../../../../Results/PopExpansion100GensAgo/ForwardSims/4Ns_-100/HapLengths/ExitFileNoRecLessN10000_65.txt’: No such file or directory
rm: cannot remove ‘../../../../Results/PopExpansion100GensAgo/ForwardSims/4Ns_-100/HapLengths/ExitFileNoRecLessN10000_11.txt’: No such file or directory
rm: cannot remove ‘../../../../Results/PopExpansion100GensAgo/ForwardSims/4Ns_-100/HapLengths/ExitFileNoRecLessN10000_14.txt’: No such file or directory
rm: cannot remove ‘../../../../Results/PopExpansion100GensAgo/ForwardSims/4Ns_-100/HapLengths/ExitFileNoRecLessN10000_87.txt’: No such file or directory
rm: cannot remove ‘../../../../Results/PopExpansion100GensAgo/ForwardSims/4Ns_-100/HapLengths/ExitFileNoRecLessN10000_89.txt’: No such file or directory
rm: cannot remove ‘../../../../Results/PopExpansion100GensAgo/ForwardSims/4Ns_-100/HapLengths/ExitFileNoRecLessN10000_12.txt’: No such file or directory
rm: cannot remove ‘../../../../Results/PopExpansion100GensAgo/ForwardSims/4Ns_-100/HapLengths/ExitFileNoRecLessN10000_19.txt’: No such file or directory
rm: cannot remove ‘../../../../Results/PopExpansion100GensAgo/ForwardSims/4Ns_-100/HapLengths/ExitFileNoRecLessN10000_39.txt’: No such file or directory
rm: cannot remove ‘../../../../Results/PopExpansion100GensAgo/ForwardSims/4Ns_-100/HapLengths/ExitFileNoRecLessN10000_41.txt’: No such file or directory
rm: cannot remove ‘../../../../Results/PopExpansion100GensAgo/ForwardSims/4Ns_-100/HapLengths/ExitFileNoRecLessN10000_98.txt’rm: rm: : No such file or directory
cannot remove ‘../../../../Results/PopExpansion100GensAgo/ForwardSims/4Ns_-100/HapLengths/ExitFileNoRecLessN10000_70.txt’rm: cannot remove ‘../../../../Results/PopExpansion100GensAgo/ForwardSims/4Ns_-100/HapLengths/ExitFileNoRecLessN10000_29.txt’cannot remove ‘../../../../Results/PopExpansion100GensAgo/ForwardSims/4Ns_-100/HapLengths/ExitFileNoRecLessN10000_68.txt’: No such file or directory: No such file or directory

: No such file or directory
rm: cannot remove ‘../../../../Results/PopExpansion100GensAgo/ForwardSims/4Ns_-100/HapLengths/ExitFileNoRecLessN10000_80.txt’: No such file or directory
rm: cannot remove ‘../../../../Results/PopExpansion100GensAgo/ForwardSims/4Ns_-100/HapLengths/ExitFileNoRecLessN10000_77.txt’: No such file or directory
rm: cannot remove ‘../../../../Results/PopExpansion100GensAgo/ForwardSims/4Ns_-100/HapLengths/ExitFileNoRecLessN10000_20.txt’: No such file or directory
rm: cannot remove ‘../../../../Results/PopExpansion100GensAgo/ForwardSims/4Ns_-100/HapLengths/ExitFileNoRecLessN10000_18.txt’: No such file or directory
rm: cannot remove ‘../../../../Results/PopExpansion100GensAgo/ForwardSims/4Ns_-100/HapLengths/ExitFileNoRecLessN10000_59.txt’: No such file or directory
rm: cannot remove ‘../../../../Results/PopExpansion100GensAgo/ForwardSims/4Ns_-100/HapLengths/ExitFileNoRecLessN10000_13.txt’: No such file or directory
rm: cannot remove ‘../../../../Results/PopExpansion100GensAgo/ForwardSims/4Ns_-100/HapLengths/ExitFileNoRecLessN10000_86.txt’: No such file or directory
rm: cannot remove ‘../../../../Results/PopExpansion100GensAgo/ForwardSims/4Ns_-100/HapLengths/ExitFileNoRecLessN10000_79.txt’: No such file or directory
rm: cannot remove ‘../../../../Results/PopExpansion100GensAgo/ForwardSims/4Ns_-100/HapLengths/ExitFileNoRecLessN10000_78.txt’: No such file or directory
rm: cannot remove ‘../../../../Results/PopExpansion100GensAgo/ForwardSims/4Ns_-100/HapLengths/ExitFileNoRecLessN10000_16.txt’: No such file or directory
rm: cannot remove ‘../../../../Results/PopExpansion100GensAgo/ForwardSims/4Ns_-100/HapLengths/ExitFileNoRecLessN10000_97.txt’: No such file or directory
rm: cannot remove ‘../../../../Results/PopExpansion100GensAgo/ForwardSims/4Ns_-100/HapLengths/ExitFileNoRecLessN10000_61.txt’: No such file or directory
rm: rm: cannot remove ‘../../../../Results/PopExpansion100GensAgo/ForwardSims/4Ns_-100/HapLengths/ExitFileNoRecLessN10000_94.txt’cannot remove ‘../../../../Results/PopExpansion100GensAgo/ForwardSims/4Ns_-100/HapLengths/ExitFileNoRecLessN10000_91.txt’: No such file or directory: No such file or directory

rm: cannot remove ‘../../../../Results/PopExpansion100GensAgo/ForwardSims/4Ns_-100/HapLengths/ExitFileNoRecLessN10000_2.txt’: No such file or directory
rm: cannot remove ‘../../../../Results/PopExpansion100GensAgo/ForwardSims/4Ns_-100/HapLengths/ExitFileNoRecLessN10000_96.txt’: No such file or directory
rm: rm: cannot remove ‘../../../../Results/PopExpansion100GensAgo/ForwardSims/4Ns_-100/HapLengths/ExitFileNoRecLessN10000_3.txt’cannot remove ‘../../../../Results/PopExpansion100GensAgo/ForwardSims/4Ns_-100/HapLengths/ExitFileNoRecLessN10000_83.txt’: No such file or directory: No such file or directory

rm: cannot remove ‘../../../../Results/PopExpansion100GensAgo/ForwardSims/4Ns_-100/HapLengths/ExitFileNoRecLessN10000_93.txt’: No such file or directory
rm: cannot remove ‘../../../../Results/PopExpansion100GensAgo/ForwardSims/4Ns_-100/HapLengths/ExitFileNoRecLessN10000_37.txt’: No such file or directory
rm: cannot remove ‘../../../../Results/PopExpansion100GensAgo/ForwardSims/4Ns_-100/HapLengths/ExitFileNoRecLessN10000_44.txt’: No such file or directory
rm: cannot remove ‘../../../../Results/PopExpansion100GensAgo/ForwardSims/4Ns_-100/HapLengths/ExitFileNoRecLessN10000_66.txt’: No such file or directory
rm: cannot remove ‘../../../../Results/PopExpansion100GensAgo/ForwardSims/4Ns_-100/HapLengths/ExitFileNoRecLessN10000_82.txt’: No such file or directory
rm: cannot remove ‘../../../../Results/PopExpansion100GensAgo/ForwardSims/4Ns_-100/HapLengths/ExitFileNoRecLessN10000_95.txt’: No such file or directory
rm: cannot remove ‘../../../../Results/PopExpansion100GensAgo/ForwardSims/4Ns_-100/HapLengths/ExitFileNoRecLessN10000_69.txt’: No such file or directory
rm: cannot remove ‘../../../../Results/PopExpansion100GensAgo/ForwardSims/4Ns_-100/HapLengths/ExitFileNoRecLessN10000_46.txt’: No such file or directory
rm: cannot remove ‘../../../../Results/PopExpansion100GensAgo/ForwardSims/4Ns_-100/HapLengths/ExitFileNoRecLessN10000_51.txt’: No such file or directory
rm: cannot remove ‘../../../../Results/PopExpansion100GensAgo/ForwardSims/4Ns_-100/HapLengths/ExitFileNoRecLessN10000_43.txt’: No such file or directory
rm: cannot remove ‘../../../../Results/PopExpansion100GensAgo/ForwardSims/4Ns_-100/HapLengths/ExitFileNoRecLessN10000_81.txt’: No such file or directory
rm: cannot remove ‘../../../../Results/PopExpansion100GensAgo/ForwardSims/4Ns_-100/HapLengths/ExitFileNoRecLessN10000_9.txt’: No such file or directory
rm: cannot remove ‘../../../../Results/PopExpansion100GensAgo/ForwardSims/4Ns_-100/HapLengths/ExitFileNoRecLessN10000_15.txt’: No such file or directory
rm: cannot remove ‘../../../../Results/PopExpansion100GensAgo/ForwardSims/4Ns_-100/HapLengths/ExitFileNoRecLessN10000_56.txt’: No such file or directory
rm: cannot remove ‘../../../../Results/PopExpansion100GensAgo/ForwardSims/4Ns_-100/HapLengths/ExitFileNoRecLessN10000_54.txt’: No such file or directory
rm: cannot remove ‘../../../../Results/PopExpansion100GensAgo/ForwardSims/4Ns_-100/HapLengths/ExitFileNoRecLessN10000_57.txt’: No such file or directory
rm: cannot remove ‘../../../../Results/PopExpansion100GensAgo/ForwardSims/4Ns_-100/HapLengths/ExitFileNoRecLessN10000_74.txt’: No such file or directory
rm: cannot remove ‘../../../../Results/PopExpansion100GensAgo/ForwardSims/4Ns_-100/HapLengths/ExitFileNoRecLessN10000_6.txt’: No such file or directory
rm: cannot remove ‘../../../../Results/PopExpansion100GensAgo/ForwardSims/4Ns_-100/HapLengths/ExitFileNoRecLessN10000_26.txt’: No such file or directory
rm: cannot remove ‘../../../../Results/PopExpansion100GensAgo/ForwardSims/4Ns_-100/HapLengths/ExitFileNoRecLessN10000_38.txt’: No such file or directory
rm: cannot remove ‘../../../../Results/PopExpansion100GensAgo/ForwardSims/4Ns_-100/HapLengths/ExitFileNoRecLessN10000_49.txt’: No such file or directory
rm: cannot remove ‘../../../../Results/PopExpansion100GensAgo/ForwardSims/4Ns_-100/HapLengths/ExitFileNoRecLessN10000_53.txt’: No such file or directory
rm: cannot remove ‘../../../../Results/PopExpansion100GensAgo/ForwardSims/4Ns_-100/HapLengths/ExitFileNoRecLessN10000_48.txt’: No such file or directory
rm: cannot remove ‘../../../../Results/PopExpansion100GensAgo/ForwardSims/4Ns_-100/HapLengths/ExitFileNoRecLessN10000_42.txt’: No such file or directory
rm: cannot remove ‘../../../../Results/PopExpansion100GensAgo/ForwardSims/4Ns_-100/HapLengths/ExitFileNoRecLessN10000_22.txt’: No such file or directory
rm: cannot remove ‘../../../../Results/PopExpansion100GensAgo/ForwardSims/4Ns_-100/HapLengths/ExitFileNoRecLessN10000_4.txt’: No such file or directory
rm: cannot remove ‘../../../../Results/PopExpansion100GensAgo/ForwardSims/4Ns_-100/HapLengths/ExitFileNoRecLessN10000_84.txt’: No such file or directory
rm: cannot remove ‘../../../../Results/PopExpansion100GensAgo/ForwardSims/4Ns_-100/HapLengths/ExitFileNoRecLessN10000_7.txt’: No such file or directory
rm: cannot remove ‘../../../../Results/PopExpansion100GensAgo/ForwardSims/4Ns_-100/HapLengths/ExitFileNoRecLessN10000_34.txt’: No such file or directory
rm: cannot remove ‘../../../../Results/PopExpansion100GensAgo/ForwardSims/4Ns_-100/HapLengths/ExitFileNoRecLessN10000_52.txt’: No such file or directory
rm: cannot remove ‘../../../../Results/PopExpansion100GensAgo/ForwardSims/4Ns_-100/HapLengths/ExitFileNoRecLessN10000_27.txt’: No such file or directory
rm: cannot remove ‘../../../../Results/PopExpansion100GensAgo/ForwardSims/4Ns_-100/HapLengths/ExitFileNoRecLessN10000_10.txt’: No such file or directory
rm: cannot remove ‘../../../../Results/PopExpansion100GensAgo/ForwardSims/4Ns_-100/HapLengths/ExitFileNoRecLessN10000_17.txt’: No such file or directory
rm: cannot remove ‘../../../../Results/PopExpansion100GensAgo/ForwardSims/4Ns_-100/HapLengths/ExitFileNoRecLessN10000_63.txt’: No such file or directory
rm: cannot remove ‘../../../../Results/PopExpansion100GensAgo/ForwardSims/4Ns_-100/HapLengths/ExitFileNoRecLessN10000_67.txt’: No such file or directory
rm: cannot remove ‘../../../../Results/PopExpansion100GensAgo/ForwardSims/4Ns_-100/HapLengths/ExitFileNoRecLessN10000_50.txt’: No such file or directory
rm: cannot remove ‘../../../../Results/PopExpansion100GensAgo/ForwardSims/4Ns_-100/HapLengths/ExitFileNoRecLessN10000_60.txt’: No such file or directory
rm: cannot remove ‘../../../../Results/PopExpansion100GensAgo/ForwardSims/4Ns_-100/HapLengths/ExitFileNoRecLessN10000_31.txt’: No such file or directory
rm: cannot remove ‘../../../../Results/PopExpansion100GensAgo/ForwardSims/4Ns_-100/HapLengths/ExitFileNoRecLessN10000_28.txt’: No such file or directory
rm: cannot remove ‘../../../../Results/PopExpansion100GensAgo/ForwardSims/4Ns_-100/HapLengths/ExitFileNoRecLessN10000_36.txt’: No such file or directory
rm: cannot remove ‘../../../../Results/PopExpansion100GensAgo/ForwardSims/4Ns_-100/HapLengths/ExitFileNoRecLessN10000_92.txt’: No such file or directory
rm: cannot remove ‘../../../../Results/PopExpansion100GensAgo/ForwardSims/4Ns_-100/HapLengths/ExitFileNoRecLessN10000_55.txt’: No such file or directory
rm: cannot remove ‘../../../../Results/PopExpansion100GensAgo/ForwardSims/4Ns_-100/HapLengths/ExitFileNoRecLessN10000_45.txt’: No such file or directory
rm: cannot remove ‘../../../../Results/PopExpansion100GensAgo/ForwardSims/4Ns_-100/HapLengths/ExitFileNoRecLessN10000_8.txt’: No such file or directory
rm: cannot remove ‘../../../../Results/PopExpansion100GensAgo/ForwardSims/4Ns_-100/HapLengths/ExitFileNoRecLessN10000_5.txt’: No such file or directory
rm: cannot remove ‘../../../../Results/PopExpansion100GensAgo/ForwardSims/4Ns_-100/HapLengths/ExitFileNoRecLessN10000_64.txt’: No such file or directory
rm: cannot remove ‘../../../../Results/PopExpansion100GensAgo/ForwardSims/4Ns_-100/HapLengths/ExitFileNoRecLessN10000_58.txt’: No such file or directory
rm: cannot remove ‘../../../../Results/PopExpansion100GensAgo/ForwardSims/4Ns_-100/HapLengths/ExitFileNoRecLessN10000_23.txt’: No such file or directory
rm: cannot remove ‘../../../../Results/PopExpansion100GensAgo/ForwardSims/4Ns_-100/HapLengths/ExitFileNoRecLessN10000_62.txt’: No such file or directory
rm: cannot remove ‘../../../../Results/PopExpansion100GensAgo/ForwardSims/4Ns_-100/HapLengths/ExitFileNoRecLessN10000_24.txt’: No such file or directory
rm: cannot remove ‘../../../../Results/PopExpansion100GensAgo/ForwardSims/4Ns_50/HapLengths/ExitFileNoRecLessN10000_100.txt’: No such file or directory
rm: cannot remove ‘../../../../Results/PopExpansion100GensAgo/ForwardSims/4Ns_50/HapLengths/ExitFileNoRecLessN10000_73.txt’: No such file or directory
rm: cannot remove ‘../../../../Results/PopExpansion100GensAgo/ForwardSims/4Ns_50/HapLengths/ExitFileNoRecLessN10000_75.txt’: No such file or directory
rm: cannot remove ‘../../../../Results/PopExpansion100GensAgo/ForwardSims/4Ns_50/HapLengths/ExitFileNoRecLessN10000_33.txt’: No such file or directory
rm: cannot remove ‘../../../../Results/PopExpansion100GensAgo/ForwardSims/4Ns_50/HapLengths/ExitFileNoRecLessN10000_71.txt’: No such file or directory
rm: cannot remove ‘../../../../Results/PopExpansion100GensAgo/ForwardSims/4Ns_50/HapLengths/ExitFileNoRecLessN10000_25.txt’: No such file or directory
rm: cannot remove ‘../../../../Results/PopExpansion100GensAgo/ForwardSims/4Ns_50/HapLengths/ExitFileNoRecLessN10000_47.txt’: No such file or directory
rm: cannot remove ‘../../../../Results/PopExpansion100GensAgo/ForwardSims/4Ns_50/HapLengths/ExitFileNoRecLessN10000_32.txt’: No such file or directory
rm: cannot remove ‘../../../../Results/PopExpansion100GensAgo/ForwardSims/4Ns_50/HapLengths/ExitFileNoRecLessN10000_11.txt’: No such file or directory
rm: cannot remove ‘../../../../Results/PopExpansion100GensAgo/ForwardSims/4Ns_50/HapLengths/ExitFileNoRecLessN10000_65.txt’: No such file or directory
rm: cannot remove ‘../../../../Results/PopExpansion100GensAgo/ForwardSims/4Ns_50/HapLengths/ExitFileNoRecLessN10000_90.txt’: No such file or directory
rm: cannot remove ‘../../../../Results/PopExpansion100GensAgo/ForwardSims/4Ns_50/HapLengths/ExitFileNoRecLessN10000_72.txt’: No such file or directory
rm: rm: cannot remove ‘../../../../Results/PopExpansion100GensAgo/ForwardSims/4Ns_50/HapLengths/ExitFileNoRecLessN10000_99.txt’cannot remove ‘../../../../Results/PopExpansion100GensAgo/ForwardSims/4Ns_50/HapLengths/ExitFileNoRecLessN10000_35.txt’: No such file or directory
: No such file or directory
rm: cannot remove ‘../../../../Results/PopExpansion100GensAgo/ForwardSims/4Ns_50/HapLengths/ExitFileNoRecLessN10000_88.txt’: No such file or directory
rm: cannot remove ‘../../../../Results/PopExpansion100GensAgo/ForwardSims/4Ns_50/HapLengths/ExitFileNoRecLessN10000_14.txt’: No such file or directory
rm: cannot remove ‘../../../../Results/PopExpansion100GensAgo/ForwardSims/4Ns_50/HapLengths/ExitFileNoRecLessN10000_30.txt’: No such file or directory
rm: cannot remove ‘../../../../Results/PopExpansion100GensAgo/ForwardSims/4Ns_50/HapLengths/ExitFileNoRecLessN10000_12.txt’: No such file or directory
rm: cannot remove ‘../../../../Results/PopExpansion100GensAgo/ForwardSims/4Ns_50/HapLengths/ExitFileNoRecLessN10000_98.txt’: No such file or directory
rm: cannot remove ‘../../../../Results/PopExpansion100GensAgo/ForwardSims/4Ns_50/HapLengths/ExitFileNoRecLessN10000_80.txt’: No such file or directory
rm: cannot remove ‘../../../../Results/PopExpansion100GensAgo/ForwardSims/4Ns_50/HapLengths/ExitFileNoRecLessN10000_77.txt’: No such file or directory
rm: cannot remove ‘../../../../Results/PopExpansion100GensAgo/ForwardSims/4Ns_50/HapLengths/ExitFileNoRecLessN10000_86.txt’: No such file or directory
rm: cannot remove ‘../../../../Results/PopExpansion100GensAgo/ForwardSims/4Ns_50/HapLengths/ExitFileNoRecLessN10000_68.txt’: No such file or directory
rm: cannot remove ‘../../../../Results/PopExpansion100GensAgo/ForwardSims/4Ns_50/HapLengths/ExitFileNoRecLessN10000_19.txt’: No such file or directory
rm: cannot remove ‘../../../../Results/PopExpansion100GensAgo/ForwardSims/4Ns_50/HapLengths/ExitFileNoRecLessN10000_16.txt’: No such file or directory
rm: cannot remove ‘../../../../Results/PopExpansion100GensAgo/ForwardSims/4Ns_50/HapLengths/ExitFileNoRecLessN10000_59.txt’: No such file or directory
rm: cannot remove ‘../../../../Results/PopExpansion100GensAgo/ForwardSims/4Ns_50/HapLengths/ExitFileNoRecLessN10000_76.txt’: No such file or directory
rm: cannot remove ‘../../../../Results/PopExpansion100GensAgo/ForwardSims/4Ns_50/HapLengths/ExitFileNoRecLessN10000_21.txt’: No such file or directory
rm: cannot remove ‘../../../../Results/PopExpansion100GensAgo/ForwardSims/4Ns_50/HapLengths/ExitFileNoRecLessN10000_29.txt’: No such file or directory
rm: cannot remove ‘../../../../Results/PopExpansion100GensAgo/ForwardSims/4Ns_50/HapLengths/ExitFileNoRecLessN10000_94.txt’: No such file or directory
rm: cannot remove ‘../../../../Results/PopExpansion100GensAgo/ForwardSims/4Ns_50/HapLengths/ExitFileNoRecLessN10000_39.txt’: No such file or directory
rm: cannot remove ‘../../../../Results/PopExpansion100GensAgo/ForwardSims/4Ns_50/HapLengths/ExitFileNoRecLessN10000_97.txt’: No such file or directory
rm: cannot remove ‘../../../../Results/PopExpansion100GensAgo/ForwardSims/4Ns_50/HapLengths/ExitFileNoRecLessN10000_74.txt’: No such file or directory
rm: cannot remove ‘../../../../Results/PopExpansion100GensAgo/ForwardSims/4Ns_50/HapLengths/ExitFileNoRecLessN10000_79.txt’: No such file or directory
rm: cannot remove ‘../../../../Results/PopExpansion100GensAgo/ForwardSims/4Ns_50/HapLengths/ExitFileNoRecLessN10000_83.txt’: No such file or directory
rm: cannot remove ‘../../../../Results/PopExpansion100GensAgo/ForwardSims/4Ns_50/HapLengths/ExitFileNoRecLessN10000_85.txt’: No such file or directory
rm: cannot remove ‘../../../../Results/PopExpansion100GensAgo/ForwardSims/4Ns_50/HapLengths/ExitFileNoRecLessN10000_41.txt’: No such file or directory
rm: cannot remove ‘../../../../Results/PopExpansion100GensAgo/ForwardSims/4Ns_50/HapLengths/ExitFileNoRecLessN10000_18.txt’: No such file or directory
rm: cannot remove ‘../../../../Results/PopExpansion100GensAgo/ForwardSims/4Ns_50/HapLengths/ExitFileNoRecLessN10000_54.txt’: No such file or directory
rm: cannot remove ‘../../../../Results/PopExpansion100GensAgo/ForwardSims/4Ns_50/HapLengths/ExitFileNoRecLessN10000_82.txt’: No such file or directory
rm: cannot remove ‘../../../../Results/PopExpansion100GensAgo/ForwardSims/4Ns_50/HapLengths/ExitFileNoRecLessN10000_89.txt’: No such file or directory
rm: cannot remove ‘../../../../Results/PopExpansion100GensAgo/ForwardSims/4Ns_50/HapLengths/ExitFileNoRecLessN10000_37.txt’: No such file or directory
rm: cannot remove ‘../../../../Results/PopExpansion100GensAgo/ForwardSims/4Ns_50/HapLengths/ExitFileNoRecLessN10000_96.txt’: No such file or directory
rm: cannot remove ‘../../../../Results/PopExpansion100GensAgo/ForwardSims/4Ns_50/HapLengths/ExitFileNoRecLessN10000_93.txt’: No such file or directory
rm: cannot remove ‘../../../../Results/PopExpansion100GensAgo/ForwardSims/4Ns_50/HapLengths/ExitFileNoRecLessN10000_13.txt’: No such file or directory
rm: cannot remove ‘../../../../Results/PopExpansion100GensAgo/ForwardSims/4Ns_50/HapLengths/ExitFileNoRecLessN10000_2.txt’: No such file or directory
rm: cannot remove ‘../../../../Results/PopExpansion100GensAgo/ForwardSims/4Ns_50/HapLengths/ExitFileNoRecLessN10000_48.txt’: No such file or directory
rm: rm: cannot remove ‘../../../../Results/PopExpansion100GensAgo/ForwardSims/4Ns_50/HapLengths/ExitFileNoRecLessN10000_87.txt’cannot remove ‘../../../../Results/PopExpansion100GensAgo/ForwardSims/4Ns_50/HapLengths/ExitFileNoRecLessN10000_26.txt’: No such file or directory: No such file or directory

rm: cannot remove ‘../../../../Results/PopExpansion100GensAgo/ForwardSims/4Ns_50/HapLengths/ExitFileNoRecLessN10000_40.txt’: No such file or directory
rm: cannot remove ‘../../../../Results/PopExpansion100GensAgo/ForwardSims/4Ns_50/HapLengths/ExitFileNoRecLessN10000_49.txt’: No such file or directory
rm: rm: cannot remove ‘../../../../Results/PopExpansion100GensAgo/ForwardSims/4Ns_50/HapLengths/ExitFileNoRecLessN10000_6.txt’cannot remove ‘../../../../Results/PopExpansion100GensAgo/ForwardSims/4Ns_50/HapLengths/ExitFileNoRecLessN10000_69.txt’: No such file or directory
: No such file or directory
rm: cannot remove ‘../../../../Results/PopExpansion100GensAgo/ForwardSims/4Ns_50/HapLengths/ExitFileNoRecLessN10000_70.txt’: No such file or directory
rm: cannot remove ‘../../../../Results/PopExpansion100GensAgo/ForwardSims/4Ns_50/HapLengths/ExitFileNoRecLessN10000_22.txt’: No such file or directory
rm: cannot remove ‘../../../../Results/PopExpansion100GensAgo/ForwardSims/4Ns_50/HapLengths/ExitFileNoRecLessN10000_46.txt’: No such file or directory
rm: cannot remove ‘../../../../Results/PopExpansion100GensAgo/ForwardSims/4Ns_50/HapLengths/ExitFileNoRecLessN10000_57.txt’: No such file or directory
rm: cannot remove ‘../../../../Results/PopExpansion100GensAgo/ForwardSims/4Ns_50/HapLengths/ExitFileNoRecLessN10000_81.txt’: No such file or directory
rm: cannot remove ‘../../../../Results/PopExpansion100GensAgo/ForwardSims/4Ns_50/HapLengths/ExitFileNoRecLessN10000_56.txt’: No such file or directory
rm: cannot remove ‘../../../../Results/PopExpansion100GensAgo/ForwardSims/4Ns_50/HapLengths/ExitFileNoRecLessN10000_66.txt’: No such file or directory
rm: cannot remove ‘../../../../Results/PopExpansion100GensAgo/ForwardSims/4Ns_50/HapLengths/ExitFileNoRecLessN10000_15.txt’: No such file or directory
rm: cannot remove ‘../../../../Results/PopExpansion100GensAgo/ForwardSims/4Ns_50/HapLengths/ExitFileNoRecLessN10000_84.txt’: No such file or directory
rm: cannot remove ‘../../../../Results/PopExpansion100GensAgo/ForwardSims/4Ns_50/HapLengths/ExitFileNoRecLessN10000_60.txt’: No such file or directory
rm: cannot remove ‘../../../../Results/PopExpansion100GensAgo/ForwardSims/4Ns_50/HapLengths/ExitFileNoRecLessN10000_38.txt’: No such file or directory
rm: cannot remove ‘../../../../Results/PopExpansion100GensAgo/ForwardSims/4Ns_50/HapLengths/ExitFileNoRecLessN10000_4.txt’: No such file or directory
rm: cannot remove ‘../../../../Results/PopExpansion100GensAgo/ForwardSims/4Ns_50/HapLengths/ExitFileNoRecLessN10000_27.txt’: No such file or directory
rm: cannot remove ‘../../../../Results/PopExpansion100GensAgo/ForwardSims/4Ns_50/HapLengths/ExitFileNoRecLessN10000_95.txt’: No such file or directory
rm: cannot remove ‘../../../../Results/PopExpansion100GensAgo/ForwardSims/4Ns_50/HapLengths/ExitFileNoRecLessN10000_10.txt’: No such file or directory
rm: cannot remove ‘../../../../Results/PopExpansion100GensAgo/ForwardSims/4Ns_50/HapLengths/ExitFileNoRecLessN10000_17.txt’: No such file or directory
rm: cannot remove ‘../../../../Results/PopExpansion100GensAgo/ForwardSims/4Ns_50/HapLengths/ExitFileNoRecLessN10000_3.txt’: No such file or directory
rm: cannot remove ‘../../../../Results/PopExpansion100GensAgo/ForwardSims/4Ns_50/HapLengths/ExitFileNoRecLessN10000_20.txt’: No such file or directory
rm: cannot remove ‘../../../../Results/PopExpansion100GensAgo/ForwardSims/4Ns_50/HapLengths/ExitFileNoRecLessN10000_53.txt’: No such file or directory
rm: cannot remove ‘../../../../Results/PopExpansion100GensAgo/ForwardSims/4Ns_50/HapLengths/ExitFileNoRecLessN10000_34.txt’: No such file or directory
rm: cannot remove ‘../../../../Results/PopExpansion100GensAgo/ForwardSims/4Ns_50/HapLengths/ExitFileNoRecLessN10000_52.txt’: No such file or directory
rm: cannot remove ‘../../../../Results/PopExpansion100GensAgo/ForwardSims/4Ns_50/HapLengths/ExitFileNoRecLessN10000_63.txt’: No such file or directory
rm: cannot remove ‘../../../../Results/PopExpansion100GensAgo/ForwardSims/4Ns_50/HapLengths/ExitFileNoRecLessN10000_42.txt’: No such file or directory
rm: cannot remove ‘../../../../Results/PopExpansion100GensAgo/ForwardSims/4Ns_50/HapLengths/ExitFileNoRecLessN10000_7.txt’: No such file or directory
rm: cannot remove ‘../../../../Results/PopExpansion100GensAgo/ForwardSims/4Ns_50/HapLengths/ExitFileNoRecLessN10000_78.txt’: No such file or directory
rm: cannot remove ‘../../../../Results/PopExpansion100GensAgo/ForwardSims/4Ns_50/HapLengths/ExitFileNoRecLessN10000_43.txt’: No such file or directory
rm: cannot remove ‘../../../../Results/PopExpansion100GensAgo/ForwardSims/4Ns_50/HapLengths/ExitFileNoRecLessN10000_28.txt’: No such file or directory
rm: cannot remove ‘../../../../Results/PopExpansion100GensAgo/ForwardSims/4Ns_50/HapLengths/ExitFileNoRecLessN10000_31.txt’: No such file or directory
rm: cannot remove ‘../../../../Results/PopExpansion100GensAgo/ForwardSims/4Ns_50/HapLengths/ExitFileNoRecLessN10000_36.txt’: No such file or directory
rm: cannot remove ‘../../../../Results/PopExpansion100GensAgo/ForwardSims/4Ns_50/HapLengths/ExitFileNoRecLessN10000_61.txt’: No such file or directory
rm: cannot remove ‘../../../../Results/PopExpansion100GensAgo/ForwardSims/4Ns_50/HapLengths/ExitFileNoRecLessN10000_92.txt’: No such file or directory
rm: cannot remove ‘../../../../Results/PopExpansion100GensAgo/ForwardSims/4Ns_50/HapLengths/ExitFileNoRecLessN10000_51.txt’: No such file or directory
rm: cannot remove ‘../../../../Results/PopExpansion100GensAgo/ForwardSims/4Ns_50/HapLengths/ExitFileNoRecLessN10000_55.txt’: No such file or directory
rm: cannot remove ‘../../../../Results/PopExpansion100GensAgo/ForwardSims/4Ns_50/HapLengths/ExitFileNoRecLessN10000_9.txt’: No such file or directory
rm: cannot remove ‘../../../../Results/PopExpansion100GensAgo/ForwardSims/4Ns_50/HapLengths/ExitFileNoRecLessN10000_64.txt’: No such file or directory
rm: cannot remove ‘../../../../Results/PopExpansion100GensAgo/ForwardSims/4Ns_50/HapLengths/ExitFileNoRecLessN10000_91.txt’: No such file or directory
rm: cannot remove ‘../../../../Results/PopExpansion100GensAgo/ForwardSims/4Ns_50/HapLengths/ExitFileNoRecLessN10000_45.txt’: No such file or directory
rm: cannot remove ‘../../../../Results/PopExpansion100GensAgo/ForwardSims/4Ns_50/HapLengths/ExitFileNoRecLessN10000_8.txt’: No such file or directory
rm: cannot remove ‘../../../../Results/PopExpansion100GensAgo/ForwardSims/4Ns_50/HapLengths/ExitFileNoRecLessN10000_5.txt’: No such file or directory
rm: cannot remove ‘../../../../Results/PopExpansion100GensAgo/ForwardSims/4Ns_50/HapLengths/ExitFileNoRecLessN10000_58.txt’: No such file or directory
rm: cannot remove ‘../../../../Results/PopExpansion100GensAgo/ForwardSims/4Ns_50/HapLengths/ExitFileNoRecLessN10000_23.txt’: No such file or directory
rm: cannot remove ‘../../../../Results/PopExpansion100GensAgo/ForwardSims/4Ns_50/HapLengths/ExitFileNoRecLessN10000_44.txt’: No such file or directory
rm: cannot remove ‘../../../../Results/PopExpansion100GensAgo/ForwardSims/4Ns_50/HapLengths/ExitFileNoRecLessN10000_62.txt’: No such file or directory
rm: cannot remove ‘../../../../Results/PopExpansion100GensAgo/ForwardSims/4Ns_50/HapLengths/ExitFileNoRecLessN10000_67.txt’: No such file or directory
rm: cannot remove ‘../../../../Results/PopExpansion100GensAgo/ForwardSims/4Ns_50/HapLengths/ExitFileNoRecLessN10000_50.txt’: No such file or directory
rm: cannot remove ‘../../../../Results/PopExpansion100GensAgo/ForwardSims/4Ns_50/HapLengths/ExitFileNoRecLessN10000_24.txt’: No such file or directory
rm: cannot remove ‘../../../../Results/PopExpansion100GensAgo/ForwardSims/4Ns_100/HapLengths/ExitFileNoRecLessN10000_100.txt’: No such file or directory
rm: cannot remove ‘../../../../Results/PopExpansion100GensAgo/ForwardSims/4Ns_100/HapLengths/ExitFileNoRecLessN10000_73.txt’: No such file or directory
rm: cannot remove ‘../../../../Results/PopExpansion100GensAgo/ForwardSims/4Ns_100/HapLengths/ExitFileNoRecLessN10000_75.txt’: No such file or directory
rm: cannot remove ‘../../../../Results/PopExpansion100GensAgo/ForwardSims/4Ns_100/HapLengths/ExitFileNoRecLessN10000_25.txt’: No such file or directory
rm: cannot remove ‘../../../../Results/PopExpansion100GensAgo/ForwardSims/4Ns_100/HapLengths/ExitFileNoRecLessN10000_71.txt’: No such file or directory
rm: cannot remove ‘../../../../Results/PopExpansion100GensAgo/ForwardSims/4Ns_100/HapLengths/ExitFileNoRecLessN10000_32.txt’: No such file or directory
rm: cannot remove ‘../../../../Results/PopExpansion100GensAgo/ForwardSims/4Ns_100/HapLengths/ExitFileNoRecLessN10000_47.txt’: No such file or directory
rm: cannot remove ‘../../../../Results/PopExpansion100GensAgo/ForwardSims/4Ns_100/HapLengths/ExitFileNoRecLessN10000_35.txt’: No such file or directory
rm: cannot remove ‘../../../../Results/PopExpansion100GensAgo/ForwardSims/4Ns_100/HapLengths/ExitFileNoRecLessN10000_72.txt’: No such file or directory
rm: cannot remove ‘../../../../Results/PopExpansion100GensAgo/ForwardSims/4Ns_100/HapLengths/ExitFileNoRecLessN10000_30.txt’: No such file or directory
rm: cannot remove ‘../../../../Results/PopExpansion100GensAgo/ForwardSims/4Ns_100/HapLengths/ExitFileNoRecLessN10000_12.txt’: No such file or directory
rm: cannot remove ‘../../../../Results/PopExpansion100GensAgo/ForwardSims/4Ns_100/HapLengths/ExitFileNoRecLessN10000_90.txt’: No such file or directory
rm: cannot remove ‘../../../../Results/PopExpansion100GensAgo/ForwardSims/4Ns_100/HapLengths/ExitFileNoRecLessN10000_99.txt’: No such file or directory
rm: cannot remove ‘../../../../Results/PopExpansion100GensAgo/ForwardSims/4Ns_100/HapLengths/ExitFileNoRecLessN10000_19.txt’: No such file or directory
rm: cannot remove ‘../../../../Results/PopExpansion100GensAgo/ForwardSims/4Ns_100/HapLengths/ExitFileNoRecLessN10000_86.txt’: No such file or directory
rm: cannot remove ‘../../../../Results/PopExpansion100GensAgo/ForwardSims/4Ns_100/HapLengths/ExitFileNoRecLessN10000_76.txt’: No such file or directory
rm: cannot remove ‘../../../../Results/PopExpansion100GensAgo/ForwardSims/4Ns_100/HapLengths/ExitFileNoRecLessN10000_65.txt’: No such file or directory
rm: rm: cannot remove ‘../../../../Results/PopExpansion100GensAgo/ForwardSims/4Ns_100/HapLengths/ExitFileNoRecLessN10000_29.txt’cannot remove ‘../../../../Results/PopExpansion100GensAgo/ForwardSims/4Ns_100/HapLengths/ExitFileNoRecLessN10000_88.txt’: No such file or directory: No such file or directory

rm: cannot remove ‘../../../../Results/PopExpansion100GensAgo/ForwardSims/4Ns_100/HapLengths/ExitFileNoRecLessN10000_2.txt’: No such file or directory
rm: cannot remove ‘../../../../Results/PopExpansion100GensAgo/ForwardSims/4Ns_100/HapLengths/ExitFileNoRecLessN10000_77.txt’: No such file or directory
rm: cannot remove ‘../../../../Results/PopExpansion100GensAgo/ForwardSims/4Ns_100/HapLengths/ExitFileNoRecLessN10000_85.txt’: No such file or directory
rm: cannot remove ‘../../../../Results/PopExpansion100GensAgo/ForwardSims/4Ns_100/HapLengths/ExitFileNoRecLessN10000_89.txt’: No such file or directory
rm: cannot remove ‘../../../../Results/PopExpansion100GensAgo/ForwardSims/4Ns_100/HapLengths/ExitFileNoRecLessN10000_68.txt’: No such file or directory
rm: cannot remove ‘../../../../Results/PopExpansion100GensAgo/ForwardSims/4Ns_100/HapLengths/ExitFileNoRecLessN10000_14.txt’: No such file or directory
rm: cannot remove ‘../../../../Results/PopExpansion100GensAgo/ForwardSims/4Ns_100/HapLengths/ExitFileNoRecLessN10000_80.txt’: No such file or directory
rm: cannot remove ‘../../../../Results/PopExpansion100GensAgo/ForwardSims/4Ns_100/HapLengths/ExitFileNoRecLessN10000_16.txt’: No such file or directory
rm: cannot remove ‘../../../../Results/PopExpansion100GensAgo/ForwardSims/4Ns_100/HapLengths/ExitFileNoRecLessN10000_18.txt’: No such file or directory
rm: cannot remove ‘../../../../Results/PopExpansion100GensAgo/ForwardSims/4Ns_100/HapLengths/ExitFileNoRecLessN10000_93.txt’: No such file or directory
rm: cannot remove ‘../../../../Results/PopExpansion100GensAgo/ForwardSims/4Ns_100/HapLengths/ExitFileNoRecLessN10000_94.txt’: No such file or directory
rm: cannot remove ‘../../../../Results/PopExpansion100GensAgo/ForwardSims/4Ns_100/HapLengths/ExitFileNoRecLessN10000_21.txt’: No such file or directory
rm: cannot remove ‘../../../../Results/PopExpansion100GensAgo/ForwardSims/4Ns_100/HapLengths/ExitFileNoRecLessN10000_83.txt’: No such file or directory
rm: rm: cannot remove ‘../../../../Results/PopExpansion100GensAgo/ForwardSims/4Ns_100/HapLengths/ExitFileNoRecLessN10000_54.txt’cannot remove ‘../../../../Results/PopExpansion100GensAgo/ForwardSims/4Ns_100/HapLengths/ExitFileNoRecLessN10000_59.txt’: No such file or directory: No such file or directory

rm: rm: cannot remove ‘../../../../Results/PopExpansion100GensAgo/ForwardSims/4Ns_100/HapLengths/ExitFileNoRecLessN10000_96.txt’cannot remove ‘../../../../Results/PopExpansion100GensAgo/ForwardSims/4Ns_100/HapLengths/ExitFileNoRecLessN10000_6.txt’: No such file or directory
rm: cannot remove ‘../../../../Results/PopExpansion100GensAgo/ForwardSims/4Ns_100/HapLengths/ExitFileNoRecLessN10000_4.txt’: No such file or directory: No such file or directory

rm: rm: rm: cannot remove ‘../../../../Results/PopExpansion100GensAgo/ForwardSims/4Ns_100/HapLengths/ExitFileNoRecLessN10000_56.txt’rm: rm: rm: cannot remove ‘../../../../Results/PopExpansion100GensAgo/ForwardSims/4Ns_100/HapLengths/ExitFileNoRecLessN10000_41.txt’rm: : No such file or directorycannot remove ‘../../../../Results/PopExpansion100GensAgo/ForwardSims/4Ns_100/HapLengths/ExitFileNoRecLessN10000_40.txt’cannot remove ‘../../../../Results/PopExpansion100GensAgo/ForwardSims/4Ns_100/HapLengths/ExitFileNoRecLessN10000_57.txt’
rm: rm: rm: rm: : No such file or directory
rm: rm: cannot remove ‘../../../../Results/PopExpansion100GensAgo/ForwardSims/4Ns_100/HapLengths/ExitFileNoRecLessN10000_79.txt’: No such file or directorycannot remove ‘../../../../Results/PopExpansion100GensAgo/ForwardSims/4Ns_100/HapLengths/ExitFileNoRecLessN10000_26.txt’cannot remove ‘../../../../Results/PopExpansion100GensAgo/ForwardSims/4Ns_100/HapLengths/ExitFileNoRecLessN10000_13.txt’cannot remove ‘../../../../Results/PopExpansion100GensAgo/ForwardSims/4Ns_100/HapLengths/ExitFileNoRecLessN10000_15.txt’: No such file or directoryrm: 
cannot remove ‘../../../../Results/PopExpansion100GensAgo/ForwardSims/4Ns_100/HapLengths/ExitFileNoRecLessN10000_34.txt’: No such file or directoryrm: : No such file or directorycannot remove ‘../../../../Results/PopExpansion100GensAgo/ForwardSims/4Ns_100/HapLengths/ExitFileNoRecLessN10000_11.txt’: No such file or directoryrm: cannot remove ‘../../../../Results/PopExpansion100GensAgo/ForwardSims/4Ns_100/HapLengths/ExitFileNoRecLessN10000_37.txt’
cannot remove ‘../../../../Results/PopExpansion100GensAgo/ForwardSims/4Ns_100/HapLengths/ExitFileNoRecLessN10000_38.txt’rm: : No such file or directory
cannot remove ‘../../../../Results/PopExpansion100GensAgo/ForwardSims/4Ns_100/HapLengths/ExitFileNoRecLessN10000_27.txt’: No such file or directory

: No such file or directory: No such file or directory


rm: cannot remove ‘../../../../Results/PopExpansion100GensAgo/ForwardSims/4Ns_100/HapLengths/ExitFileNoRecLessN10000_10.txt’rm: cannot remove ‘../../../../Results/PopExpansion100GensAgo/ForwardSims/4Ns_100/HapLengths/ExitFileNoRecLessN10000_97.txt’rm: : No such file or directoryrm: : No such file or directory: No such file or directory

cannot remove ‘../../../../Results/PopExpansion100GensAgo/ForwardSims/4Ns_100/HapLengths/ExitFileNoRecLessN10000_95.txt’: No such file or directory
rm: 
: No such file or directory
cannot remove ‘../../../../Results/PopExpansion100GensAgo/ForwardSims/4Ns_100/HapLengths/ExitFileNoRecLessN10000_82.txt’cannot remove ‘../../../../Results/PopExpansion100GensAgo/ForwardSims/4Ns_100/HapLengths/ExitFileNoRecLessN10000_87.txt’
rm: cannot remove ‘../../../../Results/PopExpansion100GensAgo/ForwardSims/4Ns_100/HapLengths/ExitFileNoRecLessN10000_74.txt’: No such file or directorycannot remove ‘../../../../Results/PopExpansion100GensAgo/ForwardSims/4Ns_100/HapLengths/ExitFileNoRecLessN10000_48.txt’cannot remove ‘../../../../Results/PopExpansion100GensAgo/ForwardSims/4Ns_100/HapLengths/ExitFileNoRecLessN10000_84.txt’: No such file or directory

cannot remove ‘../../../../Results/PopExpansion100GensAgo/ForwardSims/4Ns_100/HapLengths/ExitFileNoRecLessN10000_60.txt’: No such file or directory
: No such file or directory: No such file or directory

cannot remove ‘../../../../Results/PopExpansion100GensAgo/ForwardSims/4Ns_100/HapLengths/ExitFileNoRecLessN10000_53.txt’: No such file or directory
: No such file or directory
rm: cannot remove ‘../../../../Results/PopExpansion100GensAgo/ForwardSims/4Ns_100/HapLengths/ExitFileNoRecLessN10000_7.txt’: No such file or directory
rm: cannot remove ‘../../../../Results/PopExpansion100GensAgo/ForwardSims/4Ns_100/HapLengths/ExitFileNoRecLessN10000_70.txt’: No such file or directory
rm: rm: cannot remove ‘../../../../Results/PopExpansion100GensAgo/ForwardSims/4Ns_100/HapLengths/ExitFileNoRecLessN10000_66.txt’cannot remove ‘../../../../Results/PopExpansion100GensAgo/ForwardSims/4Ns_100/HapLengths/ExitFileNoRecLessN10000_33.txt’: No such file or directoryrm: : No such file or directoryrm: 

cannot remove ‘../../../../Results/PopExpansion100GensAgo/ForwardSims/4Ns_100/HapLengths/ExitFileNoRecLessN10000_39.txt’cannot remove ‘../../../../Results/PopExpansion100GensAgo/ForwardSims/4Ns_100/HapLengths/ExitFileNoRecLessN10000_61.txt’: No such file or directory
: No such file or directory
rm: cannot remove ‘../../../../Results/PopExpansion100GensAgo/ForwardSims/4Ns_100/HapLengths/ExitFileNoRecLessN10000_28.txt’: No such file or directory
rm: cannot remove ‘../../../../Results/PopExpansion100GensAgo/ForwardSims/4Ns_100/HapLengths/ExitFileNoRecLessN10000_36.txt’: No such file or directory
rm: cannot remove ‘../../../../Results/PopExpansion100GensAgo/ForwardSims/4Ns_100/HapLengths/ExitFileNoRecLessN10000_3.txt’: No such file or directory
rm: cannot remove ‘../../../../Results/PopExpansion100GensAgo/ForwardSims/4Ns_100/HapLengths/ExitFileNoRecLessN10000_46.txt’: No such file or directory
rm: cannot remove ‘../../../../Results/PopExpansion100GensAgo/ForwardSims/4Ns_100/HapLengths/ExitFileNoRecLessN10000_42.txt’: No such file or directory
rm: cannot remove ‘../../../../Results/PopExpansion100GensAgo/ForwardSims/4Ns_100/HapLengths/ExitFileNoRecLessN10000_20.txt’: No such file or directory
rm: cannot remove ‘../../../../Results/PopExpansion100GensAgo/ForwardSims/4Ns_100/HapLengths/ExitFileNoRecLessN10000_81.txt’: No such file or directory
rm: cannot remove ‘../../../../Results/PopExpansion100GensAgo/ForwardSims/4Ns_100/HapLengths/ExitFileNoRecLessN10000_22.txt’: No such file or directory
rm: cannot remove ‘../../../../Results/PopExpansion100GensAgo/ForwardSims/4Ns_100/HapLengths/ExitFileNoRecLessN10000_43.txt’: No such file or directory
rm: cannot remove ‘../../../../Results/PopExpansion100GensAgo/ForwardSims/4Ns_100/HapLengths/ExitFileNoRecLessN10000_31.txt’: No such file or directory
rm: cannot remove ‘../../../../Results/PopExpansion100GensAgo/ForwardSims/4Ns_100/HapLengths/ExitFileNoRecLessN10000_51.txt’: No such file or directory
rm: cannot remove ‘../../../../Results/PopExpansion100GensAgo/ForwardSims/4Ns_100/HapLengths/ExitFileNoRecLessN10000_69.txt’: No such file or directory
rm: cannot remove ‘../../../../Results/PopExpansion100GensAgo/ForwardSims/4Ns_100/HapLengths/ExitFileNoRecLessN10000_63.txt’: No such file or directory
rm: cannot remove ‘../../../../Results/PopExpansion100GensAgo/ForwardSims/4Ns_100/HapLengths/ExitFileNoRecLessN10000_52.txt’: No such file or directory
rm: cannot remove ‘../../../../Results/PopExpansion100GensAgo/ForwardSims/4Ns_100/HapLengths/ExitFileNoRecLessN10000_9.txt’: No such file or directory
rm: cannot remove ‘../../../../Results/PopExpansion100GensAgo/ForwardSims/4Ns_100/HapLengths/ExitFileNoRecLessN10000_98.txt’: No such file or directory
rm: cannot remove ‘../../../../Results/PopExpansion100GensAgo/ForwardSims/4Ns_100/HapLengths/ExitFileNoRecLessN10000_64.txt’: No such file or directory
rm: cannot remove ‘../../../../Results/PopExpansion100GensAgo/ForwardSims/4Ns_100/HapLengths/ExitFileNoRecLessN10000_55.txt’: No such file or directory
rm: cannot remove ‘../../../../Results/PopExpansion100GensAgo/ForwardSims/4Ns_100/HapLengths/ExitFileNoRecLessN10000_91.txt’: No such file or directory
rm: cannot remove ‘../../../../Results/PopExpansion100GensAgo/ForwardSims/4Ns_100/HapLengths/ExitFileNoRecLessN10000_45.txt’: No such file or directory
rm: cannot remove ‘../../../../Results/PopExpansion100GensAgo/ForwardSims/4Ns_100/HapLengths/ExitFileNoRecLessN10000_92.txt’: No such file or directory
rm: cannot remove ‘../../../../Results/PopExpansion100GensAgo/ForwardSims/4Ns_100/HapLengths/ExitFileNoRecLessN10000_78.txt’: No such file or directory
rm: cannot remove ‘../../../../Results/PopExpansion100GensAgo/ForwardSims/4Ns_100/HapLengths/ExitFileNoRecLessN10000_49.txt’: No such file or directory
rm: cannot remove ‘../../../../Results/PopExpansion100GensAgo/ForwardSims/4Ns_100/HapLengths/ExitFileNoRecLessN10000_17.txt’: No such file or directory
rm: cannot remove ‘../../../../Results/PopExpansion100GensAgo/ForwardSims/4Ns_100/HapLengths/ExitFileNoRecLessN10000_8.txt’: No such file or directory
rm: cannot remove ‘../../../../Results/PopExpansion100GensAgo/ForwardSims/4Ns_100/HapLengths/ExitFileNoRecLessN10000_58.txt’: No such file or directory
rm: cannot remove ‘../../../../Results/PopExpansion100GensAgo/ForwardSims/4Ns_100/HapLengths/ExitFileNoRecLessN10000_5.txt’: No such file or directory
rm: cannot remove ‘../../../../Results/PopExpansion100GensAgo/ForwardSims/4Ns_100/HapLengths/ExitFileNoRecLessN10000_23.txt’: No such file or directory
rm: cannot remove ‘../../../../Results/PopExpansion100GensAgo/ForwardSims/4Ns_100/HapLengths/ExitFileNoRecLessN10000_44.txt’: No such file or directory
rm: cannot remove ‘../../../../Results/PopExpansion100GensAgo/ForwardSims/4Ns_100/HapLengths/ExitFileNoRecLessN10000_62.txt’: No such file or directory
rm: cannot remove ‘../../../../Results/PopExpansion100GensAgo/ForwardSims/4Ns_100/HapLengths/ExitFileNoRecLessN10000_67.txt’: No such file or directory
rm: cannot remove ‘../../../../Results/PopExpansion100GensAgo/ForwardSims/4Ns_100/HapLengths/ExitFileNoRecLessN10000_50.txt’: No such file or directory
rm: cannot remove ‘../../../../Results/PopExpansion100GensAgo/ForwardSims/4Ns_100/HapLengths/ExitFileNoRecLessN10000_24.txt’: No such file or directory
