rm: cannot remove ‘../../../../Results/ABCAnalysisPopExpansionLessFiveFold/Output/WindowDistanceOutNotCpG1001.txt’: No such file or directory
rm: cannot remove ‘../../../../Results/ABCAnalysisPopExpansionLessFiveFold/Output/WindowDistanceLowRecOut1001.txt’: No such file or directory
rm: cannot remove ‘../../../../Results/ABCAnalysisPopExpansionLessFiveFold/LeftParameters1001.txt’: No such file or directory
rm: cannot remove ‘../../../../Results/ABCAnalysisPopExpansionLessFiveFold/Output/TrajOutputAllAlleles_1001.txt’: No such file or directory
rm: cannot remove ‘../../../../Results/ABCAnalysisPopExpansionLessFiveFold/Output/PReFerSimOutputAllAlleles_1001.txt’: No such file or directory
GSL_RNG_TYPE=mrg
GSL_RNG_SEED=10000001

real	0m3.452s
user	0m3.397s
sys	0m0.004s

real	0m0.034s
user	0m0.008s
sys	0m0.003s
GSL_RNG_TYPE=mrg
GSL_RNG_SEED=10000001

real	0m3.406s
user	0m3.401s
sys	0m0.002s
GSL_RNG_TYPE=mrg
GSL_RNG_SEED=10000002

real	0m3.252s
user	0m3.247s
sys	0m0.003s

real	0m0.006s
user	0m0.002s
sys	0m0.002s
GSL_RNG_TYPE=mrg
GSL_RNG_SEED=10000002

real	0m3.324s
user	0m3.291s
sys	0m0.001s
GSL_RNG_TYPE=mrg
GSL_RNG_SEED=10000003

real	0m3.269s
user	0m3.264s
sys	0m0.003s

real	0m0.007s
user	0m0.004s
sys	0m0.003s
GSL_RNG_TYPE=mrg
GSL_RNG_SEED=10000003

real	0m3.419s
user	0m3.416s
sys	0m0.001s
GSL_RNG_TYPE=mrg
GSL_RNG_SEED=10000004

real	0m3.299s
user	0m3.295s
sys	0m0.003s

real	0m0.007s
user	0m0.004s
sys	0m0.002s
GSL_RNG_TYPE=mrg
GSL_RNG_SEED=10000004

real	0m3.323s
user	0m3.319s
sys	0m0.002s
GSL_RNG_TYPE=mrg
GSL_RNG_SEED=10000005

real	0m3.332s
user	0m3.327s
sys	0m0.001s

real	0m0.007s
user	0m0.003s
sys	0m0.004s
GSL_RNG_TYPE=mrg
GSL_RNG_SEED=10000005

real	0m3.302s
user	0m3.298s
sys	0m0.002s
GSL_RNG_TYPE=mrg
GSL_RNG_SEED=10000006

real	0m3.383s
user	0m3.380s
sys	0m0.001s

real	0m0.007s
user	0m0.003s
sys	0m0.003s
GSL_RNG_TYPE=mrg
GSL_RNG_SEED=10000006

real	0m3.267s
user	0m3.264s
sys	0m0.001s
GSL_RNG_TYPE=mrg
GSL_RNG_SEED=10000007

real	0m3.320s
user	0m3.318s
sys	0m0.000s

real	0m0.005s
user	0m0.004s
sys	0m0.001s
GSL_RNG_TYPE=mrg
GSL_RNG_SEED=10000007

real	0m3.310s
user	0m3.306s
sys	0m0.003s
GSL_RNG_TYPE=mrg
GSL_RNG_SEED=10000008

real	0m3.321s
user	0m3.318s
sys	0m0.001s

real	0m0.007s
user	0m0.004s
sys	0m0.002s
GSL_RNG_TYPE=mrg
GSL_RNG_SEED=10000008

real	0m3.359s
user	0m3.354s
sys	0m0.003s
GSL_RNG_TYPE=mrg
GSL_RNG_SEED=10000009

real	0m3.421s
user	0m3.417s
sys	0m0.002s

real	0m0.005s
user	0m0.004s
sys	0m0.001s
GSL_RNG_TYPE=mrg
GSL_RNG_SEED=10000009

real	0m3.289s
user	0m3.285s
sys	0m0.001s
GSL_RNG_TYPE=mrg
GSL_RNG_SEED=10000010

real	0m3.245s
user	0m3.241s
sys	0m0.002s

real	0m0.007s
user	0m0.003s
sys	0m0.003s
GSL_RNG_TYPE=mrg
GSL_RNG_SEED=10000010

real	0m3.305s
user	0m3.301s
sys	0m0.002s
GSL_RNG_TYPE=mrg
GSL_RNG_SEED=10000011

real	0m3.230s
user	0m3.225s
sys	0m0.003s

real	0m0.007s
user	0m0.005s
sys	0m0.001s
GSL_RNG_TYPE=mrg
GSL_RNG_SEED=10000011

real	0m3.250s
user	0m3.247s
sys	0m0.001s
GSL_RNG_TYPE=mrg
GSL_RNG_SEED=10000012

real	0m3.316s
user	0m3.313s
sys	0m0.001s

real	0m0.007s
user	0m0.005s
sys	0m0.001s
GSL_RNG_TYPE=mrg
GSL_RNG_SEED=10000012

real	0m3.315s
user	0m3.311s
sys	0m0.002s
GSL_RNG_TYPE=mrg
GSL_RNG_SEED=10000013

real	0m3.255s
user	0m3.250s
sys	0m0.002s

real	0m0.007s
user	0m0.005s
sys	0m0.001s
GSL_RNG_TYPE=mrg
GSL_RNG_SEED=10000013

real	0m3.334s
user	0m3.328s
sys	0m0.004s
GSL_RNG_TYPE=mrg
GSL_RNG_SEED=10000014

real	0m3.307s
user	0m3.302s
sys	0m0.003s

real	0m0.005s
user	0m0.002s
sys	0m0.003s
GSL_RNG_TYPE=mrg
GSL_RNG_SEED=10000014

real	0m3.379s
user	0m3.375s
sys	0m0.002s
GSL_RNG_TYPE=mrg
GSL_RNG_SEED=10000015

real	0m3.298s
user	0m3.296s
sys	0m0.000s

real	0m0.006s
user	0m0.003s
sys	0m0.003s
GSL_RNG_TYPE=mrg
GSL_RNG_SEED=10000015

real	0m3.279s
user	0m3.275s
sys	0m0.001s
GSL_RNG_TYPE=mrg
GSL_RNG_SEED=10000016

real	0m3.269s
user	0m3.264s
sys	0m0.003s

real	0m0.006s
user	0m0.004s
sys	0m0.001s
GSL_RNG_TYPE=mrg
GSL_RNG_SEED=10000016

real	0m3.246s
user	0m3.242s
sys	0m0.001s
GSL_RNG_TYPE=mrg
GSL_RNG_SEED=10000017

real	0m3.319s
user	0m3.314s
sys	0m0.002s

real	0m0.006s
user	0m0.004s
sys	0m0.001s
GSL_RNG_TYPE=mrg
GSL_RNG_SEED=10000017

real	0m3.304s
user	0m3.300s
sys	0m0.002s
GSL_RNG_TYPE=mrg
GSL_RNG_SEED=10000018

real	0m3.345s
user	0m3.341s
sys	0m0.002s

real	0m0.007s
user	0m0.004s
sys	0m0.003s
GSL_RNG_TYPE=mrg
GSL_RNG_SEED=10000018

real	0m3.340s
user	0m3.335s
sys	0m0.002s
GSL_RNG_TYPE=mrg
GSL_RNG_SEED=10000019

real	0m3.251s
user	0m3.248s
sys	0m0.001s

real	0m0.006s
user	0m0.002s
sys	0m0.004s
GSL_RNG_TYPE=mrg
GSL_RNG_SEED=10000019

real	0m3.353s
user	0m3.253s
sys	0m0.001s
GSL_RNG_TYPE=mrg
GSL_RNG_SEED=10000020

real	0m3.240s
user	0m3.236s
sys	0m0.002s

real	0m0.006s
user	0m0.002s
sys	0m0.003s
GSL_RNG_TYPE=mrg
GSL_RNG_SEED=10000020

real	0m3.229s
user	0m3.227s
sys	0m0.001s
GSL_RNG_TYPE=mrg
GSL_RNG_SEED=10000021

real	0m3.226s
user	0m3.223s
sys	0m0.001s

real	0m0.006s
user	0m0.002s
sys	0m0.003s
GSL_RNG_TYPE=mrg
GSL_RNG_SEED=10000021

real	0m3.246s
user	0m3.242s
sys	0m0.002s
GSL_RNG_TYPE=mrg
GSL_RNG_SEED=10000022

real	0m3.337s
user	0m3.330s
sys	0m0.004s

real	0m0.007s
user	0m0.004s
sys	0m0.002s
GSL_RNG_TYPE=mrg
GSL_RNG_SEED=10000022

real	0m3.277s
user	0m3.273s
sys	0m0.002s
GSL_RNG_TYPE=mrg
GSL_RNG_SEED=10000023

real	0m3.223s
user	0m3.219s
sys	0m0.002s

real	0m0.006s
user	0m0.004s
sys	0m0.001s
GSL_RNG_TYPE=mrg
GSL_RNG_SEED=10000023

real	0m3.265s
user	0m3.260s
sys	0m0.003s
GSL_RNG_TYPE=mrg
GSL_RNG_SEED=10000024

real	0m3.204s
user	0m3.197s
sys	0m0.001s

real	0m0.008s
user	0m0.007s
sys	0m0.000s
GSL_RNG_TYPE=mrg
GSL_RNG_SEED=10000024

real	0m3.314s
user	0m3.311s
sys	0m0.001s
GSL_RNG_TYPE=mrg
GSL_RNG_SEED=10000025

real	0m3.335s
user	0m3.331s
sys	0m0.002s

real	0m0.005s
user	0m0.003s
sys	0m0.002s
GSL_RNG_TYPE=mrg
GSL_RNG_SEED=10000025

real	0m3.307s
user	0m3.303s
sys	0m0.002s
GSL_RNG_TYPE=mrg
GSL_RNG_SEED=10000026

real	0m3.200s
user	0m3.197s
sys	0m0.001s

real	0m0.005s
user	0m0.004s
sys	0m0.001s
GSL_RNG_TYPE=mrg
GSL_RNG_SEED=10000026

real	0m3.278s
user	0m3.274s
sys	0m0.002s
GSL_RNG_TYPE=mrg
GSL_RNG_SEED=10000027

real	0m3.297s
user	0m3.294s
sys	0m0.001s

real	0m0.005s
user	0m0.003s
sys	0m0.003s
GSL_RNG_TYPE=mrg
GSL_RNG_SEED=10000027

real	0m3.362s
user	0m3.357s
sys	0m0.003s
GSL_RNG_TYPE=mrg
GSL_RNG_SEED=10000028

real	0m3.276s
user	0m3.272s
sys	0m0.002s

real	0m0.007s
user	0m0.004s
sys	0m0.002s
GSL_RNG_TYPE=mrg
GSL_RNG_SEED=10000028

real	0m3.362s
user	0m3.357s
sys	0m0.003s
GSL_RNG_TYPE=mrg
GSL_RNG_SEED=10000029

real	0m3.276s
user	0m3.272s
sys	0m0.001s

real	0m0.006s
user	0m0.004s
sys	0m0.002s
GSL_RNG_TYPE=mrg
GSL_RNG_SEED=10000029

real	0m3.295s
user	0m3.293s
sys	0m0.000s
GSL_RNG_TYPE=mrg
GSL_RNG_SEED=10000030

real	0m3.310s
user	0m3.307s
sys	0m0.001s

real	0m0.006s
user	0m0.003s
sys	0m0.002s
GSL_RNG_TYPE=mrg
GSL_RNG_SEED=10000030

real	0m3.353s
user	0m3.349s
sys	0m0.002s
GSL_RNG_TYPE=mrg
GSL_RNG_SEED=10000031

real	0m3.191s
user	0m3.187s
sys	0m0.003s

real	0m0.005s
user	0m0.004s
sys	0m0.001s
GSL_RNG_TYPE=mrg
GSL_RNG_SEED=10000031

real	0m3.247s
user	0m3.244s
sys	0m0.001s
rm: cannot remove ‘../../../../Results/ABCAnalysisPopExpansionLessFiveFold/Output/TempRightDistanceOut1001.txt’: No such file or directory
rm: cannot remove ‘../../../../Results/ABCAnalysisPopExpansionLessFiveFold/Output/DistanceOutNotCpG1001.txt’: No such file or directory
rm: cannot remove ‘../../../../Results/ABCAnalysisPopExpansionLessFiveFold/Output/TrajOutputAllAlleles_1001.txt’: No such file or directory
rm: cannot remove ‘../../../../Results/ABCAnalysisPopExpansionLessFiveFold/Output/PReFerSimOutputAllAlleles_1001.txt’: No such file or directory
GSL_RNG_TYPE=mrg
GSL_RNG_SEED=10000032

real	0m0.929s
user	0m0.926s
sys	0m0.001s

real	0m0.020s
user	0m0.017s
sys	0m0.003s
GSL_RNG_TYPE=mrg
GSL_RNG_SEED=10000032

real	0m0.875s
user	0m0.870s
sys	0m0.004s
GSL_RNG_TYPE=mrg
GSL_RNG_SEED=10000033

real	0m0.858s
user	0m0.854s
sys	0m0.002s

real	0m0.020s
user	0m0.018s
sys	0m0.002s
GSL_RNG_TYPE=mrg
GSL_RNG_SEED=10000033

real	0m0.874s
user	0m0.869s
sys	0m0.002s
GSL_RNG_TYPE=mrg
GSL_RNG_SEED=10000034

real	0m0.875s
user	0m0.855s
sys	0m0.003s

real	0m0.020s
user	0m0.018s
sys	0m0.001s
GSL_RNG_TYPE=mrg
GSL_RNG_SEED=10000034

real	0m0.853s
user	0m0.850s
sys	0m0.002s
GSL_RNG_TYPE=mrg
GSL_RNG_SEED=10000035

real	0m1.070s
user	0m0.877s
sys	0m0.004s

real	0m0.020s
user	0m0.019s
sys	0m0.001s
GSL_RNG_TYPE=mrg
GSL_RNG_SEED=10000035

real	0m0.879s
user	0m0.873s
sys	0m0.003s
GSL_RNG_TYPE=mrg
GSL_RNG_SEED=10000036

real	0m0.876s
user	0m0.868s
sys	0m0.006s

real	0m0.020s
user	0m0.018s
sys	0m0.002s
GSL_RNG_TYPE=mrg
GSL_RNG_SEED=10000036

real	0m0.887s
user	0m0.882s
sys	0m0.002s
GSL_RNG_TYPE=mrg
GSL_RNG_SEED=10000037

real	0m0.858s
user	0m0.852s
sys	0m0.003s

real	0m0.021s
user	0m0.018s
sys	0m0.003s
GSL_RNG_TYPE=mrg
GSL_RNG_SEED=10000037

real	0m0.861s
user	0m0.856s
sys	0m0.002s
GSL_RNG_TYPE=mrg
GSL_RNG_SEED=10000038

real	0m0.895s
user	0m0.868s
sys	0m0.004s

real	0m0.020s
user	0m0.017s
sys	0m0.003s
GSL_RNG_TYPE=mrg
GSL_RNG_SEED=10000038

real	0m0.885s
user	0m0.868s
sys	0m0.004s
GSL_RNG_TYPE=mrg
GSL_RNG_SEED=10000039

real	0m0.881s
user	0m0.875s
sys	0m0.004s

real	0m0.020s
user	0m0.016s
sys	0m0.004s
GSL_RNG_TYPE=mrg
GSL_RNG_SEED=10000039

real	0m0.870s
user	0m0.862s
sys	0m0.005s
GSL_RNG_TYPE=mrg
GSL_RNG_SEED=10000040

real	0m0.881s
user	0m0.876s
sys	0m0.003s

real	0m0.021s
user	0m0.018s
sys	0m0.002s
GSL_RNG_TYPE=mrg
GSL_RNG_SEED=10000040

real	0m0.856s
user	0m0.853s
sys	0m0.002s
GSL_RNG_TYPE=mrg
GSL_RNG_SEED=10000041

real	0m0.863s
user	0m0.858s
sys	0m0.002s

real	0m0.020s
user	0m0.017s
sys	0m0.002s
GSL_RNG_TYPE=mrg
GSL_RNG_SEED=10000041

real	0m0.875s
user	0m0.865s
sys	0m0.002s
GSL_RNG_TYPE=mrg
GSL_RNG_SEED=10000042

real	0m0.874s
user	0m0.870s
sys	0m0.002s

real	0m0.022s
user	0m0.019s
sys	0m0.002s
GSL_RNG_TYPE=mrg
GSL_RNG_SEED=10000042

real	0m0.900s
user	0m0.896s
sys	0m0.001s
GSL_RNG_TYPE=mrg
GSL_RNG_SEED=10000043

real	0m0.866s
user	0m0.861s
sys	0m0.002s

real	0m0.022s
user	0m0.019s
sys	0m0.003s
GSL_RNG_TYPE=mrg
GSL_RNG_SEED=10000043

real	0m0.849s
user	0m0.845s
sys	0m0.003s
GSL_RNG_TYPE=mrg
GSL_RNG_SEED=10000044

real	0m0.886s
user	0m0.882s
sys	0m0.002s

real	0m0.021s
user	0m0.018s
sys	0m0.002s
GSL_RNG_TYPE=mrg
GSL_RNG_SEED=10000044

real	0m0.882s
user	0m0.879s
sys	0m0.002s
GSL_RNG_TYPE=mrg
GSL_RNG_SEED=10000045

real	0m0.898s
user	0m0.873s
sys	0m0.003s

real	0m0.025s
user	0m0.021s
sys	0m0.003s
GSL_RNG_TYPE=mrg
GSL_RNG_SEED=10000045

real	0m0.913s
user	0m0.869s
sys	0m0.003s
GSL_RNG_TYPE=mrg
GSL_RNG_SEED=10000046

real	0m0.885s
user	0m0.881s
sys	0m0.002s

real	0m0.021s
user	0m0.017s
sys	0m0.003s
GSL_RNG_TYPE=mrg
GSL_RNG_SEED=10000046

real	0m0.876s
user	0m0.871s
sys	0m0.002s
GSL_RNG_TYPE=mrg
GSL_RNG_SEED=10000047

real	0m0.894s
user	0m0.890s
sys	0m0.002s

real	0m0.020s
user	0m0.018s
sys	0m0.002s
GSL_RNG_TYPE=mrg
GSL_RNG_SEED=10000047

real	0m0.865s
user	0m0.861s
sys	0m0.002s
GSL_RNG_TYPE=mrg
GSL_RNG_SEED=10000048

real	0m0.869s
user	0m0.865s
sys	0m0.002s

real	0m0.020s
user	0m0.020s
sys	0m0.000s
GSL_RNG_TYPE=mrg
GSL_RNG_SEED=10000048

real	0m0.957s
user	0m0.866s
sys	0m0.001s
GSL_RNG_TYPE=mrg
GSL_RNG_SEED=10000049

real	0m0.874s
user	0m0.869s
sys	0m0.002s

real	0m0.021s
user	0m0.018s
sys	0m0.002s
GSL_RNG_TYPE=mrg
GSL_RNG_SEED=10000049

real	0m0.905s
user	0m0.900s
sys	0m0.002s
GSL_RNG_TYPE=mrg
GSL_RNG_SEED=10000050

real	0m0.884s
user	0m0.879s
sys	0m0.003s

real	0m0.020s
user	0m0.017s
sys	0m0.003s
GSL_RNG_TYPE=mrg
GSL_RNG_SEED=10000050

real	0m0.910s
user	0m0.903s
sys	0m0.004s
rm: cannot remove ‘../../../../Results/ABCAnalysisPopExpansionLessFiveFold/Output/TempRightDistanceOut1001.txt’: No such file or directory
rm: cannot remove ‘../../../../Results/ABCAnalysisPopExpansionLessFiveFold/Output/DistanceOutNotCpG1001.txt’: No such file or directory
rm: cannot remove ‘../../../../Results/ABCAnalysisPopExpansionLessFiveFold/Output/TrajOutputAllAlleles_1001.txt’: No such file or directory
rm: cannot remove ‘../../../../Results/ABCAnalysisPopExpansionLessFiveFold/Output/PReFerSimOutputAllAlleles_1001.txt’: No such file or directory
GSL_RNG_TYPE=mrg
GSL_RNG_SEED=10000051

real	0m0.930s
user	0m0.874s
sys	0m0.002s

real	0m0.018s
user	0m0.016s
sys	0m0.001s
GSL_RNG_TYPE=mrg
GSL_RNG_SEED=10000051

real	0m0.855s
user	0m0.851s
sys	0m0.003s
GSL_RNG_TYPE=mrg
GSL_RNG_SEED=10000052

real	0m0.833s
user	0m0.828s
sys	0m0.002s

real	0m0.018s
user	0m0.015s
sys	0m0.003s
GSL_RNG_TYPE=mrg
GSL_RNG_SEED=10000052

real	0m0.829s
user	0m0.825s
sys	0m0.003s
GSL_RNG_TYPE=mrg
GSL_RNG_SEED=10000053

real	0m0.842s
user	0m0.838s
sys	0m0.002s

real	0m0.019s
user	0m0.015s
sys	0m0.003s
GSL_RNG_TYPE=mrg
GSL_RNG_SEED=10000053

real	0m0.851s
user	0m0.846s
sys	0m0.002s
GSL_RNG_TYPE=mrg
GSL_RNG_SEED=10000054

real	0m0.877s
user	0m0.873s
sys	0m0.001s

real	0m0.020s
user	0m0.018s
sys	0m0.001s
GSL_RNG_TYPE=mrg
GSL_RNG_SEED=10000054

real	0m0.857s
user	0m0.855s
sys	0m0.001s
GSL_RNG_TYPE=mrg
GSL_RNG_SEED=10000055

real	0m0.839s
user	0m0.833s
sys	0m0.003s

real	0m0.019s
user	0m0.016s
sys	0m0.003s
GSL_RNG_TYPE=mrg
GSL_RNG_SEED=10000055

real	0m0.839s
user	0m0.836s
sys	0m0.001s
GSL_RNG_TYPE=mrg
GSL_RNG_SEED=10000056

real	0m0.833s
user	0m0.828s
sys	0m0.003s

real	0m0.020s
user	0m0.017s
sys	0m0.003s
GSL_RNG_TYPE=mrg
GSL_RNG_SEED=10000056

real	0m0.830s
user	0m0.826s
sys	0m0.003s
GSL_RNG_TYPE=mrg
GSL_RNG_SEED=10000057

real	0m0.850s
user	0m0.844s
sys	0m0.003s

real	0m0.018s
user	0m0.014s
sys	0m0.004s
GSL_RNG_TYPE=mrg
GSL_RNG_SEED=10000057

real	0m0.843s
user	0m0.840s
sys	0m0.002s
GSL_RNG_TYPE=mrg
GSL_RNG_SEED=10000058

real	0m0.851s
user	0m0.835s
sys	0m0.005s

real	0m0.017s
user	0m0.014s
sys	0m0.003s
GSL_RNG_TYPE=mrg
GSL_RNG_SEED=10000058

real	0m0.853s
user	0m0.835s
sys	0m0.003s
GSL_RNG_TYPE=mrg
GSL_RNG_SEED=10000059

real	0m0.823s
user	0m0.817s
sys	0m0.003s

real	0m0.020s
user	0m0.017s
sys	0m0.003s
GSL_RNG_TYPE=mrg
GSL_RNG_SEED=10000059

real	0m0.837s
user	0m0.832s
sys	0m0.002s
GSL_RNG_TYPE=mrg
GSL_RNG_SEED=10000060

real	0m0.831s
user	0m0.824s
sys	0m0.005s

real	0m0.018s
user	0m0.013s
sys	0m0.004s
GSL_RNG_TYPE=mrg
GSL_RNG_SEED=10000060

real	0m0.830s
user	0m0.826s
sys	0m0.002s
GSL_RNG_TYPE=mrg
GSL_RNG_SEED=10000061

real	0m0.840s
user	0m0.832s
sys	0m0.006s

real	0m0.019s
user	0m0.018s
sys	0m0.001s
GSL_RNG_TYPE=mrg
GSL_RNG_SEED=10000061

real	0m0.852s
user	0m0.847s
sys	0m0.004s
GSL_RNG_TYPE=mrg
GSL_RNG_SEED=10000062

real	0m0.891s
user	0m0.808s
sys	0m0.005s

real	0m0.018s
user	0m0.014s
sys	0m0.004s
GSL_RNG_TYPE=mrg
GSL_RNG_SEED=10000062

real	0m0.842s
user	0m0.829s
sys	0m0.003s
GSL_RNG_TYPE=mrg
GSL_RNG_SEED=10000063

real	0m0.831s
user	0m0.824s
sys	0m0.002s

real	0m0.018s
user	0m0.014s
sys	0m0.003s
GSL_RNG_TYPE=mrg
GSL_RNG_SEED=10000063

real	0m0.831s
user	0m0.828s
sys	0m0.003s
GSL_RNG_TYPE=mrg
GSL_RNG_SEED=10000064

real	0m0.834s
user	0m0.829s
sys	0m0.002s

real	0m0.017s
user	0m0.013s
sys	0m0.004s
GSL_RNG_TYPE=mrg
GSL_RNG_SEED=10000064

real	0m0.841s
user	0m0.834s
sys	0m0.004s
GSL_RNG_TYPE=mrg
GSL_RNG_SEED=10000065

real	0m0.842s
user	0m0.838s
sys	0m0.002s

real	0m0.020s
user	0m0.018s
sys	0m0.001s
GSL_RNG_TYPE=mrg
GSL_RNG_SEED=10000065

real	0m0.843s
user	0m0.840s
sys	0m0.002s
GSL_RNG_TYPE=mrg
GSL_RNG_SEED=10000066

real	0m0.824s
user	0m0.819s
sys	0m0.003s

real	0m0.019s
user	0m0.015s
sys	0m0.003s
GSL_RNG_TYPE=mrg
GSL_RNG_SEED=10000066

real	0m0.825s
user	0m0.818s
sys	0m0.006s
GSL_RNG_TYPE=mrg
GSL_RNG_SEED=10000067

real	0m0.846s
user	0m0.842s
sys	0m0.001s

real	0m0.019s
user	0m0.015s
sys	0m0.003s
GSL_RNG_TYPE=mrg
GSL_RNG_SEED=10000067

real	0m0.842s
user	0m0.839s
sys	0m0.002s
GSL_RNG_TYPE=mrg
GSL_RNG_SEED=10000068

real	0m0.861s
user	0m0.856s
sys	0m0.002s

real	0m0.017s
user	0m0.015s
sys	0m0.002s
GSL_RNG_TYPE=mrg
GSL_RNG_SEED=10000068

real	0m0.842s
user	0m0.840s
sys	0m0.001s
GSL_RNG_TYPE=mrg
GSL_RNG_SEED=10000069

real	0m0.966s
user	0m0.812s
sys	0m0.001s

real	0m0.018s
user	0m0.015s
sys	0m0.002s
GSL_RNG_TYPE=mrg
GSL_RNG_SEED=10000069

real	0m0.875s
user	0m0.819s
sys	0m0.001s
GSL_RNG_TYPE=mrg
GSL_RNG_SEED=10000070

real	0m0.838s
user	0m0.832s
sys	0m0.003s

real	0m0.019s
user	0m0.015s
sys	0m0.003s
GSL_RNG_TYPE=mrg
GSL_RNG_SEED=10000070

real	0m0.838s
user	0m0.836s
sys	0m0.001s
GSL_RNG_TYPE=mrg
GSL_RNG_SEED=10000071

real	0m0.840s
user	0m0.835s
sys	0m0.003s

real	0m0.017s
user	0m0.013s
sys	0m0.003s
GSL_RNG_TYPE=mrg
GSL_RNG_SEED=10000071

real	0m0.840s
user	0m0.838s
sys	0m0.001s
GSL_RNG_TYPE=mrg
GSL_RNG_SEED=10000072

real	0m0.832s
user	0m0.827s
sys	0m0.002s

real	0m0.018s
user	0m0.015s
sys	0m0.003s
GSL_RNG_TYPE=mrg
GSL_RNG_SEED=10000072

real	0m0.832s
user	0m0.830s
sys	0m0.001s
GSL_RNG_TYPE=mrg
GSL_RNG_SEED=10000073

real	0m0.830s
user	0m0.821s
sys	0m0.005s

real	0m0.019s
user	0m0.018s
sys	0m0.001s
GSL_RNG_TYPE=mrg
GSL_RNG_SEED=10000073

real	0m0.909s
user	0m0.845s
sys	0m0.003s
GSL_RNG_TYPE=mrg
GSL_RNG_SEED=10000074

real	0m0.850s
user	0m0.845s
sys	0m0.002s

real	0m0.018s
user	0m0.017s
sys	0m0.000s
GSL_RNG_TYPE=mrg
GSL_RNG_SEED=10000074

real	0m0.836s
user	0m0.830s
sys	0m0.005s
GSL_RNG_TYPE=mrg
GSL_RNG_SEED=10000075

real	0m0.834s
user	0m0.828s
sys	0m0.002s

real	0m0.019s
user	0m0.015s
sys	0m0.003s
GSL_RNG_TYPE=mrg
GSL_RNG_SEED=10000075

real	0m0.830s
user	0m0.825s
sys	0m0.004s
GSL_RNG_TYPE=mrg
GSL_RNG_SEED=10000076

real	0m0.898s
user	0m0.815s
sys	0m0.004s

real	0m0.016s
user	0m0.013s
sys	0m0.003s
GSL_RNG_TYPE=mrg
GSL_RNG_SEED=10000076

real	0m0.831s
user	0m0.829s
sys	0m0.001s
GSL_RNG_TYPE=mrg
GSL_RNG_SEED=10000077

real	0m0.870s
user	0m0.861s
sys	0m0.006s

real	0m0.018s
user	0m0.017s
sys	0m0.001s
GSL_RNG_TYPE=mrg
GSL_RNG_SEED=10000077

real	0m0.848s
user	0m0.843s
sys	0m0.004s
GSL_RNG_TYPE=mrg
GSL_RNG_SEED=10000078

real	0m0.844s
user	0m0.836s
sys	0m0.005s

real	0m0.020s
user	0m0.019s
sys	0m0.001s
GSL_RNG_TYPE=mrg
GSL_RNG_SEED=10000078

real	0m0.840s
user	0m0.836s
sys	0m0.003s
GSL_RNG_TYPE=mrg
GSL_RNG_SEED=10000079

real	0m0.855s
user	0m0.850s
sys	0m0.003s

real	0m0.019s
user	0m0.017s
sys	0m0.002s
GSL_RNG_TYPE=mrg
GSL_RNG_SEED=10000079

real	0m0.826s
user	0m0.823s
sys	0m0.002s
GSL_RNG_TYPE=mrg
GSL_RNG_SEED=10000080

real	0m0.899s
user	0m0.843s
sys	0m0.004s

real	0m0.017s
user	0m0.013s
sys	0m0.003s
GSL_RNG_TYPE=mrg
GSL_RNG_SEED=10000080

real	0m0.958s
user	0m0.836s
sys	0m0.002s
GSL_RNG_TYPE=mrg
GSL_RNG_SEED=10000081

real	0m0.835s
user	0m0.828s
sys	0m0.005s

real	0m0.019s
user	0m0.018s
sys	0m0.001s
GSL_RNG_TYPE=mrg
GSL_RNG_SEED=10000081

real	0m0.834s
user	0m0.829s
sys	0m0.004s
rm: cannot remove ‘../../../../Results/ABCAnalysisPopExpansionLessFiveFold/Output/TempRightDistanceOut1001.txt’: No such file or directory
rm: cannot remove ‘../../../../Results/ABCAnalysisPopExpansionLessFiveFold/Output/DistanceOutNotCpG1001.txt’: No such file or directory
rm: cannot remove ‘../../../../Results/ABCAnalysisPopExpansionLessFiveFold/Output/TrajOutputAllAlleles_1001.txt’: No such file or directory
rm: cannot remove ‘../../../../Results/ABCAnalysisPopExpansionLessFiveFold/Output/PReFerSimOutputAllAlleles_1001.txt’: No such file or directory
GSL_RNG_TYPE=mrg
GSL_RNG_SEED=10000082

real	0m2.670s
user	0m2.666s
sys	0m0.001s

real	0m0.007s
user	0m0.005s
sys	0m0.001s
GSL_RNG_TYPE=mrg
GSL_RNG_SEED=10000082

real	0m2.659s
user	0m2.656s
sys	0m0.001s
GSL_RNG_TYPE=mrg
GSL_RNG_SEED=10000083

real	0m2.741s
user	0m2.686s
sys	0m0.000s

real	0m0.011s
user	0m0.008s
sys	0m0.003s
GSL_RNG_TYPE=mrg
GSL_RNG_SEED=10000083

real	0m2.705s
user	0m2.700s
sys	0m0.003s
GSL_RNG_TYPE=mrg
GSL_RNG_SEED=10000084

real	0m2.659s
user	0m2.655s
sys	0m0.002s

real	0m0.006s
user	0m0.004s
sys	0m0.002s
GSL_RNG_TYPE=mrg
GSL_RNG_SEED=10000084

real	0m2.635s
user	0m2.629s
sys	0m0.003s
GSL_RNG_TYPE=mrg
GSL_RNG_SEED=10000085

real	0m2.644s
user	0m2.641s
sys	0m0.002s

real	0m0.007s
user	0m0.005s
sys	0m0.002s
GSL_RNG_TYPE=mrg
GSL_RNG_SEED=10000085

real	0m2.655s
user	0m2.647s
sys	0m0.005s
GSL_RNG_TYPE=mrg
GSL_RNG_SEED=10000086

real	0m2.681s
user	0m2.677s
sys	0m0.001s

real	0m0.007s
user	0m0.005s
sys	0m0.002s
GSL_RNG_TYPE=mrg
GSL_RNG_SEED=10000086

real	0m2.709s
user	0m2.706s
sys	0m0.001s
GSL_RNG_TYPE=mrg
GSL_RNG_SEED=10000087

real	0m2.801s
user	0m2.797s
sys	0m0.002s

real	0m0.008s
user	0m0.004s
sys	0m0.003s
GSL_RNG_TYPE=mrg
GSL_RNG_SEED=10000087

real	0m2.825s
user	0m2.818s
sys	0m0.003s
GSL_RNG_TYPE=mrg
GSL_RNG_SEED=10000088

real	0m2.652s
user	0m2.648s
sys	0m0.002s

real	0m0.007s
user	0m0.003s
sys	0m0.003s
GSL_RNG_TYPE=mrg
GSL_RNG_SEED=10000088

real	0m2.741s
user	0m2.737s
sys	0m0.002s
GSL_RNG_TYPE=mrg
GSL_RNG_SEED=10000089

real	0m2.662s
user	0m2.658s
sys	0m0.002s

real	0m0.007s
user	0m0.004s
sys	0m0.003s
GSL_RNG_TYPE=mrg
GSL_RNG_SEED=10000089

real	0m2.720s
user	0m2.715s
sys	0m0.003s
GSL_RNG_TYPE=mrg
GSL_RNG_SEED=10000090

real	0m2.700s
user	0m2.663s
sys	0m0.004s

real	0m0.011s
user	0m0.008s
sys	0m0.003s
GSL_RNG_TYPE=mrg
GSL_RNG_SEED=10000090

real	0m2.733s
user	0m2.670s
sys	0m0.003s
GSL_RNG_TYPE=mrg
GSL_RNG_SEED=10000091

real	0m2.692s
user	0m2.686s
sys	0m0.002s

real	0m0.006s
user	0m0.005s
sys	0m0.001s
GSL_RNG_TYPE=mrg
GSL_RNG_SEED=10000091

real	0m2.708s
user	0m2.705s
sys	0m0.001s
GSL_RNG_TYPE=mrg
GSL_RNG_SEED=10000092

real	0m2.621s
user	0m2.616s
sys	0m0.002s

real	0m0.007s
user	0m0.006s
sys	0m0.000s
GSL_RNG_TYPE=mrg
GSL_RNG_SEED=10000092

real	0m2.783s
user	0m2.630s
sys	0m0.003s
GSL_RNG_TYPE=mrg
GSL_RNG_SEED=10000093

real	0m2.632s
user	0m2.628s
sys	0m0.002s

real	0m0.006s
user	0m0.004s
sys	0m0.002s
GSL_RNG_TYPE=mrg
GSL_RNG_SEED=10000093

real	0m2.717s
user	0m2.714s
sys	0m0.001s
GSL_RNG_TYPE=mrg
GSL_RNG_SEED=10000094

real	0m2.685s
user	0m2.679s
sys	0m0.004s

real	0m0.007s
user	0m0.004s
sys	0m0.003s
GSL_RNG_TYPE=mrg
GSL_RNG_SEED=10000094

real	0m2.783s
user	0m2.776s
sys	0m0.003s
GSL_RNG_TYPE=mrg
GSL_RNG_SEED=10000095

real	0m2.679s
user	0m2.674s
sys	0m0.003s

real	0m0.006s
user	0m0.003s
sys	0m0.003s
GSL_RNG_TYPE=mrg
GSL_RNG_SEED=10000095

real	0m2.702s
user	0m2.697s
sys	0m0.002s
GSL_RNG_TYPE=mrg
GSL_RNG_SEED=10000096

real	0m2.767s
user	0m2.705s
sys	0m0.002s

real	0m0.012s
user	0m0.010s
sys	0m0.002s
GSL_RNG_TYPE=mrg
GSL_RNG_SEED=10000096

real	0m2.810s
user	0m2.623s
sys	0m0.003s
GSL_RNG_TYPE=mrg
GSL_RNG_SEED=10000097

real	0m2.615s
user	0m2.611s
sys	0m0.003s

real	0m0.006s
user	0m0.003s
sys	0m0.002s
GSL_RNG_TYPE=mrg
GSL_RNG_SEED=10000097

real	0m2.624s
user	0m2.619s
sys	0m0.001s
GSL_RNG_TYPE=mrg
GSL_RNG_SEED=10000098

real	0m2.632s
user	0m2.629s
sys	0m0.001s

real	0m0.007s
user	0m0.003s
sys	0m0.004s
GSL_RNG_TYPE=mrg
GSL_RNG_SEED=10000098

real	0m2.714s
user	0m2.709s
sys	0m0.001s
GSL_RNG_TYPE=mrg
GSL_RNG_SEED=10000099

real	0m2.685s
user	0m2.681s
sys	0m0.001s

real	0m0.008s
user	0m0.006s
sys	0m0.001s
GSL_RNG_TYPE=mrg
GSL_RNG_SEED=10000099

real	0m2.630s
user	0m2.604s
sys	0m0.002s
GSL_RNG_TYPE=mrg
GSL_RNG_SEED=10000100

real	0m2.647s
user	0m2.642s
sys	0m0.002s

real	0m0.006s
user	0m0.004s
sys	0m0.001s
GSL_RNG_TYPE=mrg
GSL_RNG_SEED=10000100

real	0m2.637s
user	0m2.632s
sys	0m0.001s
GSL_RNG_TYPE=mrg
GSL_RNG_SEED=10000101

real	0m2.710s
user	0m2.707s
sys	0m0.001s

real	0m0.007s
user	0m0.004s
sys	0m0.003s
GSL_RNG_TYPE=mrg
GSL_RNG_SEED=10000101

real	0m2.652s
user	0m2.646s
sys	0m0.002s
GSL_RNG_TYPE=mrg
GSL_RNG_SEED=10000102

real	0m2.602s
user	0m2.599s
sys	0m0.001s

real	0m0.007s
user	0m0.006s
sys	0m0.001s
GSL_RNG_TYPE=mrg
GSL_RNG_SEED=10000102

real	0m2.618s
user	0m2.614s
sys	0m0.001s
GSL_RNG_TYPE=mrg
GSL_RNG_SEED=10000103

real	0m2.791s
user	0m2.786s
sys	0m0.003s

real	0m0.006s
user	0m0.004s
sys	0m0.002s
GSL_RNG_TYPE=mrg
GSL_RNG_SEED=10000103

real	0m2.747s
user	0m2.741s
sys	0m0.003s
GSL_RNG_TYPE=mrg
GSL_RNG_SEED=10000104

real	0m2.751s
user	0m2.747s
sys	0m0.002s

real	0m0.007s
user	0m0.006s
sys	0m0.001s
GSL_RNG_TYPE=mrg
GSL_RNG_SEED=10000104

real	0m2.732s
user	0m2.728s
sys	0m0.002s
GSL_RNG_TYPE=mrg
GSL_RNG_SEED=10000105

real	0m2.678s
user	0m2.674s
sys	0m0.001s

real	0m0.008s
user	0m0.005s
sys	0m0.003s
GSL_RNG_TYPE=mrg
GSL_RNG_SEED=10000105

real	0m2.765s
user	0m2.759s
sys	0m0.003s
GSL_RNG_TYPE=mrg
GSL_RNG_SEED=10000106

real	0m2.620s
user	0m2.615s
sys	0m0.002s

real	0m0.007s
user	0m0.004s
sys	0m0.002s
GSL_RNG_TYPE=mrg
GSL_RNG_SEED=10000106

real	0m2.901s
user	0m2.689s
sys	0m0.005s
GSL_RNG_TYPE=mrg
GSL_RNG_SEED=10000107

real	0m2.624s
user	0m2.618s
sys	0m0.003s

real	0m0.008s
user	0m0.005s
sys	0m0.003s
GSL_RNG_TYPE=mrg
GSL_RNG_SEED=10000107

real	0m2.837s
user	0m2.732s
sys	0m0.002s
GSL_RNG_TYPE=mrg
GSL_RNG_SEED=10000108

real	0m2.662s
user	0m2.658s
sys	0m0.002s

real	0m0.007s
user	0m0.004s
sys	0m0.003s
GSL_RNG_TYPE=mrg
GSL_RNG_SEED=10000108

real	0m2.686s
user	0m2.681s
sys	0m0.002s
GSL_RNG_TYPE=mrg
GSL_RNG_SEED=10000109

real	0m2.672s
user	0m2.667s
sys	0m0.002s

real	0m0.008s
user	0m0.007s
sys	0m0.001s
GSL_RNG_TYPE=mrg
GSL_RNG_SEED=10000109

real	0m2.669s
user	0m2.666s
sys	0m0.001s
GSL_RNG_TYPE=mrg
GSL_RNG_SEED=10000110

real	0m2.872s
user	0m2.713s
sys	0m0.002s

real	0m0.008s
user	0m0.003s
sys	0m0.004s
GSL_RNG_TYPE=mrg
GSL_RNG_SEED=10000110

real	0m2.706s
user	0m2.702s
sys	0m0.000s
rm: cannot remove ‘../../../../Results/ABCAnalysisPopExpansionLessFiveFold/Output/TempRightDistanceOut1001.txt’: No such file or directory
rm: cannot remove ‘../../../../Results/ABCAnalysisPopExpansionLessFiveFold/Output/DistanceOutNotCpG1001.txt’: No such file or directory
rm: cannot remove ‘../../../../Results/ABCAnalysisPopExpansionLessFiveFold/Output/TrajOutputAllAlleles_1001.txt’: No such file or directory
rm: cannot remove ‘../../../../Results/ABCAnalysisPopExpansionLessFiveFold/Output/PReFerSimOutputAllAlleles_1001.txt’: No such file or directory
GSL_RNG_TYPE=mrg
GSL_RNG_SEED=10000111

real	0m4.709s
user	0m4.706s
sys	0m0.001s

real	0m0.007s
user	0m0.004s
sys	0m0.003s
GSL_RNG_TYPE=mrg
GSL_RNG_SEED=10000111

real	0m4.658s
user	0m4.653s
sys	0m0.003s
GSL_RNG_TYPE=mrg
GSL_RNG_SEED=10000112

real	0m4.553s
user	0m4.549s
sys	0m0.001s

real	0m0.006s
user	0m0.005s
sys	0m0.001s
GSL_RNG_TYPE=mrg
GSL_RNG_SEED=10000112

real	0m4.662s
user	0m4.658s
sys	0m0.002s
GSL_RNG_TYPE=mrg
GSL_RNG_SEED=10000113

real	0m4.638s
user	0m4.634s
sys	0m0.001s

real	0m0.007s
user	0m0.006s
sys	0m0.001s
GSL_RNG_TYPE=mrg
GSL_RNG_SEED=10000113

real	0m4.584s
user	0m4.579s
sys	0m0.002s
GSL_RNG_TYPE=mrg
GSL_RNG_SEED=10000114

real	0m4.636s
user	0m4.632s
sys	0m0.001s

real	0m0.006s
user	0m0.003s
sys	0m0.003s
GSL_RNG_TYPE=mrg
GSL_RNG_SEED=10000114

real	0m4.684s
user	0m4.679s
sys	0m0.003s
GSL_RNG_TYPE=mrg
GSL_RNG_SEED=10000115

real	0m4.602s
user	0m4.598s
sys	0m0.002s

real	0m0.006s
user	0m0.004s
sys	0m0.001s
GSL_RNG_TYPE=mrg
GSL_RNG_SEED=10000115

real	0m4.597s
user	0m4.591s
sys	0m0.002s
GSL_RNG_TYPE=mrg
GSL_RNG_SEED=10000116

real	0m4.569s
user	0m4.564s
sys	0m0.002s

real	0m0.006s
user	0m0.004s
sys	0m0.002s
GSL_RNG_TYPE=mrg
GSL_RNG_SEED=10000116

real	0m4.727s
user	0m4.722s
sys	0m0.002s
GSL_RNG_TYPE=mrg
GSL_RNG_SEED=10000117

real	0m4.768s
user	0m4.763s
sys	0m0.002s

real	0m0.006s
user	0m0.004s
sys	0m0.002s
GSL_RNG_TYPE=mrg
GSL_RNG_SEED=10000117

real	0m4.727s
user	0m4.724s
sys	0m0.001s
GSL_RNG_TYPE=mrg
GSL_RNG_SEED=10000118

real	0m4.502s
user	0m4.498s
sys	0m0.001s

real	0m0.007s
user	0m0.004s
sys	0m0.002s
GSL_RNG_TYPE=mrg
GSL_RNG_SEED=10000118

real	0m4.428s
user	0m4.424s
sys	0m0.001s
GSL_RNG_TYPE=mrg
GSL_RNG_SEED=10000119

real	0m4.709s
user	0m4.703s
sys	0m0.003s

real	0m0.007s
user	0m0.005s
sys	0m0.001s
GSL_RNG_TYPE=mrg
GSL_RNG_SEED=10000119

real	0m4.744s
user	0m4.739s
sys	0m0.002s
GSL_RNG_TYPE=mrg
GSL_RNG_SEED=10000120

real	0m4.783s
user	0m4.778s
sys	0m0.002s

real	0m0.007s
user	0m0.004s
sys	0m0.002s
GSL_RNG_TYPE=mrg
GSL_RNG_SEED=10000120

real	0m4.666s
user	0m4.659s
sys	0m0.004s
GSL_RNG_TYPE=mrg
GSL_RNG_SEED=10000121

real	0m4.500s
user	0m4.496s
sys	0m0.002s

real	0m0.007s
user	0m0.007s
sys	0m0.000s
GSL_RNG_TYPE=mrg
GSL_RNG_SEED=10000121

real	0m4.551s
user	0m4.546s
sys	0m0.002s
GSL_RNG_TYPE=mrg
GSL_RNG_SEED=10000122

real	0m4.558s
user	0m4.554s
sys	0m0.001s

real	0m0.007s
user	0m0.006s
sys	0m0.001s
GSL_RNG_TYPE=mrg
GSL_RNG_SEED=10000122

real	0m4.613s
user	0m4.609s
sys	0m0.002s
GSL_RNG_TYPE=mrg
GSL_RNG_SEED=10000123

real	0m4.547s
user	0m4.544s
sys	0m0.001s

real	0m0.006s
user	0m0.005s
sys	0m0.001s
GSL_RNG_TYPE=mrg
GSL_RNG_SEED=10000123

real	0m4.626s
user	0m4.623s
sys	0m0.001s
GSL_RNG_TYPE=mrg
GSL_RNG_SEED=10000124

real	0m4.521s
user	0m4.517s
sys	0m0.002s

real	0m0.007s
user	0m0.004s
sys	0m0.003s
GSL_RNG_TYPE=mrg
GSL_RNG_SEED=10000124

real	0m4.641s
user	0m4.637s
sys	0m0.002s
GSL_RNG_TYPE=mrg
GSL_RNG_SEED=10000125

real	0m4.500s
user	0m4.494s
sys	0m0.002s

real	0m0.006s
user	0m0.003s
sys	0m0.002s
GSL_RNG_TYPE=mrg
GSL_RNG_SEED=10000125

real	0m4.487s
user	0m4.482s
sys	0m0.002s
GSL_RNG_TYPE=mrg
GSL_RNG_SEED=10000126

real	0m4.662s
user	0m4.657s
sys	0m0.003s

real	0m0.007s
user	0m0.005s
sys	0m0.001s
GSL_RNG_TYPE=mrg
GSL_RNG_SEED=10000126

real	0m4.653s
user	0m4.649s
sys	0m0.002s
GSL_RNG_TYPE=mrg
GSL_RNG_SEED=10000127

real	0m4.665s
user	0m4.661s
sys	0m0.001s

real	0m0.007s
user	0m0.005s
sys	0m0.002s
GSL_RNG_TYPE=mrg
GSL_RNG_SEED=10000127

real	0m4.645s
user	0m4.643s
sys	0m0.000s
GSL_RNG_TYPE=mrg
GSL_RNG_SEED=10000128

real	0m4.691s
user	0m4.688s
sys	0m0.001s

real	0m0.008s
user	0m0.004s
sys	0m0.003s
GSL_RNG_TYPE=mrg
GSL_RNG_SEED=10000128

real	0m4.694s
user	0m4.688s
sys	0m0.002s
GSL_RNG_TYPE=mrg
GSL_RNG_SEED=10000129

real	0m4.672s
user	0m4.599s
sys	0m0.001s

real	0m0.010s
user	0m0.007s
sys	0m0.003s
GSL_RNG_TYPE=mrg
GSL_RNG_SEED=10000129

real	0m4.629s
user	0m4.623s
sys	0m0.004s
GSL_RNG_TYPE=mrg
GSL_RNG_SEED=10000130

real	0m4.618s
user	0m4.615s
sys	0m0.000s

real	0m0.007s
user	0m0.006s
sys	0m0.001s
GSL_RNG_TYPE=mrg
GSL_RNG_SEED=10000130

real	0m4.633s
user	0m4.628s
sys	0m0.002s
GSL_RNG_TYPE=mrg
GSL_RNG_SEED=10000131

real	0m4.493s
user	0m4.488s
sys	0m0.002s

real	0m0.007s
user	0m0.006s
sys	0m0.001s
GSL_RNG_TYPE=mrg
GSL_RNG_SEED=10000131

real	0m4.570s
user	0m4.564s
sys	0m0.003s
GSL_RNG_TYPE=mrg
GSL_RNG_SEED=10000132

real	0m4.535s
user	0m4.530s
sys	0m0.002s

real	0m0.007s
user	0m0.004s
sys	0m0.002s
GSL_RNG_TYPE=mrg
GSL_RNG_SEED=10000132

real	0m4.566s
user	0m4.561s
sys	0m0.002s
GSL_RNG_TYPE=mrg
GSL_RNG_SEED=10000133

real	0m4.817s
user	0m4.733s
sys	0m0.001s

real	0m0.007s
user	0m0.004s
sys	0m0.002s
GSL_RNG_TYPE=mrg
GSL_RNG_SEED=10000133

real	0m4.645s
user	0m4.643s
sys	0m0.000s
GSL_RNG_TYPE=mrg
GSL_RNG_SEED=10000134

real	0m4.628s
user	0m4.623s
sys	0m0.002s

real	0m0.006s
user	0m0.003s
sys	0m0.003s
GSL_RNG_TYPE=mrg
GSL_RNG_SEED=10000134

real	0m4.674s
user	0m4.670s
sys	0m0.001s
GSL_RNG_TYPE=mrg
GSL_RNG_SEED=10000135

real	0m4.531s
user	0m4.526s
sys	0m0.002s

real	0m0.007s
user	0m0.005s
sys	0m0.002s
GSL_RNG_TYPE=mrg
GSL_RNG_SEED=10000135

real	0m4.592s
user	0m4.588s
sys	0m0.001s
GSL_RNG_TYPE=mrg
GSL_RNG_SEED=10000136

real	0m4.567s
user	0m4.563s
sys	0m0.002s

real	0m0.007s
user	0m0.005s
sys	0m0.002s
GSL_RNG_TYPE=mrg
GSL_RNG_SEED=10000136

real	0m4.620s
user	0m4.614s
sys	0m0.003s
GSL_RNG_TYPE=mrg
GSL_RNG_SEED=10000137

real	0m4.618s
user	0m4.613s
sys	0m0.002s

real	0m0.007s
user	0m0.004s
sys	0m0.003s
GSL_RNG_TYPE=mrg
GSL_RNG_SEED=10000137

real	0m4.691s
user	0m4.686s
sys	0m0.002s
GSL_RNG_TYPE=mrg
GSL_RNG_SEED=10000138

real	0m4.583s
user	0m4.579s
sys	0m0.001s

real	0m0.007s
user	0m0.004s
sys	0m0.003s
GSL_RNG_TYPE=mrg
GSL_RNG_SEED=10000138

real	0m4.570s
user	0m4.567s
sys	0m0.001s
rm: cannot remove ‘../../../../Results/ABCAnalysisPopExpansionLessFiveFold/Output/TempRightDistanceOut1001.txt’: No such file or directory
rm: cannot remove ‘../../../../Results/ABCAnalysisPopExpansionLessFiveFold/Output/DistanceOutNotCpG1001.txt’: No such file or directory
rm: cannot remove ‘../../../../Results/ABCAnalysisPopExpansionLessFiveFold/Output/TrajOutputAllAlleles_1001.txt’: No such file or directory
rm: cannot remove ‘../../../../Results/ABCAnalysisPopExpansionLessFiveFold/Output/PReFerSimOutputAllAlleles_1001.txt’: No such file or directory
GSL_RNG_TYPE=mrg
GSL_RNG_SEED=10000139

real	0m2.359s
user	0m2.353s
sys	0m0.004s

real	0m0.010s
user	0m0.008s
sys	0m0.001s
GSL_RNG_TYPE=mrg
GSL_RNG_SEED=10000139

real	0m2.388s
user	0m2.384s
sys	0m0.002s
GSL_RNG_TYPE=mrg
GSL_RNG_SEED=10000140

real	0m2.319s
user	0m2.313s
sys	0m0.003s

real	0m0.008s
user	0m0.006s
sys	0m0.002s
GSL_RNG_TYPE=mrg
GSL_RNG_SEED=10000140

real	0m2.431s
user	0m2.426s
sys	0m0.001s
GSL_RNG_TYPE=mrg
GSL_RNG_SEED=10000141

real	0m2.977s
user	0m2.347s
sys	0m0.001s

real	0m0.013s
user	0m0.011s
sys	0m0.002s
GSL_RNG_TYPE=mrg
GSL_RNG_SEED=10000141

real	0m2.412s
user	0m2.408s
sys	0m0.002s
GSL_RNG_TYPE=mrg
GSL_RNG_SEED=10000142

real	0m2.404s
user	0m2.397s
sys	0m0.003s

real	0m0.010s
user	0m0.007s
sys	0m0.003s
GSL_RNG_TYPE=mrg
GSL_RNG_SEED=10000142

real	0m2.337s
user	0m2.331s
sys	0m0.003s
GSL_RNG_TYPE=mrg
GSL_RNG_SEED=10000143

real	0m2.391s
user	0m2.385s
sys	0m0.003s

real	0m0.010s
user	0m0.006s
sys	0m0.003s
GSL_RNG_TYPE=mrg
GSL_RNG_SEED=10000143

real	0m2.570s
user	0m2.324s
sys	0m0.001s
GSL_RNG_TYPE=mrg
GSL_RNG_SEED=10000144

real	0m2.389s
user	0m2.381s
sys	0m0.005s

real	0m0.008s
user	0m0.006s
sys	0m0.002s
GSL_RNG_TYPE=mrg
GSL_RNG_SEED=10000144

real	0m2.336s
user	0m2.327s
sys	0m0.003s
GSL_RNG_TYPE=mrg
GSL_RNG_SEED=10000145

real	0m2.544s
user	0m2.536s
sys	0m0.004s

real	0m0.010s
user	0m0.007s
sys	0m0.003s
GSL_RNG_TYPE=mrg
GSL_RNG_SEED=10000145

real	0m2.687s
user	0m2.683s
sys	0m0.002s
GSL_RNG_TYPE=mrg
GSL_RNG_SEED=10000146

real	0m2.523s
user	0m2.518s
sys	0m0.001s

real	0m0.010s
user	0m0.005s
sys	0m0.005s
GSL_RNG_TYPE=mrg
GSL_RNG_SEED=10000146

real	0m2.551s
user	0m2.544s
sys	0m0.004s
GSL_RNG_TYPE=mrg
GSL_RNG_SEED=10000147

real	0m2.477s
user	0m2.474s
sys	0m0.000s

real	0m0.010s
user	0m0.007s
sys	0m0.002s
GSL_RNG_TYPE=mrg
GSL_RNG_SEED=10000147

real	0m2.531s
user	0m2.523s
sys	0m0.005s
GSL_RNG_TYPE=mrg
GSL_RNG_SEED=10000148

real	0m2.465s
user	0m2.457s
sys	0m0.002s

real	0m0.010s
user	0m0.006s
sys	0m0.004s
GSL_RNG_TYPE=mrg
GSL_RNG_SEED=10000148

real	0m2.716s
user	0m2.424s
sys	0m0.000s
GSL_RNG_TYPE=mrg
GSL_RNG_SEED=10000149

real	0m2.481s
user	0m2.474s
sys	0m0.002s

real	0m0.010s
user	0m0.008s
sys	0m0.002s
GSL_RNG_TYPE=mrg
GSL_RNG_SEED=10000149

real	0m2.505s
user	0m2.500s
sys	0m0.002s
GSL_RNG_TYPE=mrg
GSL_RNG_SEED=10000150

real	0m2.559s
user	0m2.553s
sys	0m0.001s

real	0m0.011s
user	0m0.009s
sys	0m0.001s
GSL_RNG_TYPE=mrg
GSL_RNG_SEED=10000150

real	0m2.507s
user	0m2.499s
sys	0m0.002s
GSL_RNG_TYPE=mrg
GSL_RNG_SEED=10000151

real	0m2.481s
user	0m2.463s
sys	0m0.003s

real	0m0.013s
user	0m0.010s
sys	0m0.003s
GSL_RNG_TYPE=mrg
GSL_RNG_SEED=10000151

real	0m2.486s
user	0m2.477s
sys	0m0.004s
GSL_RNG_TYPE=mrg
GSL_RNG_SEED=10000152

real	0m2.483s
user	0m2.478s
sys	0m0.002s

real	0m0.008s
user	0m0.008s
sys	0m0.000s
GSL_RNG_TYPE=mrg
GSL_RNG_SEED=10000152

real	0m2.634s
user	0m2.480s
sys	0m0.002s
GSL_RNG_TYPE=mrg
GSL_RNG_SEED=10000153

real	0m2.473s
user	0m2.468s
sys	0m0.002s

real	0m0.010s
user	0m0.006s
sys	0m0.003s
GSL_RNG_TYPE=mrg
GSL_RNG_SEED=10000153

real	0m2.479s
user	0m2.470s
sys	0m0.005s
GSL_RNG_TYPE=mrg
GSL_RNG_SEED=10000154

real	0m2.437s
user	0m2.431s
sys	0m0.002s

real	0m0.010s
user	0m0.009s
sys	0m0.001s
GSL_RNG_TYPE=mrg
GSL_RNG_SEED=10000154

real	0m2.491s
user	0m2.486s
sys	0m0.001s
GSL_RNG_TYPE=mrg
GSL_RNG_SEED=10000155

real	0m2.738s
user	0m2.540s
sys	0m0.002s

real	0m0.011s
user	0m0.007s
sys	0m0.004s
GSL_RNG_TYPE=mrg
GSL_RNG_SEED=10000155

real	0m2.598s
user	0m2.576s
sys	0m0.003s
GSL_RNG_TYPE=mrg
GSL_RNG_SEED=10000156

real	0m2.479s
user	0m2.472s
sys	0m0.003s

real	0m0.010s
user	0m0.009s
sys	0m0.001s
GSL_RNG_TYPE=mrg
GSL_RNG_SEED=10000156

real	0m2.511s
user	0m2.505s
sys	0m0.001s
GSL_RNG_TYPE=mrg
GSL_RNG_SEED=10000157

real	0m2.483s
user	0m2.479s
sys	0m0.002s

real	0m0.008s
user	0m0.007s
sys	0m0.001s
GSL_RNG_TYPE=mrg
GSL_RNG_SEED=10000157

real	0m2.520s
user	0m2.485s
sys	0m0.003s
GSL_RNG_TYPE=mrg
GSL_RNG_SEED=10000158

real	0m2.464s
user	0m2.460s
sys	0m0.002s

real	0m0.008s
user	0m0.006s
sys	0m0.002s
GSL_RNG_TYPE=mrg
GSL_RNG_SEED=10000158

real	0m2.495s
user	0m2.490s
sys	0m0.001s
GSL_RNG_TYPE=mrg
GSL_RNG_SEED=10000159

real	0m2.484s
user	0m2.478s
sys	0m0.002s

real	0m0.010s
user	0m0.006s
sys	0m0.004s
GSL_RNG_TYPE=mrg
GSL_RNG_SEED=10000159

real	0m2.539s
user	0m2.532s
sys	0m0.002s
GSL_RNG_TYPE=mrg
GSL_RNG_SEED=10000160

real	0m2.531s
user	0m2.508s
sys	0m0.003s

real	0m0.014s
user	0m0.010s
sys	0m0.003s
GSL_RNG_TYPE=mrg
GSL_RNG_SEED=10000160

real	0m2.532s
user	0m2.527s
sys	0m0.002s
GSL_RNG_TYPE=mrg
GSL_RNG_SEED=10000161

real	0m2.563s
user	0m2.558s
sys	0m0.002s

real	0m0.010s
user	0m0.008s
sys	0m0.001s
GSL_RNG_TYPE=mrg
GSL_RNG_SEED=10000161

real	0m2.517s
user	0m2.510s
sys	0m0.002s
GSL_RNG_TYPE=mrg
GSL_RNG_SEED=10000162

real	0m2.475s
user	0m2.468s
sys	0m0.003s

real	0m0.011s
user	0m0.007s
sys	0m0.003s
GSL_RNG_TYPE=mrg
GSL_RNG_SEED=10000162

real	0m2.516s
user	0m2.510s
sys	0m0.002s
GSL_RNG_TYPE=mrg
GSL_RNG_SEED=10000163

real	0m2.440s
user	0m2.435s
sys	0m0.002s

real	0m0.010s
user	0m0.006s
sys	0m0.003s
GSL_RNG_TYPE=mrg
GSL_RNG_SEED=10000163

real	0m2.475s
user	0m2.471s
sys	0m0.001s
GSL_RNG_TYPE=mrg
GSL_RNG_SEED=10000164

real	0m2.444s
user	0m2.437s
sys	0m0.002s

real	0m0.011s
user	0m0.009s
sys	0m0.001s
GSL_RNG_TYPE=mrg
GSL_RNG_SEED=10000164

real	0m2.523s
user	0m2.516s
sys	0m0.003s
rm: cannot remove ‘../../../../Results/ABCAnalysisPopExpansionLessFiveFold/Output/TempRightDistanceOut1001.txt’: No such file or directory
rm: cannot remove ‘../../../../Results/ABCAnalysisPopExpansionLessFiveFold/Output/DistanceOutNotCpG1001.txt’: No such file or directory
rm: cannot remove ‘../../../../Results/ABCAnalysisPopExpansionLessFiveFold/Output/TrajOutputAllAlleles_1001.txt’: No such file or directory
rm: cannot remove ‘../../../../Results/ABCAnalysisPopExpansionLessFiveFold/Output/PReFerSimOutputAllAlleles_1001.txt’: No such file or directory
GSL_RNG_TYPE=mrg
GSL_RNG_SEED=10000165

real	0m4.295s
user	0m4.278s
sys	0m0.002s

real	0m0.009s
user	0m0.006s
sys	0m0.002s
GSL_RNG_TYPE=mrg
GSL_RNG_SEED=10000165

real	0m4.271s
user	0m4.266s
sys	0m0.002s
GSL_RNG_TYPE=mrg
GSL_RNG_SEED=10000166

real	0m4.277s
user	0m4.265s
sys	0m0.003s

real	0m0.013s
user	0m0.011s
sys	0m0.001s
GSL_RNG_TYPE=mrg
GSL_RNG_SEED=10000166

real	0m4.334s
user	0m4.326s
sys	0m0.005s
GSL_RNG_TYPE=mrg
GSL_RNG_SEED=10000167

real	0m4.212s
user	0m4.205s
sys	0m0.004s

real	0m0.010s
user	0m0.009s
sys	0m0.001s
GSL_RNG_TYPE=mrg
GSL_RNG_SEED=10000167

real	0m4.230s
user	0m4.225s
sys	0m0.001s
GSL_RNG_TYPE=mrg
GSL_RNG_SEED=10000168

real	0m4.235s
user	0m4.229s
sys	0m0.002s

real	0m0.010s
user	0m0.009s
sys	0m0.001s
GSL_RNG_TYPE=mrg
GSL_RNG_SEED=10000168

real	0m4.214s
user	0m4.207s
sys	0m0.003s
GSL_RNG_TYPE=mrg
GSL_RNG_SEED=10000169

real	0m4.201s
user	0m4.197s
sys	0m0.001s

real	0m0.009s
user	0m0.007s
sys	0m0.001s
GSL_RNG_TYPE=mrg
GSL_RNG_SEED=10000169

real	0m4.268s
user	0m4.262s
sys	0m0.003s
GSL_RNG_TYPE=mrg
GSL_RNG_SEED=10000170

real	0m4.197s
user	0m4.193s
sys	0m0.001s

real	0m0.010s
user	0m0.006s
sys	0m0.004s
GSL_RNG_TYPE=mrg
GSL_RNG_SEED=10000170

real	0m4.231s
user	0m4.227s
sys	0m0.001s
GSL_RNG_TYPE=mrg
GSL_RNG_SEED=10000171

real	0m4.225s
user	0m4.218s
sys	0m0.004s

real	0m0.010s
user	0m0.009s
sys	0m0.001s
GSL_RNG_TYPE=mrg
GSL_RNG_SEED=10000171

real	0m4.260s
user	0m4.254s
sys	0m0.002s
GSL_RNG_TYPE=mrg
GSL_RNG_SEED=10000172

real	0m4.231s
user	0m4.224s
sys	0m0.002s

real	0m0.010s
user	0m0.008s
sys	0m0.002s
GSL_RNG_TYPE=mrg
GSL_RNG_SEED=10000172

real	0m4.251s
user	0m4.243s
sys	0m0.003s
GSL_RNG_TYPE=mrg
GSL_RNG_SEED=10000173

real	0m4.218s
user	0m4.213s
sys	0m0.002s

real	0m0.010s
user	0m0.008s
sys	0m0.001s
GSL_RNG_TYPE=mrg
GSL_RNG_SEED=10000173

real	0m4.239s
user	0m4.234s
sys	0m0.002s
GSL_RNG_TYPE=mrg
GSL_RNG_SEED=10000174

real	0m4.241s
user	0m4.235s
sys	0m0.002s

real	0m0.011s
user	0m0.010s
sys	0m0.001s
GSL_RNG_TYPE=mrg
GSL_RNG_SEED=10000174

real	0m4.237s
user	0m4.233s
sys	0m0.002s
GSL_RNG_TYPE=mrg
GSL_RNG_SEED=10000175

real	0m4.149s
user	0m4.143s
sys	0m0.001s

real	0m0.011s
user	0m0.007s
sys	0m0.003s
GSL_RNG_TYPE=mrg
GSL_RNG_SEED=10000175

real	0m4.216s
user	0m4.210s
sys	0m0.003s
GSL_RNG_TYPE=mrg
GSL_RNG_SEED=10000176

real	0m4.210s
user	0m4.205s
sys	0m0.002s

real	0m0.010s
user	0m0.008s
sys	0m0.002s
GSL_RNG_TYPE=mrg
GSL_RNG_SEED=10000176

real	0m4.226s
user	0m4.217s
sys	0m0.005s
GSL_RNG_TYPE=mrg
GSL_RNG_SEED=10000177

real	0m4.193s
user	0m4.187s
sys	0m0.002s

real	0m0.011s
user	0m0.008s
sys	0m0.002s
GSL_RNG_TYPE=mrg
GSL_RNG_SEED=10000177

real	0m4.191s
user	0m4.185s
sys	0m0.002s
GSL_RNG_TYPE=mrg
GSL_RNG_SEED=10000178

real	0m4.279s
user	0m4.272s
sys	0m0.002s

real	0m0.010s
user	0m0.008s
sys	0m0.002s
GSL_RNG_TYPE=mrg
GSL_RNG_SEED=10000178

real	0m4.226s
user	0m4.218s
sys	0m0.005s
GSL_RNG_TYPE=mrg
GSL_RNG_SEED=10000179

real	0m4.208s
user	0m4.202s
sys	0m0.002s

real	0m0.010s
user	0m0.008s
sys	0m0.002s
GSL_RNG_TYPE=mrg
GSL_RNG_SEED=10000179

real	0m4.259s
user	0m4.255s
sys	0m0.001s
GSL_RNG_TYPE=mrg
GSL_RNG_SEED=10000180

real	0m4.301s
user	0m4.295s
sys	0m0.003s

real	0m0.010s
user	0m0.007s
sys	0m0.002s
GSL_RNG_TYPE=mrg
GSL_RNG_SEED=10000180

real	0m4.257s
user	0m4.252s
sys	0m0.001s
GSL_RNG_TYPE=mrg
GSL_RNG_SEED=10000181

real	0m4.310s
user	0m4.301s
sys	0m0.004s

real	0m0.010s
user	0m0.007s
sys	0m0.003s
GSL_RNG_TYPE=mrg
GSL_RNG_SEED=10000181

real	0m4.316s
user	0m4.310s
sys	0m0.002s
GSL_RNG_TYPE=mrg
GSL_RNG_SEED=10000182

real	0m4.200s
user	0m4.192s
sys	0m0.004s

real	0m0.010s
user	0m0.008s
sys	0m0.002s
GSL_RNG_TYPE=mrg
GSL_RNG_SEED=10000182

real	0m4.257s
user	0m4.250s
sys	0m0.003s
GSL_RNG_TYPE=mrg
GSL_RNG_SEED=10000183

real	0m4.281s
user	0m4.277s
sys	0m0.001s

real	0m0.009s
user	0m0.005s
sys	0m0.003s
GSL_RNG_TYPE=mrg
GSL_RNG_SEED=10000183

real	0m4.320s
user	0m4.313s
sys	0m0.002s
GSL_RNG_TYPE=mrg
GSL_RNG_SEED=10000184

real	0m4.293s
user	0m4.287s
sys	0m0.002s

real	0m0.010s
user	0m0.007s
sys	0m0.002s
GSL_RNG_TYPE=mrg
GSL_RNG_SEED=10000184

real	0m4.315s
user	0m4.309s
sys	0m0.003s
GSL_RNG_TYPE=mrg
GSL_RNG_SEED=10000185

real	0m4.285s
user	0m4.280s
sys	0m0.001s

real	0m0.010s
user	0m0.007s
sys	0m0.002s
GSL_RNG_TYPE=mrg
GSL_RNG_SEED=10000185

real	0m4.291s
user	0m4.287s
sys	0m0.001s
GSL_RNG_TYPE=mrg
GSL_RNG_SEED=10000186

real	0m4.328s
user	0m4.322s
sys	0m0.002s

real	0m0.009s
user	0m0.007s
sys	0m0.001s
GSL_RNG_TYPE=mrg
GSL_RNG_SEED=10000186

real	0m4.372s
user	0m4.364s
sys	0m0.004s
GSL_RNG_TYPE=mrg
GSL_RNG_SEED=10000187

real	0m4.285s
user	0m4.279s
sys	0m0.002s

real	0m0.010s
user	0m0.007s
sys	0m0.002s
GSL_RNG_TYPE=mrg
GSL_RNG_SEED=10000187

real	0m4.058s
user	0m4.054s
sys	0m0.002s
GSL_RNG_TYPE=mrg
GSL_RNG_SEED=10000188

real	0m4.059s
user	0m4.054s
sys	0m0.002s

real	0m0.009s
user	0m0.006s
sys	0m0.003s
GSL_RNG_TYPE=mrg
GSL_RNG_SEED=10000188

real	0m4.084s
user	0m4.079s
sys	0m0.003s
GSL_RNG_TYPE=mrg
GSL_RNG_SEED=10000189

real	0m4.106s
user	0m4.102s
sys	0m0.001s

real	0m0.011s
user	0m0.008s
sys	0m0.002s
GSL_RNG_TYPE=mrg
GSL_RNG_SEED=10000189

real	0m3.983s
user	0m3.977s
sys	0m0.003s
GSL_RNG_TYPE=mrg
GSL_RNG_SEED=10000190

real	0m4.109s
user	0m4.102s
sys	0m0.004s

real	0m0.011s
user	0m0.009s
sys	0m0.001s
GSL_RNG_TYPE=mrg
GSL_RNG_SEED=10000190

real	0m4.155s
user	0m4.150s
sys	0m0.002s
GSL_RNG_TYPE=mrg
GSL_RNG_SEED=10000191

real	0m3.988s
user	0m3.984s
sys	0m0.001s

real	0m0.010s
user	0m0.008s
sys	0m0.001s
GSL_RNG_TYPE=mrg
GSL_RNG_SEED=10000191

real	0m4.018s
user	0m4.015s
sys	0m0.001s
GSL_RNG_TYPE=mrg
GSL_RNG_SEED=10000192

real	0m4.041s
user	0m4.030s
sys	0m0.004s

real	0m0.011s
user	0m0.007s
sys	0m0.003s
GSL_RNG_TYPE=mrg
GSL_RNG_SEED=10000192

real	0m4.010s
user	0m4.003s
sys	0m0.004s
GSL_RNG_TYPE=mrg
GSL_RNG_SEED=10000193

real	0m3.976s
user	0m3.968s
sys	0m0.004s

real	0m0.010s
user	0m0.007s
sys	0m0.002s
GSL_RNG_TYPE=mrg
GSL_RNG_SEED=10000193

real	0m4.011s
user	0m4.004s
sys	0m0.004s
GSL_RNG_TYPE=mrg
GSL_RNG_SEED=10000194

real	0m3.939s
user	0m3.936s
sys	0m0.001s

real	0m0.010s
user	0m0.007s
sys	0m0.003s
GSL_RNG_TYPE=mrg
GSL_RNG_SEED=10000194

real	0m4.087s
user	0m4.081s
sys	0m0.004s
GSL_RNG_TYPE=mrg
GSL_RNG_SEED=10000195

real	0m4.206s
user	0m4.199s
sys	0m0.001s

real	0m0.011s
user	0m0.008s
sys	0m0.002s
GSL_RNG_TYPE=mrg
GSL_RNG_SEED=10000195

real	0m4.057s
user	0m4.053s
sys	0m0.001s
rm: cannot remove ‘../../../../Results/ABCAnalysisPopExpansionLessFiveFold/Output/TempRightDistanceOut1001.txt’: No such file or directory
rm: cannot remove ‘../../../../Results/ABCAnalysisPopExpansionLessFiveFold/Output/DistanceOutNotCpG1001.txt’: No such file or directory
rm: cannot remove ‘../../../../Results/ABCAnalysisPopExpansionLessFiveFold/Output/TrajOutputAllAlleles_1001.txt’: No such file or directory
rm: cannot remove ‘../../../../Results/ABCAnalysisPopExpansionLessFiveFold/Output/PReFerSimOutputAllAlleles_1001.txt’: No such file or directory
GSL_RNG_TYPE=mrg
GSL_RNG_SEED=10000196

real	0m4.278s
user	0m4.274s
sys	0m0.001s

real	0m0.007s
user	0m0.003s
sys	0m0.003s
GSL_RNG_TYPE=mrg
GSL_RNG_SEED=10000196

real	0m4.237s
user	0m4.232s
sys	0m0.001s
GSL_RNG_TYPE=mrg
GSL_RNG_SEED=10000197

real	0m4.251s
user	0m4.247s
sys	0m0.001s

real	0m0.007s
user	0m0.003s
sys	0m0.003s
GSL_RNG_TYPE=mrg
GSL_RNG_SEED=10000197

real	0m4.298s
user	0m4.295s
sys	0m0.001s
GSL_RNG_TYPE=mrg
GSL_RNG_SEED=10000198

real	0m4.249s
user	0m4.189s
sys	0m0.001s

real	0m0.005s
user	0m0.002s
sys	0m0.003s
GSL_RNG_TYPE=mrg
GSL_RNG_SEED=10000198

real	0m4.330s
user	0m4.325s
sys	0m0.002s
GSL_RNG_TYPE=mrg
GSL_RNG_SEED=10000199

real	0m4.261s
user	0m4.258s
sys	0m0.001s

real	0m0.006s
user	0m0.002s
sys	0m0.004s
GSL_RNG_TYPE=mrg
GSL_RNG_SEED=10000199

real	0m4.224s
user	0m4.220s
sys	0m0.001s
GSL_RNG_TYPE=mrg
GSL_RNG_SEED=10000200

real	0m4.286s
user	0m4.283s
sys	0m0.001s

real	0m0.005s
user	0m0.004s
sys	0m0.001s
GSL_RNG_TYPE=mrg
GSL_RNG_SEED=10000200

real	0m4.350s
user	0m4.344s
sys	0m0.003s
GSL_RNG_TYPE=mrg
GSL_RNG_SEED=10000201

real	0m4.287s
user	0m4.215s
sys	0m0.002s

real	0m0.008s
user	0m0.006s
sys	0m0.002s
GSL_RNG_TYPE=mrg
GSL_RNG_SEED=10000201

real	0m4.230s
user	0m4.225s
sys	0m0.003s
GSL_RNG_TYPE=mrg
GSL_RNG_SEED=10000202

real	0m4.273s
user	0m4.269s
sys	0m0.001s

real	0m0.005s
user	0m0.004s
sys	0m0.001s
GSL_RNG_TYPE=mrg
GSL_RNG_SEED=10000202

real	0m4.257s
user	0m4.250s
sys	0m0.004s
GSL_RNG_TYPE=mrg
GSL_RNG_SEED=10000203

real	0m4.204s
user	0m4.186s
sys	0m0.003s

real	0m0.008s
user	0m0.005s
sys	0m0.002s
GSL_RNG_TYPE=mrg
GSL_RNG_SEED=10000203

real	0m4.202s
user	0m4.197s
sys	0m0.002s
GSL_RNG_TYPE=mrg
GSL_RNG_SEED=10000204

real	0m4.291s
user	0m4.288s
sys	0m0.001s

real	0m0.007s
user	0m0.003s
sys	0m0.003s
GSL_RNG_TYPE=mrg
GSL_RNG_SEED=10000204

real	0m4.308s
user	0m4.304s
sys	0m0.002s
GSL_RNG_TYPE=mrg
GSL_RNG_SEED=10000205

real	0m4.434s
user	0m4.432s
sys	0m0.000s

real	0m0.006s
user	0m0.003s
sys	0m0.002s
GSL_RNG_TYPE=mrg
GSL_RNG_SEED=10000205

real	0m4.314s
user	0m4.309s
sys	0m0.002s
GSL_RNG_TYPE=mrg
GSL_RNG_SEED=10000206

real	0m4.255s
user	0m4.252s
sys	0m0.000s

real	0m0.007s
user	0m0.003s
sys	0m0.003s
GSL_RNG_TYPE=mrg
GSL_RNG_SEED=10000206

real	0m4.307s
user	0m4.304s
sys	0m0.001s
GSL_RNG_TYPE=mrg
GSL_RNG_SEED=10000207

real	0m4.289s
user	0m4.286s
sys	0m0.001s

real	0m0.005s
user	0m0.004s
sys	0m0.001s
GSL_RNG_TYPE=mrg
GSL_RNG_SEED=10000207

real	0m4.352s
user	0m4.347s
sys	0m0.002s
GSL_RNG_TYPE=mrg
GSL_RNG_SEED=10000208

real	0m4.244s
user	0m4.239s
sys	0m0.003s

real	0m0.007s
user	0m0.003s
sys	0m0.004s
GSL_RNG_TYPE=mrg
GSL_RNG_SEED=10000208

real	0m4.410s
user	0m4.406s
sys	0m0.001s
GSL_RNG_TYPE=mrg
GSL_RNG_SEED=10000209

real	0m4.138s
user	0m4.132s
sys	0m0.003s

real	0m0.005s
user	0m0.003s
sys	0m0.002s
GSL_RNG_TYPE=mrg
GSL_RNG_SEED=10000209

real	0m4.179s
user	0m4.175s
sys	0m0.001s
GSL_RNG_TYPE=mrg
GSL_RNG_SEED=10000210

real	0m4.260s
user	0m4.253s
sys	0m0.004s

real	0m0.006s
user	0m0.005s
sys	0m0.001s
GSL_RNG_TYPE=mrg
GSL_RNG_SEED=10000210

real	0m4.269s
user	0m4.263s
sys	0m0.003s
GSL_RNG_TYPE=mrg
GSL_RNG_SEED=10000211

real	0m4.118s
user	0m4.112s
sys	0m0.003s

real	0m0.006s
user	0m0.002s
sys	0m0.004s
GSL_RNG_TYPE=mrg
GSL_RNG_SEED=10000211

real	0m4.274s
user	0m4.270s
sys	0m0.002s
GSL_RNG_TYPE=mrg
GSL_RNG_SEED=10000212

real	0m4.215s
user	0m4.212s
sys	0m0.000s

real	0m0.007s
user	0m0.005s
sys	0m0.001s
GSL_RNG_TYPE=mrg
GSL_RNG_SEED=10000212

real	0m4.264s
user	0m4.259s
sys	0m0.002s
GSL_RNG_TYPE=mrg
GSL_RNG_SEED=10000213

real	0m4.194s
user	0m4.191s
sys	0m0.001s

real	0m0.005s
user	0m0.003s
sys	0m0.002s
GSL_RNG_TYPE=mrg
GSL_RNG_SEED=10000213

real	0m4.277s
user	0m4.272s
sys	0m0.003s
GSL_RNG_TYPE=mrg
GSL_RNG_SEED=10000214

real	0m4.174s
user	0m4.169s
sys	0m0.002s

real	0m0.006s
user	0m0.002s
sys	0m0.004s
GSL_RNG_TYPE=mrg
GSL_RNG_SEED=10000214

real	0m4.191s
user	0m4.188s
sys	0m0.001s
GSL_RNG_TYPE=mrg
GSL_RNG_SEED=10000215

real	0m4.238s
user	0m4.235s
sys	0m0.000s

real	0m0.007s
user	0m0.004s
sys	0m0.002s
GSL_RNG_TYPE=mrg
GSL_RNG_SEED=10000215

real	0m4.264s
user	0m4.261s
sys	0m0.001s
GSL_RNG_TYPE=mrg
GSL_RNG_SEED=10000216

real	0m4.200s
user	0m4.196s
sys	0m0.001s

real	0m0.007s
user	0m0.006s
sys	0m0.000s
GSL_RNG_TYPE=mrg
GSL_RNG_SEED=10000216

real	0m4.292s
user	0m4.287s
sys	0m0.002s
GSL_RNG_TYPE=mrg
GSL_RNG_SEED=10000217

real	0m4.203s
user	0m4.198s
sys	0m0.001s

real	0m0.007s
user	0m0.002s
sys	0m0.004s
GSL_RNG_TYPE=mrg
GSL_RNG_SEED=10000217

real	0m4.188s
user	0m4.182s
sys	0m0.003s
GSL_RNG_TYPE=mrg
GSL_RNG_SEED=10000218

real	0m4.160s
user	0m4.156s
sys	0m0.002s

real	0m0.005s
user	0m0.002s
sys	0m0.003s
GSL_RNG_TYPE=mrg
GSL_RNG_SEED=10000218

real	0m4.205s
user	0m4.199s
sys	0m0.003s
GSL_RNG_TYPE=mrg
GSL_RNG_SEED=10000219

real	0m4.162s
user	0m4.157s
sys	0m0.002s

real	0m0.005s
user	0m0.002s
sys	0m0.003s
GSL_RNG_TYPE=mrg
GSL_RNG_SEED=10000219

real	0m4.193s
user	0m4.188s
sys	0m0.003s
GSL_RNG_TYPE=mrg
GSL_RNG_SEED=10000220

real	0m4.122s
user	0m4.117s
sys	0m0.002s

real	0m0.007s
user	0m0.003s
sys	0m0.003s
GSL_RNG_TYPE=mrg
GSL_RNG_SEED=10000220

real	0m4.146s
user	0m4.142s
sys	0m0.002s
GSL_RNG_TYPE=mrg
GSL_RNG_SEED=10000221

real	0m4.235s
user	0m4.230s
sys	0m0.002s

real	0m0.006s
user	0m0.003s
sys	0m0.003s
GSL_RNG_TYPE=mrg
GSL_RNG_SEED=10000221

real	0m4.282s
user	0m4.278s
sys	0m0.002s
GSL_RNG_TYPE=mrg
GSL_RNG_SEED=10000222

real	0m4.151s
user	0m4.148s
sys	0m0.001s

real	0m0.007s
user	0m0.003s
sys	0m0.003s
GSL_RNG_TYPE=mrg
GSL_RNG_SEED=10000222

real	0m4.216s
user	0m4.211s
sys	0m0.002s
GSL_RNG_TYPE=mrg
GSL_RNG_SEED=10000223

real	0m4.156s
user	0m4.151s
sys	0m0.002s

real	0m0.007s
user	0m0.005s
sys	0m0.001s
GSL_RNG_TYPE=mrg
GSL_RNG_SEED=10000223

real	0m4.280s
user	0m4.275s
sys	0m0.003s
GSL_RNG_TYPE=mrg
GSL_RNG_SEED=10000224

real	0m4.104s
user	0m4.101s
sys	0m0.001s

real	0m0.006s
user	0m0.004s
sys	0m0.002s
GSL_RNG_TYPE=mrg
GSL_RNG_SEED=10000224

real	0m4.128s
user	0m4.123s
sys	0m0.002s
GSL_RNG_TYPE=mrg
GSL_RNG_SEED=10000225

real	0m4.152s
user	0m4.146s
sys	0m0.003s

real	0m0.007s
user	0m0.004s
sys	0m0.002s
GSL_RNG_TYPE=mrg
GSL_RNG_SEED=10000225

real	0m4.150s
user	0m4.146s
sys	0m0.002s
GSL_RNG_TYPE=mrg
GSL_RNG_SEED=10000226

real	0m4.164s
user	0m4.159s
sys	0m0.002s

real	0m0.007s
user	0m0.005s
sys	0m0.001s
GSL_RNG_TYPE=mrg
GSL_RNG_SEED=10000226

real	0m4.220s
user	0m4.214s
sys	0m0.004s
GSL_RNG_TYPE=mrg
GSL_RNG_SEED=10000227

real	0m4.142s
user	0m4.133s
sys	0m0.002s

real	0m0.009s
user	0m0.004s
sys	0m0.004s
GSL_RNG_TYPE=mrg
GSL_RNG_SEED=10000227

real	0m4.262s
user	0m4.255s
sys	0m0.005s
GSL_RNG_TYPE=mrg
GSL_RNG_SEED=10000228

real	0m4.155s
user	0m4.150s
sys	0m0.002s

real	0m0.005s
user	0m0.003s
sys	0m0.002s
GSL_RNG_TYPE=mrg
GSL_RNG_SEED=10000228

real	0m4.244s
user	0m4.240s
sys	0m0.002s
GSL_RNG_TYPE=mrg
GSL_RNG_SEED=10000229

real	0m4.122s
user	0m4.118s
sys	0m0.001s

real	0m0.005s
user	0m0.004s
sys	0m0.001s
GSL_RNG_TYPE=mrg
GSL_RNG_SEED=10000229

real	0m4.146s
user	0m4.142s
sys	0m0.002s
GSL_RNG_TYPE=mrg
GSL_RNG_SEED=10000230

real	0m4.216s
user	0m4.213s
sys	0m0.001s

real	0m0.007s
user	0m0.004s
sys	0m0.002s
GSL_RNG_TYPE=mrg
GSL_RNG_SEED=10000230

real	0m4.214s
user	0m4.211s
sys	0m0.001s
GSL_RNG_TYPE=mrg
GSL_RNG_SEED=10000231

real	0m4.111s
user	0m4.106s
sys	0m0.002s

real	0m0.007s
user	0m0.004s
sys	0m0.002s
GSL_RNG_TYPE=mrg
GSL_RNG_SEED=10000231

real	0m4.132s
user	0m4.128s
sys	0m0.001s
rm: cannot remove ‘../../../../Results/ABCAnalysisPopExpansionLessFiveFold/Output/TempRightDistanceOut1001.txt’: No such file or directory
rm: cannot remove ‘../../../../Results/ABCAnalysisPopExpansionLessFiveFold/Output/DistanceOutNotCpG1001.txt’: No such file or directory
rm: cannot remove ‘../../../../Results/ABCAnalysisPopExpansionLessFiveFold/Output/TrajOutputAllAlleles_1001.txt’: No such file or directory
rm: cannot remove ‘../../../../Results/ABCAnalysisPopExpansionLessFiveFold/Output/PReFerSimOutputAllAlleles_1001.txt’: No such file or directory
GSL_RNG_TYPE=mrg
GSL_RNG_SEED=10000232

real	0m3.810s
user	0m3.804s
sys	0m0.003s

real	0m0.012s
user	0m0.010s
sys	0m0.001s
GSL_RNG_TYPE=mrg
GSL_RNG_SEED=10000232

real	0m3.875s
user	0m3.860s
sys	0m0.001s
GSL_RNG_TYPE=mrg
GSL_RNG_SEED=10000233

real	0m3.847s
user	0m3.842s
sys	0m0.002s

real	0m0.011s
user	0m0.008s
sys	0m0.002s
GSL_RNG_TYPE=mrg
GSL_RNG_SEED=10000233

real	0m3.859s
user	0m3.855s
sys	0m0.002s
GSL_RNG_TYPE=mrg
GSL_RNG_SEED=10000234

real	0m3.813s
user	0m3.811s
sys	0m0.000s

real	0m0.011s
user	0m0.008s
sys	0m0.002s
GSL_RNG_TYPE=mrg
GSL_RNG_SEED=10000234

real	0m3.829s
user	0m3.822s
sys	0m0.004s
GSL_RNG_TYPE=mrg
GSL_RNG_SEED=10000235

real	0m3.734s
user	0m3.730s
sys	0m0.002s

real	0m0.011s
user	0m0.008s
sys	0m0.002s
GSL_RNG_TYPE=mrg
GSL_RNG_SEED=10000235

real	0m3.785s
user	0m3.780s
sys	0m0.002s
GSL_RNG_TYPE=mrg
GSL_RNG_SEED=10000236

real	0m3.715s
user	0m3.711s
sys	0m0.001s

real	0m0.011s
user	0m0.008s
sys	0m0.003s
GSL_RNG_TYPE=mrg
GSL_RNG_SEED=10000236

real	0m3.773s
user	0m3.769s
sys	0m0.002s
GSL_RNG_TYPE=mrg
GSL_RNG_SEED=10000237

real	0m3.741s
user	0m3.736s
sys	0m0.002s

real	0m0.012s
user	0m0.009s
sys	0m0.003s
GSL_RNG_TYPE=mrg
GSL_RNG_SEED=10000237

real	0m3.746s
user	0m3.742s
sys	0m0.002s
GSL_RNG_TYPE=mrg
GSL_RNG_SEED=10000238

real	0m3.768s
user	0m3.763s
sys	0m0.003s

real	0m0.011s
user	0m0.009s
sys	0m0.002s
GSL_RNG_TYPE=mrg
GSL_RNG_SEED=10000238

real	0m3.814s
user	0m3.810s
sys	0m0.001s
GSL_RNG_TYPE=mrg
GSL_RNG_SEED=10000239

real	0m3.751s
user	0m3.748s
sys	0m0.001s

real	0m0.011s
user	0m0.010s
sys	0m0.001s
GSL_RNG_TYPE=mrg
GSL_RNG_SEED=10000239

real	0m3.969s
user	0m3.965s
sys	0m0.001s
GSL_RNG_TYPE=mrg
GSL_RNG_SEED=10000240

real	0m4.158s
user	0m4.153s
sys	0m0.002s

real	0m0.011s
user	0m0.008s
sys	0m0.002s
GSL_RNG_TYPE=mrg
GSL_RNG_SEED=10000240

real	0m3.929s
user	0m3.924s
sys	0m0.003s
GSL_RNG_TYPE=mrg
GSL_RNG_SEED=10000241

real	0m3.847s
user	0m3.843s
sys	0m0.001s

real	0m0.012s
user	0m0.010s
sys	0m0.001s
GSL_RNG_TYPE=mrg
GSL_RNG_SEED=10000241

real	0m3.998s
user	0m3.995s
sys	0m0.001s
GSL_RNG_TYPE=mrg
GSL_RNG_SEED=10000242

real	0m4.011s
user	0m4.005s
sys	0m0.003s

real	0m0.011s
user	0m0.010s
sys	0m0.000s
GSL_RNG_TYPE=mrg
GSL_RNG_SEED=10000242

real	0m4.069s
user	0m4.063s
sys	0m0.003s
GSL_RNG_TYPE=mrg
GSL_RNG_SEED=10000243

real	0m3.933s
user	0m3.926s
sys	0m0.003s

real	0m0.012s
user	0m0.009s
sys	0m0.002s
GSL_RNG_TYPE=mrg
GSL_RNG_SEED=10000243

real	0m3.954s
user	0m3.949s
sys	0m0.002s
GSL_RNG_TYPE=mrg
GSL_RNG_SEED=10000244

real	0m4.000s
user	0m3.994s
sys	0m0.002s

real	0m0.012s
user	0m0.008s
sys	0m0.003s
GSL_RNG_TYPE=mrg
GSL_RNG_SEED=10000244

real	0m4.116s
user	0m4.113s
sys	0m0.001s
GSL_RNG_TYPE=mrg
GSL_RNG_SEED=10000245

real	0m4.006s
user	0m4.001s
sys	0m0.002s

real	0m0.012s
user	0m0.007s
sys	0m0.004s
GSL_RNG_TYPE=mrg
GSL_RNG_SEED=10000245

real	0m3.967s
user	0m3.962s
sys	0m0.003s
GSL_RNG_TYPE=mrg
GSL_RNG_SEED=10000246

real	0m3.960s
user	0m3.954s
sys	0m0.002s

real	0m0.012s
user	0m0.009s
sys	0m0.003s
GSL_RNG_TYPE=mrg
GSL_RNG_SEED=10000246

real	0m4.049s
user	0m4.044s
sys	0m0.002s
GSL_RNG_TYPE=mrg
GSL_RNG_SEED=10000247

real	0m3.919s
user	0m3.914s
sys	0m0.002s

real	0m0.012s
user	0m0.010s
sys	0m0.001s
GSL_RNG_TYPE=mrg
GSL_RNG_SEED=10000247

real	0m3.934s
user	0m3.930s
sys	0m0.002s
GSL_RNG_TYPE=mrg
GSL_RNG_SEED=10000248

real	0m3.984s
user	0m3.978s
sys	0m0.003s

real	0m0.012s
user	0m0.009s
sys	0m0.003s
GSL_RNG_TYPE=mrg
GSL_RNG_SEED=10000248

real	0m3.948s
user	0m3.945s
sys	0m0.001s
GSL_RNG_TYPE=mrg
GSL_RNG_SEED=10000249

real	0m4.004s
user	0m3.999s
sys	0m0.002s

real	0m0.011s
user	0m0.010s
sys	0m0.001s
GSL_RNG_TYPE=mrg
GSL_RNG_SEED=10000249

real	0m4.045s
user	0m4.041s
sys	0m0.002s
GSL_RNG_TYPE=mrg
GSL_RNG_SEED=10000250

real	0m4.066s
user	0m4.060s
sys	0m0.003s

real	0m0.011s
user	0m0.009s
sys	0m0.001s
GSL_RNG_TYPE=mrg
GSL_RNG_SEED=10000250

real	0m4.097s
user	0m4.091s
sys	0m0.003s
GSL_RNG_TYPE=mrg
GSL_RNG_SEED=10000251

real	0m4.053s
user	0m4.045s
sys	0m0.003s

real	0m0.012s
user	0m0.010s
sys	0m0.001s
GSL_RNG_TYPE=mrg
GSL_RNG_SEED=10000251

real	0m3.983s
user	0m3.979s
sys	0m0.001s
GSL_RNG_TYPE=mrg
GSL_RNG_SEED=10000252

real	0m4.038s
user	0m4.027s
sys	0m0.003s

real	0m0.014s
user	0m0.009s
sys	0m0.004s
GSL_RNG_TYPE=mrg
GSL_RNG_SEED=10000252

real	0m4.027s
user	0m4.022s
sys	0m0.002s
GSL_RNG_TYPE=mrg
GSL_RNG_SEED=10000253

real	0m4.040s
user	0m4.034s
sys	0m0.001s

real	0m0.012s
user	0m0.010s
sys	0m0.001s
GSL_RNG_TYPE=mrg
GSL_RNG_SEED=10000253

real	0m4.032s
user	0m4.027s
sys	0m0.002s
GSL_RNG_TYPE=mrg
GSL_RNG_SEED=10000254

real	0m4.023s
user	0m4.020s
sys	0m0.000s

real	0m0.011s
user	0m0.009s
sys	0m0.002s
GSL_RNG_TYPE=mrg
GSL_RNG_SEED=10000254

real	0m4.042s
user	0m4.035s
sys	0m0.004s
GSL_RNG_TYPE=mrg
GSL_RNG_SEED=10000255

real	0m3.875s
user	0m3.869s
sys	0m0.003s

real	0m0.012s
user	0m0.008s
sys	0m0.003s
GSL_RNG_TYPE=mrg
GSL_RNG_SEED=10000255

real	0m3.927s
user	0m3.924s
sys	0m0.001s
GSL_RNG_TYPE=mrg
GSL_RNG_SEED=10000256

real	0m3.944s
user	0m3.941s
sys	0m0.001s

real	0m0.011s
user	0m0.008s
sys	0m0.003s
GSL_RNG_TYPE=mrg
GSL_RNG_SEED=10000256

real	0m4.041s
user	0m4.035s
sys	0m0.003s
GSL_RNG_TYPE=mrg
GSL_RNG_SEED=10000257

real	0m3.936s
user	0m3.931s
sys	0m0.003s

real	0m0.011s
user	0m0.008s
sys	0m0.003s
GSL_RNG_TYPE=mrg
GSL_RNG_SEED=10000257

real	0m3.994s
user	0m3.988s
sys	0m0.003s
GSL_RNG_TYPE=mrg
GSL_RNG_SEED=10000258

real	0m4.095s
user	0m4.082s
sys	0m0.004s

real	0m0.014s
user	0m0.011s
sys	0m0.003s
GSL_RNG_TYPE=mrg
GSL_RNG_SEED=10000258

real	0m4.121s
user	0m4.118s
sys	0m0.000s
GSL_RNG_TYPE=mrg
GSL_RNG_SEED=10000259

real	0m4.031s
user	0m4.026s
sys	0m0.002s

real	0m0.011s
user	0m0.009s
sys	0m0.002s
GSL_RNG_TYPE=mrg
GSL_RNG_SEED=10000259

real	0m4.099s
user	0m4.094s
sys	0m0.003s
rm: cannot remove ‘../../../../Results/ABCAnalysisPopExpansionLessFiveFold/Output/TempRightDistanceOut1001.txt’: No such file or directory
rm: cannot remove ‘../../../../Results/ABCAnalysisPopExpansionLessFiveFold/Output/DistanceOutNotCpG1001.txt’: No such file or directory
rm: cannot remove ‘../../../../Results/ABCAnalysisPopExpansionLessFiveFold/Output/TrajOutputAllAlleles_1001.txt’: No such file or directory
rm: cannot remove ‘../../../../Results/ABCAnalysisPopExpansionLessFiveFold/Output/PReFerSimOutputAllAlleles_1001.txt’: No such file or directory
GSL_RNG_TYPE=mrg
GSL_RNG_SEED=10000260

real	0m4.898s
user	0m4.787s
sys	0m0.002s

real	0m0.010s
user	0m0.008s
sys	0m0.001s
GSL_RNG_TYPE=mrg
GSL_RNG_SEED=10000260

real	0m4.706s
user	0m4.698s
sys	0m0.005s
GSL_RNG_TYPE=mrg
GSL_RNG_SEED=10000261

real	0m4.800s
user	0m4.795s
sys	0m0.002s

real	0m0.010s
user	0m0.009s
sys	0m0.001s
GSL_RNG_TYPE=mrg
GSL_RNG_SEED=10000261

real	0m4.938s
user	0m4.934s
sys	0m0.000s
GSL_RNG_TYPE=mrg
GSL_RNG_SEED=10000262

real	0m4.686s
user	0m4.683s
sys	0m0.000s

real	0m0.009s
user	0m0.009s
sys	0m0.000s
GSL_RNG_TYPE=mrg
GSL_RNG_SEED=10000262

real	0m4.687s
user	0m4.682s
sys	0m0.002s
GSL_RNG_TYPE=mrg
GSL_RNG_SEED=10000263

real	0m4.756s
user	0m4.752s
sys	0m0.002s

real	0m0.011s
user	0m0.006s
sys	0m0.005s
GSL_RNG_TYPE=mrg
GSL_RNG_SEED=10000263

real	0m4.768s
user	0m4.762s
sys	0m0.003s
GSL_RNG_TYPE=mrg
GSL_RNG_SEED=10000264

real	0m5.750s
user	0m4.815s
sys	0m0.002s

real	0m0.011s
user	0m0.009s
sys	0m0.001s
GSL_RNG_TYPE=mrg
GSL_RNG_SEED=10000264

real	0m4.942s
user	0m4.936s
sys	0m0.002s
GSL_RNG_TYPE=mrg
GSL_RNG_SEED=10000265

real	0m4.744s
user	0m4.738s
sys	0m0.003s

real	0m0.009s
user	0m0.007s
sys	0m0.001s
GSL_RNG_TYPE=mrg
GSL_RNG_SEED=10000265

real	0m4.704s
user	0m4.700s
sys	0m0.002s
GSL_RNG_TYPE=mrg
GSL_RNG_SEED=10000266

real	0m4.641s
user	0m4.634s
sys	0m0.003s

real	0m0.011s
user	0m0.008s
sys	0m0.002s
GSL_RNG_TYPE=mrg
GSL_RNG_SEED=10000266

real	0m4.781s
user	0m4.777s
sys	0m0.001s
GSL_RNG_TYPE=mrg
GSL_RNG_SEED=10000267

real	0m4.607s
user	0m4.600s
sys	0m0.004s

real	0m0.008s
user	0m0.007s
sys	0m0.001s
GSL_RNG_TYPE=mrg
GSL_RNG_SEED=10000267

real	0m4.594s
user	0m4.589s
sys	0m0.002s
GSL_RNG_TYPE=mrg
GSL_RNG_SEED=10000268

real	0m4.587s
user	0m4.582s
sys	0m0.002s

real	0m0.011s
user	0m0.009s
sys	0m0.001s
GSL_RNG_TYPE=mrg
GSL_RNG_SEED=10000268

real	0m4.611s
user	0m4.606s
sys	0m0.003s
GSL_RNG_TYPE=mrg
GSL_RNG_SEED=10000269

real	0m4.606s
user	0m4.603s
sys	0m0.001s

real	0m0.011s
user	0m0.010s
sys	0m0.000s
GSL_RNG_TYPE=mrg
GSL_RNG_SEED=10000269

real	0m4.632s
user	0m4.627s
sys	0m0.001s
GSL_RNG_TYPE=mrg
GSL_RNG_SEED=10000270

real	0m4.661s
user	0m4.627s
sys	0m0.003s

real	0m0.013s
user	0m0.010s
sys	0m0.003s
GSL_RNG_TYPE=mrg
GSL_RNG_SEED=10000270

real	0m4.736s
user	0m4.732s
sys	0m0.001s
GSL_RNG_TYPE=mrg
GSL_RNG_SEED=10000271

real	0m4.677s
user	0m4.673s
sys	0m0.001s

real	0m0.011s
user	0m0.006s
sys	0m0.004s
GSL_RNG_TYPE=mrg
GSL_RNG_SEED=10000271

real	0m4.709s
user	0m4.702s
sys	0m0.004s
GSL_RNG_TYPE=mrg
GSL_RNG_SEED=10000272

real	0m4.594s
user	0m4.591s
sys	0m0.001s

real	0m0.010s
user	0m0.007s
sys	0m0.002s
GSL_RNG_TYPE=mrg
GSL_RNG_SEED=10000272

real	0m5.279s
user	0m4.501s
sys	0m0.002s
GSL_RNG_TYPE=mrg
GSL_RNG_SEED=10000273

real	0m4.592s
user	0m4.586s
sys	0m0.002s

real	0m0.010s
user	0m0.009s
sys	0m0.000s
GSL_RNG_TYPE=mrg
GSL_RNG_SEED=10000273

real	0m4.620s
user	0m4.615s
sys	0m0.002s
GSL_RNG_TYPE=mrg
GSL_RNG_SEED=10000274

real	0m4.654s
user	0m4.648s
sys	0m0.002s

real	0m0.011s
user	0m0.008s
sys	0m0.003s
GSL_RNG_TYPE=mrg
GSL_RNG_SEED=10000274

real	0m4.684s
user	0m4.680s
sys	0m0.002s
GSL_RNG_TYPE=mrg
GSL_RNG_SEED=10000275

real	0m4.535s
user	0m4.532s
sys	0m0.000s

real	0m0.010s
user	0m0.008s
sys	0m0.001s
GSL_RNG_TYPE=mrg
GSL_RNG_SEED=10000275

real	0m4.555s
user	0m4.551s
sys	0m0.001s
GSL_RNG_TYPE=mrg
GSL_RNG_SEED=10000276

real	0m4.647s
user	0m4.579s
sys	0m0.003s

real	0m0.013s
user	0m0.012s
sys	0m0.001s
GSL_RNG_TYPE=mrg
GSL_RNG_SEED=10000276

real	0m4.519s
user	0m4.516s
sys	0m0.000s
GSL_RNG_TYPE=mrg
GSL_RNG_SEED=10000277

real	0m4.554s
user	0m4.548s
sys	0m0.003s

real	0m0.010s
user	0m0.008s
sys	0m0.001s
GSL_RNG_TYPE=mrg
GSL_RNG_SEED=10000277

real	0m4.581s
user	0m4.578s
sys	0m0.001s
GSL_RNG_TYPE=mrg
GSL_RNG_SEED=10000278

real	0m4.495s
user	0m4.488s
sys	0m0.004s

real	0m0.011s
user	0m0.007s
sys	0m0.003s
GSL_RNG_TYPE=mrg
GSL_RNG_SEED=10000278

real	0m4.518s
user	0m4.514s
sys	0m0.002s
GSL_RNG_TYPE=mrg
GSL_RNG_SEED=10000279

real	0m4.473s
user	0m4.469s
sys	0m0.002s

real	0m0.011s
user	0m0.008s
sys	0m0.002s
GSL_RNG_TYPE=mrg
GSL_RNG_SEED=10000279

real	0m4.441s
user	0m4.435s
sys	0m0.003s
GSL_RNG_TYPE=mrg
GSL_RNG_SEED=10000280

real	0m4.509s
user	0m4.504s
sys	0m0.002s

real	0m0.011s
user	0m0.006s
sys	0m0.004s
GSL_RNG_TYPE=mrg
GSL_RNG_SEED=10000280

real	0m5.058s
user	0m4.553s
sys	0m0.003s
GSL_RNG_TYPE=mrg
GSL_RNG_SEED=10000281

real	0m4.542s
user	0m4.536s
sys	0m0.002s

real	0m0.011s
user	0m0.009s
sys	0m0.001s
GSL_RNG_TYPE=mrg
GSL_RNG_SEED=10000281

real	0m4.548s
user	0m4.544s
sys	0m0.002s
GSL_RNG_TYPE=mrg
GSL_RNG_SEED=10000282

real	0m4.555s
user	0m4.546s
sys	0m0.005s

real	0m0.011s
user	0m0.008s
sys	0m0.002s
GSL_RNG_TYPE=mrg
GSL_RNG_SEED=10000282

real	0m4.560s
user	0m4.556s
sys	0m0.001s
GSL_RNG_TYPE=mrg
GSL_RNG_SEED=10000283

real	0m4.538s
user	0m4.533s
sys	0m0.002s

real	0m0.010s
user	0m0.008s
sys	0m0.002s
GSL_RNG_TYPE=mrg
GSL_RNG_SEED=10000283

real	0m4.605s
user	0m4.601s
sys	0m0.001s
GSL_RNG_TYPE=mrg
GSL_RNG_SEED=10000284

real	0m4.598s
user	0m4.594s
sys	0m0.001s

real	0m0.010s
user	0m0.009s
sys	0m0.001s
GSL_RNG_TYPE=mrg
GSL_RNG_SEED=10000284

real	0m4.510s
user	0m4.506s
sys	0m0.001s
GSL_RNG_TYPE=mrg
GSL_RNG_SEED=10000285

real	0m4.606s
user	0m4.602s
sys	0m0.001s

real	0m0.011s
user	0m0.006s
sys	0m0.004s
GSL_RNG_TYPE=mrg
GSL_RNG_SEED=10000285

real	0m4.564s
user	0m4.560s
sys	0m0.001s
GSL_RNG_TYPE=mrg
GSL_RNG_SEED=10000286

real	0m4.595s
user	0m4.590s
sys	0m0.002s

real	0m0.011s
user	0m0.009s
sys	0m0.001s
GSL_RNG_TYPE=mrg
GSL_RNG_SEED=10000286

real	0m4.662s
user	0m4.658s
sys	0m0.001s
GSL_RNG_TYPE=mrg
GSL_RNG_SEED=10000287

real	0m4.470s
user	0m4.466s
sys	0m0.002s

real	0m0.011s
user	0m0.007s
sys	0m0.003s
GSL_RNG_TYPE=mrg
GSL_RNG_SEED=10000287

real	0m4.482s
user	0m4.477s
sys	0m0.003s
rm: cannot remove ‘../../../../Results/ABCAnalysisPopExpansionLessFiveFold/Output/TempRightDistanceOut1001.txt’: No such file or directory
rm: cannot remove ‘../../../../Results/ABCAnalysisPopExpansionLessFiveFold/Output/DistanceOutNotCpG1001.txt’: No such file or directory
