rm: cannot remove ‘../../../../Results/ABCAnalysisPopExpansionLessFiveFold/Output/WindowDistanceOutNotCpG501.txt’: No such file or directory
rm: cannot remove ‘../../../../Results/ABCAnalysisPopExpansionLessFiveFold/Output/WindowDistanceLowRecOut501.txt’: No such file or directory
rm: cannot remove ‘../../../../Results/ABCAnalysisPopExpansionLessFiveFold/LeftParameters501.txt’: No such file or directory
rm: cannot remove ‘../../../../Results/ABCAnalysisPopExpansionLessFiveFold/Output/TrajOutputAllAlleles_501.txt’: No such file or directory
rm: cannot remove ‘../../../../Results/ABCAnalysisPopExpansionLessFiveFold/Output/PReFerSimOutputAllAlleles_501.txt’: No such file or directory
GSL_RNG_TYPE=mrg
GSL_RNG_SEED=5000001

real	0m4.576s
user	0m4.506s
sys	0m0.003s

real	0m0.056s
user	0m0.009s
sys	0m0.002s
GSL_RNG_TYPE=mrg
GSL_RNG_SEED=5000001

real	0m4.482s
user	0m4.474s
sys	0m0.001s
GSL_RNG_TYPE=mrg
GSL_RNG_SEED=5000002

real	0m4.437s
user	0m4.427s
sys	0m0.004s

real	0m0.007s
user	0m0.005s
sys	0m0.002s
GSL_RNG_TYPE=mrg
GSL_RNG_SEED=5000002

real	0m4.678s
user	0m4.447s
sys	0m0.003s
GSL_RNG_TYPE=mrg
GSL_RNG_SEED=5000003

real	0m4.528s
user	0m4.503s
sys	0m0.003s

real	0m0.009s
user	0m0.006s
sys	0m0.002s
GSL_RNG_TYPE=mrg
GSL_RNG_SEED=5000003

real	0m4.561s
user	0m4.556s
sys	0m0.002s
GSL_RNG_TYPE=mrg
GSL_RNG_SEED=5000004

real	0m4.483s
user	0m4.475s
sys	0m0.002s

real	0m0.007s
user	0m0.005s
sys	0m0.001s
GSL_RNG_TYPE=mrg
GSL_RNG_SEED=5000004

real	0m4.529s
user	0m4.499s
sys	0m0.003s
GSL_RNG_TYPE=mrg
GSL_RNG_SEED=5000005

real	0m4.434s
user	0m4.427s
sys	0m0.002s

real	0m0.007s
user	0m0.005s
sys	0m0.001s
GSL_RNG_TYPE=mrg
GSL_RNG_SEED=5000005

real	0m4.460s
user	0m4.455s
sys	0m0.002s
GSL_RNG_TYPE=mrg
GSL_RNG_SEED=5000006

real	0m4.501s
user	0m4.496s
sys	0m0.001s

real	0m0.007s
user	0m0.003s
sys	0m0.004s
GSL_RNG_TYPE=mrg
GSL_RNG_SEED=5000006

real	0m4.521s
user	0m4.513s
sys	0m0.001s
GSL_RNG_TYPE=mrg
GSL_RNG_SEED=5000007

real	0m4.391s
user	0m4.387s
sys	0m0.001s

real	0m0.007s
user	0m0.005s
sys	0m0.001s
GSL_RNG_TYPE=mrg
GSL_RNG_SEED=5000007

real	0m4.418s
user	0m4.414s
sys	0m0.001s
GSL_RNG_TYPE=mrg
GSL_RNG_SEED=5000008

real	0m4.431s
user	0m4.426s
sys	0m0.002s

real	0m0.008s
user	0m0.006s
sys	0m0.001s
GSL_RNG_TYPE=mrg
GSL_RNG_SEED=5000008

real	0m4.461s
user	0m4.456s
sys	0m0.002s
GSL_RNG_TYPE=mrg
GSL_RNG_SEED=5000009

real	0m4.602s
user	0m4.598s
sys	0m0.000s

real	0m0.008s
user	0m0.007s
sys	0m0.001s
GSL_RNG_TYPE=mrg
GSL_RNG_SEED=5000009

real	0m4.633s
user	0m4.628s
sys	0m0.001s
GSL_RNG_TYPE=mrg
GSL_RNG_SEED=5000010

real	0m4.438s
user	0m4.434s
sys	0m0.001s

real	0m0.007s
user	0m0.005s
sys	0m0.002s
GSL_RNG_TYPE=mrg
GSL_RNG_SEED=5000010

real	0m4.501s
user	0m4.496s
sys	0m0.000s
GSL_RNG_TYPE=mrg
GSL_RNG_SEED=5000011

real	0m4.475s
user	0m4.468s
sys	0m0.002s

real	0m0.007s
user	0m0.006s
sys	0m0.001s
GSL_RNG_TYPE=mrg
GSL_RNG_SEED=5000011

real	0m4.526s
user	0m4.512s
sys	0m0.003s
GSL_RNG_TYPE=mrg
GSL_RNG_SEED=5000012

real	0m4.438s
user	0m4.432s
sys	0m0.001s

real	0m0.007s
user	0m0.005s
sys	0m0.002s
GSL_RNG_TYPE=mrg
GSL_RNG_SEED=5000012

real	0m4.484s
user	0m4.479s
sys	0m0.001s
GSL_RNG_TYPE=mrg
GSL_RNG_SEED=5000013

real	0m4.458s
user	0m4.453s
sys	0m0.002s

real	0m0.007s
user	0m0.004s
sys	0m0.003s
GSL_RNG_TYPE=mrg
GSL_RNG_SEED=5000013

real	0m4.485s
user	0m4.480s
sys	0m0.002s
GSL_RNG_TYPE=mrg
GSL_RNG_SEED=5000014

real	0m4.420s
user	0m4.416s
sys	0m0.001s

real	0m0.007s
user	0m0.005s
sys	0m0.002s
GSL_RNG_TYPE=mrg
GSL_RNG_SEED=5000014

real	0m4.457s
user	0m4.448s
sys	0m0.003s
GSL_RNG_TYPE=mrg
GSL_RNG_SEED=5000015

real	0m4.462s
user	0m4.458s
sys	0m0.001s

real	0m0.007s
user	0m0.006s
sys	0m0.001s
GSL_RNG_TYPE=mrg
GSL_RNG_SEED=5000015

real	0m4.493s
user	0m4.486s
sys	0m0.004s
GSL_RNG_TYPE=mrg
GSL_RNG_SEED=5000016

real	0m4.374s
user	0m4.370s
sys	0m0.001s

real	0m0.008s
user	0m0.005s
sys	0m0.002s
GSL_RNG_TYPE=mrg
GSL_RNG_SEED=5000016

real	0m4.412s
user	0m4.404s
sys	0m0.004s
GSL_RNG_TYPE=mrg
GSL_RNG_SEED=5000017

real	0m4.449s
user	0m4.443s
sys	0m0.002s

real	0m0.007s
user	0m0.004s
sys	0m0.002s
GSL_RNG_TYPE=mrg
GSL_RNG_SEED=5000017

real	0m4.471s
user	0m4.465s
sys	0m0.002s
GSL_RNG_TYPE=mrg
GSL_RNG_SEED=5000018

real	0m4.465s
user	0m4.460s
sys	0m0.001s

real	0m0.007s
user	0m0.004s
sys	0m0.002s
GSL_RNG_TYPE=mrg
GSL_RNG_SEED=5000018

real	0m4.496s
user	0m4.489s
sys	0m0.002s
GSL_RNG_TYPE=mrg
GSL_RNG_SEED=5000019

real	0m4.464s
user	0m4.460s
sys	0m0.001s

real	0m0.007s
user	0m0.004s
sys	0m0.002s
GSL_RNG_TYPE=mrg
GSL_RNG_SEED=5000019

real	0m4.551s
user	0m4.546s
sys	0m0.002s
GSL_RNG_TYPE=mrg
GSL_RNG_SEED=5000020

real	0m4.399s
user	0m4.391s
sys	0m0.002s

real	0m0.009s
user	0m0.006s
sys	0m0.002s
GSL_RNG_TYPE=mrg
GSL_RNG_SEED=5000020

real	0m4.430s
user	0m4.424s
sys	0m0.002s
GSL_RNG_TYPE=mrg
GSL_RNG_SEED=5000021

real	0m4.443s
user	0m4.438s
sys	0m0.002s

real	0m0.007s
user	0m0.003s
sys	0m0.004s
GSL_RNG_TYPE=mrg
GSL_RNG_SEED=5000021

real	0m4.475s
user	0m4.469s
sys	0m0.002s
GSL_RNG_TYPE=mrg
GSL_RNG_SEED=5000022

real	0m4.445s
user	0m4.441s
sys	0m0.001s

real	0m0.008s
user	0m0.007s
sys	0m0.001s
GSL_RNG_TYPE=mrg
GSL_RNG_SEED=5000022

real	0m4.478s
user	0m4.471s
sys	0m0.002s
GSL_RNG_TYPE=mrg
GSL_RNG_SEED=5000023

real	0m4.459s
user	0m4.452s
sys	0m0.002s

real	0m0.008s
user	0m0.006s
sys	0m0.002s
GSL_RNG_TYPE=mrg
GSL_RNG_SEED=5000023

real	0m4.477s
user	0m4.470s
sys	0m0.002s
GSL_RNG_TYPE=mrg
GSL_RNG_SEED=5000024

real	0m4.424s
user	0m4.417s
sys	0m0.002s

real	0m0.007s
user	0m0.006s
sys	0m0.001s
GSL_RNG_TYPE=mrg
GSL_RNG_SEED=5000024

real	0m4.441s
user	0m4.436s
sys	0m0.002s
GSL_RNG_TYPE=mrg
GSL_RNG_SEED=5000025

real	0m4.417s
user	0m4.411s
sys	0m0.002s

real	0m0.008s
user	0m0.006s
sys	0m0.002s
GSL_RNG_TYPE=mrg
GSL_RNG_SEED=5000025

real	0m4.547s
user	0m4.541s
sys	0m0.002s
GSL_RNG_TYPE=mrg
GSL_RNG_SEED=5000026

real	0m4.432s
user	0m4.422s
sys	0m0.005s

real	0m0.009s
user	0m0.006s
sys	0m0.002s
GSL_RNG_TYPE=mrg
GSL_RNG_SEED=5000026

real	0m4.483s
user	0m4.478s
sys	0m0.002s
GSL_RNG_TYPE=mrg
GSL_RNG_SEED=5000027

real	0m4.478s
user	0m4.473s
sys	0m0.002s

real	0m0.007s
user	0m0.005s
sys	0m0.001s
GSL_RNG_TYPE=mrg
GSL_RNG_SEED=5000027

real	0m4.501s
user	0m4.495s
sys	0m0.003s
GSL_RNG_TYPE=mrg
GSL_RNG_SEED=5000028

real	0m4.396s
user	0m4.388s
sys	0m0.003s

real	0m0.008s
user	0m0.006s
sys	0m0.002s
GSL_RNG_TYPE=mrg
GSL_RNG_SEED=5000028

real	0m4.418s
user	0m4.413s
sys	0m0.002s
GSL_RNG_TYPE=mrg
GSL_RNG_SEED=5000029

real	0m4.483s
user	0m4.478s
sys	0m0.001s

real	0m0.008s
user	0m0.007s
sys	0m0.001s
GSL_RNG_TYPE=mrg
GSL_RNG_SEED=5000029

real	0m4.473s
user	0m4.467s
sys	0m0.002s
GSL_RNG_TYPE=mrg
GSL_RNG_SEED=5000030

real	0m4.431s
user	0m4.424s
sys	0m0.003s

real	0m0.007s
user	0m0.004s
sys	0m0.003s
GSL_RNG_TYPE=mrg
GSL_RNG_SEED=5000030

real	0m4.451s
user	0m4.447s
sys	0m0.001s
rm: cannot remove ‘../../../../Results/ABCAnalysisPopExpansionLessFiveFold/Output/TempRightDistanceOut501.txt’: No such file or directory
rm: cannot remove ‘../../../../Results/ABCAnalysisPopExpansionLessFiveFold/Output/DistanceOutNotCpG501.txt’: No such file or directory
rm: cannot remove ‘../../../../Results/ABCAnalysisPopExpansionLessFiveFold/Output/TrajOutputAllAlleles_501.txt’: No such file or directory
rm: cannot remove ‘../../../../Results/ABCAnalysisPopExpansionLessFiveFold/Output/PReFerSimOutputAllAlleles_501.txt’: No such file or directory
GSL_RNG_TYPE=mrg
GSL_RNG_SEED=5000031

real	0m1.988s
user	0m1.982s
sys	0m0.003s

real	0m0.009s
user	0m0.006s
sys	0m0.003s
GSL_RNG_TYPE=mrg
GSL_RNG_SEED=5000031

real	0m1.985s
user	0m1.981s
sys	0m0.002s
GSL_RNG_TYPE=mrg
GSL_RNG_SEED=5000032

real	0m1.981s
user	0m1.975s
sys	0m0.003s

real	0m0.010s
user	0m0.009s
sys	0m0.001s
GSL_RNG_TYPE=mrg
GSL_RNG_SEED=5000032

real	0m1.990s
user	0m1.984s
sys	0m0.003s
GSL_RNG_TYPE=mrg
GSL_RNG_SEED=5000033

real	0m1.934s
user	0m1.929s
sys	0m0.001s

real	0m0.012s
user	0m0.008s
sys	0m0.003s
GSL_RNG_TYPE=mrg
GSL_RNG_SEED=5000033

real	0m1.942s
user	0m1.935s
sys	0m0.003s
GSL_RNG_TYPE=mrg
GSL_RNG_SEED=5000034

real	0m1.961s
user	0m1.955s
sys	0m0.002s

real	0m0.010s
user	0m0.009s
sys	0m0.001s
GSL_RNG_TYPE=mrg
GSL_RNG_SEED=5000034

real	0m1.979s
user	0m1.972s
sys	0m0.003s
GSL_RNG_TYPE=mrg
GSL_RNG_SEED=5000035

real	0m1.923s
user	0m1.915s
sys	0m0.005s

real	0m0.009s
user	0m0.007s
sys	0m0.002s
GSL_RNG_TYPE=mrg
GSL_RNG_SEED=5000035

real	0m1.934s
user	0m1.930s
sys	0m0.001s
GSL_RNG_TYPE=mrg
GSL_RNG_SEED=5000036

real	0m1.933s
user	0m1.930s
sys	0m0.002s

real	0m0.009s
user	0m0.008s
sys	0m0.001s
GSL_RNG_TYPE=mrg
GSL_RNG_SEED=5000036

real	0m1.953s
user	0m1.948s
sys	0m0.002s
GSL_RNG_TYPE=mrg
GSL_RNG_SEED=5000037

real	0m2.010s
user	0m2.005s
sys	0m0.001s

real	0m0.011s
user	0m0.008s
sys	0m0.003s
GSL_RNG_TYPE=mrg
GSL_RNG_SEED=5000037

real	0m1.958s
user	0m1.954s
sys	0m0.002s
GSL_RNG_TYPE=mrg
GSL_RNG_SEED=5000038

real	0m1.933s
user	0m1.929s
sys	0m0.002s

real	0m0.011s
user	0m0.008s
sys	0m0.002s
GSL_RNG_TYPE=mrg
GSL_RNG_SEED=5000038

real	0m1.928s
user	0m1.913s
sys	0m0.003s
GSL_RNG_TYPE=mrg
GSL_RNG_SEED=5000039

real	0m2.004s
user	0m1.995s
sys	0m0.006s

real	0m0.011s
user	0m0.010s
sys	0m0.001s
GSL_RNG_TYPE=mrg
GSL_RNG_SEED=5000039

real	0m1.991s
user	0m1.988s
sys	0m0.002s
GSL_RNG_TYPE=mrg
GSL_RNG_SEED=5000040

real	0m1.961s
user	0m1.957s
sys	0m0.002s

real	0m0.011s
user	0m0.008s
sys	0m0.003s
GSL_RNG_TYPE=mrg
GSL_RNG_SEED=5000040

real	0m1.962s
user	0m1.955s
sys	0m0.002s
GSL_RNG_TYPE=mrg
GSL_RNG_SEED=5000041

real	0m1.956s
user	0m1.951s
sys	0m0.003s

real	0m0.009s
user	0m0.007s
sys	0m0.002s
GSL_RNG_TYPE=mrg
GSL_RNG_SEED=5000041

real	0m1.984s
user	0m1.969s
sys	0m0.003s
GSL_RNG_TYPE=mrg
GSL_RNG_SEED=5000042

real	0m1.935s
user	0m1.929s
sys	0m0.002s

real	0m0.009s
user	0m0.007s
sys	0m0.002s
GSL_RNG_TYPE=mrg
GSL_RNG_SEED=5000042

real	0m1.945s
user	0m1.940s
sys	0m0.002s
GSL_RNG_TYPE=mrg
GSL_RNG_SEED=5000043

real	0m1.982s
user	0m1.940s
sys	0m0.002s

real	0m0.011s
user	0m0.008s
sys	0m0.004s
GSL_RNG_TYPE=mrg
GSL_RNG_SEED=5000043

real	0m1.977s
user	0m1.969s
sys	0m0.005s
GSL_RNG_TYPE=mrg
GSL_RNG_SEED=5000044

real	0m1.923s
user	0m1.913s
sys	0m0.006s

real	0m0.010s
user	0m0.008s
sys	0m0.001s
GSL_RNG_TYPE=mrg
GSL_RNG_SEED=5000044

real	0m1.952s
user	0m1.946s
sys	0m0.002s
GSL_RNG_TYPE=mrg
GSL_RNG_SEED=5000045

real	0m1.969s
user	0m1.965s
sys	0m0.001s

real	0m0.010s
user	0m0.008s
sys	0m0.001s
GSL_RNG_TYPE=mrg
GSL_RNG_SEED=5000045

real	0m1.985s
user	0m1.979s
sys	0m0.003s
GSL_RNG_TYPE=mrg
GSL_RNG_SEED=5000046

real	0m1.918s
user	0m1.915s
sys	0m0.001s

real	0m0.010s
user	0m0.007s
sys	0m0.002s
GSL_RNG_TYPE=mrg
GSL_RNG_SEED=5000046

real	0m1.926s
user	0m1.921s
sys	0m0.002s
GSL_RNG_TYPE=mrg
GSL_RNG_SEED=5000047

real	0m1.933s
user	0m1.926s
sys	0m0.004s

real	0m0.009s
user	0m0.008s
sys	0m0.001s
GSL_RNG_TYPE=mrg
GSL_RNG_SEED=5000047

real	0m1.942s
user	0m1.936s
sys	0m0.003s
GSL_RNG_TYPE=mrg
GSL_RNG_SEED=5000048

real	0m1.956s
user	0m1.947s
sys	0m0.005s

real	0m0.011s
user	0m0.007s
sys	0m0.003s
GSL_RNG_TYPE=mrg
GSL_RNG_SEED=5000048

real	0m1.970s
user	0m1.963s
sys	0m0.004s
GSL_RNG_TYPE=mrg
GSL_RNG_SEED=5000049

real	0m1.953s
user	0m1.950s
sys	0m0.001s

real	0m0.011s
user	0m0.009s
sys	0m0.002s
GSL_RNG_TYPE=mrg
GSL_RNG_SEED=5000049

real	0m2.013s
user	0m1.955s
sys	0m0.002s
GSL_RNG_TYPE=mrg
GSL_RNG_SEED=5000050

real	0m1.973s
user	0m1.968s
sys	0m0.001s

real	0m0.012s
user	0m0.010s
sys	0m0.001s
GSL_RNG_TYPE=mrg
GSL_RNG_SEED=5000050

real	0m1.958s
user	0m1.950s
sys	0m0.005s
GSL_RNG_TYPE=mrg
GSL_RNG_SEED=5000051

real	0m2.008s
user	0m1.905s
sys	0m0.002s

real	0m0.013s
user	0m0.011s
sys	0m0.001s
GSL_RNG_TYPE=mrg
GSL_RNG_SEED=5000051

real	0m1.938s
user	0m1.920s
sys	0m0.003s
GSL_RNG_TYPE=mrg
GSL_RNG_SEED=5000052

real	0m1.904s
user	0m1.899s
sys	0m0.001s

real	0m0.010s
user	0m0.007s
sys	0m0.003s
GSL_RNG_TYPE=mrg
GSL_RNG_SEED=5000052

real	0m1.912s
user	0m1.904s
sys	0m0.005s
GSL_RNG_TYPE=mrg
GSL_RNG_SEED=5000053

real	0m1.936s
user	0m1.931s
sys	0m0.002s

real	0m0.011s
user	0m0.008s
sys	0m0.003s
GSL_RNG_TYPE=mrg
GSL_RNG_SEED=5000053

real	0m1.945s
user	0m1.939s
sys	0m0.004s
GSL_RNG_TYPE=mrg
GSL_RNG_SEED=5000054

real	0m1.943s
user	0m1.931s
sys	0m0.005s

real	0m0.012s
user	0m0.011s
sys	0m0.001s
GSL_RNG_TYPE=mrg
GSL_RNG_SEED=5000054

real	0m2.034s
user	0m1.958s
sys	0m0.000s
GSL_RNG_TYPE=mrg
GSL_RNG_SEED=5000055

real	0m1.948s
user	0m1.943s
sys	0m0.003s

real	0m0.011s
user	0m0.010s
sys	0m0.000s
GSL_RNG_TYPE=mrg
GSL_RNG_SEED=5000055

real	0m1.962s
user	0m1.957s
sys	0m0.003s
GSL_RNG_TYPE=mrg
GSL_RNG_SEED=5000056

real	0m1.946s
user	0m1.941s
sys	0m0.002s

real	0m0.010s
user	0m0.007s
sys	0m0.002s
GSL_RNG_TYPE=mrg
GSL_RNG_SEED=5000056

real	0m1.962s
user	0m1.957s
sys	0m0.002s
rm: cannot remove ‘../../../../Results/ABCAnalysisPopExpansionLessFiveFold/Output/TempRightDistanceOut501.txt’: No such file or directory
rm: cannot remove ‘../../../../Results/ABCAnalysisPopExpansionLessFiveFold/Output/DistanceOutNotCpG501.txt’: No such file or directory
rm: cannot remove ‘../../../../Results/ABCAnalysisPopExpansionLessFiveFold/Output/TrajOutputAllAlleles_501.txt’: No such file or directory
rm: cannot remove ‘../../../../Results/ABCAnalysisPopExpansionLessFiveFold/Output/PReFerSimOutputAllAlleles_501.txt’: No such file or directory
GSL_RNG_TYPE=mrg
GSL_RNG_SEED=5000057

real	0m2.955s
user	0m2.950s
sys	0m0.002s

real	0m0.008s
user	0m0.004s
sys	0m0.003s
GSL_RNG_TYPE=mrg
GSL_RNG_SEED=5000057

real	0m3.044s
user	0m3.040s
sys	0m0.001s
GSL_RNG_TYPE=mrg
GSL_RNG_SEED=5000058

real	0m3.017s
user	0m3.013s
sys	0m0.000s

real	0m0.008s
user	0m0.005s
sys	0m0.002s
GSL_RNG_TYPE=mrg
GSL_RNG_SEED=5000058

real	0m3.039s
user	0m3.035s
sys	0m0.002s
GSL_RNG_TYPE=mrg
GSL_RNG_SEED=5000059

real	0m3.011s
user	0m3.008s
sys	0m0.001s

real	0m0.007s
user	0m0.006s
sys	0m0.001s
GSL_RNG_TYPE=mrg
GSL_RNG_SEED=5000059

real	0m3.037s
user	0m3.030s
sys	0m0.005s
GSL_RNG_TYPE=mrg
GSL_RNG_SEED=5000060

real	0m2.988s
user	0m2.984s
sys	0m0.001s

real	0m0.007s
user	0m0.004s
sys	0m0.003s
GSL_RNG_TYPE=mrg
GSL_RNG_SEED=5000060

real	0m3.020s
user	0m3.007s
sys	0m0.002s
GSL_RNG_TYPE=mrg
GSL_RNG_SEED=5000061

real	0m3.027s
user	0m3.021s
sys	0m0.003s

real	0m0.007s
user	0m0.004s
sys	0m0.003s
GSL_RNG_TYPE=mrg
GSL_RNG_SEED=5000061

real	0m3.023s
user	0m3.018s
sys	0m0.002s
GSL_RNG_TYPE=mrg
GSL_RNG_SEED=5000062

real	0m3.003s
user	0m3.000s
sys	0m0.001s

real	0m0.007s
user	0m0.006s
sys	0m0.001s
GSL_RNG_TYPE=mrg
GSL_RNG_SEED=5000062

real	0m3.062s
user	0m3.057s
sys	0m0.003s
GSL_RNG_TYPE=mrg
GSL_RNG_SEED=5000063

real	0m3.016s
user	0m3.012s
sys	0m0.001s

real	0m0.007s
user	0m0.005s
sys	0m0.002s
GSL_RNG_TYPE=mrg
GSL_RNG_SEED=5000063

real	0m3.051s
user	0m3.044s
sys	0m0.004s
GSL_RNG_TYPE=mrg
GSL_RNG_SEED=5000064

real	0m3.067s
user	0m3.063s
sys	0m0.002s

real	0m0.008s
user	0m0.007s
sys	0m0.001s
GSL_RNG_TYPE=mrg
GSL_RNG_SEED=5000064

real	0m3.044s
user	0m3.039s
sys	0m0.003s
GSL_RNG_TYPE=mrg
GSL_RNG_SEED=5000065

real	0m3.020s
user	0m3.014s
sys	0m0.001s

real	0m0.008s
user	0m0.007s
sys	0m0.001s
GSL_RNG_TYPE=mrg
GSL_RNG_SEED=5000065

real	0m3.035s
user	0m3.029s
sys	0m0.005s
GSL_RNG_TYPE=mrg
GSL_RNG_SEED=5000066

real	0m2.941s
user	0m2.938s
sys	0m0.001s

real	0m0.007s
user	0m0.005s
sys	0m0.001s
GSL_RNG_TYPE=mrg
GSL_RNG_SEED=5000066

real	0m2.947s
user	0m2.942s
sys	0m0.002s
GSL_RNG_TYPE=mrg
GSL_RNG_SEED=5000067

real	0m3.026s
user	0m3.021s
sys	0m0.002s

real	0m0.007s
user	0m0.006s
sys	0m0.001s
GSL_RNG_TYPE=mrg
GSL_RNG_SEED=5000067

real	0m3.046s
user	0m3.042s
sys	0m0.002s
GSL_RNG_TYPE=mrg
GSL_RNG_SEED=5000068

real	0m3.026s
user	0m3.021s
sys	0m0.002s

real	0m0.007s
user	0m0.004s
sys	0m0.003s
GSL_RNG_TYPE=mrg
GSL_RNG_SEED=5000068

real	0m3.043s
user	0m3.040s
sys	0m0.001s
GSL_RNG_TYPE=mrg
GSL_RNG_SEED=5000069

real	0m3.002s
user	0m2.999s
sys	0m0.001s

real	0m0.007s
user	0m0.005s
sys	0m0.001s
GSL_RNG_TYPE=mrg
GSL_RNG_SEED=5000069

real	0m3.042s
user	0m3.038s
sys	0m0.002s
GSL_RNG_TYPE=mrg
GSL_RNG_SEED=5000070

real	0m2.990s
user	0m2.985s
sys	0m0.003s

real	0m0.007s
user	0m0.006s
sys	0m0.001s
GSL_RNG_TYPE=mrg
GSL_RNG_SEED=5000070

real	0m3.052s
user	0m3.049s
sys	0m0.002s
GSL_RNG_TYPE=mrg
GSL_RNG_SEED=5000071

real	0m3.013s
user	0m3.007s
sys	0m0.003s

real	0m0.008s
user	0m0.005s
sys	0m0.003s
GSL_RNG_TYPE=mrg
GSL_RNG_SEED=5000071

real	0m3.022s
user	0m3.018s
sys	0m0.002s
GSL_RNG_TYPE=mrg
GSL_RNG_SEED=5000072

real	0m3.019s
user	0m3.016s
sys	0m0.001s

real	0m0.007s
user	0m0.005s
sys	0m0.002s
GSL_RNG_TYPE=mrg
GSL_RNG_SEED=5000072

real	0m3.035s
user	0m3.031s
sys	0m0.003s
GSL_RNG_TYPE=mrg
GSL_RNG_SEED=5000073

real	0m3.043s
user	0m3.039s
sys	0m0.001s

real	0m0.008s
user	0m0.008s
sys	0m0.000s
GSL_RNG_TYPE=mrg
GSL_RNG_SEED=5000073

real	0m3.034s
user	0m3.030s
sys	0m0.001s
GSL_RNG_TYPE=mrg
GSL_RNG_SEED=5000074

real	0m3.006s
user	0m3.002s
sys	0m0.002s

real	0m0.007s
user	0m0.006s
sys	0m0.001s
GSL_RNG_TYPE=mrg
GSL_RNG_SEED=5000074

real	0m3.016s
user	0m3.012s
sys	0m0.002s
GSL_RNG_TYPE=mrg
GSL_RNG_SEED=5000075

real	0m2.982s
user	0m2.978s
sys	0m0.002s

real	0m0.008s
user	0m0.005s
sys	0m0.002s
GSL_RNG_TYPE=mrg
GSL_RNG_SEED=5000075

real	0m2.998s
user	0m2.992s
sys	0m0.003s
GSL_RNG_TYPE=mrg
GSL_RNG_SEED=5000076

real	0m3.039s
user	0m3.036s
sys	0m0.001s

real	0m0.007s
user	0m0.005s
sys	0m0.001s
GSL_RNG_TYPE=mrg
GSL_RNG_SEED=5000076

real	0m3.096s
user	0m3.058s
sys	0m0.003s
GSL_RNG_TYPE=mrg
GSL_RNG_SEED=5000077

real	0m2.966s
user	0m2.962s
sys	0m0.001s

real	0m0.007s
user	0m0.006s
sys	0m0.001s
GSL_RNG_TYPE=mrg
GSL_RNG_SEED=5000077

real	0m3.014s
user	0m3.009s
sys	0m0.002s
GSL_RNG_TYPE=mrg
GSL_RNG_SEED=5000078

real	0m2.996s
user	0m2.991s
sys	0m0.003s

real	0m0.007s
user	0m0.005s
sys	0m0.002s
GSL_RNG_TYPE=mrg
GSL_RNG_SEED=5000078

real	0m3.020s
user	0m3.016s
sys	0m0.002s
GSL_RNG_TYPE=mrg
GSL_RNG_SEED=5000079

real	0m3.077s
user	0m3.073s
sys	0m0.001s

real	0m0.007s
user	0m0.006s
sys	0m0.001s
GSL_RNG_TYPE=mrg
GSL_RNG_SEED=5000079

real	0m3.039s
user	0m3.034s
sys	0m0.003s
GSL_RNG_TYPE=mrg
GSL_RNG_SEED=5000080

real	0m3.006s
user	0m3.001s
sys	0m0.002s

real	0m0.007s
user	0m0.004s
sys	0m0.003s
GSL_RNG_TYPE=mrg
GSL_RNG_SEED=5000080

real	0m3.130s
user	0m3.126s
sys	0m0.002s
GSL_RNG_TYPE=mrg
GSL_RNG_SEED=5000081

real	0m2.959s
user	0m2.953s
sys	0m0.003s

real	0m0.007s
user	0m0.004s
sys	0m0.003s
GSL_RNG_TYPE=mrg
GSL_RNG_SEED=5000081

real	0m2.980s
user	0m2.976s
sys	0m0.002s
GSL_RNG_TYPE=mrg
GSL_RNG_SEED=5000082

real	0m2.982s
user	0m2.978s
sys	0m0.001s

real	0m0.009s
user	0m0.006s
sys	0m0.002s
GSL_RNG_TYPE=mrg
GSL_RNG_SEED=5000082

real	0m3.005s
user	0m3.000s
sys	0m0.003s
GSL_RNG_TYPE=mrg
GSL_RNG_SEED=5000083

real	0m2.964s
user	0m2.960s
sys	0m0.001s

real	0m0.007s
user	0m0.005s
sys	0m0.002s
GSL_RNG_TYPE=mrg
GSL_RNG_SEED=5000083

real	0m2.985s
user	0m2.982s
sys	0m0.001s
rm: cannot remove ‘../../../../Results/ABCAnalysisPopExpansionLessFiveFold/Output/TempRightDistanceOut501.txt’: No such file or directory
rm: cannot remove ‘../../../../Results/ABCAnalysisPopExpansionLessFiveFold/Output/DistanceOutNotCpG501.txt’: No such file or directory
rm: cannot remove ‘../../../../Results/ABCAnalysisPopExpansionLessFiveFold/Output/TrajOutputAllAlleles_501.txt’: No such file or directory
rm: cannot remove ‘../../../../Results/ABCAnalysisPopExpansionLessFiveFold/Output/PReFerSimOutputAllAlleles_501.txt’: No such file or directory
GSL_RNG_TYPE=mrg
GSL_RNG_SEED=5000084

real	0m1.076s
user	0m1.072s
sys	0m0.002s

real	0m0.013s
user	0m0.013s
sys	0m0.000s
GSL_RNG_TYPE=mrg
GSL_RNG_SEED=5000084

real	0m1.079s
user	0m1.075s
sys	0m0.002s
GSL_RNG_TYPE=mrg
GSL_RNG_SEED=5000085

real	0m1.056s
user	0m1.051s
sys	0m0.002s

real	0m0.014s
user	0m0.011s
sys	0m0.002s
GSL_RNG_TYPE=mrg
GSL_RNG_SEED=5000085

real	0m1.056s
user	0m1.052s
sys	0m0.003s
GSL_RNG_TYPE=mrg
GSL_RNG_SEED=5000086

real	0m1.080s
user	0m1.075s
sys	0m0.002s

real	0m0.013s
user	0m0.010s
sys	0m0.004s
GSL_RNG_TYPE=mrg
GSL_RNG_SEED=5000086

real	0m1.072s
user	0m1.068s
sys	0m0.001s
GSL_RNG_TYPE=mrg
GSL_RNG_SEED=5000087

real	0m1.084s
user	0m1.078s
sys	0m0.003s

real	0m0.015s
user	0m0.013s
sys	0m0.001s
GSL_RNG_TYPE=mrg
GSL_RNG_SEED=5000087

real	0m1.087s
user	0m1.082s
sys	0m0.003s
GSL_RNG_TYPE=mrg
GSL_RNG_SEED=5000088

real	0m1.084s
user	0m1.078s
sys	0m0.003s

real	0m0.015s
user	0m0.013s
sys	0m0.002s
GSL_RNG_TYPE=mrg
GSL_RNG_SEED=5000088

real	0m1.084s
user	0m1.080s
sys	0m0.001s
GSL_RNG_TYPE=mrg
GSL_RNG_SEED=5000089

real	0m1.222s
user	0m1.069s
sys	0m0.004s

real	0m0.018s
user	0m0.014s
sys	0m0.003s
GSL_RNG_TYPE=mrg
GSL_RNG_SEED=5000089

real	0m1.104s
user	0m1.080s
sys	0m0.001s
GSL_RNG_TYPE=mrg
GSL_RNG_SEED=5000090

real	0m1.050s
user	0m1.046s
sys	0m0.003s

real	0m0.012s
user	0m0.009s
sys	0m0.003s
GSL_RNG_TYPE=mrg
GSL_RNG_SEED=5000090

real	0m1.065s
user	0m1.061s
sys	0m0.002s
GSL_RNG_TYPE=mrg
GSL_RNG_SEED=5000091

real	0m1.081s
user	0m1.077s
sys	0m0.001s

real	0m0.015s
user	0m0.013s
sys	0m0.002s
GSL_RNG_TYPE=mrg
GSL_RNG_SEED=5000091

real	0m1.078s
user	0m1.075s
sys	0m0.001s
GSL_RNG_TYPE=mrg
GSL_RNG_SEED=5000092

real	0m1.349s
user	0m1.068s
sys	0m0.001s

real	0m0.016s
user	0m0.013s
sys	0m0.003s
GSL_RNG_TYPE=mrg
GSL_RNG_SEED=5000092

real	0m1.098s
user	0m1.078s
sys	0m0.001s
GSL_RNG_TYPE=mrg
GSL_RNG_SEED=5000093

real	0m1.068s
user	0m1.062s
sys	0m0.003s

real	0m0.014s
user	0m0.012s
sys	0m0.002s
GSL_RNG_TYPE=mrg
GSL_RNG_SEED=5000093

real	0m1.070s
user	0m1.068s
sys	0m0.001s
GSL_RNG_TYPE=mrg
GSL_RNG_SEED=5000094

real	0m1.070s
user	0m1.063s
sys	0m0.001s

real	0m0.015s
user	0m0.013s
sys	0m0.001s
GSL_RNG_TYPE=mrg
GSL_RNG_SEED=5000094

real	0m1.067s
user	0m1.063s
sys	0m0.002s
GSL_RNG_TYPE=mrg
GSL_RNG_SEED=5000095

real	0m1.217s
user	0m1.084s
sys	0m0.004s

real	0m0.017s
user	0m0.014s
sys	0m0.002s
GSL_RNG_TYPE=mrg
GSL_RNG_SEED=5000095

real	0m1.233s
user	0m1.102s
sys	0m0.003s
GSL_RNG_TYPE=mrg
GSL_RNG_SEED=5000096

real	0m1.077s
user	0m1.074s
sys	0m0.001s

real	0m0.015s
user	0m0.014s
sys	0m0.001s
GSL_RNG_TYPE=mrg
GSL_RNG_SEED=5000096

real	0m1.080s
user	0m1.076s
sys	0m0.003s
GSL_RNG_TYPE=mrg
GSL_RNG_SEED=5000097

real	0m1.060s
user	0m1.054s
sys	0m0.003s

real	0m0.012s
user	0m0.011s
sys	0m0.001s
GSL_RNG_TYPE=mrg
GSL_RNG_SEED=5000097

real	0m1.071s
user	0m1.067s
sys	0m0.002s
GSL_RNG_TYPE=mrg
GSL_RNG_SEED=5000098

real	0m1.075s
user	0m1.070s
sys	0m0.003s

real	0m0.015s
user	0m0.013s
sys	0m0.002s
GSL_RNG_TYPE=mrg
GSL_RNG_SEED=5000098

real	0m1.078s
user	0m1.072s
sys	0m0.003s
GSL_RNG_TYPE=mrg
GSL_RNG_SEED=5000099

real	0m1.102s
user	0m1.095s
sys	0m0.004s

real	0m0.015s
user	0m0.014s
sys	0m0.001s
GSL_RNG_TYPE=mrg
GSL_RNG_SEED=5000099

real	0m1.107s
user	0m1.104s
sys	0m0.000s
GSL_RNG_TYPE=mrg
GSL_RNG_SEED=5000100

real	0m1.065s
user	0m1.058s
sys	0m0.004s

real	0m0.014s
user	0m0.012s
sys	0m0.002s
GSL_RNG_TYPE=mrg
GSL_RNG_SEED=5000100

real	0m1.114s
user	0m1.061s
sys	0m0.001s
GSL_RNG_TYPE=mrg
GSL_RNG_SEED=5000101

real	0m1.054s
user	0m1.050s
sys	0m0.002s

real	0m0.015s
user	0m0.013s
sys	0m0.001s
GSL_RNG_TYPE=mrg
GSL_RNG_SEED=5000101

real	0m1.058s
user	0m1.056s
sys	0m0.000s
GSL_RNG_TYPE=mrg
GSL_RNG_SEED=5000102

real	0m1.076s
user	0m1.072s
sys	0m0.002s

real	0m0.014s
user	0m0.012s
sys	0m0.002s
GSL_RNG_TYPE=mrg
GSL_RNG_SEED=5000102

real	0m1.077s
user	0m1.075s
sys	0m0.001s
GSL_RNG_TYPE=mrg
GSL_RNG_SEED=5000103

real	0m1.093s
user	0m1.067s
sys	0m0.004s

real	0m0.019s
user	0m0.016s
sys	0m0.003s
GSL_RNG_TYPE=mrg
GSL_RNG_SEED=5000103

real	0m1.202s
user	0m1.073s
sys	0m0.001s
GSL_RNG_TYPE=mrg
GSL_RNG_SEED=5000104

real	0m1.084s
user	0m1.079s
sys	0m0.003s

real	0m0.015s
user	0m0.013s
sys	0m0.001s
GSL_RNG_TYPE=mrg
GSL_RNG_SEED=5000104

real	0m1.089s
user	0m1.081s
sys	0m0.005s
GSL_RNG_TYPE=mrg
GSL_RNG_SEED=5000105

real	0m1.069s
user	0m1.064s
sys	0m0.002s

real	0m0.015s
user	0m0.011s
sys	0m0.004s
GSL_RNG_TYPE=mrg
GSL_RNG_SEED=5000105

real	0m1.065s
user	0m1.059s
sys	0m0.003s
GSL_RNG_TYPE=mrg
GSL_RNG_SEED=5000106

real	0m1.128s
user	0m1.074s
sys	0m0.003s

real	0m0.019s
user	0m0.015s
sys	0m0.003s
GSL_RNG_TYPE=mrg
GSL_RNG_SEED=5000106

real	0m1.108s
user	0m1.079s
sys	0m0.003s
GSL_RNG_TYPE=mrg
GSL_RNG_SEED=5000107

real	0m1.070s
user	0m1.067s
sys	0m0.001s

real	0m0.013s
user	0m0.009s
sys	0m0.003s
GSL_RNG_TYPE=mrg
GSL_RNG_SEED=5000107

real	0m1.100s
user	0m1.098s
sys	0m0.001s
GSL_RNG_TYPE=mrg
GSL_RNG_SEED=5000108

real	0m1.062s
user	0m1.059s
sys	0m0.001s

real	0m0.014s
user	0m0.011s
sys	0m0.003s
GSL_RNG_TYPE=mrg
GSL_RNG_SEED=5000108

real	0m1.065s
user	0m1.062s
sys	0m0.001s
GSL_RNG_TYPE=mrg
GSL_RNG_SEED=5000109

real	0m1.051s
user	0m1.047s
sys	0m0.002s

real	0m0.013s
user	0m0.010s
sys	0m0.002s
GSL_RNG_TYPE=mrg
GSL_RNG_SEED=5000109

real	0m1.054s
user	0m1.049s
sys	0m0.002s
GSL_RNG_TYPE=mrg
GSL_RNG_SEED=5000110

real	0m1.072s
user	0m1.069s
sys	0m0.001s

real	0m0.016s
user	0m0.013s
sys	0m0.002s
GSL_RNG_TYPE=mrg
GSL_RNG_SEED=5000110

real	0m1.073s
user	0m1.068s
sys	0m0.002s
GSL_RNG_TYPE=mrg
GSL_RNG_SEED=5000111

real	0m1.087s
user	0m1.083s
sys	0m0.002s

real	0m0.015s
user	0m0.011s
sys	0m0.003s
GSL_RNG_TYPE=mrg
GSL_RNG_SEED=5000111

real	0m1.158s
user	0m1.086s
sys	0m0.001s
GSL_RNG_TYPE=mrg
GSL_RNG_SEED=5000112

real	0m1.056s
user	0m1.052s
sys	0m0.001s

real	0m0.015s
user	0m0.013s
sys	0m0.002s
GSL_RNG_TYPE=mrg
GSL_RNG_SEED=5000112

real	0m1.058s
user	0m1.055s
sys	0m0.001s
GSL_RNG_TYPE=mrg
GSL_RNG_SEED=5000113

real	0m1.079s
user	0m1.074s
sys	0m0.003s

real	0m0.014s
user	0m0.011s
sys	0m0.003s
GSL_RNG_TYPE=mrg
GSL_RNG_SEED=5000113

real	0m1.084s
user	0m1.080s
sys	0m0.002s
GSL_RNG_TYPE=mrg
GSL_RNG_SEED=5000114

real	0m1.194s
user	0m1.073s
sys	0m0.003s

real	0m0.019s
user	0m0.014s
sys	0m0.005s
GSL_RNG_TYPE=mrg
GSL_RNG_SEED=5000114

real	0m1.116s
user	0m1.076s
sys	0m0.004s
GSL_RNG_TYPE=mrg
GSL_RNG_SEED=5000115

real	0m1.086s
user	0m1.083s
sys	0m0.001s

real	0m0.015s
user	0m0.014s
sys	0m0.001s
GSL_RNG_TYPE=mrg
GSL_RNG_SEED=5000115

real	0m1.086s
user	0m1.081s
sys	0m0.002s
rm: cannot remove ‘../../../../Results/ABCAnalysisPopExpansionLessFiveFold/Output/TempRightDistanceOut501.txt’: No such file or directory
rm: cannot remove ‘../../../../Results/ABCAnalysisPopExpansionLessFiveFold/Output/DistanceOutNotCpG501.txt’: No such file or directory
rm: cannot remove ‘../../../../Results/ABCAnalysisPopExpansionLessFiveFold/Output/TrajOutputAllAlleles_501.txt’: No such file or directory
rm: cannot remove ‘../../../../Results/ABCAnalysisPopExpansionLessFiveFold/Output/PReFerSimOutputAllAlleles_501.txt’: No such file or directory
GSL_RNG_TYPE=mrg
GSL_RNG_SEED=5000116

real	0m2.881s
user	0m2.875s
sys	0m0.003s

real	0m0.007s
user	0m0.004s
sys	0m0.003s
GSL_RNG_TYPE=mrg
GSL_RNG_SEED=5000116

real	0m2.902s
user	0m2.895s
sys	0m0.002s
GSL_RNG_TYPE=mrg
GSL_RNG_SEED=5000117

real	0m2.853s
user	0m2.850s
sys	0m0.001s

real	0m0.007s
user	0m0.006s
sys	0m0.001s
GSL_RNG_TYPE=mrg
GSL_RNG_SEED=5000117

real	0m2.887s
user	0m2.882s
sys	0m0.001s
GSL_RNG_TYPE=mrg
GSL_RNG_SEED=5000118

real	0m2.922s
user	0m2.918s
sys	0m0.001s

real	0m0.009s
user	0m0.007s
sys	0m0.001s
GSL_RNG_TYPE=mrg
GSL_RNG_SEED=5000118

real	0m2.944s
user	0m2.936s
sys	0m0.004s
GSL_RNG_TYPE=mrg
GSL_RNG_SEED=5000119

real	0m2.906s
user	0m2.901s
sys	0m0.002s

real	0m0.008s
user	0m0.005s
sys	0m0.002s
GSL_RNG_TYPE=mrg
GSL_RNG_SEED=5000119

real	0m2.923s
user	0m2.920s
sys	0m0.001s
GSL_RNG_TYPE=mrg
GSL_RNG_SEED=5000120

real	0m2.901s
user	0m2.897s
sys	0m0.001s

real	0m0.007s
user	0m0.005s
sys	0m0.002s
GSL_RNG_TYPE=mrg
GSL_RNG_SEED=5000120

real	0m2.921s
user	0m2.914s
sys	0m0.003s
GSL_RNG_TYPE=mrg
GSL_RNG_SEED=5000121

real	0m2.984s
user	0m2.977s
sys	0m0.001s

real	0m0.008s
user	0m0.006s
sys	0m0.001s
GSL_RNG_TYPE=mrg
GSL_RNG_SEED=5000121

real	0m2.887s
user	0m2.884s
sys	0m0.001s
GSL_RNG_TYPE=mrg
GSL_RNG_SEED=5000122

real	0m2.930s
user	0m2.924s
sys	0m0.003s

real	0m0.008s
user	0m0.006s
sys	0m0.002s
GSL_RNG_TYPE=mrg
GSL_RNG_SEED=5000122

real	0m2.947s
user	0m2.941s
sys	0m0.002s
GSL_RNG_TYPE=mrg
GSL_RNG_SEED=5000123

real	0m2.910s
user	0m2.906s
sys	0m0.002s

real	0m0.009s
user	0m0.007s
sys	0m0.002s
GSL_RNG_TYPE=mrg
GSL_RNG_SEED=5000123

real	0m2.936s
user	0m2.927s
sys	0m0.006s
GSL_RNG_TYPE=mrg
GSL_RNG_SEED=5000124

real	0m2.943s
user	0m2.940s
sys	0m0.001s

real	0m0.009s
user	0m0.007s
sys	0m0.002s
GSL_RNG_TYPE=mrg
GSL_RNG_SEED=5000124

real	0m2.954s
user	0m2.951s
sys	0m0.001s
GSL_RNG_TYPE=mrg
GSL_RNG_SEED=5000125

real	0m2.925s
user	0m2.920s
sys	0m0.002s

real	0m0.009s
user	0m0.006s
sys	0m0.002s
GSL_RNG_TYPE=mrg
GSL_RNG_SEED=5000125

real	0m2.941s
user	0m2.936s
sys	0m0.001s
GSL_RNG_TYPE=mrg
GSL_RNG_SEED=5000126

real	0m2.924s
user	0m2.918s
sys	0m0.003s

real	0m0.008s
user	0m0.007s
sys	0m0.001s
GSL_RNG_TYPE=mrg
GSL_RNG_SEED=5000126

real	0m2.947s
user	0m2.943s
sys	0m0.001s
GSL_RNG_TYPE=mrg
GSL_RNG_SEED=5000127

real	0m2.905s
user	0m2.899s
sys	0m0.002s

real	0m0.009s
user	0m0.005s
sys	0m0.003s
GSL_RNG_TYPE=mrg
GSL_RNG_SEED=5000127

real	0m2.925s
user	0m2.919s
sys	0m0.002s
GSL_RNG_TYPE=mrg
GSL_RNG_SEED=5000128

real	0m2.910s
user	0m2.905s
sys	0m0.003s

real	0m0.009s
user	0m0.007s
sys	0m0.001s
GSL_RNG_TYPE=mrg
GSL_RNG_SEED=5000128

real	0m2.921s
user	0m2.917s
sys	0m0.002s
GSL_RNG_TYPE=mrg
GSL_RNG_SEED=5000129

real	0m2.900s
user	0m2.896s
sys	0m0.002s

real	0m0.008s
user	0m0.004s
sys	0m0.003s
GSL_RNG_TYPE=mrg
GSL_RNG_SEED=5000129

real	0m2.920s
user	0m2.914s
sys	0m0.002s
GSL_RNG_TYPE=mrg
GSL_RNG_SEED=5000130

real	0m2.905s
user	0m2.900s
sys	0m0.003s

real	0m0.008s
user	0m0.008s
sys	0m0.000s
GSL_RNG_TYPE=mrg
GSL_RNG_SEED=5000130

real	0m2.931s
user	0m2.923s
sys	0m0.004s
GSL_RNG_TYPE=mrg
GSL_RNG_SEED=5000131

real	0m3.048s
user	0m2.916s
sys	0m0.002s

real	0m0.012s
user	0m0.009s
sys	0m0.002s
GSL_RNG_TYPE=mrg
GSL_RNG_SEED=5000131

real	0m2.942s
user	0m2.938s
sys	0m0.002s
GSL_RNG_TYPE=mrg
GSL_RNG_SEED=5000132

real	0m2.950s
user	0m2.885s
sys	0m0.003s

real	0m0.011s
user	0m0.009s
sys	0m0.001s
GSL_RNG_TYPE=mrg
GSL_RNG_SEED=5000132

real	0m2.911s
user	0m2.907s
sys	0m0.002s
GSL_RNG_TYPE=mrg
GSL_RNG_SEED=5000133

real	0m2.915s
user	0m2.912s
sys	0m0.001s

real	0m0.009s
user	0m0.006s
sys	0m0.002s
GSL_RNG_TYPE=mrg
GSL_RNG_SEED=5000133

real	0m2.937s
user	0m2.932s
sys	0m0.001s
GSL_RNG_TYPE=mrg
GSL_RNG_SEED=5000134

real	0m2.903s
user	0m2.899s
sys	0m0.002s

real	0m0.008s
user	0m0.006s
sys	0m0.002s
GSL_RNG_TYPE=mrg
GSL_RNG_SEED=5000134

real	0m2.929s
user	0m2.923s
sys	0m0.003s
GSL_RNG_TYPE=mrg
GSL_RNG_SEED=5000135

real	0m2.901s
user	0m2.896s
sys	0m0.002s

real	0m0.009s
user	0m0.006s
sys	0m0.003s
GSL_RNG_TYPE=mrg
GSL_RNG_SEED=5000135

real	0m2.983s
user	0m2.979s
sys	0m0.002s
GSL_RNG_TYPE=mrg
GSL_RNG_SEED=5000136

real	0m2.921s
user	0m2.917s
sys	0m0.001s

real	0m0.009s
user	0m0.005s
sys	0m0.004s
GSL_RNG_TYPE=mrg
GSL_RNG_SEED=5000136

real	0m2.940s
user	0m2.933s
sys	0m0.003s
GSL_RNG_TYPE=mrg
GSL_RNG_SEED=5000137

real	0m2.939s
user	0m2.933s
sys	0m0.002s

real	0m0.009s
user	0m0.006s
sys	0m0.002s
GSL_RNG_TYPE=mrg
GSL_RNG_SEED=5000137

real	0m2.966s
user	0m2.962s
sys	0m0.000s
GSL_RNG_TYPE=mrg
GSL_RNG_SEED=5000138

real	0m2.929s
user	0m2.924s
sys	0m0.002s

real	0m0.007s
user	0m0.005s
sys	0m0.002s
GSL_RNG_TYPE=mrg
GSL_RNG_SEED=5000138

real	0m2.992s
user	0m2.989s
sys	0m0.001s
GSL_RNG_TYPE=mrg
GSL_RNG_SEED=5000139

real	0m2.903s
user	0m2.898s
sys	0m0.003s

real	0m0.009s
user	0m0.007s
sys	0m0.002s
GSL_RNG_TYPE=mrg
GSL_RNG_SEED=5000139

real	0m2.930s
user	0m2.920s
sys	0m0.001s
GSL_RNG_TYPE=mrg
GSL_RNG_SEED=5000140

real	0m2.869s
user	0m2.865s
sys	0m0.002s

real	0m0.008s
user	0m0.006s
sys	0m0.002s
GSL_RNG_TYPE=mrg
GSL_RNG_SEED=5000140

real	0m3.067s
user	0m2.888s
sys	0m0.001s
GSL_RNG_TYPE=mrg
GSL_RNG_SEED=5000141

real	0m2.898s
user	0m2.896s
sys	0m0.000s

real	0m0.007s
user	0m0.006s
sys	0m0.001s
GSL_RNG_TYPE=mrg
GSL_RNG_SEED=5000141

real	0m2.924s
user	0m2.914s
sys	0m0.004s
GSL_RNG_TYPE=mrg
GSL_RNG_SEED=5000142

real	0m2.897s
user	0m2.891s
sys	0m0.002s

real	0m0.007s
user	0m0.004s
sys	0m0.003s
GSL_RNG_TYPE=mrg
GSL_RNG_SEED=5000142

real	0m3.082s
user	0m2.959s
sys	0m0.001s
GSL_RNG_TYPE=mrg
GSL_RNG_SEED=5000143

real	0m2.893s
user	0m2.887s
sys	0m0.003s

real	0m0.008s
user	0m0.008s
sys	0m0.000s
GSL_RNG_TYPE=mrg
GSL_RNG_SEED=5000143

real	0m2.913s
user	0m2.905s
sys	0m0.004s
GSL_RNG_TYPE=mrg
GSL_RNG_SEED=5000144

real	0m2.900s
user	0m2.895s
sys	0m0.003s

real	0m0.008s
user	0m0.007s
sys	0m0.001s
GSL_RNG_TYPE=mrg
GSL_RNG_SEED=5000144

real	0m2.923s
user	0m2.919s
sys	0m0.003s
GSL_RNG_TYPE=mrg
GSL_RNG_SEED=5000145

real	0m2.823s
user	0m2.819s
sys	0m0.002s

real	0m0.009s
user	0m0.006s
sys	0m0.002s
GSL_RNG_TYPE=mrg
GSL_RNG_SEED=5000145

real	0m2.848s
user	0m2.843s
sys	0m0.001s
rm: cannot remove ‘../../../../Results/ABCAnalysisPopExpansionLessFiveFold/Output/TempRightDistanceOut501.txt’: No such file or directory
rm: cannot remove ‘../../../../Results/ABCAnalysisPopExpansionLessFiveFold/Output/DistanceOutNotCpG501.txt’: No such file or directory
rm: cannot remove ‘../../../../Results/ABCAnalysisPopExpansionLessFiveFold/Output/TrajOutputAllAlleles_501.txt’: No such file or directory
rm: cannot remove ‘../../../../Results/ABCAnalysisPopExpansionLessFiveFold/Output/PReFerSimOutputAllAlleles_501.txt’: No such file or directory
GSL_RNG_TYPE=mrg
GSL_RNG_SEED=5000146

real	0m4.816s
user	0m4.809s
sys	0m0.003s

real	0m0.009s
user	0m0.006s
sys	0m0.002s
GSL_RNG_TYPE=mrg
GSL_RNG_SEED=5000146

real	0m4.840s
user	0m4.835s
sys	0m0.002s
GSL_RNG_TYPE=mrg
GSL_RNG_SEED=5000147

real	0m4.860s
user	0m4.855s
sys	0m0.002s

real	0m0.009s
user	0m0.007s
sys	0m0.001s
GSL_RNG_TYPE=mrg
GSL_RNG_SEED=5000147

real	0m4.898s
user	0m4.893s
sys	0m0.002s
GSL_RNG_TYPE=mrg
GSL_RNG_SEED=5000148

real	0m4.715s
user	0m4.710s
sys	0m0.002s

real	0m0.008s
user	0m0.006s
sys	0m0.002s
GSL_RNG_TYPE=mrg
GSL_RNG_SEED=5000148

real	0m4.757s
user	0m4.751s
sys	0m0.004s
GSL_RNG_TYPE=mrg
GSL_RNG_SEED=5000149

real	0m4.969s
user	0m4.964s
sys	0m0.002s

real	0m0.007s
user	0m0.006s
sys	0m0.001s
GSL_RNG_TYPE=mrg
GSL_RNG_SEED=5000149

real	0m4.897s
user	0m4.894s
sys	0m0.001s
GSL_RNG_TYPE=mrg
GSL_RNG_SEED=5000150

real	0m4.809s
user	0m4.805s
sys	0m0.001s

real	0m0.011s
user	0m0.007s
sys	0m0.002s
GSL_RNG_TYPE=mrg
GSL_RNG_SEED=5000150

real	0m4.840s
user	0m4.833s
sys	0m0.004s
GSL_RNG_TYPE=mrg
GSL_RNG_SEED=5000151

real	0m4.733s
user	0m4.728s
sys	0m0.002s

real	0m0.009s
user	0m0.007s
sys	0m0.002s
GSL_RNG_TYPE=mrg
GSL_RNG_SEED=5000151

real	0m4.761s
user	0m4.755s
sys	0m0.003s
GSL_RNG_TYPE=mrg
GSL_RNG_SEED=5000152

real	0m4.798s
user	0m4.792s
sys	0m0.002s

real	0m0.009s
user	0m0.007s
sys	0m0.001s
GSL_RNG_TYPE=mrg
GSL_RNG_SEED=5000152

real	0m4.833s
user	0m4.827s
sys	0m0.003s
GSL_RNG_TYPE=mrg
GSL_RNG_SEED=5000153

real	0m4.729s
user	0m4.726s
sys	0m0.001s

real	0m0.009s
user	0m0.006s
sys	0m0.002s
GSL_RNG_TYPE=mrg
GSL_RNG_SEED=5000153

real	0m4.761s
user	0m4.754s
sys	0m0.004s
GSL_RNG_TYPE=mrg
GSL_RNG_SEED=5000154

real	0m4.810s
user	0m4.806s
sys	0m0.000s

real	0m0.009s
user	0m0.008s
sys	0m0.001s
GSL_RNG_TYPE=mrg
GSL_RNG_SEED=5000154

real	0m4.820s
user	0m4.817s
sys	0m0.000s
GSL_RNG_TYPE=mrg
GSL_RNG_SEED=5000155

real	0m4.744s
user	0m4.739s
sys	0m0.002s

real	0m0.009s
user	0m0.006s
sys	0m0.003s
GSL_RNG_TYPE=mrg
GSL_RNG_SEED=5000155

real	0m4.722s
user	0m4.712s
sys	0m0.005s
GSL_RNG_TYPE=mrg
GSL_RNG_SEED=5000156

real	0m4.822s
user	0m4.816s
sys	0m0.002s

real	0m0.008s
user	0m0.006s
sys	0m0.002s
GSL_RNG_TYPE=mrg
GSL_RNG_SEED=5000156

real	0m4.858s
user	0m4.852s
sys	0m0.002s
GSL_RNG_TYPE=mrg
GSL_RNG_SEED=5000157

real	0m4.846s
user	0m4.841s
sys	0m0.001s

real	0m0.009s
user	0m0.007s
sys	0m0.001s
GSL_RNG_TYPE=mrg
GSL_RNG_SEED=5000157

real	0m4.813s
user	0m4.807s
sys	0m0.003s
GSL_RNG_TYPE=mrg
GSL_RNG_SEED=5000158

real	0m4.807s
user	0m4.803s
sys	0m0.001s

real	0m0.009s
user	0m0.007s
sys	0m0.001s
GSL_RNG_TYPE=mrg
GSL_RNG_SEED=5000158

real	0m4.888s
user	0m4.884s
sys	0m0.001s
GSL_RNG_TYPE=mrg
GSL_RNG_SEED=5000159

real	0m4.737s
user	0m4.734s
sys	0m0.001s

real	0m0.009s
user	0m0.007s
sys	0m0.001s
GSL_RNG_TYPE=mrg
GSL_RNG_SEED=5000159

real	0m4.801s
user	0m4.765s
sys	0m0.002s
GSL_RNG_TYPE=mrg
GSL_RNG_SEED=5000160

real	0m4.784s
user	0m4.781s
sys	0m0.000s

real	0m0.008s
user	0m0.005s
sys	0m0.003s
GSL_RNG_TYPE=mrg
GSL_RNG_SEED=5000160

real	0m4.874s
user	0m4.870s
sys	0m0.001s
GSL_RNG_TYPE=mrg
GSL_RNG_SEED=5000161

real	0m4.806s
user	0m4.801s
sys	0m0.001s

real	0m0.009s
user	0m0.007s
sys	0m0.001s
GSL_RNG_TYPE=mrg
GSL_RNG_SEED=5000161

real	0m4.833s
user	0m4.828s
sys	0m0.002s
GSL_RNG_TYPE=mrg
GSL_RNG_SEED=5000162

real	0m4.785s
user	0m4.778s
sys	0m0.003s

real	0m0.008s
user	0m0.006s
sys	0m0.001s
GSL_RNG_TYPE=mrg
GSL_RNG_SEED=5000162

real	0m4.856s
user	0m4.849s
sys	0m0.003s
GSL_RNG_TYPE=mrg
GSL_RNG_SEED=5000163

real	0m4.860s
user	0m4.855s
sys	0m0.002s

real	0m0.008s
user	0m0.005s
sys	0m0.003s
GSL_RNG_TYPE=mrg
GSL_RNG_SEED=5000163

real	0m4.779s
user	0m4.777s
sys	0m0.000s
GSL_RNG_TYPE=mrg
GSL_RNG_SEED=5000164

real	0m4.842s
user	0m4.839s
sys	0m0.001s

real	0m0.008s
user	0m0.006s
sys	0m0.002s
GSL_RNG_TYPE=mrg
GSL_RNG_SEED=5000164

real	0m4.951s
user	0m4.945s
sys	0m0.002s
GSL_RNG_TYPE=mrg
GSL_RNG_SEED=5000165

real	0m4.746s
user	0m4.740s
sys	0m0.003s

real	0m0.008s
user	0m0.007s
sys	0m0.001s
GSL_RNG_TYPE=mrg
GSL_RNG_SEED=5000165

real	0m4.791s
user	0m4.783s
sys	0m0.004s
GSL_RNG_TYPE=mrg
GSL_RNG_SEED=5000166

real	0m4.804s
user	0m4.799s
sys	0m0.003s

real	0m0.007s
user	0m0.006s
sys	0m0.001s
GSL_RNG_TYPE=mrg
GSL_RNG_SEED=5000166

real	0m4.845s
user	0m4.841s
sys	0m0.001s
GSL_RNG_TYPE=mrg
GSL_RNG_SEED=5000167

real	0m4.750s
user	0m4.743s
sys	0m0.004s

real	0m0.009s
user	0m0.005s
sys	0m0.003s
GSL_RNG_TYPE=mrg
GSL_RNG_SEED=5000167

real	0m4.765s
user	0m4.760s
sys	0m0.002s
GSL_RNG_TYPE=mrg
GSL_RNG_SEED=5000168

real	0m4.825s
user	0m4.818s
sys	0m0.003s

real	0m0.008s
user	0m0.005s
sys	0m0.002s
GSL_RNG_TYPE=mrg
GSL_RNG_SEED=5000168

real	0m4.846s
user	0m4.842s
sys	0m0.001s
GSL_RNG_TYPE=mrg
GSL_RNG_SEED=5000169

real	0m4.838s
user	0m4.835s
sys	0m0.000s

real	0m0.008s
user	0m0.006s
sys	0m0.002s
GSL_RNG_TYPE=mrg
GSL_RNG_SEED=5000169

real	0m4.889s
user	0m4.882s
sys	0m0.003s
GSL_RNG_TYPE=mrg
GSL_RNG_SEED=5000170

real	0m4.694s
user	0m4.685s
sys	0m0.004s

real	0m0.008s
user	0m0.004s
sys	0m0.003s
GSL_RNG_TYPE=mrg
GSL_RNG_SEED=5000170

real	0m4.715s
user	0m4.708s
sys	0m0.003s
GSL_RNG_TYPE=mrg
GSL_RNG_SEED=5000171

real	0m4.754s
user	0m4.744s
sys	0m0.003s

real	0m0.007s
user	0m0.005s
sys	0m0.001s
GSL_RNG_TYPE=mrg
GSL_RNG_SEED=5000171

real	0m4.775s
user	0m4.770s
sys	0m0.001s
GSL_RNG_TYPE=mrg
GSL_RNG_SEED=5000172

real	0m4.810s
user	0m4.805s
sys	0m0.002s

real	0m0.007s
user	0m0.004s
sys	0m0.003s
GSL_RNG_TYPE=mrg
GSL_RNG_SEED=5000172

real	0m4.921s
user	0m4.917s
sys	0m0.001s
GSL_RNG_TYPE=mrg
GSL_RNG_SEED=5000173

real	0m4.861s
user	0m4.857s
sys	0m0.002s

real	0m0.007s
user	0m0.004s
sys	0m0.003s
GSL_RNG_TYPE=mrg
GSL_RNG_SEED=5000173

real	0m4.886s
user	0m4.880s
sys	0m0.003s
GSL_RNG_TYPE=mrg
GSL_RNG_SEED=5000174

real	0m4.714s
user	0m4.709s
sys	0m0.001s

real	0m0.008s
user	0m0.007s
sys	0m0.001s
GSL_RNG_TYPE=mrg
GSL_RNG_SEED=5000174

real	0m4.748s
user	0m4.742s
sys	0m0.003s
GSL_RNG_TYPE=mrg
GSL_RNG_SEED=5000175

real	0m4.866s
user	0m4.860s
sys	0m0.004s

real	0m0.007s
user	0m0.005s
sys	0m0.002s
GSL_RNG_TYPE=mrg
GSL_RNG_SEED=5000175

real	0m4.888s
user	0m4.884s
sys	0m0.001s
GSL_RNG_TYPE=mrg
GSL_RNG_SEED=5000176

real	0m4.830s
user	0m4.824s
sys	0m0.002s

real	0m0.007s
user	0m0.006s
sys	0m0.001s
GSL_RNG_TYPE=mrg
GSL_RNG_SEED=5000176

real	0m4.856s
user	0m4.851s
sys	0m0.002s
rm: cannot remove ‘../../../../Results/ABCAnalysisPopExpansionLessFiveFold/Output/TempRightDistanceOut501.txt’: No such file or directory
rm: cannot remove ‘../../../../Results/ABCAnalysisPopExpansionLessFiveFold/Output/DistanceOutNotCpG501.txt’: No such file or directory
rm: cannot remove ‘../../../../Results/ABCAnalysisPopExpansionLessFiveFold/Output/TrajOutputAllAlleles_501.txt’: No such file or directory
rm: cannot remove ‘../../../../Results/ABCAnalysisPopExpansionLessFiveFold/Output/PReFerSimOutputAllAlleles_501.txt’: No such file or directory
GSL_RNG_TYPE=mrg
GSL_RNG_SEED=5000177

real	0m0.580s
user	0m0.575s
sys	0m0.003s

real	0m0.007s
user	0m0.006s
sys	0m0.001s
GSL_RNG_TYPE=mrg
GSL_RNG_SEED=5000177

real	0m0.580s
user	0m0.577s
sys	0m0.002s
GSL_RNG_TYPE=mrg
GSL_RNG_SEED=5000178

real	0m0.572s
user	0m0.570s
sys	0m0.001s

real	0m0.006s
user	0m0.006s
sys	0m0.000s
GSL_RNG_TYPE=mrg
GSL_RNG_SEED=5000178

real	0m0.573s
user	0m0.570s
sys	0m0.002s
GSL_RNG_TYPE=mrg
GSL_RNG_SEED=5000179

real	0m0.579s
user	0m0.577s
sys	0m0.000s

real	0m0.008s
user	0m0.006s
sys	0m0.001s
GSL_RNG_TYPE=mrg
GSL_RNG_SEED=5000179

real	0m0.578s
user	0m0.576s
sys	0m0.001s
GSL_RNG_TYPE=mrg
GSL_RNG_SEED=5000180

real	0m0.659s
user	0m0.570s
sys	0m0.004s

real	0m0.006s
user	0m0.004s
sys	0m0.002s
GSL_RNG_TYPE=mrg
GSL_RNG_SEED=5000180

real	0m0.577s
user	0m0.573s
sys	0m0.003s
GSL_RNG_TYPE=mrg
GSL_RNG_SEED=5000181

real	0m0.590s
user	0m0.588s
sys	0m0.001s

real	0m0.007s
user	0m0.003s
sys	0m0.004s
GSL_RNG_TYPE=mrg
GSL_RNG_SEED=5000181

real	0m0.590s
user	0m0.587s
sys	0m0.002s
GSL_RNG_TYPE=mrg
GSL_RNG_SEED=5000182

real	0m0.583s
user	0m0.580s
sys	0m0.001s

real	0m0.008s
user	0m0.003s
sys	0m0.005s
GSL_RNG_TYPE=mrg
GSL_RNG_SEED=5000182

real	0m0.586s
user	0m0.583s
sys	0m0.002s
GSL_RNG_TYPE=mrg
GSL_RNG_SEED=5000183

real	0m0.585s
user	0m0.581s
sys	0m0.002s

real	0m0.007s
user	0m0.005s
sys	0m0.002s
GSL_RNG_TYPE=mrg
GSL_RNG_SEED=5000183

real	0m0.584s
user	0m0.583s
sys	0m0.001s
GSL_RNG_TYPE=mrg
GSL_RNG_SEED=5000184

real	0m0.577s
user	0m0.573s
sys	0m0.002s

real	0m0.006s
user	0m0.004s
sys	0m0.002s
GSL_RNG_TYPE=mrg
GSL_RNG_SEED=5000184

real	0m0.577s
user	0m0.573s
sys	0m0.003s
GSL_RNG_TYPE=mrg
GSL_RNG_SEED=5000185

real	0m0.730s
user	0m0.578s
sys	0m0.001s

real	0m0.008s
user	0m0.005s
sys	0m0.003s
GSL_RNG_TYPE=mrg
GSL_RNG_SEED=5000185

real	0m0.603s
user	0m0.579s
sys	0m0.003s
GSL_RNG_TYPE=mrg
GSL_RNG_SEED=5000186

real	0m0.579s
user	0m0.572s
sys	0m0.005s

real	0m0.007s
user	0m0.003s
sys	0m0.003s
GSL_RNG_TYPE=mrg
GSL_RNG_SEED=5000186

real	0m0.584s
user	0m0.581s
sys	0m0.002s
GSL_RNG_TYPE=mrg
GSL_RNG_SEED=5000187

real	0m0.581s
user	0m0.578s
sys	0m0.001s

real	0m0.007s
user	0m0.005s
sys	0m0.003s
GSL_RNG_TYPE=mrg
GSL_RNG_SEED=5000187

real	0m0.581s
user	0m0.576s
sys	0m0.004s
GSL_RNG_TYPE=mrg
GSL_RNG_SEED=5000188

real	0m0.568s
user	0m0.563s
sys	0m0.003s

real	0m0.007s
user	0m0.004s
sys	0m0.003s
GSL_RNG_TYPE=mrg
GSL_RNG_SEED=5000188

real	0m0.567s
user	0m0.563s
sys	0m0.003s
GSL_RNG_TYPE=mrg
GSL_RNG_SEED=5000189

real	0m0.571s
user	0m0.568s
sys	0m0.001s

real	0m0.008s
user	0m0.004s
sys	0m0.003s
GSL_RNG_TYPE=mrg
GSL_RNG_SEED=5000189

real	0m0.573s
user	0m0.570s
sys	0m0.002s
GSL_RNG_TYPE=mrg
GSL_RNG_SEED=5000190

real	0m0.734s
user	0m0.571s
sys	0m0.002s

real	0m0.010s
user	0m0.004s
sys	0m0.005s
GSL_RNG_TYPE=mrg
GSL_RNG_SEED=5000190

real	0m0.610s
user	0m0.579s
sys	0m0.001s
GSL_RNG_TYPE=mrg
GSL_RNG_SEED=5000191

real	0m0.563s
user	0m0.560s
sys	0m0.001s

real	0m0.008s
user	0m0.004s
sys	0m0.004s
GSL_RNG_TYPE=mrg
GSL_RNG_SEED=5000191

real	0m0.566s
user	0m0.564s
sys	0m0.000s
GSL_RNG_TYPE=mrg
GSL_RNG_SEED=5000192

real	0m0.575s
user	0m0.571s
sys	0m0.002s

real	0m0.008s
user	0m0.005s
sys	0m0.002s
GSL_RNG_TYPE=mrg
GSL_RNG_SEED=5000192

real	0m0.575s
user	0m0.573s
sys	0m0.001s
GSL_RNG_TYPE=mrg
GSL_RNG_SEED=5000193

real	0m0.578s
user	0m0.574s
sys	0m0.001s

real	0m0.008s
user	0m0.005s
sys	0m0.003s
GSL_RNG_TYPE=mrg
GSL_RNG_SEED=5000193

real	0m0.580s
user	0m0.576s
sys	0m0.002s
GSL_RNG_TYPE=mrg
GSL_RNG_SEED=5000194

real	0m0.581s
user	0m0.578s
sys	0m0.001s

real	0m0.008s
user	0m0.006s
sys	0m0.002s
GSL_RNG_TYPE=mrg
GSL_RNG_SEED=5000194

real	0m0.582s
user	0m0.581s
sys	0m0.000s
GSL_RNG_TYPE=mrg
GSL_RNG_SEED=5000195

real	0m0.638s
user	0m0.552s
sys	0m0.003s

real	0m0.009s
user	0m0.004s
sys	0m0.005s
GSL_RNG_TYPE=mrg
GSL_RNG_SEED=5000195

real	0m0.557s
user	0m0.555s
sys	0m0.002s
GSL_RNG_TYPE=mrg
GSL_RNG_SEED=5000196

real	0m0.581s
user	0m0.578s
sys	0m0.002s

real	0m0.008s
user	0m0.006s
sys	0m0.001s
GSL_RNG_TYPE=mrg
GSL_RNG_SEED=5000196

real	0m0.581s
user	0m0.579s
sys	0m0.001s
GSL_RNG_TYPE=mrg
GSL_RNG_SEED=5000197

real	0m0.580s
user	0m0.577s
sys	0m0.001s

real	0m0.007s
user	0m0.005s
sys	0m0.002s
GSL_RNG_TYPE=mrg
GSL_RNG_SEED=5000197

real	0m0.579s
user	0m0.576s
sys	0m0.003s
GSL_RNG_TYPE=mrg
GSL_RNG_SEED=5000198

real	0m0.572s
user	0m0.567s
sys	0m0.003s

real	0m0.008s
user	0m0.005s
sys	0m0.002s
GSL_RNG_TYPE=mrg
GSL_RNG_SEED=5000198

real	0m0.572s
user	0m0.571s
sys	0m0.001s
GSL_RNG_TYPE=mrg
GSL_RNG_SEED=5000199

real	0m0.580s
user	0m0.576s
sys	0m0.002s

real	0m0.008s
user	0m0.005s
sys	0m0.002s
GSL_RNG_TYPE=mrg
GSL_RNG_SEED=5000199

real	0m0.589s
user	0m0.587s
sys	0m0.001s
GSL_RNG_TYPE=mrg
GSL_RNG_SEED=5000200

real	0m0.613s
user	0m0.575s
sys	0m0.002s

real	0m0.012s
user	0m0.009s
sys	0m0.003s
GSL_RNG_TYPE=mrg
GSL_RNG_SEED=5000200

real	0m0.578s
user	0m0.575s
sys	0m0.002s
GSL_RNG_TYPE=mrg
GSL_RNG_SEED=5000201

real	0m0.563s
user	0m0.559s
sys	0m0.001s

real	0m0.008s
user	0m0.006s
sys	0m0.002s
GSL_RNG_TYPE=mrg
GSL_RNG_SEED=5000201

real	0m0.560s
user	0m0.557s
sys	0m0.002s
GSL_RNG_TYPE=mrg
GSL_RNG_SEED=5000202

real	0m0.581s
user	0m0.576s
sys	0m0.002s

real	0m0.007s
user	0m0.005s
sys	0m0.002s
GSL_RNG_TYPE=mrg
GSL_RNG_SEED=5000202

real	0m0.588s
user	0m0.583s
sys	0m0.002s
GSL_RNG_TYPE=mrg
GSL_RNG_SEED=5000203

real	0m0.597s
user	0m0.594s
sys	0m0.001s

real	0m0.007s
user	0m0.004s
sys	0m0.002s
GSL_RNG_TYPE=mrg
GSL_RNG_SEED=5000203

real	0m0.599s
user	0m0.597s
sys	0m0.001s
GSL_RNG_TYPE=mrg
GSL_RNG_SEED=5000204

real	0m0.596s
user	0m0.593s
sys	0m0.001s

real	0m0.007s
user	0m0.004s
sys	0m0.003s
GSL_RNG_TYPE=mrg
GSL_RNG_SEED=5000204

real	0m0.599s
user	0m0.593s
sys	0m0.004s
GSL_RNG_TYPE=mrg
GSL_RNG_SEED=5000205

real	0m0.584s
user	0m0.580s
sys	0m0.001s

real	0m0.008s
user	0m0.005s
sys	0m0.002s
GSL_RNG_TYPE=mrg
GSL_RNG_SEED=5000205

real	0m0.581s
user	0m0.579s
sys	0m0.002s
GSL_RNG_TYPE=mrg
GSL_RNG_SEED=5000206

real	0m0.584s
user	0m0.579s
sys	0m0.002s

real	0m0.008s
user	0m0.006s
sys	0m0.001s
GSL_RNG_TYPE=mrg
GSL_RNG_SEED=5000206

real	0m0.586s
user	0m0.581s
sys	0m0.002s
GSL_RNG_TYPE=mrg
GSL_RNG_SEED=5000207

real	0m0.569s
user	0m0.564s
sys	0m0.002s

real	0m0.007s
user	0m0.005s
sys	0m0.002s
GSL_RNG_TYPE=mrg
GSL_RNG_SEED=5000207

real	0m0.571s
user	0m0.569s
sys	0m0.000s
GSL_RNG_TYPE=mrg
GSL_RNG_SEED=5000208

real	0m0.582s
user	0m0.575s
sys	0m0.004s

real	0m0.006s
user	0m0.005s
sys	0m0.001s
GSL_RNG_TYPE=mrg
GSL_RNG_SEED=5000208

real	0m0.580s
user	0m0.578s
sys	0m0.002s
rm: cannot remove ‘../../../../Results/ABCAnalysisPopExpansionLessFiveFold/Output/TempRightDistanceOut501.txt’: No such file or directory
rm: cannot remove ‘../../../../Results/ABCAnalysisPopExpansionLessFiveFold/Output/DistanceOutNotCpG501.txt’: No such file or directory
rm: cannot remove ‘../../../../Results/ABCAnalysisPopExpansionLessFiveFold/Output/TrajOutputAllAlleles_501.txt’: No such file or directory
rm: cannot remove ‘../../../../Results/ABCAnalysisPopExpansionLessFiveFold/Output/PReFerSimOutputAllAlleles_501.txt’: No such file or directory
GSL_RNG_TYPE=mrg
GSL_RNG_SEED=5000209

real	0m3.443s
user	0m3.439s
sys	0m0.002s

real	0m0.007s
user	0m0.006s
sys	0m0.001s
GSL_RNG_TYPE=mrg
GSL_RNG_SEED=5000209

real	0m3.491s
user	0m3.477s
sys	0m0.003s
GSL_RNG_TYPE=mrg
GSL_RNG_SEED=5000210

real	0m3.362s
user	0m3.356s
sys	0m0.001s

real	0m0.008s
user	0m0.005s
sys	0m0.003s
GSL_RNG_TYPE=mrg
GSL_RNG_SEED=5000210

real	0m3.380s
user	0m3.376s
sys	0m0.002s
GSL_RNG_TYPE=mrg
GSL_RNG_SEED=5000211

real	0m3.417s
user	0m3.412s
sys	0m0.002s

real	0m0.008s
user	0m0.007s
sys	0m0.001s
GSL_RNG_TYPE=mrg
GSL_RNG_SEED=5000211

real	0m3.411s
user	0m3.408s
sys	0m0.001s
GSL_RNG_TYPE=mrg
GSL_RNG_SEED=5000212

real	0m3.423s
user	0m3.418s
sys	0m0.003s

real	0m0.008s
user	0m0.004s
sys	0m0.003s
GSL_RNG_TYPE=mrg
GSL_RNG_SEED=5000212

real	0m3.420s
user	0m3.417s
sys	0m0.001s
GSL_RNG_TYPE=mrg
GSL_RNG_SEED=5000213

real	0m3.579s
user	0m3.478s
sys	0m0.001s

real	0m0.009s
user	0m0.005s
sys	0m0.004s
GSL_RNG_TYPE=mrg
GSL_RNG_SEED=5000213

real	0m3.499s
user	0m3.496s
sys	0m0.001s
GSL_RNG_TYPE=mrg
GSL_RNG_SEED=5000214

real	0m3.468s
user	0m3.464s
sys	0m0.002s

real	0m0.008s
user	0m0.006s
sys	0m0.001s
GSL_RNG_TYPE=mrg
GSL_RNG_SEED=5000214

real	0m3.488s
user	0m3.484s
sys	0m0.002s
GSL_RNG_TYPE=mrg
GSL_RNG_SEED=5000215

real	0m3.427s
user	0m3.423s
sys	0m0.002s

real	0m0.008s
user	0m0.005s
sys	0m0.003s
GSL_RNG_TYPE=mrg
GSL_RNG_SEED=5000215

real	0m3.436s
user	0m3.433s
sys	0m0.001s
GSL_RNG_TYPE=mrg
GSL_RNG_SEED=5000216

real	0m3.439s
user	0m3.435s
sys	0m0.001s

real	0m0.008s
user	0m0.005s
sys	0m0.002s
GSL_RNG_TYPE=mrg
GSL_RNG_SEED=5000216

real	0m3.477s
user	0m3.474s
sys	0m0.001s
GSL_RNG_TYPE=mrg
GSL_RNG_SEED=5000217

real	0m3.920s
user	0m3.426s
sys	0m0.005s

real	0m0.008s
user	0m0.005s
sys	0m0.002s
GSL_RNG_TYPE=mrg
GSL_RNG_SEED=5000217

real	0m3.569s
user	0m3.546s
sys	0m0.002s
GSL_RNG_TYPE=mrg
GSL_RNG_SEED=5000218

real	0m3.499s
user	0m3.475s
sys	0m0.005s

real	0m0.009s
user	0m0.005s
sys	0m0.004s
GSL_RNG_TYPE=mrg
GSL_RNG_SEED=5000218

real	0m3.542s
user	0m3.497s
sys	0m0.005s
GSL_RNG_TYPE=mrg
GSL_RNG_SEED=5000219

real	0m3.468s
user	0m3.417s
sys	0m0.005s

real	0m0.006s
user	0m0.004s
sys	0m0.002s
GSL_RNG_TYPE=mrg
GSL_RNG_SEED=5000219

real	0m3.484s
user	0m3.448s
sys	0m0.003s
GSL_RNG_TYPE=mrg
GSL_RNG_SEED=5000220

real	0m3.549s
user	0m3.501s
sys	0m0.003s

real	0m0.009s
user	0m0.005s
sys	0m0.003s
GSL_RNG_TYPE=mrg
GSL_RNG_SEED=5000220

real	0m3.539s
user	0m3.523s
sys	0m0.006s
GSL_RNG_TYPE=mrg
GSL_RNG_SEED=5000221

real	0m3.555s
user	0m3.420s
sys	0m0.004s

real	0m0.008s
user	0m0.006s
sys	0m0.002s
GSL_RNG_TYPE=mrg
GSL_RNG_SEED=5000221

real	0m3.498s
user	0m3.437s
sys	0m0.004s
GSL_RNG_TYPE=mrg
GSL_RNG_SEED=5000222

real	0m3.486s
user	0m3.426s
sys	0m0.003s

real	0m0.009s
user	0m0.006s
sys	0m0.003s
GSL_RNG_TYPE=mrg
GSL_RNG_SEED=5000222

real	0m3.519s
user	0m3.450s
sys	0m0.002s
GSL_RNG_TYPE=mrg
GSL_RNG_SEED=5000223

real	0m3.433s
user	0m3.360s
sys	0m0.004s

real	0m0.008s
user	0m0.007s
sys	0m0.001s
GSL_RNG_TYPE=mrg
GSL_RNG_SEED=5000223

real	0m3.443s
user	0m3.388s
sys	0m0.004s
GSL_RNG_TYPE=mrg
GSL_RNG_SEED=5000224

real	0m3.458s
user	0m3.423s
sys	0m0.003s

real	0m0.008s
user	0m0.006s
sys	0m0.002s
GSL_RNG_TYPE=mrg
GSL_RNG_SEED=5000224

real	0m3.505s
user	0m3.459s
sys	0m0.002s
GSL_RNG_TYPE=mrg
GSL_RNG_SEED=5000225

real	0m3.524s
user	0m3.411s
sys	0m0.002s

real	0m0.010s
user	0m0.006s
sys	0m0.004s
GSL_RNG_TYPE=mrg
GSL_RNG_SEED=5000225

real	0m3.464s
user	0m3.441s
sys	0m0.002s
GSL_RNG_TYPE=mrg
GSL_RNG_SEED=5000226

real	0m3.574s
user	0m3.536s
sys	0m0.001s

real	0m0.008s
user	0m0.006s
sys	0m0.002s
GSL_RNG_TYPE=mrg
GSL_RNG_SEED=5000226

real	0m3.498s
user	0m3.463s
sys	0m0.004s
GSL_RNG_TYPE=mrg
GSL_RNG_SEED=5000227

real	0m3.386s
user	0m3.373s
sys	0m0.004s

real	0m0.011s
user	0m0.008s
sys	0m0.002s
GSL_RNG_TYPE=mrg
GSL_RNG_SEED=5000227

real	0m3.405s
user	0m3.400s
sys	0m0.003s
GSL_RNG_TYPE=mrg
GSL_RNG_SEED=5000228

real	0m3.454s
user	0m3.432s
sys	0m0.002s

real	0m0.009s
user	0m0.006s
sys	0m0.003s
GSL_RNG_TYPE=mrg
GSL_RNG_SEED=5000228

real	0m3.534s
user	0m3.456s
sys	0m0.003s
GSL_RNG_TYPE=mrg
GSL_RNG_SEED=5000229

real	0m3.470s
user	0m3.442s
sys	0m0.003s

real	0m0.010s
user	0m0.007s
sys	0m0.002s
GSL_RNG_TYPE=mrg
GSL_RNG_SEED=5000229

real	0m3.529s
user	0m3.504s
sys	0m0.003s
GSL_RNG_TYPE=mrg
GSL_RNG_SEED=5000230

real	0m3.464s
user	0m3.416s
sys	0m0.003s

real	0m0.006s
user	0m0.004s
sys	0m0.002s
GSL_RNG_TYPE=mrg
GSL_RNG_SEED=5000230

real	0m3.485s
user	0m3.437s
sys	0m0.003s
GSL_RNG_TYPE=mrg
GSL_RNG_SEED=5000231

real	0m3.410s
user	0m3.397s
sys	0m0.003s

real	0m0.010s
user	0m0.007s
sys	0m0.003s
GSL_RNG_TYPE=mrg
GSL_RNG_SEED=5000231

real	0m3.410s
user	0m3.405s
sys	0m0.003s
GSL_RNG_TYPE=mrg
GSL_RNG_SEED=5000232

real	0m3.467s
user	0m3.445s
sys	0m0.001s

real	0m0.010s
user	0m0.007s
sys	0m0.002s
GSL_RNG_TYPE=mrg
GSL_RNG_SEED=5000232

real	0m3.456s
user	0m3.436s
sys	0m0.003s
GSL_RNG_TYPE=mrg
GSL_RNG_SEED=5000233

real	0m3.452s
user	0m3.426s
sys	0m0.002s

real	0m0.009s
user	0m0.005s
sys	0m0.004s
GSL_RNG_TYPE=mrg
GSL_RNG_SEED=5000233

real	0m3.424s
user	0m3.420s
sys	0m0.002s
GSL_RNG_TYPE=mrg
GSL_RNG_SEED=5000234

real	0m3.435s
user	0m3.411s
sys	0m0.002s

real	0m0.009s
user	0m0.006s
sys	0m0.003s
GSL_RNG_TYPE=mrg
GSL_RNG_SEED=5000234

real	0m3.466s
user	0m3.437s
sys	0m0.003s
GSL_RNG_TYPE=mrg
GSL_RNG_SEED=5000235

real	0m3.414s
user	0m3.393s
sys	0m0.003s

real	0m0.008s
user	0m0.007s
sys	0m0.001s
GSL_RNG_TYPE=mrg
GSL_RNG_SEED=5000235

real	0m3.434s
user	0m3.425s
sys	0m0.001s
GSL_RNG_TYPE=mrg
GSL_RNG_SEED=5000236

real	0m3.441s
user	0m3.422s
sys	0m0.005s

real	0m0.009s
user	0m0.006s
sys	0m0.003s
GSL_RNG_TYPE=mrg
GSL_RNG_SEED=5000236

real	0m3.455s
user	0m3.449s
sys	0m0.002s
GSL_RNG_TYPE=mrg
GSL_RNG_SEED=5000237

real	0m3.456s
user	0m3.416s
sys	0m0.002s

real	0m0.006s
user	0m0.003s
sys	0m0.003s
GSL_RNG_TYPE=mrg
GSL_RNG_SEED=5000237

real	0m3.519s
user	0m3.452s
sys	0m0.003s
GSL_RNG_TYPE=mrg
GSL_RNG_SEED=5000238

real	0m3.369s
user	0m3.351s
sys	0m0.004s

real	0m0.010s
user	0m0.008s
sys	0m0.002s
GSL_RNG_TYPE=mrg
GSL_RNG_SEED=5000238

real	0m3.429s
user	0m3.374s
sys	0m0.003s
GSL_RNG_TYPE=mrg
GSL_RNG_SEED=5000239

real	0m3.445s
user	0m3.411s
sys	0m0.003s

real	0m0.008s
user	0m0.004s
sys	0m0.004s
GSL_RNG_TYPE=mrg
GSL_RNG_SEED=5000239

real	0m3.462s
user	0m3.427s
sys	0m0.003s
rm: cannot remove ‘../../../../Results/ABCAnalysisPopExpansionLessFiveFold/Output/TempRightDistanceOut501.txt’: No such file or directory
rm: cannot remove ‘../../../../Results/ABCAnalysisPopExpansionLessFiveFold/Output/DistanceOutNotCpG501.txt’: No such file or directory
rm: cannot remove ‘../../../../Results/ABCAnalysisPopExpansionLessFiveFold/Output/TrajOutputAllAlleles_501.txt’: No such file or directory
rm: cannot remove ‘../../../../Results/ABCAnalysisPopExpansionLessFiveFold/Output/PReFerSimOutputAllAlleles_501.txt’: No such file or directory
GSL_RNG_TYPE=mrg
GSL_RNG_SEED=5000240

real	0m4.576s
user	0m4.530s
sys	0m0.003s

real	0m0.049s
user	0m0.009s
sys	0m0.003s
GSL_RNG_TYPE=mrg
GSL_RNG_SEED=5000240

real	0m4.595s
user	0m4.560s
sys	0m0.005s
GSL_RNG_TYPE=mrg
GSL_RNG_SEED=5000241

real	0m4.454s
user	0m4.434s
sys	0m0.002s

real	0m0.009s
user	0m0.005s
sys	0m0.004s
GSL_RNG_TYPE=mrg
GSL_RNG_SEED=5000241

real	0m4.481s
user	0m4.455s
sys	0m0.003s
GSL_RNG_TYPE=mrg
GSL_RNG_SEED=5000242

real	0m4.535s
user	0m4.516s
sys	0m0.004s

real	0m0.011s
user	0m0.006s
sys	0m0.004s
GSL_RNG_TYPE=mrg
GSL_RNG_SEED=5000242

real	0m4.575s
user	0m4.543s
sys	0m0.005s
GSL_RNG_TYPE=mrg
GSL_RNG_SEED=5000243

real	0m4.573s
user	0m4.561s
sys	0m0.002s

real	0m0.011s
user	0m0.007s
sys	0m0.004s
GSL_RNG_TYPE=mrg
GSL_RNG_SEED=5000243

real	0m4.588s
user	0m4.583s
sys	0m0.002s
GSL_RNG_TYPE=mrg
GSL_RNG_SEED=5000244

real	0m4.424s
user	0m4.409s
sys	0m0.003s

real	0m0.011s
user	0m0.008s
sys	0m0.002s
GSL_RNG_TYPE=mrg
GSL_RNG_SEED=5000244

real	0m4.599s
user	0m4.582s
sys	0m0.001s
GSL_RNG_TYPE=mrg
GSL_RNG_SEED=5000245

real	0m4.508s
user	0m4.492s
sys	0m0.004s

real	0m0.011s
user	0m0.008s
sys	0m0.003s
GSL_RNG_TYPE=mrg
GSL_RNG_SEED=5000245

real	0m4.527s
user	0m4.523s
sys	0m0.002s
GSL_RNG_TYPE=mrg
GSL_RNG_SEED=5000246

real	0m4.613s
user	0m4.600s
sys	0m0.003s

real	0m0.009s
user	0m0.005s
sys	0m0.004s
GSL_RNG_TYPE=mrg
GSL_RNG_SEED=5000246

real	0m4.621s
user	0m4.614s
sys	0m0.004s
GSL_RNG_TYPE=mrg
GSL_RNG_SEED=5000247

real	0m4.489s
user	0m4.474s
sys	0m0.003s

real	0m0.010s
user	0m0.008s
sys	0m0.002s
GSL_RNG_TYPE=mrg
GSL_RNG_SEED=5000247

real	0m4.501s
user	0m4.497s
sys	0m0.002s
GSL_RNG_TYPE=mrg
GSL_RNG_SEED=5000248

real	0m4.563s
user	0m4.551s
sys	0m0.003s

real	0m0.010s
user	0m0.008s
sys	0m0.002s
GSL_RNG_TYPE=mrg
GSL_RNG_SEED=5000248

real	0m4.690s
user	0m4.683s
sys	0m0.004s
GSL_RNG_TYPE=mrg
GSL_RNG_SEED=5000249

real	0m4.550s
user	0m4.537s
sys	0m0.004s

real	0m0.010s
user	0m0.008s
sys	0m0.001s
GSL_RNG_TYPE=mrg
GSL_RNG_SEED=5000249

real	0m4.584s
user	0m4.581s
sys	0m0.001s
GSL_RNG_TYPE=mrg
GSL_RNG_SEED=5000250

real	0m4.419s
user	0m4.390s
sys	0m0.004s

real	0m0.009s
user	0m0.006s
sys	0m0.003s
GSL_RNG_TYPE=mrg
GSL_RNG_SEED=5000250

real	0m4.435s
user	0m4.411s
sys	0m0.002s
GSL_RNG_TYPE=mrg
GSL_RNG_SEED=5000251

real	0m4.551s
user	0m4.526s
sys	0m0.001s

real	0m0.007s
user	0m0.006s
sys	0m0.001s
GSL_RNG_TYPE=mrg
GSL_RNG_SEED=5000251

real	0m4.567s
user	0m4.557s
sys	0m0.004s
GSL_RNG_TYPE=mrg
GSL_RNG_SEED=5000252

real	0m4.468s
user	0m4.451s
sys	0m0.002s

real	0m0.009s
user	0m0.006s
sys	0m0.003s
GSL_RNG_TYPE=mrg
GSL_RNG_SEED=5000252

real	0m4.576s
user	0m4.547s
sys	0m0.003s
GSL_RNG_TYPE=mrg
GSL_RNG_SEED=5000253

real	0m4.556s
user	0m4.543s
sys	0m0.003s

real	0m0.011s
user	0m0.008s
sys	0m0.002s
GSL_RNG_TYPE=mrg
GSL_RNG_SEED=5000253

real	0m4.584s
user	0m4.555s
sys	0m0.003s
GSL_RNG_TYPE=mrg
GSL_RNG_SEED=5000254

real	0m4.568s
user	0m4.558s
sys	0m0.003s

real	0m0.009s
user	0m0.006s
sys	0m0.003s
GSL_RNG_TYPE=mrg
GSL_RNG_SEED=5000254

real	0m4.593s
user	0m4.583s
sys	0m0.002s
GSL_RNG_TYPE=mrg
GSL_RNG_SEED=5000255

real	0m4.590s
user	0m4.558s
sys	0m0.003s

real	0m0.009s
user	0m0.008s
sys	0m0.001s
GSL_RNG_TYPE=mrg
GSL_RNG_SEED=5000255

real	0m4.646s
user	0m4.529s
sys	0m0.003s
GSL_RNG_TYPE=mrg
GSL_RNG_SEED=5000256

real	0m4.563s
user	0m4.550s
sys	0m0.003s

real	0m0.010s
user	0m0.006s
sys	0m0.003s
GSL_RNG_TYPE=mrg
GSL_RNG_SEED=5000256

real	0m4.569s
user	0m4.559s
sys	0m0.003s
GSL_RNG_TYPE=mrg
GSL_RNG_SEED=5000257

real	0m4.572s
user	0m4.558s
sys	0m0.004s

real	0m0.010s
user	0m0.007s
sys	0m0.002s
GSL_RNG_TYPE=mrg
GSL_RNG_SEED=5000257

real	0m4.621s
user	0m4.607s
sys	0m0.000s
GSL_RNG_TYPE=mrg
GSL_RNG_SEED=5000258

real	0m4.531s
user	0m4.520s
sys	0m0.002s

real	0m0.010s
user	0m0.006s
sys	0m0.003s
GSL_RNG_TYPE=mrg
GSL_RNG_SEED=5000258

real	0m4.707s
user	0m4.704s
sys	0m0.000s
GSL_RNG_TYPE=mrg
GSL_RNG_SEED=5000259

real	0m4.553s
user	0m4.539s
sys	0m0.002s

real	0m0.011s
user	0m0.008s
sys	0m0.002s
GSL_RNG_TYPE=mrg
GSL_RNG_SEED=5000259

real	0m4.632s
user	0m4.610s
sys	0m0.004s
GSL_RNG_TYPE=mrg
GSL_RNG_SEED=5000260

real	0m4.568s
user	0m4.554s
sys	0m0.003s

real	0m0.010s
user	0m0.007s
sys	0m0.003s
GSL_RNG_TYPE=mrg
GSL_RNG_SEED=5000260

real	0m4.569s
user	0m4.564s
sys	0m0.003s
GSL_RNG_TYPE=mrg
GSL_RNG_SEED=5000261

real	0m4.548s
user	0m4.530s
sys	0m0.002s

real	0m0.010s
user	0m0.007s
sys	0m0.002s
GSL_RNG_TYPE=mrg
GSL_RNG_SEED=5000261

real	0m4.608s
user	0m4.546s
sys	0m0.003s
GSL_RNG_TYPE=mrg
GSL_RNG_SEED=5000262

real	0m4.597s
user	0m4.584s
sys	0m0.004s

real	0m0.010s
user	0m0.007s
sys	0m0.002s
GSL_RNG_TYPE=mrg
GSL_RNG_SEED=5000262

real	0m4.739s
user	0m4.637s
sys	0m0.004s
GSL_RNG_TYPE=mrg
GSL_RNG_SEED=5000263

real	0m4.497s
user	0m4.471s
sys	0m0.005s

real	0m0.010s
user	0m0.008s
sys	0m0.002s
GSL_RNG_TYPE=mrg
GSL_RNG_SEED=5000263

real	0m4.592s
user	0m4.511s
sys	0m0.004s
GSL_RNG_TYPE=mrg
GSL_RNG_SEED=5000264

real	0m4.512s
user	0m4.496s
sys	0m0.004s

real	0m0.010s
user	0m0.008s
sys	0m0.001s
GSL_RNG_TYPE=mrg
GSL_RNG_SEED=5000264

real	0m4.552s
user	0m4.539s
sys	0m0.002s
GSL_RNG_TYPE=mrg
GSL_RNG_SEED=5000265

real	0m4.550s
user	0m4.522s
sys	0m0.002s

real	0m0.008s
user	0m0.006s
sys	0m0.001s
GSL_RNG_TYPE=mrg
GSL_RNG_SEED=5000265

real	0m4.598s
user	0m4.556s
sys	0m0.002s
GSL_RNG_TYPE=mrg
GSL_RNG_SEED=5000266

real	0m4.536s
user	0m4.493s
sys	0m0.003s

real	0m0.007s
user	0m0.004s
sys	0m0.002s
GSL_RNG_TYPE=mrg
GSL_RNG_SEED=5000266

real	0m4.571s
user	0m4.517s
sys	0m0.004s
GSL_RNG_TYPE=mrg
GSL_RNG_SEED=5000267

real	0m4.470s
user	0m4.455s
sys	0m0.004s

real	0m0.011s
user	0m0.007s
sys	0m0.003s
GSL_RNG_TYPE=mrg
GSL_RNG_SEED=5000267

real	0m4.485s
user	0m4.480s
sys	0m0.001s
GSL_RNG_TYPE=mrg
GSL_RNG_SEED=5000268

real	0m4.551s
user	0m4.530s
sys	0m0.004s

real	0m0.008s
user	0m0.006s
sys	0m0.002s
GSL_RNG_TYPE=mrg
GSL_RNG_SEED=5000268

real	0m4.563s
user	0m4.558s
sys	0m0.002s
GSL_RNG_TYPE=mrg
GSL_RNG_SEED=5000269

real	0m4.640s
user	0m4.626s
sys	0m0.003s

real	0m0.011s
user	0m0.007s
sys	0m0.003s
GSL_RNG_TYPE=mrg
GSL_RNG_SEED=5000269

real	0m4.609s
user	0m4.600s
sys	0m0.002s
rm: cannot remove ‘../../../../Results/ABCAnalysisPopExpansionLessFiveFold/Output/TempRightDistanceOut501.txt’: No such file or directory
rm: cannot remove ‘../../../../Results/ABCAnalysisPopExpansionLessFiveFold/Output/DistanceOutNotCpG501.txt’: No such file or directory
rm: cannot remove ‘../../../../Results/ABCAnalysisPopExpansionLessFiveFold/Output/TrajOutputAllAlleles_501.txt’: No such file or directory
rm: cannot remove ‘../../../../Results/ABCAnalysisPopExpansionLessFiveFold/Output/PReFerSimOutputAllAlleles_501.txt’: No such file or directory
GSL_RNG_TYPE=mrg
GSL_RNG_SEED=5000270

real	0m2.703s
user	0m2.676s
sys	0m0.003s

real	0m0.041s
user	0m0.007s
sys	0m0.001s
GSL_RNG_TYPE=mrg
GSL_RNG_SEED=5000270

real	0m2.716s
user	0m2.691s
sys	0m0.001s
GSL_RNG_TYPE=mrg
GSL_RNG_SEED=5000271

real	0m2.673s
user	0m2.659s
sys	0m0.004s

real	0m0.009s
user	0m0.005s
sys	0m0.004s
GSL_RNG_TYPE=mrg
GSL_RNG_SEED=5000271

real	0m2.688s
user	0m2.676s
sys	0m0.003s
GSL_RNG_TYPE=mrg
GSL_RNG_SEED=5000272

real	0m2.779s
user	0m2.752s
sys	0m0.004s

real	0m0.010s
user	0m0.005s
sys	0m0.004s
GSL_RNG_TYPE=mrg
GSL_RNG_SEED=5000272

real	0m2.842s
user	0m2.774s
sys	0m0.002s
GSL_RNG_TYPE=mrg
GSL_RNG_SEED=5000273

real	0m2.642s
user	0m2.625s
sys	0m0.005s

real	0m0.010s
user	0m0.008s
sys	0m0.002s
GSL_RNG_TYPE=mrg
GSL_RNG_SEED=5000273

real	0m2.925s
user	0m2.648s
sys	0m0.000s
GSL_RNG_TYPE=mrg
GSL_RNG_SEED=5000274

real	0m2.707s
user	0m2.686s
sys	0m0.005s

real	0m0.009s
user	0m0.007s
sys	0m0.002s
GSL_RNG_TYPE=mrg
GSL_RNG_SEED=5000274

real	0m2.804s
user	0m2.696s
sys	0m0.004s
GSL_RNG_TYPE=mrg
GSL_RNG_SEED=5000275

real	0m2.694s
user	0m2.686s
sys	0m0.002s

real	0m0.008s
user	0m0.006s
sys	0m0.002s
GSL_RNG_TYPE=mrg
GSL_RNG_SEED=5000275

real	0m2.732s
user	0m2.713s
sys	0m0.001s
GSL_RNG_TYPE=mrg
GSL_RNG_SEED=5000276

real	0m2.743s
user	0m2.727s
sys	0m0.003s

real	0m0.010s
user	0m0.007s
sys	0m0.002s
GSL_RNG_TYPE=mrg
GSL_RNG_SEED=5000276

real	0m2.775s
user	0m2.747s
sys	0m0.001s
GSL_RNG_TYPE=mrg
GSL_RNG_SEED=5000277

real	0m2.732s
user	0m2.719s
sys	0m0.004s

real	0m0.011s
user	0m0.007s
sys	0m0.003s
GSL_RNG_TYPE=mrg
GSL_RNG_SEED=5000277

real	0m2.756s
user	0m2.741s
sys	0m0.001s
GSL_RNG_TYPE=mrg
GSL_RNG_SEED=5000278

real	0m2.648s
user	0m2.633s
sys	0m0.004s

real	0m0.008s
user	0m0.006s
sys	0m0.002s
GSL_RNG_TYPE=mrg
GSL_RNG_SEED=5000278

real	0m2.681s
user	0m2.659s
sys	0m0.002s
GSL_RNG_TYPE=mrg
GSL_RNG_SEED=5000279

real	0m2.719s
user	0m2.705s
sys	0m0.004s

real	0m0.010s
user	0m0.006s
sys	0m0.003s
GSL_RNG_TYPE=mrg
GSL_RNG_SEED=5000279

real	0m2.731s
user	0m2.727s
sys	0m0.001s
GSL_RNG_TYPE=mrg
GSL_RNG_SEED=5000280

real	0m3.106s
user	0m2.763s
sys	0m0.005s

real	0m0.011s
user	0m0.006s
sys	0m0.004s
GSL_RNG_TYPE=mrg
GSL_RNG_SEED=5000280

real	0m2.803s
user	0m2.774s
sys	0m0.005s
GSL_RNG_TYPE=mrg
GSL_RNG_SEED=5000281

real	0m3.026s
user	0m2.719s
sys	0m0.002s

real	0m0.009s
user	0m0.004s
sys	0m0.005s
GSL_RNG_TYPE=mrg
GSL_RNG_SEED=5000281

real	0m2.704s
user	0m2.663s
sys	0m0.003s
GSL_RNG_TYPE=mrg
GSL_RNG_SEED=5000282

real	0m2.701s
user	0m2.689s
sys	0m0.002s

real	0m0.009s
user	0m0.006s
sys	0m0.003s
GSL_RNG_TYPE=mrg
GSL_RNG_SEED=5000282

real	0m2.701s
user	0m2.697s
sys	0m0.002s
GSL_RNG_TYPE=mrg
GSL_RNG_SEED=5000283

real	0m2.668s
user	0m2.654s
sys	0m0.005s

real	0m0.010s
user	0m0.007s
sys	0m0.003s
GSL_RNG_TYPE=mrg
GSL_RNG_SEED=5000283

real	0m2.683s
user	0m2.677s
sys	0m0.003s
GSL_RNG_TYPE=mrg
GSL_RNG_SEED=5000284

real	0m2.697s
user	0m2.684s
sys	0m0.001s

real	0m0.010s
user	0m0.007s
sys	0m0.003s
GSL_RNG_TYPE=mrg
GSL_RNG_SEED=5000284

real	0m2.688s
user	0m2.684s
sys	0m0.002s
GSL_RNG_TYPE=mrg
GSL_RNG_SEED=5000285

real	0m2.729s
user	0m2.717s
sys	0m0.002s

real	0m0.010s
user	0m0.006s
sys	0m0.004s
GSL_RNG_TYPE=mrg
GSL_RNG_SEED=5000285

real	0m2.840s
user	0m2.738s
sys	0m0.002s
GSL_RNG_TYPE=mrg
GSL_RNG_SEED=5000286

real	0m2.696s
user	0m2.683s
sys	0m0.004s

real	0m0.009s
user	0m0.006s
sys	0m0.003s
GSL_RNG_TYPE=mrg
GSL_RNG_SEED=5000286

real	0m2.753s
user	0m2.729s
sys	0m0.000s
GSL_RNG_TYPE=mrg
GSL_RNG_SEED=5000287

real	0m2.716s
user	0m2.697s
sys	0m0.002s

real	0m0.007s
user	0m0.006s
sys	0m0.001s
GSL_RNG_TYPE=mrg
GSL_RNG_SEED=5000287

real	0m2.743s
user	0m2.711s
sys	0m0.002s
GSL_RNG_TYPE=mrg
GSL_RNG_SEED=5000288

real	0m2.740s
user	0m2.727s
sys	0m0.003s

real	0m0.009s
user	0m0.008s
sys	0m0.000s
GSL_RNG_TYPE=mrg
GSL_RNG_SEED=5000288

real	0m2.757s
user	0m2.745s
sys	0m0.004s
GSL_RNG_TYPE=mrg
GSL_RNG_SEED=5000289

real	0m2.743s
user	0m2.720s
sys	0m0.004s

real	0m0.009s
user	0m0.007s
sys	0m0.002s
GSL_RNG_TYPE=mrg
GSL_RNG_SEED=5000289

real	0m2.818s
user	0m2.779s
sys	0m0.007s
GSL_RNG_TYPE=mrg
GSL_RNG_SEED=5000290

real	0m2.740s
user	0m2.724s
sys	0m0.002s

real	0m0.008s
user	0m0.006s
sys	0m0.002s
GSL_RNG_TYPE=mrg
GSL_RNG_SEED=5000290

real	0m2.677s
user	0m2.670s
sys	0m0.004s
GSL_RNG_TYPE=mrg
GSL_RNG_SEED=5000291

real	0m3.110s
user	0m2.679s
sys	0m0.004s

real	0m0.012s
user	0m0.009s
sys	0m0.003s
GSL_RNG_TYPE=mrg
GSL_RNG_SEED=5000291

real	0m2.945s
user	0m2.692s
sys	0m0.002s
GSL_RNG_TYPE=mrg
GSL_RNG_SEED=5000292

real	0m2.978s
user	0m2.738s
sys	0m0.003s

real	0m0.009s
user	0m0.005s
sys	0m0.003s
GSL_RNG_TYPE=mrg
GSL_RNG_SEED=5000292

real	0m2.802s
user	0m2.755s
sys	0m0.003s
GSL_RNG_TYPE=mrg
GSL_RNG_SEED=5000293

real	0m2.744s
user	0m2.734s
sys	0m0.003s

real	0m0.009s
user	0m0.005s
sys	0m0.004s
GSL_RNG_TYPE=mrg
GSL_RNG_SEED=5000293

real	0m2.789s
user	0m2.766s
sys	0m0.003s
GSL_RNG_TYPE=mrg
GSL_RNG_SEED=5000294

real	0m2.724s
user	0m2.702s
sys	0m0.002s

real	0m0.010s
user	0m0.006s
sys	0m0.003s
GSL_RNG_TYPE=mrg
GSL_RNG_SEED=5000294

real	0m2.724s
user	0m2.719s
sys	0m0.002s
GSL_RNG_TYPE=mrg
GSL_RNG_SEED=5000295

real	0m2.763s
user	0m2.749s
sys	0m0.005s

real	0m0.009s
user	0m0.007s
sys	0m0.002s
GSL_RNG_TYPE=mrg
GSL_RNG_SEED=5000295

real	0m2.733s
user	0m2.722s
sys	0m0.004s
GSL_RNG_TYPE=mrg
GSL_RNG_SEED=5000296

real	0m2.723s
user	0m2.706s
sys	0m0.002s

real	0m0.007s
user	0m0.005s
sys	0m0.001s
GSL_RNG_TYPE=mrg
GSL_RNG_SEED=5000296

real	0m2.737s
user	0m2.727s
sys	0m0.003s
GSL_RNG_TYPE=mrg
GSL_RNG_SEED=5000297

real	0m2.722s
user	0m2.708s
sys	0m0.004s

real	0m0.010s
user	0m0.006s
sys	0m0.004s
GSL_RNG_TYPE=mrg
GSL_RNG_SEED=5000297

real	0m2.747s
user	0m2.701s
sys	0m0.003s
GSL_RNG_TYPE=mrg
GSL_RNG_SEED=5000298

real	0m2.660s
user	0m2.647s
sys	0m0.003s

real	0m0.010s
user	0m0.009s
sys	0m0.001s
GSL_RNG_TYPE=mrg
GSL_RNG_SEED=5000298

real	0m2.664s
user	0m2.655s
sys	0m0.005s
GSL_RNG_TYPE=mrg
GSL_RNG_SEED=5000299

real	0m2.708s
user	0m2.693s
sys	0m0.002s

real	0m0.009s
user	0m0.007s
sys	0m0.002s
GSL_RNG_TYPE=mrg
GSL_RNG_SEED=5000299

real	0m2.716s
user	0m2.710s
sys	0m0.001s
GSL_RNG_TYPE=mrg
GSL_RNG_SEED=5000300

real	0m2.822s
user	0m2.682s
sys	0m0.001s

real	0m0.009s
user	0m0.006s
sys	0m0.003s
GSL_RNG_TYPE=mrg
GSL_RNG_SEED=5000300

real	0m2.735s
user	0m2.696s
sys	0m0.004s
GSL_RNG_TYPE=mrg
GSL_RNG_SEED=5000301

real	0m3.022s
user	0m2.759s
sys	0m0.002s

real	0m0.010s
user	0m0.007s
sys	0m0.002s
GSL_RNG_TYPE=mrg
GSL_RNG_SEED=5000301

real	0m2.742s
user	0m2.701s
sys	0m0.003s
GSL_RNG_TYPE=mrg
GSL_RNG_SEED=5000302

real	0m2.958s
user	0m2.725s
sys	0m0.002s

real	0m0.008s
user	0m0.005s
sys	0m0.003s
GSL_RNG_TYPE=mrg
GSL_RNG_SEED=5000302

real	0m2.817s
user	0m2.745s
sys	0m0.002s
rm: cannot remove ‘../../../../Results/ABCAnalysisPopExpansionLessFiveFold/Output/TempRightDistanceOut501.txt’: No such file or directory
rm: cannot remove ‘../../../../Results/ABCAnalysisPopExpansionLessFiveFold/Output/DistanceOutNotCpG501.txt’: No such file or directory
