GSL_RNG_TYPE=mrg
GSL_RNG_SEED=299
GSL_RNG_TYPE=mrg
GSL_RNG_SEED=300

real	8m21.944s
user	8m21.362s
sys	0m0.031s

real	8m23.472s
user	8m22.797s
sys	0m0.014s

real	8m32.862s
user	8m32.340s
sys	0m0.016s

real	8m26.540s
user	8m25.832s
sys	0m0.021s

real	7m59.901s
user	7m59.237s
sys	0m0.019s

real	0m0.081s
user	0m0.077s
sys	0m0.002s
GSL_RNG_TYPE=mrg
GSL_RNG_SEED=126

real	8m27.794s
user	8m27.093s
sys	0m0.022s

real	8m29.007s
user	8m28.325s
sys	0m0.020s

real	8m32.864s
user	8m32.359s
sys	0m0.015s

real	8m32.639s
user	8m32.144s
sys	0m0.014s

real	8m31.602s
user	8m30.845s
sys	0m0.019s

real	8m33.541s
user	8m33.031s
sys	0m0.018s

real	8m33.729s
user	8m32.773s
sys	0m0.047s

real	8m34.744s
user	8m34.212s
sys	0m0.024s

real	8m5.327s
user	8m4.718s
sys	0m0.017s

real	0m0.082s
user	0m0.078s
sys	0m0.003s
GSL_RNG_TYPE=mrg
GSL_RNG_SEED=205

real	8m6.992s
user	8m6.164s
sys	0m0.030s

real	0m0.080s
user	0m0.076s
sys	0m0.003s
GSL_RNG_TYPE=mrg
GSL_RNG_SEED=145

real	8m7.330s
user	8m6.784s
sys	0m0.017s

real	0m0.079s
user	0m0.075s
sys	0m0.004s
GSL_RNG_TYPE=mrg
GSL_RNG_SEED=197

real	8m33.172s
user	8m32.458s
sys	0m0.028s

real	8m7.875s
user	8m7.271s
sys	0m0.031s

real	0m0.108s
user	0m0.074s
sys	0m0.006s
GSL_RNG_TYPE=mrg
GSL_RNG_SEED=199

real	8m8.189s
user	8m7.529s
sys	0m0.012s

real	8m7.942s
user	8m7.353s
sys	0m0.013s

real	0m0.075s
user	0m0.067s
sys	0m0.007s
GSL_RNG_TYPE=mrg
GSL_RNG_SEED=204

real	0m0.312s
user	0m0.075s
sys	0m0.003s
GSL_RNG_TYPE=mrg
GSL_RNG_SEED=198

real	8m36.225s
user	8m35.665s
sys	0m0.024s

real	8m34.602s
user	8m33.880s
sys	0m0.018s

real	8m8.692s
user	8m8.081s
sys	0m0.038s

real	0m0.082s
user	0m0.071s
sys	0m0.009s
GSL_RNG_TYPE=mrg
GSL_RNG_SEED=200

real	8m9.131s
user	8m8.542s
sys	0m0.018s

real	8m9.068s
user	8m8.461s
sys	0m0.018s

real	0m0.078s
user	0m0.075s
sys	0m0.001s
GSL_RNG_TYPE=mrg
GSL_RNG_SEED=203

real	0m0.075s
user	0m0.072s
sys	0m0.002s
GSL_RNG_TYPE=mrg
GSL_RNG_SEED=206

real	8m9.276s
user	8m8.679s
sys	0m0.009s

real	0m0.077s
user	0m0.073s
sys	0m0.003s
GSL_RNG_TYPE=mrg
GSL_RNG_SEED=207

real	8m37.956s
user	8m37.434s
sys	0m0.022s

real	8m39.189s
user	8m38.667s
sys	0m0.018s

real	8m10.448s
user	8m9.755s
sys	0m0.108s

real	0m0.080s
user	0m0.076s
sys	0m0.003s
GSL_RNG_TYPE=mrg
GSL_RNG_SEED=201

real	8m43.812s
user	8m43.284s
sys	0m0.030s

real	8m16.086s
user	8m15.328s
sys	0m0.012s

real	8m13.341s
user	8m12.733s
sys	0m0.013s

real	0m0.092s
user	0m0.078s
sys	0m0.004s

real	8m13.644s
user	8m13.022s
sys	0m0.029s
GSL_RNG_TYPE=mrg
GSL_RNG_SEED=97

real	0m0.089s
user	0m0.075s
sys	0m0.005s
GSL_RNG_TYPE=mrg
GSL_RNG_SEED=208

real	0m0.090s
user	0m0.077s
sys	0m0.005s
GSL_RNG_TYPE=mrg
GSL_RNG_SEED=202

real	8m13.557s
user	8m13.060s
sys	0m0.016s

real	0m0.082s
user	0m0.079s
sys	0m0.001s
GSL_RNG_TYPE=mrg
GSL_RNG_SEED=217

real	8m17.185s
user	8m16.407s
sys	0m0.037s

real	8m38.261s
user	8m37.455s
sys	0m0.026s

real	0m0.085s
user	0m0.076s
sys	0m0.005s
GSL_RNG_TYPE=mrg
GSL_RNG_SEED=98

real	8m16.607s
user	8m15.992s
sys	0m0.013s

real	0m0.079s
user	0m0.075s
sys	0m0.003s
GSL_RNG_TYPE=mrg
GSL_RNG_SEED=111

real	8m15.496s
user	8m14.820s
sys	0m0.016s

real	0m0.083s
user	0m0.079s
sys	0m0.003s
GSL_RNG_TYPE=mrg
GSL_RNG_SEED=167

real	8m15.025s
user	8m14.400s
sys	0m0.020s

real	0m0.088s
user	0m0.079s
sys	0m0.003s
GSL_RNG_TYPE=mrg
GSL_RNG_SEED=195

real	8m15.614s
user	8m15.049s
sys	0m0.011s


real	0m0.089s
user	0m0.077s
sys	0m0.002s
real	8m15.258s
user	8m14.761s
sys	0m0.012s
GSL_RNG_TYPE=mrg
GSL_RNG_SEED=181

real	8m17.811s
user	8m17.010s
sys	0m0.042s

real	0m0.096s
user	0m0.077s
sys	0m0.004s
GSL_RNG_TYPE=mrg
GSL_RNG_SEED=216

real	8m16.548s
user	8m15.922s
sys	0m0.013s

real	0m0.093s
user	0m0.078s
sys	0m0.004s
GSL_RNG_TYPE=mrg
GSL_RNG_SEED=99

real	0m0.089s
user	0m0.072s
sys	0m0.007s
GSL_RNG_TYPE=mrg
GSL_RNG_SEED=153

real	8m17.706s
user	8m16.673s
sys	0m0.017s

real	0m0.081s
user	0m0.079s
sys	0m0.001s
GSL_RNG_TYPE=mrg
GSL_RNG_SEED=125

real	8m17.325s
user	8m16.761s
sys	0m0.009s

real	8m18.239s
user	8m17.590s
sys	0m0.009s

real	0m0.096s
user	0m0.078s
sys	0m0.002s
GSL_RNG_TYPE=mrg
GSL_RNG_SEED=139

real	0m0.091s
user	0m0.077s
sys	0m0.003s
GSL_RNG_TYPE=mrg
GSL_RNG_SEED=110

real	8m16.540s
user	8m16.041s
sys	0m0.028s

real	0m0.096s
user	0m0.075s
sys	0m0.006s
GSL_RNG_TYPE=mrg
GSL_RNG_SEED=218

real	8m18.037s
user	8m17.409s
sys	0m0.017s

real	8m17.401s
user	8m16.820s
sys	0m0.013s

real	8m17.001s
user	8m16.403s
sys	0m0.014s

real	0m0.102s
user	0m0.080s
sys	0m0.003s
GSL_RNG_TYPE=mrg
GSL_RNG_SEED=152

real	0m0.110s
user	0m0.081s

real	0m0.110s
user	0m0.081s
sys	0m0.002s
sys	0m0.002s
GSL_RNG_TYPE=mrg
GSL_RNG_SEED=194
GSL_RNG_TYPE=mrg
GSL_RNG_SEED=180

real	8m17.841s
user	8m17.189s
sys	0m0.013s

real	8m18.818s
user	8m18.093s
sys	0m0.015s

real	0m0.088s
user	0m0.078s
sys	0m0.002s
GSL_RNG_TYPE=mrg
GSL_RNG_SEED=166

real	8m19.056s
user	8m18.405s
sys	0m0.007s

real	0m0.095s
user	0m0.081s
sys	0m0.002s

real	8m17.206s
user	8m16.720s
sys	0m0.008s
GSL_RNG_TYPE=mrg
GSL_RNG_SEED=124

real	8m17.186s
user	8m16.578s
sys	0m0.016s

real	0m0.099s
user	0m0.082s
sys	0m0.000s

real	0m0.093s
user	0m0.076s
GSL_RNG_TYPE=mrg
GSL_RNG_SEED=112
sys	0m0.005s
GSL_RNG_TYPE=mrg
GSL_RNG_SEED=215

real	0m0.090s
user	0m0.075s
sys	0m0.004s
GSL_RNG_TYPE=mrg
GSL_RNG_SEED=196

real	8m19.771s
user	8m19.146s
sys	0m0.017s

real	0m0.092s
user	0m0.078s
sys	0m0.004s
GSL_RNG_TYPE=mrg
GSL_RNG_SEED=103

real	8m18.295s
user	8m17.625s
sys	0m0.023s

real	8m17.628s
user	8m17.084s
sys	0m0.062s

real	0m0.091s
user	0m0.074s
sys	0m0.006s
GSL_RNG_TYPE=mrg
GSL_RNG_SEED=168

real	0m0.088s
user	0m0.075s
sys	0m0.004s
GSL_RNG_TYPE=mrg
GSL_RNG_SEED=219

real	8m44.853s
user	8m44.279s
sys	0m0.027s

real	8m19.079s
user	8m18.338s
sys	0m0.026s

real	8m18.211s
user	8m17.581s
sys	0m0.008s

real	0m0.090s
user	0m0.074s
sys	0m0.005s

real	8m20.234s
user	8m19.610s
sys	0m0.008s
GSL_RNG_TYPE=mrg

real	0m0.089s
user	0m0.078s
GSL_RNG_SEED=154
sys	0m0.002s
GSL_RNG_TYPE=mrg
GSL_RNG_SEED=187

real	8m18.247s
user	8m17.748s
sys	0m0.014s

real	0m0.096s
user	0m0.078s
sys	0m0.003s
GSL_RNG_TYPE=mrg
GSL_RNG_SEED=108

real	8m18.795s
user	8m18.156s
sys	0m0.020s

real	8m19.488s
user	8m18.923s
sys	0m0.014s

real	0m0.118s
user	0m0.076s
sys	0m0.006s
GSL_RNG_TYPE=mrg
GSL_RNG_SEED=213

real	8m19.583s
user	8m18.936s
sys	0m0.011s

real	8m20.593s
user	8m19.911s
sys	0m0.019s

real	8m19.743s
user	8m19.098s
sys	0m0.014s

real	0m0.100s
user	0m0.082s
sys	0m0.001s
GSL_RNG_TYPE=mrg
GSL_RNG_SEED=209

real	0m0.090s
user	0m0.075s
sys	0m0.006s
GSL_RNG_TYPE=mrg
GSL_RNG_SEED=140

real	0m0.097s
user	0m0.075s

real	0m0.088s
user	0m0.075s
sys	0m0.006s
sys	0m0.004s

real	0m0.097s
user	0m0.077s
sys	0m0.004s

GSL_RNG_TYPE=mrg
GSL_RNG_SEED=104
real	8m19.748s
GSL_RNG_TYPE=mrg
user	8m19.114s
GSL_RNG_SEED=149
sys	0m0.015s
GSL_RNG_TYPE=mrg

real	8m20.419s
user	8m19.773s
sys	0m0.020s
GSL_RNG_SEED=151

real	8m18.976s
user	8m18.370s
sys	0m0.015s

real	0m0.088s
user	0m0.078s

sys	0m0.003s
real	8m20.669s

real	0m0.091s
user	0m0.077s
sys	0m0.004s
user	8m19.820s

real	0m0.089s
user	0m0.077s
sys	0m0.026s
sys	0m0.004s

real	8m18.944s
user	8m18.358s
sys	0m0.023s
GSL_RNG_TYPE=mrg
GSL_RNG_SEED=150
GSL_RNG_TYPE=mrg
GSL_RNG_SEED=109
GSL_RNG_TYPE=mrg
GSL_RNG_SEED=179

real	0m0.103s
user	0m0.080s
sys	0m0.005s

real	8m19.878s
user	8m19.288s
sys	0m0.014s

real	8m21.176s
GSL_RNG_TYPE=mrg
user	8m20.407s
sys	0m0.029s
GSL_RNG_SEED=117

real	8m19.405s
user	8m18.759s
sys	0m0.009s

real	0m0.093s
user	0m0.073s
sys	0m0.006s

real	8m19.831s
user	8m19.163s
sys	0m0.011s
GSL_RNG_TYPE=mrg
GSL_RNG_SEED=138

real	0m0.093s
user	0m0.078s
sys	0m0.003s
GSL_RNG_TYPE=mrg
GSL_RNG_SEED=100

real	0m0.101s
user	0m0.080s
sys	0m0.002s
GSL_RNG_TYPE=mrg
GSL_RNG_SEED=165

real	8m20.923s
user	8m20.233s
sys	0m0.015s

real	8m19.640s
user	8m18.964s
sys	0m0.017s

real	0m0.143s
user	0m0.079s
sys	0m0.003s
GSL_RNG_TYPE=mrg
GSL_RNG_SEED=159

real	0m0.366s
user	0m0.079s
sys	0m0.007s
GSL_RNG_TYPE=mrg
GSL_RNG_SEED=182

real	8m19.360s
user	8m18.752s
sys	0m0.013s

real	0m0.091s
user	0m0.076s
sys	0m0.006s

real	0m0.088s
user	0m0.077s
sys	0m0.003s
GSL_RNG_TYPE=mrg
GSL_RNG_SEED=164
GSL_RNG_TYPE=mrg
GSL_RNG_SEED=122

real	8m19.537s
user	8m18.908s
sys	0m0.016s

real	0m0.082s
user	0m0.078s
sys	0m0.002s
GSL_RNG_TYPE=mrg
GSL_RNG_SEED=178

real	8m21.040s
user	8m20.351s
sys	0m0.011s

real	0m0.106s
user	0m0.079s
sys	0m0.002s

real	8m20.829s
user	8m20.213s
sys	0m0.009s

real	8m20.684s
user	8m20.093s
sys	0m0.010s

real	8m19.200s
user	8m18.511s
sys	0m0.015s
GSL_RNG_TYPE=mrg
GSL_RNG_SEED=174

real	0m0.100s
user	0m0.074s
sys	0m0.008s
GSL_RNG_TYPE=mrg
GSL_RNG_SEED=123

real	8m19.523s
user	8m18.991s
sys	0m0.009s

real	0m0.097s
user	0m0.077s
sys	0m0.005s

real	0m0.095s
user	0m0.079s
sys	0m0.003s

real	0m0.091s
user	0m0.076s
sys	0m0.003s
GSL_RNG_TYPE=mrg

GSL_RNG_TYPE=mrg
GSL_RNG_SEED=132
real	8m20.440s
user	8m19.858s
sys	0m0.013s
GSL_RNG_SEED=136
GSL_RNG_TYPE=mrg
GSL_RNG_SEED=188

real	0m0.089s
user	0m0.079s
sys	0m0.002s

real	8m21.285s
user	8m20.610s
sys	0m0.010s

real	8m21.730s
user	8m20.881s
sys	0m0.077s
GSL_RNG_TYPE=mrg
GSL_RNG_SEED=210

real	8m20.500s
user	8m19.808s
sys	0m0.042s

real	0m0.086s
user	0m0.075s
sys	0m0.005s
GSL_RNG_TYPE=mrg
GSL_RNG_SEED=141

real	0m0.089s
user	0m0.078s
sys	0m0.002s

real	0m0.095s
user	0m0.077s
sys	0m0.004s
GSL_RNG_TYPE=mrg
GSL_RNG_SEED=102
GSL_RNG_TYPE=mrg
GSL_RNG_SEED=113

real	0m0.091s
user	0m0.078s
sys	0m0.002s

real	8m20.210s
user	8m19.565s
sys	0m0.015s
GSL_RNG_TYPE=mrg
GSL_RNG_SEED=155

real	0m0.079s
user	0m0.068s
sys	0m0.009s
GSL_RNG_TYPE=mrg
GSL_RNG_SEED=169

real	8m21.632s
user	8m20.924s
sys	0m0.015s

real	8m20.829s
user	8m20.015s
sys	0m0.057s

real	0m0.254s
user	0m0.075s
sys	0m0.002s

real	0m0.319s
user	0m0.077s
sys	0m0.003s
GSL_RNG_TYPE=mrg
GSL_RNG_SEED=127
GSL_RNG_TYPE=mrg
GSL_RNG_SEED=118

real	8m22.419s
user	8m20.376s
sys	0m0.086s

real	8m21.883s
user	8m21.130s
sys	0m0.013s

real	0m0.088s
user	0m0.078s
sys	0m0.003s

real	0m0.085s
user	0m0.075s
sys	0m0.004s
GSL_RNG_TYPE=mrg
GSL_RNG_SEED=114
GSL_RNG_TYPE=mrg
GSL_RNG_SEED=101

real	8m20.130s
user	8m19.436s
sys	0m0.047s

real	0m0.089s
user	0m0.079s
sys	0m0.002s
GSL_RNG_TYPE=mrg
GSL_RNG_SEED=183

real	8m21.011s
user	8m20.351s
sys	0m0.017s

real	0m0.086s
user	0m0.077s
sys	0m0.003s
GSL_RNG_TYPE=mrg
GSL_RNG_SEED=170

real	8m21.677s
user	8m21.101s
sys	0m0.014s

real	0m0.089s
user	0m0.080s
sys	0m0.003s
GSL_RNG_TYPE=mrg
GSL_RNG_SEED=142

real	8m20.554s
user	8m19.921s
sys	0m0.017s

real	0m0.080s
user	0m0.078s
sys	0m0.001s
GSL_RNG_TYPE=mrg
GSL_RNG_SEED=189

real	8m22.969s
user	8m22.336s
sys	0m0.018s

real	0m0.087s
user	0m0.079s
sys	0m0.002s
GSL_RNG_TYPE=mrg
GSL_RNG_SEED=105

real	8m22.922s
user	8m22.198s
sys	0m0.017s

real	0m0.079s
user	0m0.076s
sys	0m0.003s
GSL_RNG_TYPE=mrg
GSL_RNG_SEED=120

real	8m23.144s
user	8m22.378s
sys	0m0.018s

real	0m0.078s
user	0m0.076s
sys	0m0.001s

GSL_RNG_TYPE=mrg
real	8m21.135s
GSL_RNG_SEED=119
user	8m20.604s
sys	0m0.014s

real	0m0.088s
user	0m0.073s
sys	0m0.008s
GSL_RNG_TYPE=mrg
GSL_RNG_SEED=211

real	8m21.701s
user	8m20.990s
sys	0m0.048s

real	8m22.301s
user	8m21.640s
sys	0m0.019s



real	0m0.096s
user	0m0.078s
real	8m22.272s
sys	0m0.005s

real	8m22.858s
user	8m22.229s
sys	0m0.013s
user	8m21.523s
sys	0m0.028s
real	8m22.315s

user	8m21.630s

real	8m21.402s
real	8m22.835s
user	8m20.724s

real	0m0.094s
user	0m0.074s
user	8m22.214s
GSL_RNG_TYPE=mrg
GSL_RNG_SEED=156
sys	0m0.016s
sys	0m0.023s
sys	0m0.011s
sys	0m0.008s


real	8m22.213s
user	8m21.546s
real	8m22.076s
sys	0m0.017s
user	8m21.486s
sys	0m0.011s
GSL_RNG_TYPE=mrg

real	0m0.089s
user	0m0.076s
GSL_RNG_SEED=161
sys	0m0.004s

real	0m0.092s
user	0m0.080s
sys	0m0.002s
GSL_RNG_TYPE=mrg
GSL_RNG_SEED=173
GSL_RNG_TYPE=mrg
GSL_RNG_SEED=134

real	0m0.095s
user	0m0.080s
sys	0m0.001s

real	0m0.103s
user	0m0.077s

real	0m0.103s
user	0m0.078s
sys	0m0.005s
sys	0m0.004s

real	0m0.102s
user	0m0.081s

real	0m0.106s
user	0m0.077s

real	8m22.993s
user	8m22.347s

sys	0m0.003s
sys	0m0.005s
sys	0m0.015s
real	8m22.866s
user	8m22.212s
GSL_RNG_TYPE=mrg
sys	0m0.015s
GSL_RNG_SEED=137

real	8m21.664s
user	8m19.926s
sys	0m0.045s
GSL_RNG_TYPE=mrg
GSL_RNG_SEED=191
GSL_RNG_TYPE=mrg
GSL_RNG_SEED=177
GSL_RNG_TYPE=mrg
GSL_RNG_SEED=162
GSL_RNG_TYPE=mrg
GSL_RNG_SEED=175

real	0m1.100s
user	0m0.076s
sys	0m0.004s

real	8m24.392s
user	8m23.059s
sys	0m0.061s


real	8m22.908s
real	8m22.731s
user	8m21.980s
user	8m21.184s
sys	0m0.015s
sys	0m0.016s

real	0m1.123s
user	0m0.076s
sys	0m0.004s

real	8m23.364s
user	8m21.784s
sys	0m0.016s

real	0m1.082s
user	0m0.072s
sys	0m0.007s

real	8m23.102s
user	8m21.417s
sys	0m0.014s

real	8m24.318s

user	8m23.119s
real	8m24.751s
sys	0m0.018s

user	8m23.481s
real	8m23.510s

sys	0m0.010s
real	8m24.158s
user	8m23.001s
sys	0m0.012s
user	8m22.496s
sys	0m0.014s

real	8m23.922s
user	8m22.241s
sys	0m0.008s

real	8m22.845s
user	8m21.454s
sys	0m0.014s

real	8m22.801s
user	8m21.929s
sys	0m0.014s
GSL_RNG_TYPE=mrg

real	0m0.102s
user	0m0.076s
sys	0m0.005s
GSL_RNG_SEED=135

real	8m24.243s
user	8m23.300s
sys	0m0.014s

real	8m23.212s
user	8m22.592s
sys	0m0.027s

real	0m0.108s
user	0m0.081s
GSL_RNG_TYPE=mrg
GSL_RNG_SEED=148
sys	0m0.002s
GSL_RNG_TYPE=mrg
GSL_RNG_SEED=184
GSL_RNG_TYPE=mrg
GSL_RNG_SEED=214
GSL_RNG_TYPE=mrg
GSL_RNG_SEED=128

real	0m0.151s
user	0m0.080s
sys	0m0.001s

real	0m0.179s
user	0m0.079s

real	0m0.156s
user	0m0.080s
sys	0m0.004s
sys	0m0.004s

real	0m0.115s
user	0m0.081s

real	0m0.120s
user	0m0.080s
GSL_RNG_TYPE=mrg
sys	0m0.002s
sys	0m0.001s
GSL_RNG_SEED=176

real	0m0.141s
user	0m0.072s
sys	0m0.005s

real	0m0.144s
user	0m0.076s
sys	0m0.004s
GSL_RNG_TYPE=mrg

real	0m0.156s
user	0m0.073s
GSL_RNG_TYPE=mrg
GSL_RNG_TYPE=mrg
sys	0m0.007s
GSL_RNG_SEED=192
GSL_RNG_SEED=131
GSL_RNG_SEED=121
GSL_RNG_TYPE=mrg

real	0m0.126s
user	0m0.075s
GSL_RNG_TYPE=mrg
sys	0m0.003s
GSL_RNG_SEED=190
GSL_RNG_SEED=163

real	0m0.181s
user	0m0.086s
sys	0m0.005s
GSL_RNG_TYPE=mrg
GSL_RNG_SEED=146
GSL_RNG_TYPE=mrg
GSL_RNG_SEED=133
GSL_RNG_TYPE=mrg
GSL_RNG_SEED=185

real	0m0.161s
user	0m0.077s
sys	0m0.007s
GSL_RNG_TYPE=mrg
GSL_RNG_SEED=160
GSL_RNG_TYPE=mrg
GSL_RNG_SEED=147

real	0m0.349s
user	0m0.081s
sys	0m0.001s
GSL_RNG_TYPE=mrg
GSL_RNG_SEED=212

real	8m24.782s
user	8m23.980s
sys	0m0.039s

real	8m23.764s
user	8m23.086s
sys	0m0.015s

real	8m24.560s
user	8m23.760s
sys	0m0.069s

real	0m0.095s
user	0m0.076s
sys	0m0.004s
GSL_RNG_TYPE=mrg
GSL_RNG_SEED=129

real	0m0.101s
user	0m0.082s
sys	0m0.004s
GSL_RNG_TYPE=mrg
GSL_RNG_SEED=171

real	8m25.197s
user	8m24.526s
sys	0m0.014s

real	0m0.090s
user	0m0.076s

sys	0m0.003s
real	8m23.578s
user	8m22.892s
sys	0m0.076s
GSL_RNG_TYPE=mrg
GSL_RNG_SEED=130

real	0m0.093s
user	0m0.079s
sys	0m0.005s

real	0m0.092s
user	0m0.079s
sys	0m0.004s
GSL_RNG_TYPE=mrg
GSL_RNG_SEED=116
GSL_RNG_TYPE=mrg
GSL_RNG_SEED=186

real	8m23.818s
user	8m23.053s
sys	0m0.074s

real	8m25.571s
user	8m24.925s
sys	0m0.019s

real	0m0.099s
user	0m0.079s
sys	0m0.001s

real	8m24.359s
user	8m23.722s
sys	0m0.017s

real	8m24.701s
user	8m24.118s
sys	0m0.009s
GSL_RNG_TYPE=mrg
GSL_RNG_SEED=158

real	0m0.088s
user	0m0.076s
sys	0m0.004s
GSL_RNG_TYPE=mrg
GSL_RNG_SEED=107

real	0m0.088s
user	0m0.077s
sys	0m0.003s

real	0m0.087s
user	0m0.074s
sys	0m0.005s
GSL_RNG_TYPE=mrg
GSL_RNG_SEED=172
GSL_RNG_TYPE=mrg
GSL_RNG_SEED=143

real	8m25.700s
user	8m24.942s
sys	0m0.017s

real	0m0.080s
user	0m0.079s
sys	0m0.001s
GSL_RNG_TYPE=mrg
GSL_RNG_SEED=115

real	8m24.369s
user	8m22.812s
sys	0m0.030s

real	0m0.085s
user	0m0.076s
sys	0m0.004s
GSL_RNG_TYPE=mrg
GSL_RNG_SEED=157

real	8m27.775s
user	8m27.105s
sys	0m0.022s

real	0m0.081s
user	0m0.077s
sys	0m0.003s
GSL_RNG_TYPE=mrg
GSL_RNG_SEED=106

real	8m26.220s
user	8m25.574s
sys	0m0.013s

real	0m0.083s
user	0m0.081s
sys	0m0.001s
GSL_RNG_TYPE=mrg
GSL_RNG_SEED=193

real	8m28.263s
user	8m27.694s
sys	0m0.015s

real	0m0.078s
user	0m0.075s
sys	0m0.002s
GSL_RNG_TYPE=mrg
GSL_RNG_SEED=144

real	6m24.844s
user	6m23.482s
sys	0m0.035s

real	0m0.078s
user	0m0.072s
sys	0m0.005s
GSL_RNG_TYPE=mrg
GSL_RNG_SEED=273

real	7m45.386s
user	7m44.658s
sys	0m0.042s

real	0m0.080s
user	0m0.077s
sys	0m0.002s
GSL_RNG_TYPE=mrg
GSL_RNG_SEED=240

real	7m46.824s
user	7m46.242s
sys	0m0.031s

real	0m0.078s
user	0m0.070s
sys	0m0.006s
GSL_RNG_TYPE=mrg
GSL_RNG_SEED=242

real	7m46.829s
user	7m46.176s
sys	0m0.087s

real	0m0.077s
user	0m0.076s
sys	0m0.000s
GSL_RNG_TYPE=mrg
GSL_RNG_SEED=241

real	7m57.155s
user	7m56.464s
sys	0m0.016s

real	0m0.088s
user	0m0.080s
sys	0m0.002s
GSL_RNG_TYPE=mrg
GSL_RNG_SEED=220

real	7m59.135s
user	7m58.440s
sys	0m0.021s

real	0m0.077s
user	0m0.074s
sys	0m0.002s
GSL_RNG_TYPE=mrg
GSL_RNG_SEED=221

real	7m59.754s
user	7m59.103s
sys	0m0.019s

real	0m0.075s
user	0m0.073s
sys	0m0.002s
GSL_RNG_TYPE=mrg
GSL_RNG_SEED=222

real	8m0.803s
user	8m0.069s
sys	0m0.016s

real	0m0.074s
user	0m0.071s
sys	0m0.002s
GSL_RNG_TYPE=mrg
GSL_RNG_SEED=223

real	8m13.873s
user	8m13.284s
sys	0m0.014s

real	0m0.110s
user	0m0.084s
sys	0m0.002s
GSL_RNG_TYPE=mrg
GSL_RNG_SEED=248

real	8m14.836s
user	8m14.184s
sys	0m0.012s

real	0m0.080s
user	0m0.077s
sys	0m0.002s
GSL_RNG_TYPE=mrg
GSL_RNG_SEED=230

real	8m15.317s
user	8m14.704s
sys	0m0.020s

real	0m0.083s
user	0m0.079s
sys	0m0.003s
GSL_RNG_TYPE=mrg
GSL_RNG_SEED=247

real	8m15.602s
user	8m14.998s
sys	0m0.013s

real	8m16.447s
user	8m15.844s
sys	0m0.014s

real	8m16.071s
user	8m15.396s
sys	0m0.015s

real	8m16.123s
user	8m15.450s
sys	0m0.019s

real	0m0.097s
user	0m0.078s
sys	0m0.007s

real	8m16.163s
user	8m15.553s
sys	0m0.011s
GSL_RNG_TYPE=mrg
GSL_RNG_SEED=268

real	0m0.123s
user	0m0.083s
sys	0m0.002s
GSL_RNG_TYPE=mrg
GSL_RNG_SEED=229

real	0m0.087s
user	0m0.078s
sys	0m0.002s
GSL_RNG_TYPE=mrg
GSL_RNG_SEED=237

real	0m0.086s
user	0m0.074s
sys	0m0.005s
GSL_RNG_TYPE=mrg
GSL_RNG_SEED=259

real	0m0.331s
user	0m0.073s
sys	0m0.002s
GSL_RNG_TYPE=mrg
GSL_RNG_SEED=236

real	8m16.632s
user	8m16.018s
sys	0m0.021s

real	8m16.885s
user	8m16.270s
sys	0m0.017s

real	0m0.079s
user	0m0.075s
sys	0m0.003s
GSL_RNG_TYPE=mrg
GSL_RNG_SEED=249

real	0m0.078s
user	0m0.073s
sys	0m0.003s
GSL_RNG_TYPE=mrg
GSL_RNG_SEED=246

real	8m16.896s
user	8m16.298s
sys	0m0.013s

real	0m0.081s
user	0m0.076s
sys	0m0.004s
GSL_RNG_TYPE=mrg
GSL_RNG_SEED=267

real	8m18.108s
user	8m16.529s
sys	0m0.017s

real	8m17.379s
user	8m16.772s
sys	0m0.020s

real	0m0.095s
user	0m0.069s
sys	0m0.012s

real	8m17.307s
user	8m16.702s
sys	0m0.019s
GSL_RNG_TYPE=mrg
GSL_RNG_SEED=225

real	0m0.081s
user	0m0.078s
sys	0m0.001s
GSL_RNG_TYPE=mrg
GSL_RNG_SEED=269

real	8m17.867s
user	8m17.237s
sys	0m0.018s

real	0m0.093s
user	0m0.078s
sys	0m0.003s
GSL_RNG_TYPE=mrg
GSL_RNG_SEED=258

real	0m0.102s
user	0m0.077s
sys	0m0.004s
GSL_RNG_TYPE=mrg
GSL_RNG_SEED=250

real	8m18.226s
user	8m17.563s
sys	0m0.017s

real	0m0.081s
user	0m0.077s
sys	0m0.003s
GSL_RNG_TYPE=mrg
GSL_RNG_SEED=228

real	8m18.280s
user	8m17.662s
sys	0m0.022s

real	8m18.666s
user	8m18.069s
sys	0m0.014s

real	0m0.090s
user	0m0.077s
sys	0m0.004s
GSL_RNG_TYPE=mrg
GSL_RNG_SEED=260

real	8m18.500s
user	8m17.831s
sys	0m0.015s

real	0m0.098s
user	0m0.081s
sys	0m0.000s
GSL_RNG_TYPE=mrg
GSL_RNG_SEED=245

real	8m18.940s
user	8m18.325s
sys	0m0.016s

real	0m0.092s
user	0m0.078s
sys	0m0.003s
GSL_RNG_TYPE=mrg
GSL_RNG_SEED=227

real	0m0.081s
user	0m0.074s
sys	0m0.002s
GSL_RNG_TYPE=mrg
GSL_RNG_SEED=243

real	8m18.778s
user	8m18.073s
sys	0m0.015s

real	8m19.204s
user	8m18.560s
sys	0m0.012s

real	0m0.081s
user	0m0.063s
sys	0m0.017s
GSL_RNG_TYPE=mrg
GSL_RNG_SEED=232

real	0m0.075s
user	0m0.072s
sys	0m0.002s

real	8m18.677s
user	8m18.084s
sys	0m0.020s
GSL_RNG_TYPE=mrg
GSL_RNG_SEED=226


real	8m19.275s
user	8m18.400s
sys	0m0.027s
real	8m18.737s
user	8m18.002s
sys	0m0.019s

real	8m19.639s
user	8m18.717s
sys	0m0.036s

real	0m0.184s
user	0m0.078s
sys	0m0.003s

real	8m18.623s
user	8m17.952s
sys	0m0.011s
GSL_RNG_TYPE=mrg
GSL_RNG_SEED=265

real	8m19.178s
user	8m18.314s
sys	0m0.019s

real	0m0.094s
user	0m0.079s

real	0m0.095s
user	0m0.079s
sys	0m0.003s
sys	0m0.007s

real	0m0.087s
user	0m0.076s
sys	0m0.004s

real	0m0.095s
user	0m0.078s
sys	0m0.004s
GSL_RNG_TYPE=mrg
GSL_RNG_SEED=263
GSL_RNG_TYPE=mrg
GSL_RNG_SEED=224
GSL_RNG_TYPE=mrg
GSL_RNG_TYPE=mrg
GSL_RNG_SEED=266
GSL_RNG_SEED=252

real	0m0.088s
user	0m0.079s
sys	0m0.001s
GSL_RNG_TYPE=mrg
GSL_RNG_SEED=238

real	8m19.041s
user	8m18.444s
sys	0m0.019s

real	0m0.080s
user	0m0.074s
sys	0m0.005s
GSL_RNG_TYPE=mrg
GSL_RNG_SEED=270

real	8m19.276s
user	8m18.654s
sys	0m0.023s

real	8m19.782s
user	8m19.113s
sys	0m0.035s

real	0m0.077s
user	0m0.073s
sys	0m0.003s
GSL_RNG_TYPE=mrg
GSL_RNG_SEED=257

real	0m0.079s
user	0m0.076s
sys	0m0.002s
GSL_RNG_TYPE=mrg
GSL_RNG_SEED=261

real	8m20.091s
user	8m19.486s
sys	0m0.010s

real	0m0.081s
user	0m0.074s
sys	0m0.005s

GSL_RNG_TYPE=mrg
real	8m20.192s
GSL_RNG_SEED=251
user	8m19.446s
sys	0m0.016s

real	0m0.087s
user	0m0.079s
sys	0m0.003s
GSL_RNG_TYPE=mrg
GSL_RNG_SEED=235

real	8m20.610s
user	8m19.930s
sys	0m0.038s

real	0m0.074s
user	0m0.071s
sys	0m0.003s
GSL_RNG_TYPE=mrg
GSL_RNG_SEED=231

real	8m21.022s
user	8m20.291s
sys	0m0.023s

real	0m0.138s
user	0m0.079s
sys	0m0.002s
GSL_RNG_TYPE=mrg
GSL_RNG_SEED=233

real	8m20.567s
user	8m19.937s
sys	0m0.024s

real	0m0.198s
user	0m0.074s
sys	0m0.004s
GSL_RNG_TYPE=mrg
GSL_RNG_SEED=271

real	8m21.660s
user	8m21.043s
sys	0m0.015s

real	8m21.660s
user	8m20.959s
sys	0m0.017s

real	0m0.106s
user	0m0.082s
sys	0m0.004s
GSL_RNG_TYPE=mrg
GSL_RNG_SEED=244

real	0m0.087s
user	0m0.075s
sys	0m0.004s
GSL_RNG_TYPE=mrg
GSL_RNG_SEED=234

real	8m21.758s
user	8m21.123s
sys	0m0.009s

real	0m0.088s
user	0m0.081s
sys	0m0.001s
GSL_RNG_TYPE=mrg
GSL_RNG_SEED=254

real	8m21.303s
user	8m20.709s
sys	0m0.012s

real	8m21.744s
user	8m21.006s
sys	0m0.017s

real	8m21.527s
user	8m20.866s
sys	0m0.021s

real	0m0.087s
user	0m0.078s
sys	0m0.001s

real	0m0.142s
user	0m0.076s
sys	0m0.004s
GSL_RNG_TYPE=mrg
GSL_RNG_SEED=239
GSL_RNG_TYPE=mrg
GSL_RNG_SEED=264

real	0m0.131s
user	0m0.085s
sys	0m0.001s
GSL_RNG_TYPE=mrg
GSL_RNG_SEED=262

real	8m21.820s
user	8m21.182s
sys	0m0.009s

real	0m0.080s
user	0m0.076s
sys	0m0.003s
GSL_RNG_TYPE=mrg
GSL_RNG_SEED=255

real	8m23.147s
user	8m22.531s
sys	0m0.019s

real	0m0.086s
user	0m0.072s
sys	0m0.006s
GSL_RNG_TYPE=mrg
GSL_RNG_SEED=256

real	8m25.363s
user	8m24.711s
sys	0m0.014s

real	0m0.074s
user	0m0.071s
sys	0m0.002s
GSL_RNG_TYPE=mrg
GSL_RNG_SEED=253

real	8m28.012s
user	8m27.410s
sys	0m0.014s

real	0m0.077s
user	0m0.073s
sys	0m0.003s
GSL_RNG_TYPE=mrg
GSL_RNG_SEED=272

real	8m4.808s
user	8m4.050s
sys	0m0.015s

real	0m0.124s
user	0m0.073s
sys	0m0.004s
GSL_RNG_TYPE=mrg
GSL_RNG_SEED=279

real	8m6.659s
user	8m5.879s
sys	0m0.068s

real	0m0.077s
user	0m0.074s
sys	0m0.002s
GSL_RNG_TYPE=mrg
GSL_RNG_SEED=280

real	8m7.540s
user	8m5.592s
sys	0m0.057s

real	0m0.082s
user	0m0.075s
sys	0m0.002s
GSL_RNG_TYPE=mrg
GSL_RNG_SEED=281

real	8m9.100s
user	8m8.425s
sys	0m0.013s

real	0m0.086s
user	0m0.078s
sys	0m0.002s
GSL_RNG_TYPE=mrg
GSL_RNG_SEED=282

real	8m10.226s
user	8m9.605s
sys	0m0.012s

real	0m0.074s
user	0m0.072s
sys	0m0.001s
GSL_RNG_TYPE=mrg
GSL_RNG_SEED=283

real	8m10.356s
user	8m9.779s
sys	0m0.013s

real	0m0.074s
user	0m0.071s
sys	0m0.003s
GSL_RNG_TYPE=mrg
GSL_RNG_SEED=284

real	8m12.283s
user	8m11.660s
sys	0m0.018s

real	0m0.074s
user	0m0.071s
sys	0m0.002s
GSL_RNG_TYPE=mrg
GSL_RNG_SEED=285

real	8m12.665s
user	8m12.042s
sys	0m0.017s

real	0m0.081s
user	0m0.074s
sys	0m0.005s
GSL_RNG_TYPE=mrg
GSL_RNG_SEED=276

real	8m14.442s
user	8m12.973s
sys	0m0.020s

real	0m0.078s
user	0m0.076s
sys	0m0.001s
GSL_RNG_TYPE=mrg
GSL_RNG_SEED=274

real	8m15.596s
user	8m14.971s
sys	0m0.019s

real	0m0.078s
user	0m0.074s
sys	0m0.002s
GSL_RNG_TYPE=mrg
GSL_RNG_SEED=275

real	8m16.185s
user	8m15.571s
sys	0m0.015s

real	0m0.092s
user	0m0.077s
sys	0m0.003s
GSL_RNG_TYPE=mrg
GSL_RNG_SEED=278

real	8m16.362s
user	8m15.745s
sys	0m0.012s

real	0m0.077s
user	0m0.073s
sys	0m0.003s
GSL_RNG_TYPE=mrg
GSL_RNG_SEED=277

real	8m12.640s
user	8m12.184s
sys	0m0.014s

real	0m0.081s
user	0m0.075s
sys	0m0.005s
GSL_RNG_TYPE=mrg
GSL_RNG_SEED=288

real	8m14.248s
user	8m13.591s
sys	0m0.127s

real	0m0.078s
user	0m0.074s
sys	0m0.003s
GSL_RNG_TYPE=mrg
GSL_RNG_SEED=289

real	8m16.068s
user	8m15.579s
sys	0m0.010s

real	0m0.080s
user	0m0.074s
sys	0m0.004s
GSL_RNG_TYPE=mrg
GSL_RNG_SEED=286

real	8m16.229s
user	8m15.734s
sys	0m0.031s

real	0m0.079s
user	0m0.073s
sys	0m0.005s
GSL_RNG_TYPE=mrg
GSL_RNG_SEED=290

real	8m18.591s
user	8m18.133s
sys	0m0.013s

real	0m0.077s
user	0m0.074s
sys	0m0.002s
GSL_RNG_TYPE=mrg
GSL_RNG_SEED=287

real	8m19.614s
user	8m19.027s
sys	0m0.101s

real	0m0.077s
user	0m0.073s
sys	0m0.003s
GSL_RNG_TYPE=mrg
GSL_RNG_SEED=291

real	6m48.798s
user	6m48.427s
sys	0m0.013s

real	0m0.078s
user	0m0.075s
sys	0m0.002s
GSL_RNG_TYPE=mrg
GSL_RNG_SEED=299

real	6m51.335s
user	6m50.971s
sys	0m0.011s

real	0m0.078s
user	0m0.070s
sys	0m0.007s
GSL_RNG_TYPE=mrg
GSL_RNG_SEED=300

real	8m15.240s
user	8m14.692s
sys	0m0.014s

real	0m0.078s
user	0m0.074s
sys	0m0.003s
GSL_RNG_TYPE=mrg
GSL_RNG_SEED=296

real	8m15.584s
user	8m14.884s
sys	0m0.044s

real	0m0.077s
user	0m0.072s
sys	0m0.004s
GSL_RNG_TYPE=mrg
GSL_RNG_SEED=297

real	8m15.811s
user	8m15.167s
sys	0m0.031s

real	0m0.078s
user	0m0.075s
sys	0m0.002s
GSL_RNG_TYPE=mrg
GSL_RNG_SEED=294

real	8m16.736s
user	8m15.729s
sys	0m0.028s

real	0m0.078s
user	0m0.068s
sys	0m0.009s
GSL_RNG_TYPE=mrg
GSL_RNG_SEED=295

real	8m19.201s
user	8m18.592s
sys	0m0.024s

real	0m0.078s
user	0m0.071s
sys	0m0.006s
GSL_RNG_TYPE=mrg
GSL_RNG_SEED=293

real	8m20.051s
user	8m19.559s
sys	0m0.011s

real	0m0.076s
user	0m0.072s
sys	0m0.003s
GSL_RNG_TYPE=mrg
GSL_RNG_SEED=292

real	8m20.484s
user	8m19.582s
sys	0m0.041s

real	0m0.362s
user	0m0.074s
sys	0m0.003s
GSL_RNG_TYPE=mrg
GSL_RNG_SEED=298

real	7m51.755s
user	7m51.109s
sys	0m0.050s

real	7m54.443s
user	7m53.804s
sys	0m0.017s

real	8m11.745s
user	8m11.074s
sys	0m0.031s

real	8m5.919s
user	8m5.261s
sys	0m0.017s

real	8m17.056s
user	8m16.408s
sys	0m0.047s

real	8m12.668s
user	8m11.968s
sys	0m0.035s

real	8m19.962s
user	8m19.317s
sys	0m0.017s

real	7m23.118s
user	7m22.470s
sys	0m0.023s

real	8m20.334s
user	8m19.618s
sys	0m0.015s

real	8m21.539s
user	8m20.832s
sys	0m0.015s

real	8m21.667s
user	8m20.971s
sys	0m0.014s

real	8m26.603s
user	8m25.765s
sys	0m0.036s

real	8m22.324s
user	8m21.482s
sys	0m0.148s

real	8m27.142s
user	8m26.514s
sys	0m0.022s

real	8m15.213s
user	8m14.632s
sys	0m0.025s

real	8m19.945s
user	8m19.253s
sys	0m0.036s

real	8m22.323s
user	8m21.684s
sys	0m0.027s

real	8m38.248s
user	8m37.416s
sys	0m0.057s

real	8m24.073s
user	8m23.374s
sys	0m0.024s

real	8m18.727s
user	8m17.964s
sys	0m0.020s

real	8m24.838s
user	8m24.214s
sys	0m0.023s

real	8m27.906s
user	8m27.226s
sys	0m0.028s

real	8m26.769s
user	8m26.059s
sys	0m0.021s

real	8m25.888s
user	8m25.223s
sys	0m0.029s

real	8m27.780s
user	8m27.081s
sys	0m0.024s

real	8m28.210s
user	8m27.524s
sys	0m0.025s

real	8m28.684s
user	8m28.074s
sys	0m0.017s

real	8m29.507s
user	8m28.951s
sys	0m0.036s

real	8m31.650s
user	8m30.958s
sys	0m0.027s

real	8m29.538s
user	8m28.829s
sys	0m0.019s

real	8m28.237s
user	8m27.621s
sys	0m0.025s

real	8m29.733s
user	8m29.033s
sys	0m0.025s

real	8m29.805s
user	8m29.230s
sys	0m0.052s

real	8m30.435s
user	8m29.681s
sys	0m0.023s

real	8m30.893s
user	8m30.154s
sys	0m0.026s

real	8m29.198s
user	8m28.576s
sys	0m0.054s

real	8m30.505s
user	8m29.752s
sys	0m0.020s

real	8m30.841s
user	8m30.233s
sys	0m0.017s

real	8m30.489s
user	8m29.768s
sys	0m0.014s

real	8m30.467s
user	8m29.736s
sys	0m0.083s

real	8m31.092s
user	8m30.427s
sys	0m0.024s

real	8m31.497s
user	8m30.781s
sys	0m0.021s

real	8m34.448s
user	8m33.678s
sys	0m0.021s

real	8m35.527s
user	8m34.834s
sys	0m0.016s

real	8m32.062s
user	8m31.326s
sys	0m0.020s

real	8m32.525s
user	8m31.798s
sys	0m0.038s

real	8m30.723s
user	8m30.052s
sys	0m0.049s

real	8m32.261s
user	8m31.589s
sys	0m0.019s

real	8m32.359s
user	8m31.657s
sys	0m0.016s

real	8m33.133s
user	8m32.387s
sys	0m0.027s

real	8m32.770s
user	8m32.003s
sys	0m0.097s

real	8m31.440s
user	8m30.674s
sys	0m0.038s

real	8m33.721s
user	8m33.025s
sys	0m0.026s

real	8m38.158s
user	8m37.471s
sys	0m0.016s

real	8m40.443s
user	8m39.875s
sys	0m0.023s

real	8m37.817s
user	8m37.125s
sys	0m0.018s

real	8m31.577s
user	8m30.863s
sys	0m0.014s

real	8m34.129s
user	8m32.503s
sys	0m0.028s

real	8m34.370s
user	8m32.554s
sys	0m0.031s

real	8m35.613s
user	8m34.934s
sys	0m0.021s

real	8m35.183s
user	8m34.304s
sys	0m0.126s

real	8m37.580s
user	8m36.909s
sys	0m0.016s

real	8m36.375s
user	8m35.725s
sys	0m0.024s

real	8m36.282s
user	8m35.563s
sys	0m0.033s

real	8m35.085s
user	8m34.305s
sys	0m0.019s

real	8m32.291s
user	8m31.609s
sys	0m0.016s

real	8m39.084s
user	8m38.303s
sys	0m0.029s

real	8m38.202s
user	8m37.513s
sys	0m0.020s

real	8m43.252s
user	8m42.692s
sys	0m0.022s

real	8m39.620s
user	8m38.972s
sys	0m0.029s

real	8m35.707s
user	8m34.959s
sys	0m0.129s

real	8m36.857s
user	8m35.000s
sys	0m0.117s

real	8m36.822s
user	8m35.818s
sys	0m0.148s

real	8m43.417s
user	8m42.711s
sys	0m0.023s

real	8m41.646s
user	8m40.538s
sys	0m0.045s

real	8m37.441s
user	8m36.518s
sys	0m0.035s

real	8m41.333s
user	8m40.641s
sys	0m0.014s

real	8m40.478s
user	8m39.718s
sys	0m0.021s

real	8m40.836s
user	8m39.969s
sys	0m0.067s

real	8m43.091s
user	8m42.377s
sys	0m0.028s

real	8m43.642s
user	8m42.880s
sys	0m0.062s

real	8m43.933s
user	8m43.190s
sys	0m0.026s

real	8m40.887s
user	8m39.260s
sys	0m0.020s

real	8m41.179s
user	8m40.462s
sys	0m0.029s

real	8m40.295s
user	8m39.395s
sys	0m0.110s

real	8m41.036s
user	8m40.390s
sys	0m0.037s

real	8m45.902s
user	8m45.178s
sys	0m0.019s

real	8m45.442s
user	8m44.741s
sys	0m0.019s

real	8m40.349s
user	8m39.576s
sys	0m0.053s

real	8m45.416s
user	8m44.720s
sys	0m0.029s

real	8m47.261s
user	8m46.497s
sys	0m0.023s

real	8m41.963s
user	8m41.177s
sys	0m0.027s

real	8m43.413s
user	8m42.724s
sys	0m0.024s

real	8m47.956s
user	8m47.381s
sys	0m0.024s

real	8m42.101s
user	8m41.305s
sys	0m0.019s

real	8m45.037s
user	8m43.179s
sys	0m0.033s

real	8m43.010s
user	8m42.280s
sys	0m0.022s

real	8m43.978s
user	8m43.328s
sys	0m0.024s

real	8m44.094s
user	8m43.355s
sys	0m0.025s

real	8m47.830s
user	8m47.069s
sys	0m0.023s

real	8m43.703s
user	8m42.948s
sys	0m0.025s

real	8m49.223s
user	8m48.537s
sys	0m0.023s

real	8m46.666s
user	8m45.816s
sys	0m0.021s

real	8m44.453s
user	8m43.734s
sys	0m0.016s

real	8m44.918s
user	8m44.184s
sys	0m0.026s

real	8m47.161s
user	8m46.454s
sys	0m0.009s

real	8m40.808s
user	8m40.108s
sys	0m0.022s

real	8m48.000s
user	8m47.261s
sys	0m0.023s

real	8m49.788s
user	8m48.995s
sys	0m0.034s

real	8m47.376s
user	8m46.535s
sys	0m0.018s

real	8m46.860s
user	8m46.089s
sys	0m0.029s

real	8m50.531s
user	8m49.712s
sys	0m0.060s

real	8m46.967s
user	8m46.287s
sys	0m0.019s

real	8m46.709s
user	8m45.722s
sys	0m0.125s

real	8m47.713s
user	8m46.932s
sys	0m0.036s

real	8m47.606s
user	8m46.943s
sys	0m0.021s

real	8m46.170s
user	8m45.438s
sys	0m0.021s

real	8m52.993s
user	8m52.313s
sys	0m0.039s

real	8m50.714s
user	8m49.101s
sys	0m0.034s

real	8m51.212s
user	8m50.443s
sys	0m0.018s

real	8m51.197s
user	8m50.419s
sys	0m0.028s

real	8m51.598s
user	8m49.911s
sys	0m0.025s

real	8m52.129s
user	8m51.355s
sys	0m0.033s

real	8m52.557s
user	8m51.723s
sys	0m0.031s

real	8m9.569s
user	8m8.830s
sys	0m0.178s

real	8m12.872s
user	8m12.319s
sys	0m0.027s

real	8m3.330s
user	8m2.701s
sys	0m0.024s

real	8m2.805s
user	8m2.181s
sys	0m0.021s

real	8m16.867s
user	8m16.207s
sys	0m0.011s

real	8m4.548s
user	8m3.894s
sys	0m0.022s

real	8m6.521s
user	8m5.794s
sys	0m0.020s

real	8m12.169s
user	8m11.493s
sys	0m0.027s

real	8m16.425s
user	8m15.826s
sys	0m0.027s

real	8m21.618s
user	8m20.993s
sys	0m0.019s

real	8m18.726s
user	8m18.129s
sys	0m0.024s

real	8m18.637s
user	8m17.993s
sys	0m0.014s

real	8m19.999s
user	8m19.356s
sys	0m0.019s

real	8m23.404s
user	8m22.729s
sys	0m0.020s

real	8m24.962s
user	8m24.340s
sys	0m0.021s

real	8m25.867s
user	8m25.223s
sys	0m0.026s

real	8m20.315s
user	8m19.574s
sys	0m0.020s

real	8m26.630s
user	8m25.986s
sys	0m0.020s

real	8m27.147s
user	8m26.532s
sys	0m0.014s

real	8m27.268s
user	8m26.621s
sys	0m0.032s

real	8m26.436s
user	8m25.169s
sys	0m0.021s

real	8m25.501s
user	8m24.724s
sys	0m0.032s

real	8m27.774s
user	8m27.096s
sys	0m0.020s

real	8m26.604s
user	8m25.763s
sys	0m0.024s

real	8m28.368s
user	8m27.691s
sys	0m0.024s

real	8m29.211s
user	8m27.887s
sys	0m0.024s

real	8m26.834s
user	8m26.170s
sys	0m0.032s

real	8m28.536s
user	8m27.749s
sys	0m0.021s

real	8m29.250s
user	8m28.573s
sys	0m0.029s

real	8m29.592s
user	8m28.941s
sys	0m0.047s

real	8m27.777s
user	8m27.075s
sys	0m0.020s

real	8m29.161s
user	8m28.443s
sys	0m0.021s

real	8m32.377s
user	8m31.754s
sys	0m0.018s

real	8m29.305s
user	8m28.638s
sys	0m0.028s

real	8m28.458s
user	8m27.788s
sys	0m0.030s

real	8m29.182s
user	8m28.469s
sys	0m0.034s

real	8m33.915s
user	8m33.232s
sys	0m0.023s

real	8m32.159s
user	8m31.491s
sys	0m0.059s

real	8m31.962s
user	8m31.303s
sys	0m0.025s

real	8m33.800s
user	8m33.098s
sys	0m0.035s

real	8m33.906s
user	8m33.145s
sys	0m0.022s

real	8m37.296s
user	8m36.657s
sys	0m0.020s

real	8m37.628s
user	8m36.906s
sys	0m0.026s

real	8m35.605s
user	8m34.932s
sys	0m0.022s

real	8m39.062s
user	8m38.399s
sys	0m0.023s

real	8m38.172s
user	8m37.525s
sys	0m0.020s

real	8m39.577s
user	8m38.901s
sys	0m0.016s

real	8m42.450s
user	8m41.598s
sys	0m0.041s

real	8m42.442s
user	8m41.829s
sys	0m0.019s

real	8m41.728s
user	8m41.080s
sys	0m0.022s

real	8m37.962s
user	8m37.254s
sys	0m0.027s

real	8m39.497s
user	8m38.772s
sys	0m0.018s

real	8m48.696s
user	8m48.049s
sys	0m0.019s

real	8m23.554s
user	8m21.490s
sys	0m0.145s

real	8m22.014s
user	8m21.351s
sys	0m0.011s

real	8m29.304s
user	8m28.627s
sys	0m0.018s

real	8m25.926s
user	8m25.185s
sys	0m0.027s

real	8m23.533s
user	8m22.734s
sys	0m0.018s

real	8m25.938s
user	8m25.236s
sys	0m0.015s

real	8m23.806s
user	8m23.155s
sys	0m0.032s

real	8m21.299s
user	8m20.704s
sys	0m0.020s

real	8m24.584s
user	8m23.937s
sys	0m0.022s

real	8m33.096s
user	8m32.238s
sys	0m0.098s

real	8m25.948s
user	8m25.189s
sys	0m0.024s

real	8m26.466s
user	8m25.752s
sys	0m0.022s

real	8m20.036s
user	8m19.503s
sys	0m0.021s

real	8m23.885s
user	8m23.082s
sys	0m0.124s

real	8m25.357s
user	8m24.831s
sys	0m0.022s

real	8m25.388s
user	8m24.862s
sys	0m0.028s

real	8m23.712s
user	8m23.183s
sys	0m0.026s

real	8m35.172s
user	8m34.389s
sys	0m0.100s

real	8m18.369s
user	8m17.704s
sys	0m0.019s

real	8m29.830s
user	8m29.140s
sys	0m0.025s

real	8m16.265s
user	8m15.695s
sys	0m0.047s

real	8m29.092s
user	8m28.497s
sys	0m0.028s

real	8m31.026s
user	8m30.519s
sys	0m0.017s

real	8m31.010s
user	8m30.436s
sys	0m0.016s

real	8m27.844s
user	8m27.213s
sys	0m0.017s

real	8m30.651s
user	8m30.103s
sys	0m0.028s

real	8m30.920s
user	8m30.276s
sys	0m0.056s
