GSL_RNG_TYPE=mrg
GSL_RNG_SEED=2493
GSL_RNG_TYPE=mrg
GSL_RNG_SEED=2490
GSL_RNG_TYPE=mrg
GSL_RNG_SEED=2483
GSL_RNG_TYPE=mrg
GSL_RNG_SEED=2480
GSL_RNG_TYPE=mrg
GSL_RNG_SEED=2491
GSL_RNG_TYPE=mrg
GSL_RNG_SEED=2485
GSL_RNG_TYPE=mrg
GSL_RNG_SEED=2479
GSL_RNG_TYPE=mrg
GSL_RNG_SEED=2484
GSL_RNG_TYPE=mrg
GSL_RNG_SEED=2498
GSL_RNG_TYPE=mrg
GSL_RNG_SEED=2494
GSL_RNG_TYPE=mrg
GSL_RNG_SEED=2492
GSL_RNG_TYPE=mrg
GSL_RNG_SEED=2488

real	5m55.630s
user	5m55.317s
sys	0m0.005s

real	0m0.020s
user	0m0.014s
sys	0m0.003s
GSL_RNG_TYPE=mrg
GSL_RNG_SEED=2405

real	5m48.870s
user	5m48.427s
sys	0m0.006s

real	0m0.019s
user	0m0.015s
sys	0m0.002s
GSL_RNG_TYPE=mrg
GSL_RNG_SEED=2415

real	5m50.908s
user	5m50.356s
sys	0m0.008s

real	0m0.036s
user	0m0.018s
sys	0m0.001s
GSL_RNG_TYPE=mrg
GSL_RNG_SEED=2416

real	5m55.479s
user	5m55.074s
sys	0m0.006s

real	0m0.019s
user	0m0.016s
sys	0m0.001s
GSL_RNG_TYPE=mrg
GSL_RNG_SEED=2414

real	5m55.757s
user	5m55.432s
sys	0m0.003s

real	0m0.041s
user	0m0.016s
sys	0m0.005s
GSL_RNG_TYPE=mrg
GSL_RNG_SEED=2420

real	5m56.295s
user	5m55.857s
sys	0m0.006s

real	0m0.021s
user	0m0.016s
sys	0m0.002s
GSL_RNG_TYPE=mrg
GSL_RNG_SEED=2413

real	5m56.429s
user	5m56.028s
sys	0m0.003s

real	0m0.030s
user	0m0.018s
sys	0m0.002s
GSL_RNG_TYPE=mrg
GSL_RNG_SEED=2417

real	5m57.022s
user	5m56.658s
sys	0m0.005s

real	0m0.020s
user	0m0.017s
sys	0m0.001s
GSL_RNG_TYPE=mrg
GSL_RNG_SEED=2408

real	5m57.200s
user	5m56.880s
sys	0m0.004s

real	0m0.032s
user	0m0.017s
sys	0m0.003s
GSL_RNG_TYPE=mrg
GSL_RNG_SEED=2421

real	5m58.066s
user	5m57.673s
sys	0m0.002s

real	0m0.019s
user	0m0.015s
sys	0m0.002s
GSL_RNG_TYPE=mrg
GSL_RNG_SEED=2418

real	5m58.202s
user	5m57.838s
sys	0m0.002s

real	0m0.021s
user	0m0.015s
sys	0m0.003s
GSL_RNG_TYPE=mrg
GSL_RNG_SEED=2412

real	5m58.697s
user	5m58.243s
sys	0m0.066s

real	0m0.034s
user	0m0.014s
sys	0m0.003s
GSL_RNG_TYPE=mrg
GSL_RNG_SEED=2419

real	5m58.785s
user	5m58.339s
sys	0m0.005s

real	0m0.021s
user	0m0.018s
sys	0m0.001s
GSL_RNG_TYPE=mrg
GSL_RNG_SEED=2410

real	5m58.770s
user	5m58.434s
sys	0m0.003s

real	0m0.019s
user	0m0.014s
sys	0m0.003s
GSL_RNG_TYPE=mrg
GSL_RNG_SEED=2411

real	5m59.443s
user	5m58.985s
sys	0m0.013s

real	0m0.018s
user	0m0.014s
sys	0m0.002s
GSL_RNG_TYPE=mrg
GSL_RNG_SEED=2409

real	5m59.434s
user	5m59.014s
sys	0m0.001s

real	0m0.020s
user	0m0.015s
sys	0m0.003s
GSL_RNG_TYPE=mrg
GSL_RNG_SEED=2406

real	6m9.652s
user	6m9.279s
sys	0m0.006s

real	0m0.022s
user	0m0.015s
sys	0m0.001s
GSL_RNG_TYPE=mrg
GSL_RNG_SEED=2407

real	5m56.178s
user	5m55.808s
sys	0m0.002s

real	0m0.040s
user	0m0.016s
sys	0m0.003s
GSL_RNG_TYPE=mrg
GSL_RNG_SEED=2429

real	5m56.617s
user	5m56.214s
sys	0m0.002s

real	0m0.034s
user	0m0.019s
sys	0m0.002s
GSL_RNG_TYPE=mrg
GSL_RNG_SEED=2438

real	5m58.505s
user	5m58.162s
sys	0m0.003s

real	5m57.126s
user	5m56.675s
sys	0m0.002s

real	0m0.038s
user	0m0.016s
sys	0m0.004s
GSL_RNG_TYPE=mrg
GSL_RNG_SEED=2437

real	5m58.036s
user	5m57.666s
sys	0m0.001s

real	5m56.597s
user	5m56.176s
sys	0m0.003s

real	0m0.038s
user	0m0.015s
sys	0m0.003s
GSL_RNG_TYPE=mrg
GSL_RNG_SEED=2424

real	5m58.155s
user	5m57.762s
sys	0m0.003s

real	0m0.021s
user	0m0.017s
sys	0m0.001s
GSL_RNG_TYPE=mrg
GSL_RNG_SEED=2434

real	5m58.834s
user	5m58.456s
sys	0m0.012s

real	0m0.020s
user	0m0.016s
sys	0m0.002s
GSL_RNG_TYPE=mrg
GSL_RNG_SEED=2427

real	5m58.809s
user	5m58.424s
sys	0m0.024s

real	0m0.030s
user	0m0.018s
sys	0m0.002s
GSL_RNG_TYPE=mrg
GSL_RNG_SEED=2432

real	5m58.808s
user	5m58.354s
sys	0m0.019s

real	0m0.021s
user	0m0.018s
sys	0m0.001s
GSL_RNG_TYPE=mrg
GSL_RNG_SEED=2425

real	5m58.883s
user	5m58.474s
sys	0m0.003s

real	0m0.017s
user	0m0.014s
sys	0m0.001s
GSL_RNG_TYPE=mrg
GSL_RNG_SEED=2428

real	6m0.125s
user	5m59.773s
sys	0m0.004s

real	0m0.022s
user	0m0.018s
sys	0m0.001s
GSL_RNG_TYPE=mrg

real	6m0.071s
user	5m59.737s
GSL_RNG_SEED=2430
sys	0m0.003s

real	6m0.192s
user	5m59.802s
sys	0m0.007s

real	5m59.386s
user	5m58.920s
sys	0m0.011s

real	0m0.022s
user	0m0.014s
sys	0m0.002s

real	0m0.023s
user	0m0.015s

real	0m0.020s
user	0m0.016s
sys	0m0.003s
sys	0m0.001s

real	6m0.121s
user	5m59.754s
sys	0m0.003s
GSL_RNG_TYPE=mrg
GSL_RNG_SEED=2436
GSL_RNG_TYPE=mrg
GSL_RNG_TYPE=mrg
GSL_RNG_SEED=2423
GSL_RNG_SEED=2422

real	0m0.035s
user	0m0.019s
sys	0m0.003s
GSL_RNG_TYPE=mrg
GSL_RNG_SEED=2431

real	5m59.712s
user	5m59.129s
sys	0m0.013s

real	0m0.020s
user	0m0.016s
sys	0m0.002s
GSL_RNG_TYPE=mrg
GSL_RNG_SEED=2426

real	6m0.720s
user	6m0.366s
sys	0m0.004s

real	0m0.021s
user	0m0.017s
sys	0m0.002s
GSL_RNG_TYPE=mrg
GSL_RNG_SEED=2433

real	6m0.766s
user	6m0.422s
sys	0m0.003s

real	0m0.016s
user	0m0.012s
sys	0m0.002s
GSL_RNG_TYPE=mrg
GSL_RNG_SEED=2435

real	5m55.066s
user	5m54.601s
sys	0m0.011s

real	0m0.032s
user	0m0.019s
sys	0m0.001s
GSL_RNG_TYPE=mrg
GSL_RNG_SEED=2441

real	5m55.048s
user	5m54.632s
sys	0m0.004s

real	0m0.021s
user	0m0.015s
sys	0m0.004s
GSL_RNG_TYPE=mrg
GSL_RNG_SEED=2464

real	5m58.234s
user	5m57.887s
sys	0m0.005s

real	0m0.022s
user	0m0.018s
sys	0m0.001s
GSL_RNG_TYPE=mrg
GSL_RNG_SEED=2440


real	5m58.524s
real	5m58.775s
user	5m58.378s
sys	0m0.002s
user	5m58.133s
sys	0m0.002s

real	0m0.036s
user	0m0.017s
sys	0m0.001s

real	0m0.037s
user	0m0.015s
sys	0m0.003s
GSL_RNG_TYPE=mrg
GSL_RNG_SEED=2443
GSL_RNG_TYPE=mrg
GSL_RNG_SEED=2448

real	5m58.767s
user	5m58.410s
sys	0m0.003s

real	0m0.019s
user	0m0.015s
sys	0m0.001s
GSL_RNG_TYPE=mrg
GSL_RNG_SEED=2450

real	5m59.011s
user	5m58.598s
sys	0m0.004s

real	0m0.049s
user	0m0.014s
sys	0m0.002s
GSL_RNG_TYPE=mrg
GSL_RNG_SEED=2454

real	5m59.349s
user	5m59.013s
sys	0m0.004s

real	0m0.020s
user	0m0.017s
sys	0m0.001s
GSL_RNG_TYPE=mrg
GSL_RNG_SEED=2439

real	5m59.057s
user	5m58.726s
sys	0m0.003s

real	0m0.020s
user	0m0.016s
sys	0m0.003s
GSL_RNG_TYPE=mrg
GSL_RNG_SEED=2462

real	5m59.293s
user	5m58.877s
sys	0m0.024s

real	0m0.018s
user	0m0.015s
sys	0m0.001s
GSL_RNG_TYPE=mrg
GSL_RNG_SEED=2457

real	5m59.488s
user	5m59.112s
sys	0m0.004s

real	0m0.020s
user	0m0.017s
sys	0m0.001s

real	5m59.571s
user	5m59.169s
sys	0m0.000s
GSL_RNG_TYPE=mrg
GSL_RNG_SEED=2449

real	0m0.019s
user	0m0.015s
sys	0m0.002s
GSL_RNG_TYPE=mrg
GSL_RNG_SEED=2451

real	5m59.686s
user	5m59.166s
sys	0m0.035s

real	0m0.020s
user	0m0.014s
sys	0m0.004s
GSL_RNG_TYPE=mrg
GSL_RNG_SEED=2458

real	5m59.688s
user	5m59.358s
sys	0m0.002s

real	0m0.015s
user	0m0.013s
sys	0m0.001s
GSL_RNG_TYPE=mrg
GSL_RNG_SEED=2463

real	5m59.939s
user	5m59.593s
sys	0m0.003s

real	6m0.019s
user	5m59.620s
sys	0m0.015s

real	6m3.681s
user	6m3.270s
sys	0m0.004s

real	0m0.033s
user	0m0.017s

real	0m0.018s
user	0m0.013s
sys	0m0.002s
sys	0m0.001s
GSL_RNG_TYPE=mrg
GSL_RNG_SEED=2453
GSL_RNG_TYPE=mrg
GSL_RNG_SEED=2447

real	6m0.253s
user	5m59.859s
sys	0m0.014s

real	0m0.037s
user	0m0.016s
sys	0m0.004s
GSL_RNG_TYPE=mrg
GSL_RNG_SEED=2445

real	6m0.181s
user	5m59.813s
sys	0m0.003s

real	0m0.018s
user	0m0.014s
sys	0m0.002s
GSL_RNG_TYPE=mrg
GSL_RNG_SEED=2452

real	6m0.495s
user	6m0.088s
sys	0m0.002s

real	0m0.021s
user	0m0.015s
sys	0m0.004s
GSL_RNG_TYPE=mrg
GSL_RNG_SEED=2455

real	6m0.539s
user	6m0.092s
sys	0m0.048s

real	6m0.558s
user	6m0.123s
sys	0m0.007s

real	0m0.032s
user	0m0.018s
sys	0m0.003s
GSL_RNG_TYPE=mrg
GSL_RNG_SEED=2461

real	0m0.017s
user	0m0.012s
sys	0m0.003s
GSL_RNG_TYPE=mrg
GSL_RNG_SEED=2459

real	6m0.879s
user	6m0.455s
sys	0m0.013s

real	0m0.017s
user	0m0.014s
sys	0m0.001s
GSL_RNG_TYPE=mrg
GSL_RNG_SEED=2460

real	6m1.390s
user	6m1.006s
sys	0m0.020s

real	0m0.020s
user	0m0.017s
sys	0m0.002s
GSL_RNG_TYPE=mrg
GSL_RNG_SEED=2446

real	6m6.206s
user	6m5.677s
sys	0m0.008s

real	0m0.035s
user	0m0.018s
sys	0m0.001s
GSL_RNG_TYPE=mrg
GSL_RNG_SEED=2442

real	6m7.063s
user	6m6.625s
sys	0m0.017s

real	0m0.035s
user	0m0.018s
sys	0m0.001s
GSL_RNG_TYPE=mrg
GSL_RNG_SEED=2444

real	6m11.489s
user	6m11.085s
sys	0m0.004s

real	0m0.021s
user	0m0.017s
sys	0m0.002s
GSL_RNG_TYPE=mrg
GSL_RNG_SEED=2456

real	6m0.081s
user	5m59.714s
sys	0m0.002s

real	6m0.383s
user	6m0.014s
sys	0m0.003s

real	6m1.100s
user	6m0.679s
sys	0m0.004s

real	6m0.545s
user	6m0.187s
sys	0m0.002s

real	6m2.278s
user	6m1.952s
sys	0m0.000s

real	6m1.599s
user	6m1.183s
sys	0m0.004s

real	5m56.524s
user	5m56.162s
sys	0m0.004s

real	0m0.022s
user	0m0.016s
sys	0m0.003s
GSL_RNG_TYPE=mrg
GSL_RNG_SEED=2479

real	5m57.254s
user	5m56.874s
sys	0m0.004s

real	0m0.037s
user	0m0.018s
sys	0m0.002s
GSL_RNG_TYPE=mrg
GSL_RNG_SEED=2492

real	5m57.624s
user	5m57.248s
sys	0m0.008s

real	0m0.018s
user	0m0.014s
sys	0m0.001s
GSL_RNG_TYPE=mrg
GSL_RNG_SEED=2493

real	6m4.550s
user	6m4.145s
sys	0m0.003s


real	6m2.001s
user	6m1.636s
real	5m57.901s
sys	0m0.004s
user	5m57.343s



sys	0m0.001s
real	5m57.964s
real	5m58.541s
real	5m58.769s
user	5m58.072s
user	5m57.448s
sys	0m0.003s
sys	0m0.004s
user	5m58.146s
sys	0m0.001s


real	5m58.986s
real	5m58.869s
user	5m58.354s
user	5m58.493s
sys	0m0.003s
sys	0m0.003s

real	0m0.027s
user	0m0.018s

real	0m0.028s
user	0m0.018s
sys	0m0.001s
sys	0m0.001s

real	0m0.028s
user	0m0.017s
sys	0m0.003s

real	0m0.024s
user	0m0.016s
sys	0m0.001s

real	0m0.037s
user	0m0.017s
sys	0m0.004s
GSL_RNG_TYPE=mrg
GSL_RNG_SEED=2491
GSL_RNG_TYPE=mrg
GSL_RNG_SEED=2478

real	0m0.037s
user	0m0.020s
sys	0m0.001s
GSL_RNG_TYPE=mrg
GSL_RNG_SEED=2475
GSL_RNG_TYPE=mrg
GSL_RNG_SEED=2467
GSL_RNG_TYPE=mrg
GSL_RNG_TYPE=mrg
GSL_RNG_SEED=2466
GSL_RNG_SEED=2490

real	5m58.494s
user	5m58.155s
sys	0m0.002s

real	0m0.017s
user	0m0.013s
sys	0m0.003s
GSL_RNG_TYPE=mrg
GSL_RNG_SEED=2495

real	5m59.505s
user	5m58.905s
sys	0m0.007s

real	6m3.552s
user	6m3.130s
sys	0m0.005s

real	5m58.799s
user	5m58.350s
sys	0m0.011s

real	0m0.042s
user	0m0.020s

real	0m0.029s
user	0m0.018s
sys	0m0.002s
sys	0m0.001s
GSL_RNG_TYPE=mrg
GSL_RNG_SEED=2474
GSL_RNG_TYPE=mrg
GSL_RNG_SEED=2465

real	5m59.088s
user	5m58.697s
sys	0m0.004s

real	0m0.022s
user	0m0.016s
sys	0m0.003s
GSL_RNG_TYPE=mrg
GSL_RNG_SEED=2486

real	5m59.209s
user	5m58.792s
sys	0m0.004s

real	0m0.019s
user	0m0.016s
sys	0m0.001s
GSL_RNG_TYPE=mrg
GSL_RNG_SEED=2477

real	5m59.328s
user	5m58.899s
sys	0m0.010s

real	0m0.022s
user	0m0.017s
sys	0m0.002s
GSL_RNG_TYPE=mrg
GSL_RNG_SEED=2499

real	5m59.572s
user	5m59.232s
sys	0m0.001s

real	0m0.022s
user	0m0.018s
sys	0m0.001s
GSL_RNG_TYPE=mrg
GSL_RNG_SEED=2472

real	5m59.355s
user	5m58.971s
sys	0m0.002s

real	0m0.022s
user	0m0.015s
sys	0m0.004s
GSL_RNG_TYPE=mrg
GSL_RNG_SEED=2489

real	5m59.442s
user	5m58.901s
sys	0m0.001s

real	0m0.036s
user	0m0.019s
sys	0m0.001s
GSL_RNG_TYPE=mrg
GSL_RNG_SEED=2496

real	6m0.096s
user	5m59.694s
sys	0m0.003s

real	0m0.021s
user	0m0.016s
sys	0m0.001s
GSL_RNG_TYPE=mrg
GSL_RNG_SEED=2476

real	6m0.211s
user	5m59.859s
sys	0m0.005s

real	5m59.784s
user	5m59.419s
sys	0m0.002s

real	5m59.357s
user	5m59.004s
sys	0m0.001s

real	0m0.025s
user	0m0.017s
sys	0m0.002s

real	0m0.022s
user	0m0.014s
sys	0m0.003s
GSL_RNG_TYPE=mrg
GSL_RNG_SEED=2469

real	0m0.036s
user	0m0.019s
sys	0m0.001s
GSL_RNG_TYPE=mrg
GSL_RNG_SEED=2497
GSL_RNG_TYPE=mrg
GSL_RNG_SEED=2498

real	6m0.446s
user	6m0.022s
sys	0m0.005s

real	0m0.021s
user	0m0.017s
sys	0m0.002s
GSL_RNG_TYPE=mrg
GSL_RNG_SEED=2473

real	5m59.668s
user	5m59.252s
sys	0m0.009s

real	5m59.684s
user	5m59.297s
sys	0m0.026s

real	0m0.021s
user	0m0.015s
sys	0m0.003s

real	0m0.017s
user	0m0.011s
sys	0m0.003s

real	5m59.697s
user	5m59.344s
sys	0m0.004s
GSL_RNG_TYPE=mrg
GSL_RNG_SEED=2485
GSL_RNG_TYPE=mrg
GSL_RNG_SEED=2484

real	0m0.024s
user	0m0.014s
sys	0m0.004s
GSL_RNG_TYPE=mrg
GSL_RNG_SEED=2494

real	6m0.726s

user	6m0.368s
real	5m59.870s
sys	0m0.005s
user	5m59.481s
sys	0m0.004s

real	0m0.026s
user	0m0.017s

real	0m0.026s
user	0m0.017s
sys	0m0.003s
sys	0m0.002s
GSL_RNG_TYPE=mrg
GSL_RNG_TYPE=mrg
GSL_RNG_SEED=2470
GSL_RNG_SEED=2488

real	6m0.732s
user	6m0.360s
sys	0m0.028s

real	0m0.019s
user	0m0.014s
sys	0m0.002s
GSL_RNG_TYPE=mrg
GSL_RNG_SEED=2482

real	6m0.923s
user	6m0.525s
sys	0m0.002s

real	0m0.020s
user	0m0.017s
sys	0m0.001s
GSL_RNG_TYPE=mrg
GSL_RNG_SEED=2471

real	6m7.009s
user	6m6.615s
sys	0m0.002s

real	6m1.170s
user	6m0.624s
sys	0m0.005s

real	0m0.021s
user	0m0.017s
sys	0m0.002s
GSL_RNG_TYPE=mrg
GSL_RNG_SEED=2468

real	6m0.941s
user	6m0.476s
sys	0m0.003s

real	6m0.340s
user	5m59.972s
sys	0m0.007s

real	0m0.030s
user	0m0.015s
sys	0m0.005s

real	0m0.024s
user	0m0.016s
sys	0m0.002s
GSL_RNG_TYPE=mrg
GSL_RNG_SEED=2500
GSL_RNG_TYPE=mrg
GSL_RNG_SEED=2483

real	6m9.584s
user	6m9.152s
sys	0m0.004s

real	6m7.266s
user	6m6.898s
sys	0m0.001s

real	6m9.466s
user	6m8.838s
sys	0m0.003s

real	6m2.114s
user	6m1.751s
sys	0m0.002s

real	0m0.021s
user	0m0.016s
sys	0m0.003s
GSL_RNG_TYPE=mrg
GSL_RNG_SEED=2480

real	6m5.987s
user	6m5.598s
sys	0m0.018s

real	0m0.017s
user	0m0.013s
sys	0m0.002s
GSL_RNG_TYPE=mrg
GSL_RNG_SEED=2481

real	6m11.310s
user	6m10.917s
sys	0m0.006s

real	6m11.347s
user	6m10.937s
sys	0m0.004s

real	6m13.120s
user	6m12.716s
sys	0m0.003s

real	6m7.675s
user	6m7.290s
sys	0m0.005s

real	0m0.020s
user	0m0.015s
sys	0m0.003s
GSL_RNG_TYPE=mrg
GSL_RNG_SEED=2487

real	6m15.888s
user	6m15.515s
sys	0m0.003s

real	6m3.104s
user	6m2.715s
sys	0m0.007s

real	6m0.678s
user	6m0.296s
sys	0m0.002s

real	6m1.335s
user	6m0.948s
sys	0m0.005s

real	6m2.115s
user	6m1.783s
sys	0m0.004s

real	6m10.095s
user	6m9.642s
sys	0m0.002s

real	6m0.926s
user	6m0.577s
sys	0m0.003s

real	6m1.033s
user	6m0.567s
sys	0m0.005s

real	6m2.451s
user	6m2.021s
sys	0m0.004s

real	6m1.589s
user	6m1.174s
sys	0m0.004s

real	6m9.525s
user	6m9.128s
sys	0m0.003s

real	6m3.980s
user	6m3.596s
sys	0m0.004s

real	6m3.441s
user	6m2.918s
sys	0m0.011s

real	6m9.479s
user	6m9.169s
sys	0m0.005s

real	6m11.027s
user	6m10.680s
sys	0m0.000s

real	6m13.099s
user	6m12.620s
sys	0m0.080s

real	6m14.173s
user	6m13.820s
sys	0m0.001s

real	6m12.157s
user	6m11.732s
sys	0m0.004s

real	6m0.957s
user	6m0.395s
sys	0m0.002s

real	6m2.121s
user	6m1.703s
sys	0m0.002s

real	6m2.667s
user	6m2.257s
sys	0m0.007s

real	6m0.961s
user	6m0.471s
sys	0m0.002s

real	6m4.110s
user	6m3.734s
sys	0m0.005s

real	6m6.887s
user	6m6.533s
sys	0m0.004s

real	6m4.056s
user	6m3.593s
sys	0m0.011s

real	6m3.652s
user	6m3.283s
sys	0m0.005s

real	6m4.638s
user	6m4.270s
sys	0m0.008s

real	6m5.573s
user	6m5.056s
sys	0m0.004s

real	6m9.150s
user	6m8.725s
sys	0m0.012s

real	6m11.755s
user	6m11.294s
sys	0m0.030s

real	6m14.941s
user	6m14.517s
sys	0m0.007s

real	6m14.785s
user	6m14.353s
sys	0m0.024s

real	6m16.696s
user	6m16.282s
sys	0m0.039s

real	6m16.211s
user	6m15.850s
sys	0m0.004s

real	6m17.264s
user	6m15.930s
sys	0m0.003s

real	6m2.717s
user	6m2.344s
sys	0m0.003s

real	6m4.597s
user	6m4.220s
sys	0m0.004s

real	6m4.332s
user	6m3.764s
sys	0m0.005s

real	6m4.632s
user	6m4.231s
sys	0m0.003s

real	6m4.067s
user	6m3.576s
sys	0m0.057s

real	6m4.304s
user	6m3.835s
sys	0m0.038s

real	6m5.014s
user	6m4.568s
sys	0m0.005s

real	6m5.861s
user	6m5.419s
sys	0m0.007s

real	6m4.499s
user	6m3.992s
sys	0m0.042s

real	6m5.093s
user	6m4.583s
sys	0m0.012s

real	6m7.239s
user	6m6.820s
sys	0m0.002s

real	6m6.793s
user	6m6.217s

real	6m6.633s
user	6m6.022s
sys	0m0.007s
sys	0m0.008s

real	6m13.201s
user	6m12.690s
sys	0m0.001s

real	6m13.567s
user	6m12.953s
sys	0m0.018s

real	6m9.521s
user	6m9.086s
sys	0m0.001s

real	6m8.182s
user	6m7.806s
sys	0m0.012s

real	6m10.635s
user	6m10.218s
sys	0m0.003s

real	6m5.626s
user	6m5.149s
sys	0m0.009s

real	6m4.723s
user	6m4.335s
sys	0m0.031s

real	6m14.526s
user	6m13.767s
sys	0m0.008s

real	6m13.997s
user	6m13.395s
sys	0m0.004s

real	6m14.162s
user	6m13.708s
sys	0m0.024s

real	6m14.882s
user	6m14.366s
sys	0m0.084s

real	6m4.776s
user	6m4.320s
sys	0m0.004s

real	6m18.015s
user	6m17.555s
sys	0m0.003s

real	6m1.955s
user	6m1.451s
sys	0m0.004s

real	6m2.642s
user	6m2.092s
sys	0m0.005s

real	6m2.610s
user	6m2.166s
sys	0m0.005s

real	6m3.464s
user	6m2.899s
sys	0m0.001s

real	6m3.985s
user	6m3.539s
sys	0m0.006s

real	6m1.979s
user	6m1.644s
sys	0m0.003s

real	6m3.998s
user	6m3.474s
sys	0m0.013s

real	6m4.475s
user	6m4.036s
sys	0m0.018s

real	6m4.703s
user	6m4.134s
sys	0m0.004s

real	6m5.175s
user	6m4.791s
sys	0m0.006s

real	6m4.448s
user	6m3.945s
sys	0m0.024s

real	6m5.172s
user	6m4.719s
sys	0m0.005s

real	6m5.373s
user	6m4.933s
sys	0m0.002s

real	6m4.683s
user	6m4.237s
sys	0m0.005s

real	6m5.389s
user	6m5.066s
sys	0m0.001s

real	6m4.707s
user	6m4.331s
sys	0m0.005s

real	6m5.855s
user	6m5.356s
sys	0m0.007s

real	6m8.965s
user	6m8.588s
sys	0m0.005s

real	6m5.949s
user	6m5.535s
sys	0m0.003s

real	6m5.337s
user	6m4.757s
sys	0m0.012s

real	6m9.166s
user	6m8.612s
sys	0m0.010s

real	6m8.985s
user	6m8.570s
sys	0m0.004s

real	6m9.696s
user	6m9.262s
sys	0m0.004s

real	6m10.923s
user	6m10.404s
sys	0m0.007s

real	6m10.414s
user	6m10.038s
sys	0m0.005s

real	6m4.567s
user	6m4.114s
sys	0m0.002s

real	6m13.784s
user	6m13.318s
sys	0m0.003s

real	6m12.356s
user	6m11.979s
sys	0m0.005s

real	6m15.665s
user	6m15.252s
sys	0m0.008s

real	6m12.423s
user	6m11.998s
sys	0m0.008s

real	6m15.037s
user	6m14.518s
sys	0m0.009s

real	6m15.362s
user	6m14.923s
sys	0m0.003s

real	6m15.424s
user	6m15.017s
sys	0m0.004s

real	6m14.636s
user	6m14.277s

real	6m9.554s
user	6m9.197s
sys	0m0.020s
sys	0m0.008s

real	6m16.366s
user	6m15.832s
sys	0m0.071s
