/scratch/midway2/diegoortega/PopExpansionMouse/OutputSmall.89.resampledsfs.txt
/scratch/midway2/diegoortega/PopExpansionMouse/OutputSmall.93.resampledsfs.txt
/scratch/midway2/diegoortega/PopExpansionMouse/OutputSmall.99.resampledsfs.txt
/scratch/midway2/diegoortega/PopExpansionMouse/OutputSmall.96.resampledsfs.txt
/scratch/midway2/diegoortega/PopExpansionMouse/OutputSmall.90.resampledsfs.txt
/scratch/midway2/diegoortega/PopExpansionMouse/OutputSmall.98.resampledsfs.txt
/scratch/midway2/diegoortega/PopExpansionMouse/OutputSmall.92.resampledsfs.txt
/scratch/midway2/diegoortega/PopExpansionMouse/OutputSmall.88.resampledsfs.txt
/scratch/midway2/diegoortega/PopExpansionMouse/OutputSmall.95.resampledsfs.txt
2       , -477.682    , array([ 0.165936   ,  588.543    ])
4       , -346.929    , array([ 0.415751   ,  897.787    ])
6       , -346.877    , array([ 0.415751   ,  898.686    ])
10      , -346.929    , array([ 0.415751   ,  897.789    ])
12      , -346.877    , array([ 0.415751   ,  898.688    ])
14      , -346.994    , array([ 0.415335   ,  897.834    ])
16      , -321.671    , array([ 0.390187   ,  12478.7    ])
18      , -321.705    , array([ 0.390187   ,  12491.2    ])
20      , -288.704    , array([ 0.237215   ,  42949.1    ])
26      , -288.704    , array([ 0.237215   ,  42949.1    ])
28      , -288.741    , array([ 0.237452   ,  42949.1    ])
30      , -288.745    , array([ 0.237452   ,  42992.1    ])
34      , -288.741    , array([ 0.237452   ,  42949.1    ])
36      , -288.745    , array([ 0.237452   ,  42992.1    ])
38      , -288.704    , array([ 0.237215   ,  42949.1    ])
44      , -288.704    , array([ 0.237215   ,  42949.1    ])
46      , -288.741    , array([ 0.237452   ,  42949.1    ])
48      , -288.745    , array([ 0.237452   ,  42992.1    ])
50      , -288.072    , array([ 0.230147   ,  47424.2    ])
56      , -288.072    , array([ 0.230147   ,  47424.2    ])
58      , -288.103    , array([ 0.230378   ,  47424.2    ])
60      , -288.107    , array([ 0.230378   ,  47471.6    ])
64      , -288.103    , array([ 0.230378   ,  47424.2    ])
66      , -288.107    , array([ 0.230378   ,  47471.6    ])
68      , -288.072    , array([ 0.230147   ,  47424.2    ])
74      , -288.072    , array([ 0.230147   ,  47424.2    ])
76      , -288.103    , array([ 0.230378   ,  47424.2    ])
78      , -288.107    , array([ 0.230378   ,  47471.6    ])
80      , -287.914    , array([ 0.228128   ,  48927.7    ])
82      , -287.842    , array([ 0.227032   ,  49946      ])
84      , -287.845    , array([ 0.227032   ,  49996      ])
88      , -287.842    , array([ 0.227032   ,  49946      ])
90      , -287.845    , array([ 0.227032   ,  49996      ])
92      , -287.814    , array([ 0.226805   ,  49946      ])
98      , -287.814    , array([ 0.226805   ,  49946      ])
104     , -287.814    , array([ 0.226805   ,  49946      ])
106     , -287.842    , array([ 0.227032   ,  49946      ])
108     , -287.845    , array([ 0.227032   ,  49996      ])
110     , -287.814    , array([ 0.226805   ,  49946      ])
112     , -287.842    , array([ 0.227032   ,  49946      ])
114     , -287.845    , array([ 0.227032   ,  49996      ])
116     , -287.814    , array([ 0.226805   ,  49946      ])
118     , -287.842    , array([ 0.227032   ,  49946      ])
120     , -287.845    , array([ 0.227032   ,  49996      ])
124     , -287.943    , array([ 0.228356   ,  48927.7    ])
126     , -287.946    , array([ 0.228356   ,  48976.6    ])
128     , -287.838    , array([ 0.227125   ,  49697.2    ])
132     , -287.819    , array([ 0.226875   ,  49891.5    ])
134     , -287.837    , array([ 0.226977   ,  49988.9    ])
138     , -287.84     , array([ 0.227006   ,  49966.3    ])
140     , -287.838    , array([ 0.226983   ,  49984.6    ])
[-288.1030446472754, array([2.30377553e-01, 4.74241624e+04])]
2       , -359.7      , array([ 0.26712    ,  1302.41    ])
4       , -368.67     , array([ 0.670323   ,  1979.92    ])
6       , -368.724    , array([ 0.670323   ,  1981.9     ])
8       , -316.995    , array([ 0.425456   ,  1610.17    ])
14      , -316.995    , array([ 0.425456   ,  1610.18    ])
16      , -316.988    , array([ 0.425881   ,  1610.18    ])
18      , -316.964    , array([ 0.425881   ,  1611.79    ])
20      , -293.177    , array([ 0.258178   ,  11010      ])
22      , -290.356    , array([ 0.250842   ,  19485.9    ])
24      , -290.356    , array([ 0.250842   ,  19505.4    ])
26      , -288.565    , array([ 0.206847   ,  42329.6    ])
32      , -288.565    , array([ 0.206847   ,  42329.6    ])
34      , -288.558    , array([ 0.207054   ,  42329.6    ])
36      , -288.556    , array([ 0.207054   ,  42372      ])
40      , -288.558    , array([ 0.207054   ,  42329.6    ])
42      , -288.556    , array([ 0.207054   ,  42372      ])
44      , -288.565    , array([ 0.206847   ,  42329.6    ])
46      , -288.444    , array([ 0.204046   ,  46454.8    ])
48      , -288.441    , array([ 0.204046   ,  46501.3    ])
52      , -288.444    , array([ 0.204046   ,  46454.8    ])
54      , -288.441    , array([ 0.204046   ,  46501.3    ])
56      , -288.45     , array([ 0.203842   ,  46454.8    ])
62      , -288.45     , array([ 0.203842   ,  46454.8    ])
64      , -288.444    , array([ 0.204046   ,  46454.8    ])
66      , -288.441    , array([ 0.204046   ,  46501.3    ])
68      , -288.393    , array([ 0.202475   ,  48729.5    ])
74      , -288.393    , array([ 0.202475   ,  48729.5    ])
76      , -288.386    , array([ 0.202678   ,  48729.5    ])
78      , -288.385    , array([ 0.202678   ,  48778.2    ])
80      , -288.375    , array([ 0.202027   ,  49504.3    ])
86      , -288.375    , array([ 0.202027   ,  49504.3    ])
88      , -288.369    , array([ 0.202229   ,  49504.3    ])
90      , -288.367    , array([ 0.202229   ,  49553.8    ])
94      , -288.369    , array([ 0.202229   ,  49504.3    ])
96      , -288.367    , array([ 0.202229   ,  49553.8    ])
98      , -288.375    , array([ 0.202027   ,  49504.3    ])
104     , -288.375    , array([ 0.202027   ,  49504.3    ])
106     , -288.369    , array([ 0.202229   ,  49504.3    ])
108     , -288.367    , array([ 0.202229   ,  49553.8    ])
112     , -288.369    , array([ 0.202229   ,  49504.3    ])
114     , -288.367    , array([ 0.202229   ,  49553.8    ])
116     , -288.375    , array([ 0.202027   ,  49504.3    ])
118     , -288.359    , array([ 0.201978   ,  49943      ])
120     , -288.357    , array([ 0.201978   ,  49993      ])
124     , -288.359    , array([ 0.201978   ,  49943      ])
126     , -288.357    , array([ 0.201978   ,  49993      ])
128     , -288.365    , array([ 0.201776   ,  49943      ])
130     , -288.359    , array([ 0.201978   ,  49943      ])
132     , -288.357    , array([ 0.201978   ,  49993      ])
134     , -288.365    , array([ 0.201776   ,  49943      ])
136     , -288.359    , array([ 0.201978   ,  49943      ])
138     , -288.357    , array([ 0.201978   ,  49993      ])
140     , -288.365    , array([ 0.201776   ,  49943      ])
142     , -288.359    , array([ 0.201978   ,  49943      ])
144     , -288.357    , array([ 0.201978   ,  49993      ])
150     , -288.365    , array([ 0.201776   ,  49943      ])
154     , -288.358    , array([ 0.201946   ,  49998.1    ])
158     , -288.358    , array([ 0.201953   ,  49985.6    ])
160     , -288.358    , array([ 0.201948   ,  49995.7    ])
[-288.3687627239661, array([2.02228656e-01, 4.95042771e+04])]
2       , -412.433    , array([ 0.257752   ,  532.308    ])
4       , -354.831    , array([ 0.629615   ,  854.71     ])
6       , -354.832    , array([ 0.629615   ,  855.565    ])
8       , -297        , array([ 0.192596   ,  46420.7    ])
14      , -297        , array([ 0.192596   ,  46420.7    ])
16      , -296.991    , array([ 0.192789   ,  46420.7    ])
18      , -296.988    , array([ 0.192789   ,  46467.1    ])
22      , -296.991    , array([ 0.192789   ,  46420.7    ])
24      , -296.988    , array([ 0.192789   ,  46467.1    ])
26      , -297        , array([ 0.192596   ,  46420.7    ])
28      , -296.849    , array([ 0.191614   ,  49631.3    ])
30      , -296.846    , array([ 0.191614   ,  49680.9    ])
34      , -296.849    , array([ 0.191614   ,  49631.3    ])
36      , -296.846    , array([ 0.191614   ,  49680.9    ])
38      , -296.856    , array([ 0.191422   ,  49631.3    ])
44      , -296.856    , array([ 0.191422   ,  49631.3    ])
46      , -296.849    , array([ 0.191614   ,  49631.3    ])
48      , -296.846    , array([ 0.191614   ,  49680.9    ])
52      , -296.849    , array([ 0.191614   ,  49631.3    ])
54      , -296.846    , array([ 0.191614   ,  49680.9    ])
56      , -296.856    , array([ 0.191422   ,  49631.3    ])
62      , -296.856    , array([ 0.191422   ,  49631.3    ])
64      , -296.849    , array([ 0.191614   ,  49631.3    ])
66      , -296.846    , array([ 0.191614   ,  49680.9    ])
70      , -296.849    , array([ 0.191614   ,  49631.3    ])
72      , -296.846    , array([ 0.191614   ,  49680.9    ])
74      , -296.856    , array([ 0.191422   ,  49631.3    ])
76      , -296.84     , array([ 0.191453   ,  49915.4    ])
78      , -296.837    , array([ 0.191453   ,  49965.4    ])
82      , -296.84     , array([ 0.191453   ,  49915.4    ])
84      , -296.837    , array([ 0.191453   ,  49965.4    ])
86      , -296.847    , array([ 0.191262   ,  49915.4    ])
92      , -296.847    , array([ 0.191262   ,  49915.4    ])
94      , -296.84     , array([ 0.191453   ,  49915.4    ])
96      , -296.837    , array([ 0.191453   ,  49965.4    ])
98      , -296.847    , array([ 0.191262   ,  49915.4    ])
100     , -296.84     , array([ 0.191453   ,  49915.4    ])
102     , -296.837    , array([ 0.191453   ,  49965.4    ])
104     , -296.847    , array([ 0.191262   ,  49915.4    ])
106     , -296.84     , array([ 0.191453   ,  49915.4    ])
108     , -296.837    , array([ 0.191453   ,  49965.4    ])
110     , -296.847    , array([ 0.191262   ,  49915.4    ])
112     , -296.84     , array([ 0.191453   ,  49915.4    ])
114     , -296.837    , array([ 0.191453   ,  49965.4    ])
116     , -296.847    , array([ 0.191262   ,  49915.4    ])
118     , -296.84     , array([ 0.191453   ,  49915.4    ])
120     , -296.837    , array([ 0.191453   ,  49965.4    ])
126     , -296.84     , array([ 0.191453   ,  49915.4    ])
128     , -296.837    , array([ 0.191453   ,  49965.4    ])
130     , -296.837    , array([ 0.191413   ,  49986.7    ])
134     , -296.838    , array([ 0.191422   ,  49970.3    ])
136     , -296.837    , array([ 0.191415   ,  49983.6    ])
[-296.8487362562955, array([1.91613741e-01, 4.96312667e+04])]
2       , -298.431    , array([ 0.326204   ,  1802.27    ])
4       , -462.707    , array([ 0.800838   ,  2866.22    ])
6       , -462.846    , array([ 0.800838   ,  2869.09    ])
8       , -289.673    , array([ 0.388275   ,  1972.16    ])
10      , -278.541    , array([ 0.280615   ,  6355.88    ])
12      , -278.531    , array([ 0.280615   ,  6362.23    ])
14      , -275.773    , array([ 0.256448   ,  11612.7    ])
16      , -274.943    , array([ 0.228044   ,  19419.4    ])
18      , -274.941    , array([ 0.228044   ,  19438.8    ])
20      , -274.752    , array([ 0.21938    ,  25164.3    ])
22      , -274.728    , array([ 0.214821   ,  28264.3    ])
24      , -274.727    , array([ 0.214821   ,  28292.6    ])
26      , -274.726    , array([ 0.213886   ,  28925.2    ])
28      , -274.726    , array([ 0.214011   ,  28981.7    ])
30      , -274.726    , array([ 0.214011   ,  29010.7    ])
32      , -274.726    , array([ 0.213801   ,  28980.7    ])
34      , -274.726    , array([ 0.214011   ,  28981.7    ])
36      , -274.726    , array([ 0.214011   ,  29010.7    ])
38      , -274.726    , array([ 0.213798   ,  28981.7    ])
40      , -274.726    , array([ 0.214011   ,  28981.7    ])
42      , -274.726    , array([ 0.214011   ,  29010.7    ])
44      , -274.726    , array([ 0.213798   ,  28981.7    ])
46      , -274.726    , array([ 0.214011   ,  28981.7    ])
48      , -274.726    , array([ 0.214011   ,  29010.7    ])
50      , -274.726    , array([ 0.213798   ,  28981.7    ])
52      , -274.726    , array([ 0.214011   ,  28981.7    ])
54      , -274.726    , array([ 0.214011   ,  29010.7    ])
56      , -274.726    , array([ 0.213798   ,  28981.7    ])
58      , -274.726    , array([ 0.214011   ,  28981.7    ])
60      , -274.726    , array([ 0.214011   ,  29010.7    ])
62      , -274.726    , array([ 0.213798   ,  28981.7    ])
64      , -274.726    , array([ 0.214011   ,  28981.7    ])
66      , -274.726    , array([ 0.214011   ,  29010.7    ])
68      , -274.726    , array([ 0.213798   ,  28981.7    ])
70      , -274.726    , array([ 0.214011   ,  28981.7    ])
72      , -274.726    , array([ 0.214011   ,  29010.7    ])
74      , -274.726    , array([ 0.213798   ,  28981.7    ])
76      , -274.726    , array([ 0.214011   ,  28981.7    ])
78      , -274.726    , array([ 0.214011   ,  29010.7    ])
80      , -274.726    , array([ 0.213798   ,  28981.7    ])
82      , -274.726    , array([ 0.214011   ,  28981.7    ])
84      , -274.726    , array([ 0.214011   ,  29010.7    ])
86      , -274.726    , array([ 0.213798   ,  28981.7    ])
88      , -274.726    , array([ 0.214011   ,  28981.7    ])
90      , -274.726    , array([ 0.214011   ,  29010.7    ])
92      , -274.726    , array([ 0.213798   ,  28981.7    ])
94      , -274.726    , array([ 0.214011   ,  28981.7    ])
96      , -274.726    , array([ 0.214011   ,  29010.7    ])
98      , -274.726    , array([ 0.213798   ,  28981.7    ])
100     , -274.726    , array([ 0.214011   ,  28981.7    ])
102     , -274.726    , array([ 0.214011   ,  29010.7    ])
104     , -274.726    , array([ 0.213798   ,  28981.7    ])
106     , -274.726    , array([ 0.214011   ,  28981.7    ])
108     , -274.726    , array([ 0.214011   ,  29010.7    ])
110     , -274.726    , array([ 0.213798   ,  28981.7    ])
112     , -274.726    , array([ 0.214011   ,  28981.7    ])
114     , -274.726    , array([ 0.214011   ,  29010.7    ])
116     , -274.726    , array([ 0.213798   ,  28981.7    ])
118     , -274.726    , array([ 0.214011   ,  28981.7    ])
120     , -274.726    , array([ 0.214011   ,  29010.7    ])
122     , -274.726    , array([ 0.213798   ,  28981.7    ])
124     , -274.726    , array([ 0.214014   ,  28980.7    ])
126     , -274.726    , array([ 0.214012   ,  28981.4    ])
128     , -274.726    , array([ 0.214012   ,  28981.6    ])
130     , -274.726    , array([ 0.214012   ,  28981.7    ])
132     , -274.726    , array([ 0.214011   ,  28981.7    ])
134     , -274.726    , array([ 0.214011   ,  28981.7    ])
[-274.7258420185992, array([2.14011459e-01, 2.89816810e+04])]
2       , -353.008    , array([ 0.386241   ,  790.642    ])
4       , -462.077    , array([ 0.854664   ,  1477.39    ])
6       , -462.183    , array([ 0.854664   ,  1478.87    ])
8       , -341.208    , array([ 0.471626   ,  925.428    ])
10      , -321.876    , array([ 0.368928   ,  2131.83    ])
12      , -321.857    , array([ 0.368928   ,  2133.96    ])
14      , -304.107    , array([ 0.251318   ,  9809.55    ])
16      , -299.959    , array([ 0.220927   ,  21910.7    ])
18      , -299.955    , array([ 0.220927   ,  21932.6    ])
20      , -298.203    , array([ 0.1875     ,  49093.5    ])
26      , -298.203    , array([ 0.1875     ,  49093.5    ])
28      , -298.193    , array([ 0.187688   ,  49093.5    ])
30      , -298.19     , array([ 0.187688   ,  49142.6    ])
34      , -298.193    , array([ 0.187688   ,  49093.5    ])
36      , -298.19     , array([ 0.187688   ,  49142.6    ])
38      , -298.203    , array([ 0.1875     ,  49093.5    ])
44      , -298.203    , array([ 0.1875     ,  49093.5    ])
46      , -298.193    , array([ 0.187688   ,  49093.5    ])
48      , -298.19     , array([ 0.187688   ,  49142.6    ])
52      , -298.193    , array([ 0.187688   ,  49093.5    ])
54      , -298.19     , array([ 0.187688   ,  49142.6    ])
56      , -298.203    , array([ 0.1875     ,  49093.5    ])
62      , -298.203    , array([ 0.1875     ,  49093.5    ])
64      , -298.193    , array([ 0.187688   ,  49093.5    ])
66      , -298.19     , array([ 0.187688   ,  49142.6    ])
70      , -298.193    , array([ 0.187688   ,  49093.5    ])
72      , -298.19     , array([ 0.187688   ,  49142.6    ])
74      , -298.203    , array([ 0.1875     ,  49093.5    ])
76      , -298.174    , array([ 0.187493   ,  49546.9    ])
78      , -298.171    , array([ 0.187493   ,  49596.5    ])
80      , -298.172    , array([ 0.187177   ,  49848.4    ])
82      , -298.158    , array([ 0.18732    ,  49951.4    ])
86      , -298.172    , array([ 0.187177   ,  49848.4    ])
88      , -298.159    , array([ 0.187335   ,  49917      ])
90      , -298.156    , array([ 0.187335   ,  49967      ])
92      , -298.168    , array([ 0.187138   ,  49939.9    ])
94      , -298.158    , array([ 0.187322   ,  49947.5    ])
96      , -298.155    , array([ 0.187322   ,  49997.5    ])
98      , -298.168    , array([ 0.187134   ,  49950.1    ])
100     , -298.158    , array([ 0.187321   ,  49951.1    ])
104     , -298.168    , array([ 0.187133   ,  49951.3    ])
106     , -298.158    , array([ 0.18732    ,  49951.3    ])
110     , -298.168    , array([ 0.187133   ,  49951.4    ])
112     , -298.158    , array([ 0.18732    ,  49951.4    ])
116     , -298.168    , array([ 0.187133   ,  49951.4    ])
118     , -298.158    , array([ 0.18732    ,  49951.4    ])
122     , -298.168    , array([ 0.187133   ,  49951.4    ])
124     , -298.158    , array([ 0.18732    ,  49951.4    ])
128     , -298.168    , array([ 0.187133   ,  49951.4    ])
130     , -298.158    , array([ 0.18732    ,  49951.4    ])
134     , -298.168    , array([ 0.187133   ,  49951.4    ])
136     , -298.158    , array([ 0.18732    ,  49951.4    ])
140     , -298.168    , array([ 0.187133   ,  49951.4    ])
142     , -298.158    , array([ 0.18732    ,  49951.4    ])
146     , -298.168    , array([ 0.187133   ,  49951.4    ])
148     , -298.158    , array([ 0.18732    ,  49951.4    ])
152     , -298.168    , array([ 0.187133   ,  49951.4    ])
160     , -298.174    , array([ 0.187493   ,  49546.9    ])
162     , -298.171    , array([ 0.187493   ,  49596.5    ])
164     , -298.175    , array([ 0.187208   ,  49775.2    ])
166     , -298.161    , array([ 0.187347   ,  49889.7    ])
168     , -298.157    , array([ 0.187347   ,  49939.6    ])
170     , -298.168    , array([ 0.187135   ,  49947      ])
172     , -298.157    , array([ 0.18731    ,  49975.7    ])
[-298.19287001649144, array([1.87687827e-01, 4.90935067e+04])]
2       , -438.547    , array([ 0.234266   ,  1511.25    ])
4       , -454.216    , array([ 0.580712   ,  2357.74    ])
6       , -454.259    , array([ 0.580712   ,  2360.1     ])
8       , -402.044    , array([ 0.363553   ,  1874.77    ])
10      , -363.823    , array([ 0.196946   ,  29397.3    ])
12      , -363.813    , array([ 0.196946   ,  29426.7    ])
16      , -363.823    , array([ 0.196946   ,  29397.3    ])
18      , -363.813    , array([ 0.196946   ,  29426.7    ])
20      , -363.847    , array([ 0.196749   ,  29397.3    ])
22      , -361.284    , array([ 0.196013   ,  41330.5    ])
24      , -361.279    , array([ 0.196013   ,  41371.9    ])
28      , -361.284    , array([ 0.196013   ,  41330.5    ])
30      , -361.279    , array([ 0.196013   ,  41371.9    ])
32      , -361.289    , array([ 0.195817   ,  41330.5    ])
38      , -361.289    , array([ 0.195817   ,  41330.5    ])
40      , -361.284    , array([ 0.196013   ,  41330.5    ])
42      , -361.279    , array([ 0.196013   ,  41371.9    ])
46      , -361.284    , array([ 0.196013   ,  41330.5    ])
48      , -361.279    , array([ 0.196013   ,  41371.9    ])
50      , -361.289    , array([ 0.195817   ,  41330.5    ])
52      , -360.665    , array([ 0.191926   ,  47333.4    ])
54      , -360.66     , array([ 0.191926   ,  47380.7    ])
58      , -360.665    , array([ 0.191926   ,  47333.4    ])
60      , -360.66     , array([ 0.191926   ,  47380.7    ])
62      , -360.669    , array([ 0.191734   ,  47333.4    ])
64      , -360.471    , array([ 0.190596   ,  49499.8    ])
66      , -360.467    , array([ 0.190596   ,  49549.3    ])
70      , -360.471    , array([ 0.190596   ,  49499.8    ])
72      , -360.467    , array([ 0.190596   ,  49549.3    ])
74      , -360.475    , array([ 0.190406   ,  49499.8    ])
80      , -360.475    , array([ 0.190406   ,  49499.8    ])
82      , -360.471    , array([ 0.190596   ,  49499.8    ])
84      , -360.467    , array([ 0.190596   ,  49549.3    ])
88      , -360.471    , array([ 0.190596   ,  49499.8    ])
90      , -360.467    , array([ 0.190596   ,  49549.3    ])
92      , -360.475    , array([ 0.190406   ,  49499.8    ])
98      , -360.475    , array([ 0.190406   ,  49499.8    ])
100     , -360.471    , array([ 0.190596   ,  49499.8    ])
102     , -360.467    , array([ 0.190596   ,  49549.3    ])
106     , -360.471    , array([ 0.190596   ,  49499.8    ])
108     , -360.467    , array([ 0.190596   ,  49549.3    ])
110     , -360.475    , array([ 0.190406   ,  49499.8    ])
116     , -360.475    , array([ 0.190406   ,  49499.8    ])
118     , -360.471    , array([ 0.190596   ,  49499.8    ])
120     , -360.467    , array([ 0.190596   ,  49549.3    ])
122     , -360.45     , array([ 0.190226   ,  49801.6    ])
128     , -360.45     , array([ 0.190226   ,  49801.6    ])
130     , -360.446    , array([ 0.190416   ,  49801.6    ])
132     , -360.441    , array([ 0.190416   ,  49851.4    ])
134     , -360.441    , array([ 0.190166   ,  49901.5    ])
136     , -360.431    , array([ 0.190317   ,  49967.6    ])
140     , -360.441    , array([ 0.190166   ,  49901.5    ])
142     , -360.433    , array([ 0.19033    ,  49945.6    ])
144     , -360.428    , array([ 0.19033    ,  49995.6    ])
146     , -360.436    , array([ 0.190131   ,  49960.3    ])
148     , -360.432    , array([ 0.190318   ,  49966.1    ])
152     , -360.435    , array([ 0.190127   ,  49967.3    ])
154     , -360.431    , array([ 0.190317   ,  49967.6    ])
158     , -360.435    , array([ 0.190127   ,  49967.6    ])
160     , -360.431    , array([ 0.190317   ,  49967.6    ])
164     , -360.435    , array([ 0.190127   ,  49967.6    ])
166     , -360.431    , array([ 0.190317   ,  49967.6    ])
170     , -360.435    , array([ 0.190127   ,  49967.6    ])
172     , -360.431    , array([ 0.190317   ,  49967.6    ])
176     , -360.435    , array([ 0.190127   ,  49967.6    ])
178     , -360.431    , array([ 0.190317   ,  49967.6    ])
182     , -360.435    , array([ 0.190127   ,  49967.6    ])
184     , -360.431    , array([ 0.190317   ,  49967.6    ])
188     , -360.435    , array([ 0.190127   ,  49967.6    ])
190     , -360.431    , array([ 0.190317   ,  49967.6    ])
194     , -360.435    , array([ 0.190127   ,  49967.6    ])
196     , -360.431    , array([ 0.190317   ,  49967.6    ])
200     , -360.435    , array([ 0.190127   ,  49967.6    ])
202     , -360.431    , array([ 0.190317   ,  49967.6    ])
206     , -360.435    , array([ 0.190127   ,  49967.6    ])
208     , -360.431    , array([ 0.190317   ,  49967.6    ])
218     , -360.45     , array([ 0.190226   ,  49801.6    ])
220     , -360.433    , array([ 0.190326   ,  49953.1    ])
224     , -360.436    , array([ 0.190347   ,  49917.7    ])
226     , -360.433    , array([ 0.19033    ,  49946.4    ])
[-360.47137204419874, array([1.90596442e-01, 4.94997702e+04])]
2       , -329.648    , array([ 0.313516   ,  1609.26    ])
4       , -421.574    , array([ 0.76878    ,  2565.1     ])
6       , -421.668    , array([ 0.76878    ,  2567.66    ])
8       , -308.647    , array([ 0.416254   ,  1865.01    ])
10      , -282.964    , array([ 0.258683   ,  11421.5    ])
12      , -282.95     , array([ 0.258683   ,  11432.9    ])
14      , -276.963    , array([ 0.238351   ,  26208.4    ])
20      , -276.963    , array([ 0.238351   ,  26208.4    ])
22      , -276.967    , array([ 0.238589   ,  26208.4    ])
24      , -276.963    , array([ 0.238589   ,  26234.7    ])
26      , -275.088    , array([ 0.213434   ,  44037.5    ])
32      , -275.088    , array([ 0.213434   ,  44037.5    ])
34      , -275.084    , array([ 0.213647   ,  44037.5    ])
36      , -275.08     , array([ 0.213647   ,  44081.6    ])
40      , -275.084    , array([ 0.213647   ,  44037.5    ])
42      , -275.08     , array([ 0.213647   ,  44081.6    ])
44      , -275.088    , array([ 0.213434   ,  44037.5    ])
50      , -275.088    , array([ 0.213434   ,  44037.5    ])
52      , -275.084    , array([ 0.213647   ,  44037.5    ])
54      , -275.08     , array([ 0.213647   ,  44081.6    ])
58      , -275.084    , array([ 0.213647   ,  44037.5    ])
60      , -275.08     , array([ 0.213647   ,  44081.6    ])
62      , -275.088    , array([ 0.213434   ,  44037.5    ])
64      , -274.894    , array([ 0.211321   ,  47020.2    ])
66      , -274.891    , array([ 0.211321   ,  47067.2    ])
68      , -274.779    , array([ 0.20959    ,  49098.5    ])
70      , -274.735    , array([ 0.209285   ,  49825.9    ])
72      , -274.731    , array([ 0.209285   ,  49875.7    ])
76      , -274.735    , array([ 0.209285   ,  49825.9    ])
78      , -274.731    , array([ 0.209285   ,  49875.7    ])
80      , -274.739    , array([ 0.209076   ,  49825.9    ])
82      , -274.728    , array([ 0.209197   ,  49950.6    ])
86      , -274.739    , array([ 0.209076   ,  49825.9    ])
88      , -274.73     , array([ 0.209227   ,  49909      ])
90      , -274.727    , array([ 0.209227   ,  49958.9    ])
92      , -274.733    , array([ 0.208998   ,  49936.7    ])
94      , -274.728    , array([ 0.209201   ,  49946      ])
96      , -274.725    , array([ 0.209201   ,  49995.9    ])
98      , -274.733    , array([ 0.208989   ,  49949      ])
100     , -274.728    , array([ 0.209198   ,  49950.1    ])
104     , -274.733    , array([ 0.208988   ,  49950.5    ])
106     , -274.728    , array([ 0.209198   ,  49950.6    ])
110     , -274.733    , array([ 0.208988   ,  49950.6    ])
112     , -274.728    , array([ 0.209197   ,  49950.6    ])
116     , -274.733    , array([ 0.208988   ,  49950.6    ])
118     , -274.728    , array([ 0.209197   ,  49950.6    ])
122     , -274.733    , array([ 0.208988   ,  49950.6    ])
124     , -274.728    , array([ 0.209197   ,  49950.6    ])
128     , -274.733    , array([ 0.208988   ,  49950.6    ])
130     , -274.728    , array([ 0.209197   ,  49950.6    ])
134     , -274.733    , array([ 0.208988   ,  49950.6    ])
136     , -274.728    , array([ 0.209197   ,  49950.6    ])
140     , -274.733    , array([ 0.208988   ,  49950.6    ])
142     , -274.728    , array([ 0.209197   ,  49950.6    ])
146     , -274.733    , array([ 0.208988   ,  49950.6    ])
148     , -274.728    , array([ 0.209197   ,  49950.6    ])
152     , -274.733    , array([ 0.208988   ,  49950.6    ])
158     , -274.894    , array([ 0.211321   ,  47020.1    ])
160     , -274.891    , array([ 0.211321   ,  47067.2    ])
162     , -274.808    , array([ 0.209957   ,  48586.4    ])
164     , -274.759    , array([ 0.209593   ,  49388.9    ])
166     , -274.755    , array([ 0.209593   ,  49438.3    ])
168     , -274.741    , array([ 0.209097   ,  49795.2    ])
170     , -274.726    , array([ 0.209163   ,  49999.5    ])
174     , -274.728    , array([ 0.209197   ,  49951.6    ])
[-275.0839141826317, array([2.13647280e-01, 4.40375474e+04])]
2       , -436.775    , array([ 0.172143   ,  674.394    ])
4       , -325.109    , array([ 0.434216   ,  1013.49    ])
6       , -325.075    , array([ 0.434216   ,  1014.51    ])
10      , -325.109    , array([ 0.434216   ,  1013.5     ])
12      , -325.075    , array([ 0.434216   ,  1014.51    ])
14      , -325.134    , array([ 0.43378    ,  1013.53    ])
16      , -289.866    , array([ 0.214191   ,  49479.1    ])
18      , -289.872    , array([ 0.214191   ,  49528.6    ])
22      , -289.866    , array([ 0.214191   ,  49479.1    ])
24      , -289.872    , array([ 0.214191   ,  49528.6    ])
26      , -289.828    , array([ 0.213977   ,  49479.1    ])
32      , -289.828    , array([ 0.213977   ,  49479.1    ])
34      , -289.866    , array([ 0.214191   ,  49479.1    ])
36      , -289.872    , array([ 0.214191   ,  49528.6    ])
40      , -289.866    , array([ 0.214191   ,  49479.1    ])
42      , -289.872    , array([ 0.214191   ,  49528.6    ])
44      , -289.828    , array([ 0.213977   ,  49479.1    ])
50      , -289.828    , array([ 0.213977   ,  49479.1    ])
52      , -289.866    , array([ 0.214191   ,  49479.1    ])
54      , -289.872    , array([ 0.214191   ,  49528.6    ])
58      , -289.866    , array([ 0.214191   ,  49479.1    ])
60      , -289.872    , array([ 0.214191   ,  49528.6    ])
62      , -289.828    , array([ 0.213977   ,  49479.1    ])
68      , -289.828    , array([ 0.213977   ,  49479.1    ])
70      , -289.866    , array([ 0.214191   ,  49479.1    ])
72      , -289.872    , array([ 0.214191   ,  49528.6    ])
76      , -289.866    , array([ 0.214191   ,  49479.1    ])
78      , -289.872    , array([ 0.214191   ,  49528.6    ])
80      , -289.828    , array([ 0.213977   ,  49479.1    ])
82      , -289.723    , array([ 0.213079   ,  49932.5    ])
84      , -289.729    , array([ 0.213079   ,  49982.5    ])
88      , -289.723    , array([ 0.213079   ,  49932.5    ])
90      , -289.729    , array([ 0.213079   ,  49982.5    ])
92      , -289.686    , array([ 0.212866   ,  49932.5    ])
98      , -289.686    , array([ 0.212866   ,  49932.5    ])
100     , -289.723    , array([ 0.213079   ,  49932.5    ])
102     , -289.729    , array([ 0.213079   ,  49982.5    ])
106     , -289.723    , array([ 0.213079   ,  49932.5    ])
108     , -289.729    , array([ 0.213079   ,  49982.5    ])
110     , -289.686    , array([ 0.212866   ,  49932.5    ])
112     , -289.711    , array([ 0.212987   ,  49970.1    ])
116     , -289.686    , array([ 0.212866   ,  49932.5    ])
118     , -289.715    , array([ 0.213018   ,  49957.6    ])
122     , -289.675    , array([ 0.212781   ,  49967.5    ])
124     , -289.712    , array([ 0.212989   ,  49969.5    ])
128     , -289.675    , array([ 0.212775   ,  49970      ])
130     , -289.711    , array([ 0.212987   ,  49970.1    ])
134     , -289.675    , array([ 0.212774   ,  49970.1    ])
136     , -289.711    , array([ 0.212987   ,  49970.1    ])
140     , -289.675    , array([ 0.212774   ,  49970.1    ])
142     , -289.711    , array([ 0.212987   ,  49970.1    ])
146     , -289.675    , array([ 0.212774   ,  49970.1    ])
148     , -289.711    , array([ 0.212987   ,  49970.1    ])
152     , -289.675    , array([ 0.212774   ,  49970.1    ])
154     , -289.711    , array([ 0.212987   ,  49970.1    ])
158     , -289.675    , array([ 0.212774   ,  49970.1    ])
160     , -289.711    , array([ 0.212987   ,  49970.1    ])
164     , -289.675    , array([ 0.212774   ,  49970.1    ])
166     , -289.711    , array([ 0.212987   ,  49970.1    ])
170     , -289.675    , array([ 0.212774   ,  49970.1    ])
172     , -289.711    , array([ 0.212987   ,  49970.1    ])
176     , -289.675    , array([ 0.212774   ,  49970.1    ])
178     , -289.711    , array([ 0.212987   ,  49970.1    ])
182     , -289.675    , array([ 0.212774   ,  49970.1    ])
192     , -289.686    , array([ 0.212866   ,  49932.5    ])
196     , -289.705    , array([ 0.21294    ,  49989.5    ])
[-289.8662854562052, array([2.14191113e-01, 4.94790664e+04])]
2       , -355.385    , array([ 0.279344   ,  1885.28    ])
4       , -445.875    , array([ 0.697669   ,  2895.64    ])
6       , -445.969    , array([ 0.697669   ,  2898.53    ])
8       , -334.767    , array([ 0.373295   ,  2160.1     ])
10      , -314.707    , array([ 0.216072   ,  18634.3    ])
12      , -314.697    , array([ 0.216072   ,  18652.9    ])
14      , -312.175    , array([ 0.226721   ,  27177.1    ])
16      , -311.193    , array([ 0.205285   ,  40878.4    ])
18      , -311.192    , array([ 0.205285   ,  40919.3    ])
22      , -311.193    , array([ 0.205285   ,  40878.4    ])
24      , -311.192    , array([ 0.205285   ,  40919.3    ])
26      , -311.192    , array([ 0.20508    ,  40878.4    ])
32      , -311.192    , array([ 0.20508    ,  40878.4    ])
34      , -311.193    , array([ 0.205285   ,  40878.4    ])
36      , -311.192    , array([ 0.205285   ,  40919.3    ])
38      , -310.977    , array([ 0.199049   ,  47813.5    ])
44      , -310.977    , array([ 0.199049   ,  47813.5    ])
46      , -310.976    , array([ 0.199248   ,  47813.5    ])
48      , -310.975    , array([ 0.199248   ,  47861.4    ])
52      , -310.976    , array([ 0.199248   ,  47813.5    ])
54      , -310.975    , array([ 0.199248   ,  47861.4    ])
56      , -310.977    , array([ 0.199049   ,  47813.5    ])
62      , -310.977    , array([ 0.199049   ,  47813.5    ])
64      , -310.976    , array([ 0.199248   ,  47813.5    ])
66      , -310.975    , array([ 0.199248   ,  47861.4    ])
70      , -310.976    , array([ 0.199248   ,  47813.5    ])
72      , -310.975    , array([ 0.199248   ,  47861.4    ])
74      , -310.977    , array([ 0.199049   ,  47813.5    ])
76      , -310.948    , array([ 0.198451   ,  48928.4    ])
78      , -310.947    , array([ 0.198451   ,  48977.4    ])
80      , -310.931    , array([ 0.197729   ,  49678.5    ])
82      , -310.924    , array([ 0.197749   ,  49936.1    ])
84      , -310.923    , array([ 0.197749   ,  49986.1    ])
88      , -310.924    , array([ 0.197749   ,  49936.1    ])
90      , -310.923    , array([ 0.197749   ,  49986.1    ])
92      , -310.925    , array([ 0.197552   ,  49936.1    ])
94      , -310.923    , array([ 0.197719   ,  49980      ])
98      , -310.925    , array([ 0.197552   ,  49936.1    ])
100     , -310.924    , array([ 0.197729   ,  49965.4    ])
104     , -310.924    , array([ 0.197523   ,  49976.9    ])
106     , -310.923    , array([ 0.197719   ,  49979.4    ])
110     , -310.924    , array([ 0.197521   ,  49979.9    ])
112     , -310.923    , array([ 0.197719   ,  49980      ])
116     , -310.924    , array([ 0.197521   ,  49980      ])
118     , -310.923    , array([ 0.197719   ,  49980      ])
122     , -310.924    , array([ 0.197521   ,  49980      ])
124     , -310.923    , array([ 0.197719   ,  49980      ])
128     , -310.924    , array([ 0.197521   ,  49980      ])
130     , -310.923    , array([ 0.197719   ,  49980      ])
134     , -310.924    , array([ 0.197521   ,  49980      ])
136     , -310.923    , array([ 0.197719   ,  49980      ])
140     , -310.924    , array([ 0.197521   ,  49980      ])
142     , -310.923    , array([ 0.197719   ,  49980      ])
146     , -310.924    , array([ 0.197521   ,  49980      ])
148     , -310.923    , array([ 0.197719   ,  49980      ])
152     , -310.924    , array([ 0.197521   ,  49980      ])
154     , -310.923    , array([ 0.197719   ,  49980      ])
158     , -310.924    , array([ 0.197521   ,  49980      ])
160     , -310.923    , array([ 0.197719   ,  49980      ])
168     , -310.949    , array([ 0.198253   ,  48928.4    ])
170     , -310.935    , array([ 0.198054   ,  49495.6    ])
172     , -310.934    , array([ 0.198054   ,  49545.1    ])
174     , -310.929    , array([ 0.197658   ,  49781.6    ])
176     , -310.925    , array([ 0.197757   ,  49925.3    ])
178     , -310.924    , array([ 0.197757   ,  49975.2    ])
180     , -310.924    , array([ 0.197509   ,  49997.2    ])
182     , -310.924    , array([ 0.197735   ,  49957      ])
184     , -310.923    , array([ 0.197712   ,  49990      ])
[-310.97622472432056, array([1.99248277e-01, 4.78135462e+04])]
2       , -371.82     , array([ 0.337372   ,  929.378    ])
4       , -486.349    , array([ 0.75413    ,  1714.08    ])
6       , -486.453    , array([ 0.75413    ,  1715.79    ])
8       , -362.226    , array([ 0.406554   ,  1071.31    ])
10      , -346.497    , array([ 0.327024   ,  2334.69    ])
12      , -346.48     , array([ 0.327024   ,  2337.02    ])
14      , -331.928    , array([ 0.231956   ,  9748.02    ])
16      , -328.67     , array([ 0.203644   ,  20714.6    ])
18      , -328.667    , array([ 0.203644   ,  20735.4    ])
20      , -327.301    , array([ 0.177267   ,  42362.7    ])
26      , -327.301    , array([ 0.177267   ,  42362.7    ])
28      , -327.294    , array([ 0.177444   ,  42362.7    ])
30      , -327.292    , array([ 0.177444   ,  42405      ])
34      , -327.294    , array([ 0.177444   ,  42362.7    ])
36      , -327.292    , array([ 0.177444   ,  42405      ])
38      , -327.301    , array([ 0.177267   ,  42362.7    ])
40      , -327.119    , array([ 0.174668   ,  48136.7    ])
42      , -327.117    , array([ 0.174668   ,  48184.9    ])
46      , -327.119    , array([ 0.174668   ,  48136.7    ])
48      , -327.117    , array([ 0.174668   ,  48184.9    ])
50      , -327.123    , array([ 0.174493   ,  48136.7    ])
56      , -327.123    , array([ 0.174493   ,  48136.7    ])
58      , -327.119    , array([ 0.174668   ,  48136.7    ])
60      , -327.117    , array([ 0.174668   ,  48184.9    ])
64      , -327.119    , array([ 0.174668   ,  48136.7    ])
66      , -327.117    , array([ 0.174668   ,  48184.9    ])
68      , -327.123    , array([ 0.174493   ,  48136.7    ])
74      , -327.123    , array([ 0.174493   ,  48136.7    ])
76      , -327.119    , array([ 0.174668   ,  48136.7    ])
78      , -327.117    , array([ 0.174668   ,  48184.9    ])
80      , -327.101    , array([ 0.173934   ,  49153.4    ])
82      , -327.082    , array([ 0.17374    ,  49836.1    ])
84      , -327.081    , array([ 0.17374    ,  49885.9    ])
88      , -327.082    , array([ 0.17374    ,  49836.1    ])
90      , -327.081    , array([ 0.17374    ,  49885.9    ])
92      , -327.086    , array([ 0.173567   ,  49836.1    ])
94      , -327.08     , array([ 0.173678   ,  49953.1    ])
98      , -327.086    , array([ 0.173567   ,  49836.1    ])
100     , -327.081    , array([ 0.173698   ,  49914.1    ])
102     , -327.079    , array([ 0.173698   ,  49964      ])
104     , -327.084    , array([ 0.173511   ,  49940.1    ])
106     , -327.08     , array([ 0.17368    ,  49948.8    ])
108     , -327.078    , array([ 0.17368    ,  49998.7    ])
110     , -327.084    , array([ 0.173505   ,  49951.6    ])
112     , -327.08     , array([ 0.173678   ,  49952.8    ])
116     , -327.084    , array([ 0.173504   ,  49953      ])
118     , -327.08     , array([ 0.173678   ,  49953.1    ])
122     , -327.084    , array([ 0.173504   ,  49953.1    ])
124     , -327.08     , array([ 0.173678   ,  49953.1    ])
128     , -327.084    , array([ 0.173504   ,  49953.1    ])
130     , -327.08     , array([ 0.173678   ,  49953.1    ])
134     , -327.084    , array([ 0.173504   ,  49953.1    ])
136     , -327.08     , array([ 0.173678   ,  49953.1    ])
140     , -327.084    , array([ 0.173504   ,  49953.1    ])
142     , -327.08     , array([ 0.173678   ,  49953.1    ])
146     , -327.084    , array([ 0.173504   ,  49953.1    ])
148     , -327.08     , array([ 0.173678   ,  49953.1    ])
152     , -327.084    , array([ 0.173504   ,  49953.1    ])
154     , -327.08     , array([ 0.173678   ,  49953.1    ])
158     , -327.084    , array([ 0.173504   ,  49953.1    ])
160     , -327.08     , array([ 0.173678   ,  49953.1    ])
168     , -327.101    , array([ 0.173934   ,  49153.4    ])
170     , -327.086    , array([ 0.173829   ,  49669.7    ])
172     , -327.084    , array([ 0.173829   ,  49719.4    ])
174     , -327.084    , array([ 0.173516   ,  49929.9    ])
178     , -327.083    , array([ 0.173482   ,  49995.2    ])
180     , -327.08     , array([ 0.173675   ,  49958.8    ])
182     , -327.079    , array([ 0.173659   ,  49988.6    ])
[-327.11908258739896, array([1.74668061e-01, 4.81367075e+04])]
2       , -506.457    , array([ 0.115089   ,  943.575    ])
4       , -380.978    , array([ 0.29365    ,  1380.15    ])
6       , -380.929    , array([ 0.29365    ,  1381.53    ])
8       , -1212.85    , array([ 0.956211   ,  29492.7    ])
10      , -349.917    , array([ 0.358549   ,  2315.52    ])
12      , -349.892    , array([ 0.358549   ,  2317.84    ])
14      , -319.523    , array([ 0.208635   ,  26585.5    ])
20      , -319.523    , array([ 0.208635   ,  26585.5    ])
22      , -319.497    , array([ 0.208844   ,  26585.5    ])
24      , -319.487    , array([ 0.208844   ,  26612.1    ])
26      , -316.906    , array([ 0.205607   ,  37790.9    ])
32      , -316.906    , array([ 0.205607   ,  37790.9    ])
34      , -316.898    , array([ 0.205812   ,  37790.9    ])
36      , -316.892    , array([ 0.205812   ,  37828.7    ])
40      , -316.898    , array([ 0.205812   ,  37790.9    ])
42      , -316.892    , array([ 0.205812   ,  37828.7    ])
44      , -316.906    , array([ 0.205607   ,  37790.9    ])
46      , -315.687    , array([ 0.196927   ,  49941.5    ])
48      , -315.682    , array([ 0.196927   ,  49991.5    ])
52      , -315.687    , array([ 0.196927   ,  49941.5    ])
54      , -315.682    , array([ 0.196927   ,  49991.5    ])
56      , -315.694    , array([ 0.19673    ,  49941.5    ])
62      , -315.694    , array([ 0.19673    ,  49941.5    ])
64      , -315.687    , array([ 0.196927   ,  49941.5    ])
66      , -315.682    , array([ 0.196927   ,  49991.5    ])
70      , -315.687    , array([ 0.196927   ,  49941.5    ])
72      , -315.682    , array([ 0.196927   ,  49991.5    ])
74      , -315.694    , array([ 0.19673    ,  49941.5    ])
80      , -315.694    , array([ 0.19673    ,  49941.5    ])
82      , -315.687    , array([ 0.196927   ,  49941.5    ])
84      , -315.682    , array([ 0.196927   ,  49991.5    ])
88      , -315.687    , array([ 0.196927   ,  49941.5    ])
90      , -315.682    , array([ 0.196927   ,  49991.5    ])
92      , -315.694    , array([ 0.19673    ,  49941.5    ])
98      , -315.694    , array([ 0.19673    ,  49941.5    ])
100     , -315.687    , array([ 0.196927   ,  49941.5    ])
102     , -315.682    , array([ 0.196927   ,  49991.5    ])
106     , -315.687    , array([ 0.196927   ,  49941.5    ])
108     , -315.682    , array([ 0.196927   ,  49991.5    ])
110     , -315.694    , array([ 0.19673    ,  49941.5    ])
116     , -315.694    , array([ 0.19673    ,  49941.5    ])
118     , -315.687    , array([ 0.196927   ,  49941.5    ])
120     , -315.682    , array([ 0.196927   ,  49991.5    ])
124     , -315.687    , array([ 0.196927   ,  49941.5    ])
126     , -315.682    , array([ 0.196927   ,  49991.5    ])
128     , -315.694    , array([ 0.19673    ,  49941.5    ])
130     , -315.687    , array([ 0.196927   ,  49941.5    ])
132     , -315.682    , array([ 0.196927   ,  49991.5    ])
134     , -315.694    , array([ 0.19673    ,  49941.5    ])
136     , -315.687    , array([ 0.196927   ,  49941.5    ])
138     , -315.682    , array([ 0.196927   ,  49991.5    ])
140     , -315.694    , array([ 0.19673    ,  49941.5    ])
142     , -315.687    , array([ 0.196927   ,  49941.5    ])
144     , -315.682    , array([ 0.196927   ,  49991.5    ])
146     , -315.694    , array([ 0.19673    ,  49941.5    ])
148     , -315.687    , array([ 0.196927   ,  49941.5    ])
150     , -315.682    , array([ 0.196927   ,  49991.5    ])
152     , -315.694    , array([ 0.19673    ,  49941.5    ])
154     , -315.687    , array([ 0.196927   ,  49941.5    ])
156     , -315.682    , array([ 0.196927   ,  49991.5    ])
158     , -315.694    , array([ 0.19673    ,  49941.5    ])
160     , -315.687    , array([ 0.196927   ,  49941.5    ])
162     , -315.682    , array([ 0.196927   ,  49991.5    ])
164     , -315.694    , array([ 0.19673    ,  49941.5    ])
166     , -315.687    , array([ 0.196927   ,  49941.5    ])
168     , -315.682    , array([ 0.196927   ,  49991.5    ])
170     , -315.694    , array([ 0.19673    ,  49941.5    ])
172     , -315.687    , array([ 0.196927   ,  49941.5    ])
174     , -315.682    , array([ 0.196927   ,  49991.5    ])
176     , -315.694    , array([ 0.19673    ,  49941.5    ])
188     , -315.684    , array([ 0.196909   ,  49971.6    ])
[-315.68668681625746, array([1.96927298e-01, 4.99415019e+04])]
2       , -479.74     , array([ 0.252832   ,  517.502    ])
4       , -429.567    , array([ 0.601596   ,  870.442    ])
6       , -429.561    , array([ 0.601596   ,  871.313    ])
8       , -363.155    , array([ 0.284315   ,  15141.3    ])
14      , -363.155    , array([ 0.284315   ,  15141.3    ])
16      , -363.235    , array([ 0.284599   ,  15141.3    ])
18      , -363.242    , array([ 0.284599   ,  15156.4    ])
20      , -351.415    , array([ 0.200213   ,  32260.9    ])
26      , -351.415    , array([ 0.200213   ,  32260.9    ])
28      , -351.4      , array([ 0.200413   ,  32260.9    ])
30      , -351.392    , array([ 0.200413   ,  32293.2    ])
34      , -351.4      , array([ 0.200413   ,  32260.9    ])
36      , -351.392    , array([ 0.200413   ,  32293.2    ])
38      , -351.415    , array([ 0.200213   ,  32260.9    ])
40      , -350.233    , array([ 0.19324    ,  40174.8    ])
42      , -350.225    , array([ 0.19324    ,  40215      ])
46      , -350.233    , array([ 0.19324    ,  40174.8    ])
48      , -350.225    , array([ 0.19324    ,  40215      ])
50      , -350.248    , array([ 0.193047   ,  40174.8    ])
56      , -350.248    , array([ 0.193047   ,  40174.8    ])
58      , -350.233    , array([ 0.19324    ,  40174.8    ])
60      , -350.225    , array([ 0.19324    ,  40215      ])
62      , -349.675    , array([ 0.190007   ,  44919.3    ])
64      , -349.305    , array([ 0.188215   ,  48353.5    ])
66      , -349.298    , array([ 0.188215   ,  48401.9    ])
70      , -349.305    , array([ 0.188215   ,  48353.5    ])
72      , -349.298    , array([ 0.188215   ,  48401.9    ])
74      , -349.319    , array([ 0.188027   ,  48353.5    ])
80      , -349.319    , array([ 0.188027   ,  48353.5    ])
82      , -349.305    , array([ 0.188215   ,  48353.5    ])
84      , -349.298    , array([ 0.188215   ,  48401.9    ])
88      , -349.305    , array([ 0.188215   ,  48353.5    ])
90      , -349.298    , array([ 0.188215   ,  48401.9    ])
92      , -349.319    , array([ 0.188027   ,  48353.5    ])
98      , -349.319    , array([ 0.188027   ,  48353.5    ])
100     , -349.305    , array([ 0.188215   ,  48353.5    ])
102     , -349.298    , array([ 0.188215   ,  48401.9    ])
104     , -349.201    , array([ 0.187389   ,  49561.9    ])
110     , -349.201    , array([ 0.187389   ,  49561.9    ])
112     , -349.188    , array([ 0.187577   ,  49561.9    ])
114     , -349.181    , array([ 0.187577   ,  49611.5    ])
116     , -349.163    , array([ 0.187179   ,  49967.2    ])
118     , -349.188    , array([ 0.187577   ,  49561.9    ])
120     , -349.181    , array([ 0.187577   ,  49611.5    ])
122     , -349.176    , array([ 0.187249   ,  49831.7    ])
124     , -349.154    , array([ 0.18739    ,  49922      ])
126     , -349.147    , array([ 0.18739    ,  49972      ])
128     , -349.165    , array([ 0.187187   ,  49952.2    ])
130     , -349.15     , array([ 0.187368   ,  49964      ])
134     , -349.163    , array([ 0.18718    ,  49966.5    ])
136     , -349.15     , array([ 0.187367   ,  49967.1    ])
140     , -349.163    , array([ 0.187179   ,  49967.2    ])
142     , -349.15     , array([ 0.187367   ,  49967.2    ])
146     , -349.163    , array([ 0.187179   ,  49967.2    ])
148     , -349.15     , array([ 0.187367   ,  49967.2    ])
152     , -349.163    , array([ 0.187179   ,  49967.2    ])
154     , -349.15     , array([ 0.187367   ,  49967.2    ])
158     , -349.163    , array([ 0.187179   ,  49967.2    ])
160     , -349.15     , array([ 0.187367   ,  49967.2    ])
164     , -349.163    , array([ 0.187179   ,  49967.2    ])
166     , -349.15     , array([ 0.187367   ,  49967.2    ])
170     , -349.163    , array([ 0.187179   ,  49967.2    ])
172     , -349.15     , array([ 0.187367   ,  49967.2    ])
176     , -349.163    , array([ 0.187179   ,  49967.2    ])
178     , -349.15     , array([ 0.187367   ,  49967.2    ])
182     , -349.163    , array([ 0.187179   ,  49967.2    ])
184     , -349.15     , array([ 0.187367   ,  49967.2    ])
188     , -349.163    , array([ 0.187179   ,  49967.2    ])
194     , -349.188    , array([ 0.187577   ,  49561.9    ])
196     , -349.181    , array([ 0.187577   ,  49611.5    ])
198     , -349.159    , array([ 0.187418   ,  49868.7    ])
200     , -349.152    , array([ 0.187418   ,  49918.5    ])
202     , -349.152    , array([ 0.187378   ,  49945.6    ])
204     , -349.145    , array([ 0.187378   ,  49995.6    ])
206     , -349.162    , array([ 0.187171   ,  49984.2    ])
208     , -349.15     , array([ 0.187369   ,  49963.5    ])
[-349.3048188438139, array([1.88215190e-01, 4.83535443e+04])]
2       , -509.064    , array([ 0.150676   ,  641.208    ])
4       , -406.201    , array([ 0.37671    ,  982.647    ])
6       , -406.161    , array([ 0.37671    ,  983.63     ])
10      , -406.201    , array([ 0.37671    ,  982.649    ])
12      , -406.161    , array([ 0.37671    ,  983.632    ])
14      , -406.233    , array([ 0.376333   ,  982.679    ])
16      , -373.286    , array([ 0.298657   ,  16052.4    ])
18      , -373.306    , array([ 0.298657   ,  16068.5    ])
22      , -373.286    , array([ 0.298656   ,  16052.4    ])
24      , -373.306    , array([ 0.298656   ,  16068.5    ])
26      , -373.154    , array([ 0.298358   ,  16052.4    ])
28      , -352.297    , array([ 0.199384   ,  45561.2    ])
30      , -352.297    , array([ 0.199384   ,  45606.8    ])
34      , -352.297    , array([ 0.199384   ,  45561.2    ])
36      , -352.297    , array([ 0.199384   ,  45606.8    ])
38      , -352.275    , array([ 0.199185   ,  45561.2    ])
44      , -352.275    , array([ 0.199185   ,  45561.2    ])
46      , -352.297    , array([ 0.199384   ,  45561.2    ])
48      , -352.297    , array([ 0.199384   ,  45606.8    ])
52      , -352.297    , array([ 0.199384   ,  45561.2    ])
54      , -352.297    , array([ 0.199384   ,  45606.8    ])
56      , -352.275    , array([ 0.199185   ,  45561.2    ])
62      , -352.275    , array([ 0.199185   ,  45561.2    ])
64      , -352.297    , array([ 0.199384   ,  45561.2    ])
66      , -352.297    , array([ 0.199384   ,  45606.8    ])
68      , -352.029    , array([ 0.196678   ,  47750.6    ])
70      , -351.891    , array([ 0.195236   ,  49253      ])
72      , -351.891    , array([ 0.195236   ,  49302.2    ])
74      , -351.822    , array([ 0.194488   ,  49774.4    ])
80      , -351.822    , array([ 0.194488   ,  49774.4    ])
82      , -351.84     , array([ 0.194682   ,  49774.4    ])
84      , -351.84     , array([ 0.194682   ,  49824.2    ])
88      , -351.84     , array([ 0.194682   ,  49774.4    ])
90      , -351.84     , array([ 0.194682   ,  49824.2    ])
92      , -351.822    , array([ 0.194488   ,  49774.4    ])
98      , -351.822    , array([ 0.194488   ,  49774.4    ])
100     , -351.84     , array([ 0.194682   ,  49774.4    ])
102     , -351.84     , array([ 0.194682   ,  49824.2    ])
106     , -351.84     , array([ 0.194682   ,  49774.4    ])
108     , -351.84     , array([ 0.194682   ,  49824.2    ])
110     , -351.822    , array([ 0.194488   ,  49774.4    ])
116     , -351.822    , array([ 0.194488   ,  49774.4    ])
118     , -351.84     , array([ 0.194682   ,  49774.4    ])
120     , -351.84     , array([ 0.194682   ,  49824.2    ])
124     , -351.84     , array([ 0.194682   ,  49774.4    ])
126     , -351.84     , array([ 0.194682   ,  49824.2    ])
128     , -351.822    , array([ 0.194488   ,  49774.4    ])
130     , -351.825    , array([ 0.194526   ,  49942.9    ])
132     , -351.825    , array([ 0.194526   ,  49992.8    ])
136     , -351.825    , array([ 0.194526   ,  49942.9    ])
138     , -351.825    , array([ 0.194526   ,  49992.8    ])
140     , -351.803    , array([ 0.194279   ,  49998.6    ])
142     , -351.825    , array([ 0.194526   ,  49942.9    ])
144     , -351.825    , array([ 0.194526   ,  49992.8    ])
146     , -351.805    , array([ 0.194297   ,  49980      ])
148     , -351.821    , array([ 0.194477   ,  49994.7    ])
152     , -351.803    , array([ 0.19428    ,  49997.8    ])
154     , -351.82     , array([ 0.194474   ,  49998.4    ])
158     , -351.803    , array([ 0.194279   ,  49998.6    ])
160     , -351.82     , array([ 0.194474   ,  49998.6    ])
164     , -351.803    , array([ 0.194279   ,  49998.6    ])
166     , -351.82     , array([ 0.194474   ,  49998.6    ])
170     , -351.803    , array([ 0.194279   ,  49998.6    ])
172     , -351.82     , array([ 0.194474   ,  49998.6    ])
176     , -351.803    , array([ 0.194279   ,  49998.6    ])
178     , -351.82     , array([ 0.194474   ,  49998.6    ])
182     , -351.803    , array([ 0.194279   ,  49998.6    ])
184     , -351.82     , array([ 0.194474   ,  49998.6    ])
188     , -351.803    , array([ 0.194279   ,  49998.6    ])
190     , -351.82     , array([ 0.194474   ,  49998.6    ])
194     , -351.803    , array([ 0.194279   ,  49998.6    ])
196     , -351.82     , array([ 0.194474   ,  49998.6    ])
200     , -351.803    , array([ 0.194279   ,  49998.6    ])
202     , -351.82     , array([ 0.194474   ,  49998.6    ])
206     , -351.803    , array([ 0.194279   ,  49998.6    ])
214     , -351.825    , array([ 0.194526   ,  49942.9    ])
216     , -351.825    , array([ 0.194526   ,  49992.8    ])
218     , -351.821    , array([ 0.194486   ,  49985.1    ])
222     , -351.822    , array([ 0.194495   ,  49975.6    ])
[-351.8396345266723, array([1.94682351e-01, 4.97744491e+04])]
2       , -458.907    , array([ 0.132314   ,  1029.01    ])
4       , -337.092    , array([ 0.338859   ,  1491.19    ])
6       , -337.053    , array([ 0.338859   ,  1492.68    ])
10      , -337.092    , array([ 0.338859   ,  1491.19    ])
12      , -337.053    , array([ 0.338859   ,  1492.68    ])
14      , -337.15     , array([ 0.338519   ,  1491.26    ])
20      , -337.15     , array([ 0.338519   ,  1491.26    ])
22      , -337.09     , array([ 0.338857   ,  1491.28    ])
24      , -337.051    , array([ 0.338857   ,  1492.77    ])
26      , -304.966    , array([ 0.290115   ,  9231.46    ])
32      , -304.966    , array([ 0.290115   ,  9231.46    ])
34      , -304.996    , array([ 0.290406   ,  9231.46    ])
36      , -304.995    , array([ 0.290406   ,  9240.7     ])
38      , -303.465    , array([ 0.179698   ,  31228.8    ])
40      , -300.686    , array([ 0.191554   ,  30041.8    ])
42      , -300.676    , array([ 0.191554   ,  30071.8    ])
44      , -297.572    , array([ 0.203593   ,  39978.6    ])
50      , -297.572    , array([ 0.203593   ,  39978.6    ])
52      , -297.571    , array([ 0.203797   ,  39978.6    ])
54      , -297.569    , array([ 0.203797   ,  40018.6    ])
56      , -297.246    , array([ 0.198534   ,  47287.8    ])
62      , -297.246    , array([ 0.198534   ,  47287.8    ])
64      , -297.247    , array([ 0.198733   ,  47287.8    ])
66      , -297.246    , array([ 0.198733   ,  47335.1    ])
70      , -297.247    , array([ 0.198733   ,  47287.8    ])
72      , -297.246    , array([ 0.198733   ,  47335.1    ])
74      , -297.246    , array([ 0.198534   ,  47287.8    ])
80      , -297.246    , array([ 0.198534   ,  47287.8    ])
82      , -297.247    , array([ 0.198733   ,  47287.8    ])
84      , -297.246    , array([ 0.198733   ,  47335.1    ])
86      , -297.164    , array([ 0.19693    ,  49560.3    ])
92      , -297.164    , array([ 0.19693    ,  49560.3    ])
94      , -297.165    , array([ 0.197127   ,  49560.3    ])
96      , -297.164    , array([ 0.197127   ,  49609.9    ])
100     , -297.165    , array([ 0.197127   ,  49560.3    ])
102     , -297.164    , array([ 0.197127   ,  49609.9    ])
104     , -297.164    , array([ 0.19693    ,  49560.3    ])
106     , -297.152    , array([ 0.196863   ,  49945.6    ])
108     , -297.151    , array([ 0.196863   ,  49995.6    ])
112     , -297.152    , array([ 0.196863   ,  49945.6    ])
114     , -297.151    , array([ 0.196863   ,  49995.6    ])
116     , -297.151    , array([ 0.196666   ,  49945.6    ])
122     , -297.151    , array([ 0.196666   ,  49945.6    ])
124     , -297.152    , array([ 0.196863   ,  49945.6    ])
126     , -297.151    , array([ 0.196863   ,  49995.6    ])
130     , -297.152    , array([ 0.196863   ,  49945.6    ])
132     , -297.151    , array([ 0.196863   ,  49995.6    ])
134     , -297.15     , array([ 0.196641   ,  49983      ])
136     , -297.152    , array([ 0.196863   ,  49945.6    ])
138     , -297.151    , array([ 0.196863   ,  49995.6    ])
140     , -297.15     , array([ 0.196649   ,  49970.6    ])
142     , -297.151    , array([ 0.196839   ,  49980.4    ])
146     , -297.15     , array([ 0.196641   ,  49982.5    ])
148     , -297.151    , array([ 0.196838   ,  49982.9    ])
152     , -297.15     , array([ 0.196641   ,  49983      ])
154     , -297.151    , array([ 0.196838   ,  49983      ])
158     , -297.15     , array([ 0.196641   ,  49983      ])
160     , -297.151    , array([ 0.196838   ,  49983      ])
164     , -297.15     , array([ 0.196641   ,  49983      ])
166     , -297.151    , array([ 0.196838   ,  49983      ])
170     , -297.15     , array([ 0.196641   ,  49983      ])
172     , -297.151    , array([ 0.196838   ,  49983      ])
176     , -297.15     , array([ 0.196641   ,  49983      ])
178     , -297.151    , array([ 0.196838   ,  49983      ])
182     , -297.15     , array([ 0.196641   ,  49983      ])
184     , -297.151    , array([ 0.196838   ,  49983      ])
188     , -297.15     , array([ 0.196641   ,  49983      ])
190     , -297.151    , array([ 0.196838   ,  49983      ])
194     , -297.15     , array([ 0.196641   ,  49983      ])
196     , -297.151    , array([ 0.196838   ,  49983      ])
200     , -297.15     , array([ 0.196641   ,  49983      ])
206     , -297.164    , array([ 0.19693    ,  49560.3    ])
210     , -297.155    , array([ 0.196927   ,  49851.9    ])
212     , -297.154    , array([ 0.196927   ,  49901.8    ])
214     , -297.149    , array([ 0.19663    ,  49998.4    ])
216     , -297.153    , array([ 0.196884   ,  49915      ])
218     , -297.151    , array([ 0.196837   ,  49983.4    ])
[-297.2472028603612, array([1.98732966e-01, 4.72878253e+04])]
2       , -408.723    , array([ 0.212858   ,  568.619    ])
4       , -286.159    , array([ 0.531699   ,  873.071    ])
6       , -286.122    , array([ 0.531699   ,  873.944    ])
10      , -286.159    , array([ 0.531699   ,  873.073    ])
12      , -286.122    , array([ 0.531699   ,  873.947    ])
14      , -286.181    , array([ 0.531164   ,  873.099    ])
16      , -244.149    , array([ 0.225671   ,  43441.9    ])
18      , -244.149    , array([ 0.225671   ,  43485.3    ])
20      , -244.347    , array([ 0.211337   ,  49260.3    ])
22      , -244.116    , array([ 0.221672   ,  44979      ])
24      , -244.116    , array([ 0.221672   ,  45024      ])
26      , -244.077    , array([ 0.218956   ,  48399.4    ])
32      , -244.077    , array([ 0.218956   ,  48399.4    ])
34      , -244.075    , array([ 0.219175   ,  48399.4    ])
36      , -244.075    , array([ 0.219175   ,  48447.8    ])
40      , -244.075    , array([ 0.219175   ,  48399.4    ])
42      , -244.075    , array([ 0.219175   ,  48447.8    ])
44      , -244.077    , array([ 0.218956   ,  48399.4    ])
50      , -244.077    , array([ 0.218956   ,  48399.4    ])
52      , -244.075    , array([ 0.219175   ,  48399.4    ])
54      , -244.075    , array([ 0.219175   ,  48447.8    ])
56      , -244.066    , array([ 0.218125   ,  49544.9    ])
62      , -244.066    , array([ 0.218125   ,  49544.9    ])
64      , -244.064    , array([ 0.218343   ,  49544.9    ])
66      , -244.064    , array([ 0.218343   ,  49594.5    ])
68      , -244.066    , array([ 0.218125   ,  49544.9    ])
70      , -244.064    , array([ 0.218343   ,  49544.9    ])
72      , -244.064    , array([ 0.218343   ,  49594.5    ])
76      , -244.064    , array([ 0.218343   ,  49544.9    ])
78      , -244.064    , array([ 0.218343   ,  49594.5    ])
80      , -244.062    , array([ 0.218136   ,  49835.5    ])
82      , -244.061    , array([ 0.218136   ,  49885.4    ])
86      , -244.062    , array([ 0.218136   ,  49835.5    ])
88      , -244.061    , array([ 0.218136   ,  49885.4    ])
90      , -244.063    , array([ 0.217918   ,  49835.5    ])
96      , -244.063    , array([ 0.217918   ,  49835.5    ])
98      , -244.062    , array([ 0.218136   ,  49835.5    ])
100     , -244.061    , array([ 0.218136   ,  49885.4    ])
102     , -244.063    , array([ 0.217918   ,  49835.5    ])
104     , -244.062    , array([ 0.218136   ,  49835.5    ])
106     , -244.061    , array([ 0.218136   ,  49885.4    ])
108     , -244.063    , array([ 0.217918   ,  49835.5    ])
110     , -244.062    , array([ 0.218136   ,  49835.5    ])
112     , -244.061    , array([ 0.218136   ,  49885.4    ])
114     , -244.063    , array([ 0.217918   ,  49835.5    ])
116     , -244.062    , array([ 0.218136   ,  49835.5    ])
118     , -244.061    , array([ 0.218136   ,  49885.4    ])
120     , -244.063    , array([ 0.217918   ,  49835.5    ])
122     , -244.062    , array([ 0.218136   ,  49835.5    ])
124     , -244.061    , array([ 0.218136   ,  49885.4    ])
126     , -244.063    , array([ 0.217918   ,  49835.5    ])
128     , -244.062    , array([ 0.218136   ,  49835.5    ])
130     , -244.061    , array([ 0.218136   ,  49885.4    ])
132     , -244.063    , array([ 0.217918   ,  49835.5    ])
134     , -244.062    , array([ 0.218136   ,  49835.5    ])
136     , -244.061    , array([ 0.218136   ,  49885.4    ])
138     , -244.063    , array([ 0.217918   ,  49835.5    ])
140     , -244.062    , array([ 0.218136   ,  49835.5    ])
142     , -244.061    , array([ 0.218136   ,  49885.4    ])
144     , -244.063    , array([ 0.217918   ,  49835.5    ])
146     , -244.062    , array([ 0.218136   ,  49835.5    ])
148     , -244.061    , array([ 0.218136   ,  49885.4    ])
150     , -244.063    , array([ 0.217918   ,  49835.5    ])
152     , -244.062    , array([ 0.218136   ,  49835.5    ])
154     , -244.061    , array([ 0.218136   ,  49885.4    ])
156     , -244.063    , array([ 0.217918   ,  49835.5    ])
158     , -244.062    , array([ 0.218136   ,  49835.5    ])
160     , -244.061    , array([ 0.218136   ,  49885.4    ])
162     , -244.063    , array([ 0.217918   ,  49835.5    ])
164     , -244.062    , array([ 0.218136   ,  49835.5    ])
166     , -244.061    , array([ 0.218136   ,  49885.4    ])
168     , -244.063    , array([ 0.217918   ,  49835.5    ])
170     , -244.062    , array([ 0.218136   ,  49835.5    ])
172     , -244.061    , array([ 0.218136   ,  49885.4    ])
174     , -244.063    , array([ 0.217918   ,  49835.5    ])
176     , -244.062    , array([ 0.218136   ,  49835.5    ])
178     , -244.061    , array([ 0.218136   ,  49885.4    ])
184     , -244.061    , array([ 0.21806    ,  49942.9    ])
186     , -244.06     , array([ 0.21806    ,  49992.9    ])
188     , -244.062    , array([ 0.217804   ,  49996.7    ])
190     , -244.061    , array([ 0.218043   ,  49967      ])
192     , -244.06     , array([ 0.218026   ,  49991.3    ])
194     , -244.06     , array([ 0.218023   ,  49995.7    ])
[-244.0617649873981, array([2.18136110e-01, 4.98355349e+04])]
2       , -395.133    , array([ 0.198374   ,  1063.94    ])
4       , -313.471    , array([ 0.504912   ,  1565.53    ])
6       , -313.469    , array([ 0.504912   ,  1567.1     ])
10      , -313.471    , array([ 0.504912   ,  1565.54    ])
12      , -313.469    , array([ 0.504912   ,  1567.1     ])
14      , -313.406    , array([ 0.504406   ,  1565.56    ])
20      , -313.406    , array([ 0.504406   ,  1565.56    ])
22      , -313.471    , array([ 0.50491    ,  1565.56    ])
24      , -313.468    , array([ 0.50491    ,  1567.13    ])
26      , -287.949    , array([ 0.286231   ,  11766.8    ])
28      , -286.817    , array([ 0.20617    ,  22890.5    ])
30      , -286.808    , array([ 0.20617    ,  22913.4    ])
32      , -285.014    , array([ 0.214333   ,  24747.8    ])
34      , -284.039    , array([ 0.213899   ,  34802      ])
36      , -284.039    , array([ 0.213899   ,  34836.8    ])
38      , -283.915    , array([ 0.205632   ,  42331.5    ])
44      , -283.915    , array([ 0.205632   ,  42331.5    ])
46      , -283.916    , array([ 0.205837   ,  42331.5    ])
48      , -283.916    , array([ 0.205837   ,  42373.8    ])
50      , -283.876    , array([ 0.201329   ,  47415.1    ])
56      , -283.876    , array([ 0.201329   ,  47415.1    ])
58      , -283.876    , array([ 0.201531   ,  47415.1    ])
60      , -283.876    , array([ 0.201531   ,  47462.5    ])
64      , -283.876    , array([ 0.201531   ,  47415.1    ])
66      , -283.876    , array([ 0.201531   ,  47462.5    ])
68      , -283.876    , array([ 0.201329   ,  47415.1    ])
70      , -283.876    , array([ 0.201531   ,  47415.1    ])
72      , -283.876    , array([ 0.201531   ,  47462.5    ])
74      , -283.876    , array([ 0.201329   ,  47415.1    ])
76      , -283.876    , array([ 0.201531   ,  47415.1    ])
78      , -283.876    , array([ 0.201531   ,  47462.5    ])
80      , -283.876    , array([ 0.201329   ,  47415.1    ])
82      , -283.876    , array([ 0.201531   ,  47415.1    ])
84      , -283.876    , array([ 0.201531   ,  47462.5    ])
86      , -283.876    , array([ 0.201329   ,  47415.1    ])
88      , -283.876    , array([ 0.201531   ,  47415.1    ])
90      , -283.876    , array([ 0.201531   ,  47462.5    ])
92      , -283.876    , array([ 0.201329   ,  47415.1    ])
94      , -283.876    , array([ 0.201531   ,  47415.1    ])
96      , -283.876    , array([ 0.201531   ,  47462.5    ])
98      , -283.876    , array([ 0.201329   ,  47415.1    ])
100     , -283.876    , array([ 0.201531   ,  47415.1    ])
102     , -283.876    , array([ 0.201531   ,  47462.5    ])
104     , -283.876    , array([ 0.201329   ,  47415.1    ])
106     , -283.876    , array([ 0.201531   ,  47415.1    ])
108     , -283.876    , array([ 0.201531   ,  47462.5    ])
110     , -283.876    , array([ 0.201329   ,  47415.1    ])
112     , -283.876    , array([ 0.201531   ,  47415.1    ])
114     , -283.876    , array([ 0.201531   ,  47462.5    ])
116     , -283.876    , array([ 0.201329   ,  47415.1    ])
118     , -283.876    , array([ 0.201531   ,  47415.1    ])
120     , -283.876    , array([ 0.201531   ,  47462.5    ])
122     , -283.876    , array([ 0.201329   ,  47415.1    ])
124     , -283.876    , array([ 0.201531   ,  47415.1    ])
126     , -283.876    , array([ 0.201531   ,  47462.5    ])
128     , -283.876    , array([ 0.201329   ,  47415.1    ])
130     , -283.876    , array([ 0.201531   ,  47415.1    ])
132     , -283.876    , array([ 0.201531   ,  47462.5    ])
134     , -283.876    , array([ 0.201329   ,  47415.1    ])
136     , -283.876    , array([ 0.201531   ,  47415.1    ])
138     , -283.876    , array([ 0.201531   ,  47462.5    ])
140     , -283.876    , array([ 0.201329   ,  47415.1    ])
142     , -283.876    , array([ 0.201531   ,  47415.1    ])
144     , -283.876    , array([ 0.201531   ,  47462.5    ])
146     , -283.876    , array([ 0.201329   ,  47415.1    ])
148     , -283.876    , array([ 0.201531   ,  47415.1    ])
150     , -283.876    , array([ 0.201531   ,  47462.5    ])
154     , -283.868    , array([ 0.200096   ,  49085.7    ])
160     , -283.868    , array([ 0.200096   ,  49085.7    ])
162     , -283.868    , array([ 0.200296   ,  49085.7    ])
164     , -283.868    , array([ 0.200296   ,  49134.8    ])
168     , -283.868    , array([ 0.200296   ,  49085.7    ])
170     , -283.868    , array([ 0.200296   ,  49134.8    ])
172     , -283.868    , array([ 0.200096   ,  49085.7    ])
178     , -283.868    , array([ 0.200096   ,  49085.7    ])
180     , -283.868    , array([ 0.200296   ,  49085.7    ])
182     , -283.868    , array([ 0.200296   ,  49134.8    ])
184     , -283.868    , array([ 0.200096   ,  49085.7    ])
186     , -283.868    , array([ 0.200296   ,  49085.7    ])
188     , -283.868    , array([ 0.200296   ,  49134.8    ])
190     , -283.868    , array([ 0.200096   ,  49085.7    ])
192     , -283.868    , array([ 0.200296   ,  49085.7    ])
194     , -283.868    , array([ 0.200296   ,  49134.8    ])
196     , -283.868    , array([ 0.200096   ,  49085.7    ])
198     , -283.868    , array([ 0.200296   ,  49085.7    ])
200     , -283.868    , array([ 0.200296   ,  49134.8    ])
202     , -283.868    , array([ 0.200096   ,  49085.7    ])
204     , -283.868    , array([ 0.200296   ,  49085.7    ])
206     , -283.868    , array([ 0.200296   ,  49134.8    ])
208     , -283.868    , array([ 0.200096   ,  49085.7    ])
210     , -283.868    , array([ 0.200296   ,  49085.7    ])
212     , -283.868    , array([ 0.200296   ,  49134.8    ])
214     , -283.868    , array([ 0.200096   ,  49085.7    ])
220     , -283.866    , array([ 0.199659   ,  49704.7    ])
226     , -283.866    , array([ 0.199659   ,  49704.7    ])
228     , -283.866    , array([ 0.199859   ,  49704.7    ])
230     , -283.866    , array([ 0.199859   ,  49754.5    ])
232     , -283.866    , array([ 0.199659   ,  49704.7    ])
234     , -283.866    , array([ 0.199859   ,  49704.7    ])
236     , -283.866    , array([ 0.199859   ,  49754.5    ])
238     , -283.866    , array([ 0.199659   ,  49704.7    ])
240     , -283.866    , array([ 0.199859   ,  49704.7    ])
242     , -283.866    , array([ 0.199859   ,  49754.5    ])
244     , -283.866    , array([ 0.199659   ,  49704.7    ])
246     , -283.866    , array([ 0.199859   ,  49704.7    ])
248     , -283.866    , array([ 0.199859   ,  49754.5    ])
250     , -283.866    , array([ 0.199659   ,  49704.7    ])
252     , -283.866    , array([ 0.199859   ,  49704.7    ])
254     , -283.866    , array([ 0.199859   ,  49754.5    ])
256     , -283.866    , array([ 0.199659   ,  49704.7    ])
258     , -283.866    , array([ 0.199859   ,  49704.7    ])
260     , -283.866    , array([ 0.199859   ,  49754.5    ])
262     , -283.866    , array([ 0.199659   ,  49704.7    ])
264     , -283.866    , array([ 0.199859   ,  49704.7    ])
266     , -283.866    , array([ 0.199859   ,  49754.5    ])
268     , -283.866    , array([ 0.199659   ,  49704.7    ])
270     , -283.866    , array([ 0.199859   ,  49704.7    ])
272     , -283.866    , array([ 0.199859   ,  49754.5    ])
274     , -283.866    , array([ 0.199659   ,  49704.7    ])
276     , -283.866    , array([ 0.199859   ,  49704.7    ])
278     , -283.866    , array([ 0.199859   ,  49754.5    ])
280     , -283.866    , array([ 0.199659   ,  49704.7    ])
282     , -283.866    , array([ 0.199859   ,  49704.7    ])
284     , -283.866    , array([ 0.199859   ,  49754.5    ])
286     , -283.866    , array([ 0.199659   ,  49704.7    ])
288     , -283.866    , array([ 0.199859   ,  49704.7    ])
290     , -283.866    , array([ 0.199859   ,  49754.5    ])
292     , -283.866    , array([ 0.199659   ,  49704.7    ])
294     , -283.866    , array([ 0.199859   ,  49704.7    ])
296     , -283.866    , array([ 0.199859   ,  49754.5    ])
298     , -283.866    , array([ 0.199659   ,  49704.7    ])
300     , -283.866    , array([ 0.199859   ,  49704.7    ])
302     , -283.866    , array([ 0.199859   ,  49754.5    ])
304     , -283.866    , array([ 0.199659   ,  49704.7    ])
306     , -283.866    , array([ 0.199859   ,  49704.7    ])
308     , -283.866    , array([ 0.199859   ,  49754.5    ])
310     , -283.866    , array([ 0.199659   ,  49704.7    ])
312     , -283.866    , array([ 0.199859   ,  49704.7    ])
314     , -283.866    , array([ 0.199859   ,  49754.5    ])
316     , -283.866    , array([ 0.199659   ,  49704.7    ])
318     , -283.866    , array([ 0.199859   ,  49704.7    ])
320     , -283.866    , array([ 0.199859   ,  49754.5    ])
322     , -283.866    , array([ 0.199659   ,  49704.7    ])
324     , -283.866    , array([ 0.199859   ,  49704.7    ])
326     , -283.866    , array([ 0.199859   ,  49754.5    ])
328     , -283.866    , array([ 0.199659   ,  49704.7    ])
334     , -283.865    , array([ 0.199509   ,  49920.2    ])
338     , -283.865    , array([ 0.199472   ,  49974.2    ])
340     , -283.865    , array([ 0.199692   ,  49944.5    ])
342     , -283.865    , array([ 0.199675   ,  49968.8    ])
344     , -283.865    , array([ 0.199672   ,  49973.2    ])
[-283.8658888924887, array([1.99858930e-01, 4.97047473e+04])]
