GSL_RNG_TYPE=mrg
GSL_RNG_SEED=227
GSL_RNG_TYPE=mrg
GSL_RNG_SEED=193
GSL_RNG_TYPE=mrg
GSL_RNG_SEED=248
GSL_RNG_TYPE=mrg
GSL_RNG_TYPE=mrg
GSL_RNG_SEED=230
GSL_RNG_SEED=218
GSL_RNG_TYPE=mrg
GSL_RNG_SEED=231
GSL_RNG_TYPE=mrg
GSL_RNG_SEED=225
GSL_RNG_TYPE=mrg
GSL_RNG_SEED=250
GSL_RNG_TYPE=mrg
GSL_RNG_SEED=249
GSL_RNG_TYPE=mrg
GSL_RNG_TYPE=mrg
GSL_RNG_SEED=224
GSL_RNG_SEED=222

real	2m53.049s
user	2m52.899s
sys	0m0.017s

real	0m0.074s
user	0m0.068s
sys	0m0.005s
GSL_RNG_TYPE=mrg
GSL_RNG_SEED=147

real	2m53.331s
user	2m53.193s
sys	0m0.023s

real	0m0.069s
user	0m0.068s
sys	0m0.001s
GSL_RNG_TYPE=mrg
GSL_RNG_SEED=149

real	2m52.445s
user	2m52.317s
sys	0m0.014s

real	0m0.084s
user	0m0.070s
sys	0m0.002s
GSL_RNG_TYPE=mrg
GSL_RNG_SEED=150

real	2m53.918s
user	2m53.806s
sys	0m0.010s

real	0m0.078s
user	0m0.069s
sys	0m0.003s
GSL_RNG_TYPE=mrg
GSL_RNG_SEED=148

real	3m5.082s
user	3m4.919s
sys	0m0.006s

real	0m0.093s
user	0m0.073s
sys	0m0.002s
GSL_RNG_TYPE=mrg
GSL_RNG_SEED=151

real	2m54.300s
user	2m54.099s
sys	0m0.009s

real	3m4.794s
user	3m4.624s
sys	0m0.006s

real	3m6.405s
user	3m6.229s
sys	0m0.010s

real	0m0.077s
user	0m0.073s
sys	0m0.003s
GSL_RNG_TYPE=mrg
GSL_RNG_SEED=155

real	0m0.069s
user	0m0.067s
sys	0m0.002s
GSL_RNG_TYPE=mrg
GSL_RNG_SEED=152

real	3m6.712s
user	3m6.540s
sys	0m0.014s

real	3m7.241s
user	3m7.075s
sys	0m0.007s

real	0m0.073s
user	0m0.068s
sys	0m0.003s
GSL_RNG_TYPE=mrg
GSL_RNG_SEED=154

real	0m0.080s
user	0m0.065s
sys	0m0.004s
GSL_RNG_TYPE=mrg
GSL_RNG_SEED=153

real	3m5.462s
user	3m5.295s
sys	0m0.007s

real	0m0.071s
user	0m0.069s
sys	0m0.001s
GSL_RNG_TYPE=mrg
GSL_RNG_SEED=157

real	3m5.205s
user	3m5.055s
sys	0m0.007s

real	0m0.071s
user	0m0.066s
sys	0m0.003s
GSL_RNG_TYPE=mrg
GSL_RNG_SEED=158

real	3m5.118s
user	3m4.954s
sys	0m0.013s

real	0m0.071s
user	0m0.066s
sys	0m0.004s
GSL_RNG_TYPE=mrg
GSL_RNG_SEED=159

real	3m7.587s
user	3m7.413s
sys	0m0.009s

real	0m0.069s
user	0m0.066s
sys	0m0.002s

real	2m58.860s
user	2m58.634s
GSL_RNG_TYPE=mrg
sys	0m0.008s
GSL_RNG_SEED=156

real	3m6.254s
user	3m6.090s
sys	0m0.016s

real	0m0.094s
user	0m0.071s
sys	0m0.005s
GSL_RNG_TYPE=mrg
GSL_RNG_SEED=160

real	3m6.468s
user	3m6.299s
sys	0m0.010s

real	0m0.087s
user	0m0.070s
sys	0m0.005s
GSL_RNG_TYPE=mrg
GSL_RNG_SEED=161

real	3m6.589s
user	3m6.416s
sys	0m0.012s

real	0m0.072s
user	0m0.069s
sys	0m0.002s
GSL_RNG_TYPE=mrg
GSL_RNG_SEED=162

real	3m6.480s
user	3m6.295s
sys	0m0.007s

real	0m0.070s
user	0m0.068s
sys	0m0.002s
GSL_RNG_TYPE=mrg
GSL_RNG_SEED=163

real	3m6.622s
user	3m6.052s
sys	0m0.008s

real	3m5.967s
user	3m5.333s
sys	0m0.013s

real	0m0.084s
user	0m0.071s
sys	0m0.004s
GSL_RNG_TYPE=mrg
GSL_RNG_SEED=164

real	0m0.086s
user	0m0.072s
sys	0m0.004s
GSL_RNG_TYPE=mrg
GSL_RNG_SEED=165

real	3m5.936s
user	3m5.723s
sys	0m0.010s

real	0m0.069s
user	0m0.067s
sys	0m0.002s
GSL_RNG_TYPE=mrg
GSL_RNG_SEED=166

real	3m5.443s
user	3m5.253s
sys	0m0.013s

real	0m0.072s
user	0m0.065s
sys	0m0.006s
GSL_RNG_TYPE=mrg
GSL_RNG_SEED=170

real	3m6.720s
user	3m6.485s
sys	0m0.018s

real	0m0.072s
user	0m0.068s
sys	0m0.003s
GSL_RNG_TYPE=mrg
GSL_RNG_SEED=167

real	3m6.683s
user	3m6.498s
sys	0m0.008s

real	0m0.072s
user	0m0.070s
sys	0m0.002s
GSL_RNG_TYPE=mrg
GSL_RNG_SEED=169

real	3m7.456s
user	3m7.252s
sys	0m0.007s

real	3m6.217s
user	3m5.965s
sys	0m0.010s

real	0m0.072s
user	0m0.065s
sys	0m0.005s

real	0m0.069s
user	0m0.067s
sys	0m0.001s
GSL_RNG_TYPE=mrg
GSL_RNG_SEED=168
GSL_RNG_TYPE=mrg
GSL_RNG_SEED=171

real	3m5.824s
user	3m5.629s
sys	0m0.007s

real	0m0.072s
user	0m0.068s
sys	0m0.003s

real	3m4.552s
user	3m4.320s
GSL_RNG_TYPE=mrg
sys	0m0.013s
GSL_RNG_SEED=172

real	3m5.989s
user	3m5.764s
sys	0m0.010s

real	0m0.076s
user	0m0.070s
sys	0m0.004s
GSL_RNG_TYPE=mrg
GSL_RNG_SEED=173

real	3m6.763s
user	3m6.506s
sys	0m0.008s

real	3m4.380s
user	3m4.190s
sys	0m0.008s

real	0m0.076s
user	0m0.072s
sys	0m0.003s
GSL_RNG_TYPE=mrg
GSL_RNG_SEED=179

real	3m6.881s
user	3m6.676s
sys	0m0.013s

real	0m0.071s
user	0m0.068s
sys	0m0.002s
GSL_RNG_TYPE=mrg
GSL_RNG_SEED=174

real	3m6.552s
user	3m6.337s
sys	0m0.023s

real	0m0.070s
user	0m0.066s
sys	0m0.003s
GSL_RNG_TYPE=mrg
GSL_RNG_SEED=175

real	3m7.167s
user	3m6.966s
sys	0m0.012s

real	0m0.069s
user	0m0.066s
sys	0m0.002s
GSL_RNG_TYPE=mrg
GSL_RNG_SEED=176

real	3m8.311s
user	3m8.051s
sys	0m0.017s

real	3m7.707s
user	3m7.459s
sys	0m0.012s

real	3m5.150s
user	3m4.938s
sys	0m0.010s

real	0m0.075s
user	0m0.068s
sys	0m0.006s
GSL_RNG_TYPE=mrg
GSL_RNG_SEED=180

real	3m6.833s
user	3m6.581s
sys	0m0.041s

real	0m0.071s
user	0m0.067s
sys	0m0.003s
GSL_RNG_TYPE=mrg
GSL_RNG_SEED=178

real	3m5.339s
user	3m5.162s
sys	0m0.009s

real	3m8.648s
user	3m8.383s
sys	0m0.012s

real	0m0.074s
user	0m0.065s
sys	0m0.004s
GSL_RNG_TYPE=mrg
GSL_RNG_SEED=181

real	3m7.049s
user	3m6.610s
sys	0m0.030s

real	0m0.097s
user	0m0.071s
sys	0m0.003s
GSL_RNG_TYPE=mrg
GSL_RNG_SEED=177

real	3m5.288s
user	3m5.104s
sys	0m0.013s

real	0m0.069s
user	0m0.064s
sys	0m0.004s
GSL_RNG_TYPE=mrg
GSL_RNG_SEED=182

real	3m4.749s
user	3m4.509s
sys	0m0.022s

real	0m0.072s
user	0m0.067s
sys	0m0.004s
GSL_RNG_TYPE=mrg
GSL_RNG_SEED=184

real	3m9.659s
user	3m9.366s
sys	0m0.018s

real	3m13.593s
user	3m13.352s

real	3m10.300s
user	3m10.009s
sys	0m0.017s
sys	0m0.010s

real	3m4.644s
user	3m4.442s
sys	0m0.014s

real	3m10.060s
user	3m9.800s
sys	0m0.012s

real	3m9.916s
user	3m9.683s
sys	0m0.011s

real	3m9.542s
user	3m9.322s
sys	0m0.012s

real	3m7.528s
user	3m7.345s
sys	0m0.006s

real	3m8.184s
user	3m8.002s
sys	0m0.013s

real	3m10.896s
user	3m10.631s
sys	0m0.010s

real	3m9.691s
user	3m9.456s
sys	0m0.015s

real	3m10.971s
user	3m10.750s
sys	0m0.016s

real	3m5.125s
user	3m4.932s
sys	0m0.009s

real	3m12.061s
user	3m11.768s
sys	0m0.017s

real	0m0.078s
user	0m0.072s
sys	0m0.001s
GSL_RNG_TYPE=mrg
GSL_RNG_SEED=185

real	3m7.761s
user	3m7.579s
sys	0m0.009s

real	0m0.069s
user	0m0.063s
sys	0m0.005s
GSL_RNG_TYPE=mrg
GSL_RNG_SEED=183

real	3m7.713s
user	3m7.425s
sys	0m0.008s

real	3m11.531s
user	3m11.276s
sys	0m0.012s

real	3m9.347s
user	3m9.107s
sys	0m0.013s

real	3m9.197s
user	3m8.971s
sys	0m0.011s

real	3m10.613s
user	3m10.350s
sys	0m0.013s

real	3m7.338s
user	3m7.103s
sys	0m0.013s

real	3m9.139s
user	3m8.947s
sys	0m0.013s

real	3m11.959s
user	3m11.523s
sys	0m0.068s

real	3m5.715s
user	3m5.531s
sys	0m0.020s

real	0m0.074s
user	0m0.070s
sys	0m0.003s
GSL_RNG_TYPE=mrg
GSL_RNG_SEED=186

real	3m11.564s
user	3m11.336s
sys	0m0.012s

real	3m12.841s
user	3m12.245s
sys	0m0.031s

real	3m12.413s
user	3m12.187s
sys	0m0.005s

real	3m14.572s
user	3m14.302s
sys	0m0.015s

real	3m10.249s
user	3m9.853s
sys	0m0.084s

real	3m17.392s
user	3m17.157s
sys	0m0.016s

real	3m14.295s
user	3m14.064s
sys	0m0.036s

real	3m9.630s
user	3m9.369s
sys	0m0.016s

real	3m10.664s
user	3m10.387s
sys	0m0.020s

real	3m12.220s
user	3m11.956s
sys	0m0.015s

real	3m10.324s
user	3m10.092s
sys	0m0.009s

real	3m10.828s
user	3m10.582s
sys	0m0.011s

real	3m13.270s
user	3m13.046s
sys	0m0.005s

real	3m15.273s
user	3m15.039s
sys	0m0.014s

real	3m14.083s
user	3m13.850s
sys	0m0.017s

real	3m15.794s
user	3m15.587s
sys	0m0.007s

real	3m15.620s
user	3m15.419s
sys	0m0.017s

real	3m10.609s
user	3m10.366s
sys	0m0.012s

real	3m5.260s
user	3m5.066s
sys	0m0.007s

real	3m12.215s
user	3m11.900s
sys	0m0.036s

real	3m10.937s
user	3m10.667s
sys	0m0.011s

real	0m0.094s
user	0m0.072s
sys	0m0.003s
GSL_RNG_TYPE=mrg
GSL_RNG_SEED=187

real	3m15.633s
user	3m15.381s
sys	0m0.013s

real	3m10.789s
user	3m10.399s
sys	0m0.018s

real	3m10.906s
user	3m10.556s
sys	0m0.013s

real	3m15.518s
user	3m15.269s
sys	0m0.015s

real	3m11.547s
user	3m11.297s
sys	0m0.012s

real	3m11.520s
user	3m11.218s
sys	0m0.030s

real	3m11.161s
user	3m10.888s
sys	0m0.009s

real	3m11.446s
user	3m11.071s
sys	0m0.020s

real	3m15.482s
user	3m15.195s
sys	0m0.020s

real	3m16.159s
user	3m15.932s
sys	0m0.017s

real	3m11.405s
user	3m11.134s
sys	0m0.027s

real	3m12.856s
user	3m12.577s
sys	0m0.024s

real	3m5.833s
user	3m5.647s
sys	0m0.013s

real	3m15.336s
user	3m15.121s
sys	0m0.017s

real	0m0.078s
user	0m0.069s
sys	0m0.004s

real	3m11.356s
user	3m11.148s
sys	0m0.016s
GSL_RNG_TYPE=mrg
GSL_RNG_SEED=188

real	3m12.923s
user	3m12.663s
sys	0m0.014s

real	3m15.531s
user	3m15.310s
sys	0m0.013s

real	3m12.548s
user	3m11.736s
sys	0m0.071s

real	3m9.998s
user	3m9.763s
sys	0m0.010s

real	3m16.454s
user	3m16.153s
sys	0m0.070s

real	3m12.552s
user	3m12.084s
sys	0m0.012s

real	3m15.505s
user	3m15.207s
sys	0m0.014s

real	3m12.413s
user	3m12.158s
sys	0m0.021s

real	3m11.383s
user	3m10.877s
sys	0m0.034s

real	3m12.154s
user	3m11.895s
sys	0m0.059s

real	3m11.928s
user	3m11.716s
sys	0m0.013s

real	3m12.282s
user	3m11.986s
sys	0m0.075s

real	3m11.785s
user	3m11.562s
sys	0m0.008s

real	3m12.155s
user	3m11.904s
sys	0m0.046s

real	3m16.094s
user	3m15.805s
sys	0m0.052s

real	3m15.330s
user	3m15.089s
sys	0m0.017s

real	3m13.759s
user	3m13.489s
sys	0m0.019s

real	3m12.922s
user	3m12.620s
sys	0m0.017s

real	3m13.815s
user	3m13.576s
sys	0m0.016s

real	3m14.023s
user	3m13.760s
sys	0m0.011s

real	3m5.513s
user	3m5.334s
sys	0m0.009s

real	0m0.074s
user	0m0.071s
sys	0m0.002s
GSL_RNG_TYPE=mrg
GSL_RNG_SEED=189

real	3m13.983s
user	3m13.734s
sys	0m0.018s

real	3m13.994s
user	3m13.752s
sys	0m0.013s

real	3m16.253s
user	3m15.982s
sys	0m0.012s

real	3m13.829s
user	3m13.610s
sys	0m0.014s

real	3m13.938s
user	3m13.697s
sys	0m0.018s

real	3m14.586s
user	3m14.236s
sys	0m0.009s

real	3m14.533s
user	3m14.291s
sys	0m0.013s

real	3m14.559s
user	3m14.298s
sys	0m0.017s

real	3m15.301s
user	3m15.087s
sys	0m0.017s

real	3m15.128s
user	3m14.893s
sys	0m0.020s

real	3m14.722s
user	3m14.493s
sys	0m0.012s

real	3m15.582s
user	3m15.198s
sys	0m0.014s

real	3m15.366s
user	3m15.152s
sys	0m0.012s

real	3m14.819s
user	3m14.539s
sys	0m0.045s

real	3m14.791s
user	3m14.530s
sys	0m0.015s

real	3m5.105s
user	3m4.910s
sys	0m0.009s

real	3m5.236s
user	3m5.037s
sys	0m0.013s

real	0m0.073s
user	0m0.071s
sys	0m0.002s

real	3m5.315s
user	3m5.113s
sys	0m0.009s
GSL_RNG_TYPE=mrg
GSL_RNG_SEED=192

real	0m0.072s
user	0m0.069s
sys	0m0.002s
GSL_RNG_TYPE=mrg
GSL_RNG_SEED=191

real	0m0.079s
user	0m0.070s
sys	0m0.003s
GSL_RNG_TYPE=mrg
GSL_RNG_SEED=190

real	3m16.357s
user	3m16.113s
sys	0m0.014s

real	3m14.426s
user	3m14.201s
sys	0m0.020s

real	3m18.782s
user	3m18.492s
sys	0m0.012s

real	2m52.620s
user	2m52.501s
sys	0m0.013s

real	2m52.953s
user	2m52.861s
sys	0m0.008s

real	0m0.077s
user	0m0.075s
sys	0m0.002s
GSL_RNG_TYPE=mrg
GSL_RNG_SEED=250

real	0m0.072s
user	0m0.069s
sys	0m0.002s
GSL_RNG_TYPE=mrg
GSL_RNG_SEED=247

real	2m52.791s
user	2m52.706s
sys	0m0.008s

real	0m0.098s
user	0m0.068s
sys	0m0.002s
GSL_RNG_TYPE=mrg
GSL_RNG_SEED=249

real	2m53.081s
user	2m52.989s
sys	0m0.005s

real	0m0.076s
user	0m0.068s
sys	0m0.003s
GSL_RNG_TYPE=mrg
GSL_RNG_SEED=248

real	3m4.502s
user	3m4.322s
sys	0m0.008s

real	0m0.076s
user	0m0.072s
sys	0m0.003s
GSL_RNG_TYPE=mrg
GSL_RNG_SEED=199

real	3m4.160s
user	3m3.989s
sys	0m0.017s

real	0m0.076s
user	0m0.068s
sys	0m0.007s
GSL_RNG_TYPE=mrg
GSL_RNG_SEED=246

real	3m5.655s
user	3m5.453s
sys	0m0.006s

real	3m5.571s
user	3m5.375s
sys	0m0.012s

real	3m5.429s
user	3m5.238s
sys	0m0.006s

real	3m5.306s
user	3m5.088s
sys	0m0.009s

real	0m0.099s
user	0m0.069s
sys	0m0.005s

real	0m0.074s
user	0m0.071s

real	0m0.092s
user	0m0.071s
sys	0m0.002s
sys	0m0.003s
GSL_RNG_TYPE=mrg
GSL_RNG_SEED=196
GSL_RNG_TYPE=mrg
GSL_RNG_SEED=197
GSL_RNG_TYPE=mrg
GSL_RNG_SEED=198

real	0m0.086s
user	0m0.072s
sys	0m0.003s
GSL_RNG_TYPE=mrg
GSL_RNG_SEED=210

real	3m5.329s
user	3m5.154s
sys	0m0.008s

real	3m5.847s
user	3m5.642s
sys	0m0.013s

real	0m0.085s
user	0m0.072s
sys	0m0.002s
GSL_RNG_TYPE=mrg
GSL_RNG_SEED=238

real	0m0.085s
user	0m0.067s
sys	0m0.008s
GSL_RNG_TYPE=mrg
GSL_RNG_SEED=211

real	3m6.019s
user	3m5.836s
sys	0m0.012s

real	3m5.510s
user	3m5.276s
sys	0m0.012s

real	0m0.092s
user	0m0.075s
sys	0m0.002s
GSL_RNG_TYPE=mrg
GSL_RNG_SEED=200

real	0m0.093s
user	0m0.073s
sys	0m0.005s
GSL_RNG_TYPE=mrg
GSL_RNG_SEED=226

real	3m6.596s
user	3m6.413s
sys	0m0.009s

real	3m6.556s
user	3m6.369s
sys	0m0.013s

real	0m0.076s
user	0m0.070s
sys	0m0.005s
GSL_RNG_TYPE=mrg
GSL_RNG_SEED=194


real	3m5.935s
real	3m6.605s
user	3m5.702s
user	3m6.336s
sys	0m0.013s
sys	0m0.038s

real	3m5.683s
user	3m5.485s
sys	0m0.004s

real	3m6.050s
user	3m5.885s
sys	0m0.010s

real	0m0.148s
user	0m0.072s

real	0m0.073s
user	0m0.066s
sys	0m0.003s

real	0m0.092s
user	0m0.071s
sys	0m0.003s
sys	0m0.004s

real	0m0.092s
user	0m0.071s
sys	0m0.004s
GSL_RNG_TYPE=mrg
GSL_RNG_SEED=213
GSL_RNG_TYPE=mrg
GSL_RNG_SEED=195
GSL_RNG_TYPE=mrg
GSL_RNG_SEED=205
GSL_RNG_TYPE=mrg
GSL_RNG_SEED=227

real	0m0.126s
user	0m0.071s
sys	0m0.003s
GSL_RNG_TYPE=mrg
GSL_RNG_SEED=241

real	3m6.248s
user	3m6.044s
sys	0m0.007s

real	3m6.836s
user	3m6.644s
sys	0m0.008s

real	0m0.084s
user	0m0.072s
sys	0m0.002s

real	3m6.738s
user	3m6.522s
sys	0m0.011s
GSL_RNG_TYPE=mrg
GSL_RNG_SEED=212

real	0m0.091s
user	0m0.072s
sys	0m0.004s

real	3m6.847s
user	3m6.664s
sys	0m0.008s

real	0m0.090s
user	0m0.073s
sys	0m0.004s

real	3m6.762s
user	3m6.535s
sys	0m0.010s

real	3m6.022s
user	3m5.649s
sys	0m0.013s
GSL_RNG_TYPE=mrg
GSL_RNG_SEED=201
GSL_RNG_TYPE=mrg
GSL_RNG_SEED=206

real	0m0.100s
user	0m0.069s
sys	0m0.007s

real	0m0.079s
user	0m0.069s

real	0m0.079s
user	0m0.069s
sys	0m0.004s
sys	0m0.005s

real	3m6.408s
user	3m6.082s
sys	0m0.008s
GSL_RNG_TYPE=mrg
GSL_RNG_SEED=204
GSL_RNG_TYPE=mrg
GSL_RNG_SEED=209
GSL_RNG_TYPE=mrg
GSL_RNG_SEED=225

real	3m6.775s
user	3m6.609s
sys	0m0.011s

real	0m0.087s
user	0m0.071s
sys	0m0.004s
GSL_RNG_TYPE=mrg
GSL_RNG_SEED=239

real	3m7.036s
user	3m6.850s
sys	0m0.013s

real	3m6.857s
user	3m6.653s
sys	0m0.005s

real	0m0.084s
user	0m0.071s
sys	0m0.004s
GSL_RNG_TYPE=mrg
GSL_RNG_SEED=236

real	3m6.809s
user	3m6.651s
sys	0m0.011s

real	0m0.094s
user	0m0.076s
sys	0m0.002s

real	0m0.084s
user	0m0.069s
sys	0m0.006s
GSL_RNG_TYPE=mrg
GSL_RNG_SEED=202
GSL_RNG_TYPE=mrg
GSL_RNG_SEED=219

real	0m0.077s
user	0m0.069s
sys	0m0.003s
GSL_RNG_TYPE=mrg
GSL_RNG_SEED=234

real	3m6.743s
user	3m6.563s
sys	0m0.009s

real	3m6.940s
user	3m6.783s
sys	0m0.011s

real	0m0.069s
user	0m0.064s
sys	0m0.004s
GSL_RNG_TYPE=mrg
GSL_RNG_SEED=240

real	3m7.184s
user	3m6.984s
sys	0m0.009s

real	0m0.082s
user	0m0.071s
sys	0m0.003s
GSL_RNG_TYPE=mrg
GSL_RNG_SEED=237

real	3m6.598s
user	3m6.284s
sys	0m0.015s

real	3m7.165s
user	3m7.006s
sys	0m0.010s

real	0m0.073s
user	0m0.071s
sys	0m0.001s
GSL_RNG_TYPE=mrg
GSL_RNG_SEED=233

real	0m0.098s
user	0m0.072s
sys	0m0.006s


real	0m0.100s
user	0m0.072s
sys	0m0.006s
real	3m7.581s
user	3m7.352s
sys	0m0.008s

real	3m6.671s
user	3m6.441s
sys	0m0.015s
GSL_RNG_TYPE=mrg
GSL_RNG_SEED=193

real	3m7.078s
user	3m6.872s
sys	0m0.013s
GSL_RNG_TYPE=mrg
GSL_RNG_SEED=235

real	0m0.095s
user	0m0.075s

real	0m0.096s
user	0m0.068s
sys	0m0.003s
sys	0m0.006s

real	3m7.137s
user	3m6.911s
sys	0m0.010s

real	3m7.189s
user	3m6.996s
sys	0m0.026s

real	0m0.094s
user	0m0.075s
sys	0m0.001s

real	3m7.200s
user	3m6.972s
sys	0m0.009s
GSL_RNG_TYPE=mrg
GSL_RNG_SEED=224
GSL_RNG_TYPE=mrg
GSL_RNG_SEED=207
GSL_RNG_TYPE=mrg
GSL_RNG_SEED=215

real	3m7.553s
user	3m7.298s
sys	0m0.052s

real	0m0.104s
user	0m0.069s

real	0m0.100s
user	0m0.074s
sys	0m0.006s
sys	0m0.005s

real	3m7.224s
user	3m7.041s
sys	0m0.022s

real	0m0.103s
user	0m0.070s

real	3m7.172s
user	3m6.947s
sys	0m0.014s
sys	0m0.004s
GSL_RNG_TYPE=mrg
GSL_RNG_SEED=223
GSL_RNG_TYPE=mrg
GSL_RNG_SEED=243
GSL_RNG_TYPE=mrg
GSL_RNG_SEED=208

real	0m0.097s
user	0m0.071s

real	0m0.091s
user	0m0.070s
sys	0m0.006s
sys	0m0.004s


real	3m7.106s
real	3m7.126s
user	3m6.917s
sys	0m0.008s
user	3m6.866s
sys	0m0.012s

real	0m0.098s
user	0m0.074s
sys	0m0.001s
GSL_RNG_TYPE=mrg
GSL_RNG_SEED=244
GSL_RNG_TYPE=mrg
GSL_RNG_SEED=242

GSL_RNG_TYPE=mrg
real	3m7.554s
GSL_RNG_SEED=220
user	3m7.346s
sys	0m0.017s

real	3m7.421s
user	3m7.245s
sys	0m0.014s

real	0m0.089s
user	0m0.073s
sys	0m0.002s

real	0m0.093s
user	0m0.074s
sys	0m0.003s
GSL_RNG_TYPE=mrg
GSL_RNG_SEED=221
GSL_RNG_TYPE=mrg
GSL_RNG_SEED=229

real	0m0.075s
user	0m0.070s
sys	0m0.003s
GSL_RNG_TYPE=mrg
GSL_RNG_SEED=217

real	0m0.083s
user	0m0.071s
sys	0m0.003s
GSL_RNG_TYPE=mrg
GSL_RNG_SEED=245

real	3m7.334s
user	3m7.092s
sys	0m0.011s


real	3m7.445s
user	3m7.222s
sys	0m0.012s
real	3m7.838s
user	3m7.567s
sys	0m0.048s

real	0m0.072s
user	0m0.069s
sys	0m0.002s

real	0m0.072s
user	0m0.067s
sys	0m0.004s

real	0m0.075s
user	0m0.070s
sys	0m0.004s
GSL_RNG_TYPE=mrg
GSL_RNG_TYPE=mrg
GSL_RNG_SEED=222
GSL_RNG_SEED=232
GSL_RNG_TYPE=mrg
GSL_RNG_SEED=216

real	3m7.514s
user	3m7.325s
sys	0m0.009s

real	0m0.087s
user	0m0.074s
sys	0m0.002s
GSL_RNG_TYPE=mrg
GSL_RNG_SEED=231

real	3m7.818s
user	3m7.561s
sys	0m0.048s

real	0m0.071s
user	0m0.068s
sys	0m0.003s
GSL_RNG_TYPE=mrg
GSL_RNG_SEED=218

real	3m9.004s
user	3m8.802s
sys	0m0.015s

real	0m0.101s
user	0m0.071s
sys	0m0.003s
GSL_RNG_TYPE=mrg
GSL_RNG_SEED=228

real	3m8.958s
user	3m8.727s
sys	0m0.012s

real	3m9.835s
user	3m9.649s
sys	0m0.008s

real	0m0.091s
user	0m0.072s
sys	0m0.002s
GSL_RNG_TYPE=mrg
GSL_RNG_SEED=230

real	0m0.088s
user	0m0.072s
sys	0m0.005s
GSL_RNG_TYPE=mrg
GSL_RNG_SEED=203

real	3m10.263s
user	3m10.023s
sys	0m0.034s

real	0m0.077s
user	0m0.070s
sys	0m0.003s
GSL_RNG_TYPE=mrg
GSL_RNG_SEED=214

real	2m57.289s
user	2m57.153s
sys	0m0.012s

real	2m59.715s
user	2m59.601s
sys	0m0.013s

real	3m0.837s
user	3m0.685s
sys	0m0.014s

real	3m2.347s
user	3m2.146s
sys	0m0.070s

real	3m10.193s
user	3m10.003s
sys	0m0.018s

real	3m8.877s
user	3m8.718s
sys	0m0.004s

real	3m11.842s
user	3m11.681s
sys	0m0.011s

real	3m10.938s
user	3m10.738s
sys	0m0.011s

real	3m11.606s
user	3m11.440s
sys	0m0.016s

real	3m15.461s
user	3m15.258s
sys	0m0.014s

real	3m11.650s
user	3m11.476s
sys	0m0.013s

real	3m11.665s
user	3m11.501s
sys	0m0.012s

real	3m14.064s
user	3m13.908s
sys	0m0.014s

real	3m14.050s
user	3m13.891s
sys	0m0.015s

real	3m10.344s
user	3m10.175s
sys	0m0.014s

real	3m11.735s
user	3m11.568s
sys	0m0.008s

real	3m12.626s
user	3m12.425s
sys	0m0.021s

real	3m8.137s
user	3m7.921s
sys	0m0.014s

real	3m12.551s
user	3m11.780s
sys	0m0.008s

real	3m7.312s
user	3m7.088s
sys	0m0.022s

real	3m10.287s
user	3m10.025s
sys	0m0.010s

real	3m11.432s
user	3m11.188s
sys	0m0.012s

real	3m13.361s
user	3m13.048s
sys	0m0.020s

real	3m7.642s
user	3m7.264s
sys	0m0.011s

real	3m12.167s
user	3m11.956s
sys	0m0.014s

real	3m12.873s
user	3m12.647s
sys	0m0.014s

real	3m15.057s
user	3m14.821s
sys	0m0.015s

real	3m17.459s
user	3m17.238s
sys	0m0.016s

real	3m14.819s
user	3m14.412s
sys	0m0.016s

real	3m13.288s
user	3m13.064s
sys	0m0.022s

real	3m13.874s
user	3m13.611s
sys	0m0.025s

real	3m13.974s
user	3m13.684s
sys	0m0.024s

real	3m8.761s
user	3m8.542s
sys	0m0.007s

real	3m10.140s
user	3m9.956s
sys	0m0.009s

real	3m13.330s
user	3m13.142s
sys	0m0.015s

real	3m14.824s
user	3m14.589s
sys	0m0.018s

real	3m15.408s
user	3m15.186s
sys	0m0.007s

real	3m15.278s
user	3m14.939s
sys	0m0.079s

real	3m16.102s
user	3m15.788s
sys	0m0.091s

real	3m9.902s
user	3m9.715s
sys	0m0.007s

real	3m10.614s
user	3m10.416s
sys	0m0.010s

real	3m12.695s
user	3m12.467s
sys	0m0.015s

real	3m9.545s
user	3m9.359s
sys	0m0.013s

real	3m12.883s
user	3m12.701s
sys	0m0.014s

real	3m12.002s
user	3m11.798s
sys	0m0.011s

real	3m12.050s
user	3m11.839s
sys	0m0.007s

real	2m57.023s
user	2m56.903s
sys	0m0.009s

real	2m56.916s
user	2m56.793s
sys	0m0.004s

real	2m57.237s
user	2m57.105s
sys	0m0.011s

real	2m57.155s
user	2m57.053s
sys	0m0.009s

real	3m6.546s
user	3m6.406s
sys	0m0.011s

real	3m7.496s
user	3m7.370s
sys	0m0.012s

real	3m6.066s
user	3m5.721s
sys	0m0.008s

real	3m7.368s
user	3m7.182s
sys	0m0.013s

real	3m7.849s
user	3m7.636s
sys	0m0.011s

real	3m8.522s
user	3m8.321s
sys	0m0.008s

real	3m8.651s
user	3m8.537s
sys	0m0.014s

real	3m9.408s
user	3m9.132s
sys	0m0.012s

real	3m11.040s
user	3m10.841s
sys	0m0.016s

real	3m8.928s
user	3m8.702s
sys	0m0.016s

real	3m10.491s
user	3m10.260s
sys	0m0.022s

real	3m10.567s
user	3m10.166s
sys	0m0.018s

real	3m9.971s
user	3m9.721s
sys	0m0.012s

real	3m12.289s
user	3m12.165s
sys	0m0.011s

real	3m11.839s
user	3m11.575s
sys	0m0.013s

real	3m13.409s
user	3m13.263s
sys	0m0.014s

real	3m11.610s
user	3m11.424s
sys	0m0.012s

real	3m11.348s
user	3m11.183s
sys	0m0.014s

real	3m12.016s
user	3m11.883s
sys	0m0.019s

real	3m11.013s
user	3m10.806s
sys	0m0.020s

real	3m10.602s
user	3m10.377s
sys	0m0.012s

real	3m10.893s
user	3m10.676s
sys	0m0.014s

real	3m11.812s
user	3m11.675s
sys	0m0.015s

real	3m11.293s
user	3m11.066s
sys	0m0.016s

real	3m13.579s
user	3m13.466s
sys	0m0.013s

real	3m11.627s
user	3m11.325s
sys	0m0.014s

real	3m11.603s
user	3m11.380s
sys	0m0.012s

real	3m10.885s
user	3m10.610s
sys	0m0.051s

real	3m13.136s
user	3m12.815s
sys	0m0.039s

real	3m12.989s
user	3m12.751s
sys	0m0.015s

real	3m12.042s
user	3m11.799s
sys	0m0.016s

real	3m10.604s
user	3m10.371s
sys	0m0.010s

real	3m12.732s
user	3m12.553s
sys	0m0.018s

real	3m14.293s
user	3m14.169s
sys	0m0.018s

real	3m13.760s
user	3m13.626s
sys	0m0.014s

real	3m16.669s
user	3m16.446s
sys	0m0.018s

real	3m14.833s
user	3m14.657s
sys	0m0.014s

real	3m13.057s
user	3m12.847s
sys	0m0.016s

real	3m14.372s
user	3m14.129s
sys	0m0.018s

real	3m14.188s
user	3m13.861s
sys	0m0.008s

real	3m14.116s
user	3m13.866s
sys	0m0.027s

real	3m13.610s
user	3m13.333s
sys	0m0.070s

real	3m14.095s
user	3m13.773s
sys	0m0.018s

real	3m15.113s
user	3m14.889s
sys	0m0.012s

real	3m11.427s
user	3m11.211s
sys	0m0.021s

real	3m15.009s
user	3m14.743s
sys	0m0.015s

real	3m12.712s
user	3m12.433s
sys	0m0.014s

real	3m15.412s
user	3m15.211s
sys	0m0.013s

real	3m14.552s
user	3m14.335s
sys	0m0.010s

real	3m13.231s
user	3m13.061s
sys	0m0.013s

real	3m15.846s
user	3m15.597s
sys	0m0.022s

real	3m16.130s
user	3m15.923s
sys	0m0.012s

real	3m16.221s
user	3m15.970s
sys	0m0.075s

real	3m16.294s
user	3m16.089s
sys	0m0.029s
