mkdir: cannot create directory ‘../../../Results/PopExpansion/ForwardSims/4Ns_50/HapLengths/’: File exists
mkdir: cannot create directory ‘../../../Results/PopExpansion/ForwardSims/4Ns_-50/HapLengths/’mkdir: cannot create directory ‘../../../Results/PopExpansion/ForwardSims/4Ns_-50/HapLengths/’: File exists
: File exists
mkdir: cannot create directory ‘../../../Results/PopExpansion/ForwardSims/4Ns_100/HapLengths/’: File exists
mkdir: cannot create directory ‘../../../Results/PopExpansion/ForwardSims/4Ns_100/HapLengths/’: File exists
mkdir: cannot create directory ‘../../../Results/PopExpansion/ForwardSims/4Ns_100/HapLengths/’mkdir: : File existscannot create directory ‘../../../Results/PopExpansion/ForwardSims/4Ns_-50/HapLengths/’
: File exists
mkdir: cannot create directory ‘../../../Results/PopExpansion/ForwardSims/4Ns_100/HapLengths/’mkdir: cannot create directory ‘../../../Results/PopExpansion/ForwardSims/4Ns_-50/HapLengths/’: File exists
: File exists
mkdir: cannot create directory ‘../../../Results/PopExpansion/ForwardSims/4Ns_-100/HapLengths/’: File exists
mkdir: cannot create directory ‘../../../Results/PopExpansion/ForwardSims/4Ns_100/HapLengths/’: File exists
mkdir: cannot create directory ‘../../../Results/PopExpansion/ForwardSims/4Ns_0/HapLengths/’: File exists
mkdir: cannot create directory ‘../../../Results/ConstantPopSize/ForwardSims/4Ns_-100/HapLengths/’: File exists
mkdir: cannot create directory ‘../../../Results/ConstantPopSize/ForwardSims/4Ns_-100/HapLengths/’: File exists
mkdir: cannot create directory ‘../../../Results/PopExpansion/ForwardSims/4Ns_0/HapLengths/’: File exists
mkdir: cannot create directory ‘../../../Results/ConstantPopSize/ForwardSims/4Ns_-100/HapLengths/’: File exists
mkdir: cannot create directory ‘../../../Results/ConstantPopSize/ForwardSims/4Ns_-100/HapLengths/’: File exists
mkdir: cannot create directory ‘../../../Results/PopExpansion/ForwardSims/4Ns_0/HapLengths/’mkdir: cannot create directory ‘../../../Results/PopExpansion/ForwardSims/4Ns_0/HapLengths/’: File exists
: File exists
mkdir: cannot create directory ‘../../../Results/ConstantPopSize/ForwardSims/4Ns_-100/HapLengths/’: File exists
mkdir: cannot create directory ‘../../../Results/PopExpansion/ForwardSims/4Ns_50/HapLengths/’: File exists
mkdir: cannot create directory ‘../../../Results/PopExpansion/ForwardSims/4Ns_50/HapLengths/’: File exists
mkdir: cannot create directory ‘../../../Results/ConstantPopSize/ForwardSims/4Ns_-100/HapLengths/’: File exists
mkdir: cannot create directory ‘../../../Results/PopExpansion/ForwardSims/4Ns_50/HapLengths/’: File exists
mkdir: cannot create directory ‘../../../Results/ConstantPopSize/ForwardSims/4Ns_-100/HapLengths/’: File exists
mkdir: cannot create directory ‘../../../Results/ConstantPopSize/ForwardSims/4Ns_-50/HapLengths/’: File exists
mkdir: cannot create directory ‘../../../Results/PopExpansion/ForwardSims/4Ns_0/HapLengths/’: File exists
mkdir: mkdir: cannot create directory ‘../../../Results/PopExpansion/ForwardSims/4Ns_0/HapLengths/’cannot create directory ‘../../../Results/PopExpansion/ForwardSims/4Ns_0/HapLengths/’mkdir: : File existscannot create directory ‘../../../Results/PopExpansion/ForwardSims/4Ns_0/HapLengths/’: File exists
: File exists

mkdir: cannot create directory ‘../../../Results/ConstantPopSize/ForwardSims/4Ns_-100/HapLengths/’: File exists
mkdir: cannot create directory ‘../../../Results/PopExpansion/ForwardSims/4Ns_0/HapLengths/’: File exists
mkdir: mkdir: cannot create directory ‘../../../Results/PopExpansion/ForwardSims/4Ns_-50/HapLengths/’cannot create directory ‘../../../Results/PopExpansion/ForwardSims/4Ns_100/HapLengths/’: File exists
: File exists
mkdir: mkdir: mkdir: cannot create directory ‘../../../Results/PopExpansion/ForwardSims/4Ns_-50/HapLengths/’cannot create directory ‘../../../Results/PopExpansion/ForwardSims/4Ns_100/HapLengths/’cannot create directory ‘../../../Results/PopExpansion/ForwardSims/4Ns_-50/HapLengths/’: File existsmkdir: : File exists: File existscannot create directory ‘../../../Results/PopExpansion/ForwardSims/4Ns_-50/HapLengths/’

: File exists

