DemHist = 12 FourNs = 5 Series = 0
UK10K
time ../../../Programs/shapeit.v2.904.3.10.0-693.11.6.el7.x86_64/bin/shapeit --input-vcf ../../../Results/UK10K/ForwardSims/4Ns_-25/HapLengths/PhasedVCF1.txt.0.txt -M GeneticMapConstantPopSize.txt -O ../../../Results/UK10K/ForwardSims/4Ns_-25/HapLengths/PhasedShapeitVCF1.txt.0.phased --output-log ../../../Results/UK10K/ForwardSims/4Ns_-25/MsselFiles/Log17701.txt
perl CreatePhasedToVCF.pl ../../../Results/UK10K/ForwardSims/4Ns_-25/MsselFiles/MsselOutLess_1.txt ../../../Results/UK10K/ForwardSims/4Ns_-25/HapLengths/PhasedShapeitVCF1.txt.0.phased.haps ../../../Results/UK10K/ForwardSims/4Ns_-25/MsselFiles/MsselOutLessPhased_0.txt 0
perl DistanceToFirstSegregatingSiteMultiSequence_NoSingletonsBothSides.pl ../../../Results/UK10K/ForwardSims/4Ns_-25/MsselFiles/MsselOutLessPhased_0.txt ../../../Results/UK10K/ForwardSims/4Ns_-25/HapLengths/HapLengthsLessStatPhase0.txt 1 40
Zero pass
First pass
Second pass
Numbers to take = 72
Zero pass
First pass
Second pass
Numbers to take = 72
Zero pass
First pass
Second pass
Numbers to take = 72
Zero pass
First pass
Second pass
Numbers to take = 72
Zero pass
First pass
Second pass
Numbers to take = 72
Zero pass
First pass
Second pass
Numbers to take = 72
Zero pass
First pass
Second pass
Numbers to take = 72
Zero pass
First pass
Second pass
Numbers to take = 72
Zero pass
First pass
Second pass
Numbers to take = 72
Zero pass
First pass
Second pass
Numbers to take = 72
Zero pass
First pass
Second pass
Numbers to take = 72
Zero pass
First pass
Second pass
Numbers to take = 72
Zero pass
First pass
Second pass
Numbers to take = 72
Zero pass
First pass
Second pass
Numbers to take = 72
Zero pass
First pass
Second pass
Numbers to take = 72
Zero pass
First pass
Second pass
Numbers to take = 72
Zero pass
First pass
Second pass
Numbers to take = 72
Zero pass
First pass
Second pass
Numbers to take = 72
Zero pass
First pass
Second pass
Numbers to take = 72
Zero pass
First pass
Second pass
Numbers to take = 72
Zero pass
First pass
Second pass
Numbers to take = 72
Zero pass
First pass
Second pass
Numbers to take = 72
Zero pass
First pass
Second pass
Numbers to take = 72
Zero pass
First pass
Second pass
Numbers to take = 72
Zero pass
First pass
Second pass
Numbers to take = 72
Zero pass
First pass
Second pass
Numbers to take = 72
Zero pass
First pass
Second pass
Numbers to take = 72
Zero pass
First pass
Second pass
Numbers to take = 72
Zero pass
First pass
Second pass
Numbers to take = 72
Zero pass
First pass
Second pass
Numbers to take = 72
Zero pass
First pass
Second pass
Numbers to take = 72
Zero pass
First pass
Second pass
Numbers to take = 72
Zero pass
First pass
Second pass
Numbers to take = 72
Zero pass
First pass
Second pass
Numbers to take = 72
Zero pass
First pass
Second pass
Numbers to take = 72
Zero pass
First pass
Second pass
Numbers to take = 72
Zero pass
First pass
Second pass
Numbers to take = 72
Zero pass
First pass
Second pass
Numbers to take = 72
Zero pass
First pass
Second pass
Numbers to take = 72
Zero pass
First pass
Second pass
Numbers to take = 72
Zero pass
First pass
Second pass
Numbers to take = 72
Zero pass
First pass
Second pass
Numbers to take = 72
Zero pass
First pass
Second pass
Numbers to take = 72
Zero pass
First pass
Second pass
Numbers to take = 72
Zero pass
First pass
Second pass
Numbers to take = 72
Zero pass
First pass
Second pass
Numbers to take = 72
Zero pass
First pass
Second pass
Numbers to take = 72
Zero pass
First pass
Second pass
Numbers to take = 72
Zero pass
First pass
Second pass
Numbers to take = 72
Zero pass
First pass
Second pass
Numbers to take = 72
