
real	6m36.147s
user	6m32.722s
sys	0m2.930s

VCFtools - 0.1.15
(C) Adam Auton and Anthony Marcketta 2009

Parameters as interpreted:
	--vcf test_46_ns.vcf
	--freq
	--out Salele46.vcf

After filtering, kept 2000 out of 2000 Individuals
Outputting Frequency Statistics...
After filtering, kept 1411 out of a possible 1411 Sites
Run Time = 1.00 seconds
Writing to /tmp/bcftools-sort.TxMqrV
Merging 1 temporary files
Cleaning
Done
Writing to /tmp/bcftools-sort.1c9Q3F
Merging 1 temporary files
slurmstepd-midway2-0401: error: *** JOB 1102764 ON midway2-0401 CANCELLED AT 2020-05-09T19:11:35 ***
