
real	6m12.169s
user	6m8.610s
sys	0m3.276s

VCFtools - 0.1.15
(C) Adam Auton and Anthony Marcketta 2009

Parameters as interpreted:
	--vcf test_1_ns.vcf
	--freq
	--out Salele1.vcf

After filtering, kept 2000 out of 2000 Individuals
Outputting Frequency Statistics...
 Duplicate alternate alleles found at 1:16838354
After filtering, kept 1355 out of a possible 1355 Sites
Run Time = 0.00 seconds
Traceback (most recent call last):
  File "tree_2_vcf_noploidyConstantPopSize.py", line 195, in <module>
    main(args)
  File "tree_2_vcf_noploidyConstantPopSize.py", line 153, in main
    sys.exit(1)
NameError: name 'sys' is not defined

real	2m19.310s
user	2m15.023s
sys	0m0.479s
rm: cannot remove ‘Salele1.vcf.log’: No such file or directory

real	6m27.461s
user	6m24.763s
sys	0m2.196s

VCFtools - 0.1.15
(C) Adam Auton and Anthony Marcketta 2009

Parameters as interpreted:
	--vcf test_2_ns.vcf
	--freq
	--out Salele2.vcf

After filtering, kept 2000 out of 2000 Individuals
Outputting Frequency Statistics...
After filtering, kept 1361 out of a possible 1361 Sites
Run Time = 1.00 seconds
Writing to /tmp/bcftools-sort.FoDRh4
Merging 1 temporary files
Cleaning
Done
Writing to /tmp/bcftools-sort.BI3QIO
Merging 1 temporary files
Cleaning
Done

real	6m24.511s
user	6m9.267s
sys	0m6.578s

VCFtools - 0.1.15
(C) Adam Auton and Anthony Marcketta 2009

Parameters as interpreted:
	--vcf test_2_ns.vcf
	--freq
	--out Salele2.vcf

After filtering, kept 2000 out of 2000 Individuals
Outputting Frequency Statistics...
After filtering, kept 1361 out of a possible 1361 Sites
Run Time = 1.00 seconds

VCFtools - 0.1.15
(C) Adam Auton and Anthony Marcketta 2009

Parameters as interpreted:
	--vcf test_2_combined.vcf
	--freq
	--out SaleleWholeSequence2.vcf

After filtering, kept 2000 out of 2000 Individuals
Outputting Frequency Statistics...
After filtering, kept 144110 out of a possible 144110 Sites
Run Time = 43.00 seconds

VCFtools - 0.1.15
(C) Adam Auton and Anthony Marcketta 2009

Parameters as interpreted:
	--vcf test_2_combined.vcf
	--chr 1
	--to-bp 4395838
	--out MiniVCF2.vcf
	--recode
	--from-bp 3895838

After filtering, kept 2000 out of 2000 Individuals
Outputting VCF file...
After filtering, kept 3730 out of a possible 144110 Sites
Run Time = 8.00 seconds
Reading in VCF file...done.
Now printing output...done.

VCFtools - 0.1.15
(C) Adam Auton and Anthony Marcketta 2009

Parameters as interpreted:
	--vcf test_2_combined.vcf
	--chr 1
	--to-bp 4904311
	--out MiniVCF2.vcf
	--recode
	--from-bp 4404311

After filtering, kept 2000 out of 2000 Individuals
Outputting VCF file...
After filtering, kept 3636 out of a possible 144110 Sites
Run Time = 85.00 seconds
Reading in VCF file...done.
Now printing output...done.

VCFtools - 0.1.15
(C) Adam Auton and Anthony Marcketta 2009

Parameters as interpreted:
	--vcf test_2_combined.vcf
	--chr 1
	--to-bp 12196676
	--out MiniVCF2.vcf
	--recode
	--from-bp 11696676

After filtering, kept 2000 out of 2000 Individuals
Outputting VCF file...
After filtering, kept 3521 out of a possible 144110 Sites
Run Time = 109.00 seconds
Reading in VCF file...done.
Now printing output...done.

VCFtools - 0.1.15
(C) Adam Auton and Anthony Marcketta 2009

Parameters as interpreted:
	--vcf test_2_combined.vcf
	--chr 1
	--to-bp 13863625
	--out MiniVCF2.vcf
	--recode
	--from-bp 13363625

After filtering, kept 2000 out of 2000 Individuals
Outputting VCF file...
After filtering, kept 3810 out of a possible 144110 Sites
Run Time = 131.00 seconds
Reading in VCF file...done.
Now printing output...done.
rm: cannot remove ‘Salele2.vcf.log’: No such file or directory
rm: cannot remove ‘SaleleWholeSequence2.vcf.log’: No such file or directory

real	7m44.808s
user	6m53.620s
sys	0m2.733s

VCFtools - 0.1.15
(C) Adam Auton and Anthony Marcketta 2009

Parameters as interpreted:
	--vcf test_3_ns.vcf
	--freq
	--out Salele3.vcf

After filtering, kept 2000 out of 2000 Individuals
Outputting Frequency Statistics...
 Duplicate alternate alleles found at 1:8156218
After filtering, kept 1364 out of a possible 1364 Sites
Run Time = 2.00 seconds
Writing to /tmp/bcftools-sort.N4GAzL
Merging 1 temporary files
Cleaning
Done
Writing to /tmp/bcftools-sort.AH8eJD
Merging 1 temporary files
Cleaning
Done

real	10m30.227s
user	6m8.282s
sys	0m6.950s

VCFtools - 0.1.15
(C) Adam Auton and Anthony Marcketta 2009

Parameters as interpreted:
	--vcf test_3_ns.vcf
	--freq
	--out Salele3.vcf

After filtering, kept 2000 out of 2000 Individuals
Outputting Frequency Statistics...
 Duplicate alternate alleles found at 1:8156218
After filtering, kept 1364 out of a possible 1364 Sites
Run Time = 1.00 seconds

VCFtools - 0.1.15
(C) Adam Auton and Anthony Marcketta 2009

Parameters as interpreted:
	--vcf test_3_combined.vcf
	--freq
	--out SaleleWholeSequence3.vcf

After filtering, kept 2000 out of 2000 Individuals
Outputting Frequency Statistics...
 Duplicate alternate alleles found at 1:8156218
After filtering, kept 144926 out of a possible 144926 Sites
Run Time = 46.00 seconds

VCFtools - 0.1.15
(C) Adam Auton and Anthony Marcketta 2009

Parameters as interpreted:
	--vcf test_3_combined.vcf
	--chr 1
	--to-bp 3438241
	--out MiniVCF3.vcf
	--recode
	--from-bp 2938241

After filtering, kept 2000 out of 2000 Individuals
Outputting VCF file...
After filtering, kept 3797 out of a possible 144926 Sites
Run Time = 10.00 seconds
Reading in VCF file...done.
Now printing output...done.

VCFtools - 0.1.15
(C) Adam Auton and Anthony Marcketta 2009

Parameters as interpreted:
	--vcf test_3_combined.vcf
	--chr 1
	--to-bp 16757786
	--out MiniVCF3.vcf
	--recode
	--from-bp 16257786

After filtering, kept 2000 out of 2000 Individuals
Outputting VCF file...
After filtering, kept 3663 out of a possible 144926 Sites
Run Time = 54.00 seconds
Reading in VCF file...done.
Now printing output...done.
rm: cannot remove ‘Salele3.vcf.log’: No such file or directory
rm: cannot remove ‘SaleleWholeSequence3.vcf.log’: No such file or directory
