
real	6m36.894s
user	6m33.484s
sys	0m2.872s

VCFtools - 0.1.15
(C) Adam Auton and Anthony Marcketta 2009

Parameters as interpreted:
	--vcf test_55_ns.vcf
	--freq
	--out Salele55.vcf

After filtering, kept 2000 out of 2000 Individuals
Outputting Frequency Statistics...
 Duplicate alternate alleles found at 1:3498854
After filtering, kept 1361 out of a possible 1361 Sites
Run Time = 1.00 seconds
Writing to /tmp/bcftools-sort.L1mEBS
Merging 1 temporary files
Cleaning
Done
Writing to /tmp/bcftools-sort.MsypdP
slurmstepd-midway2-0401: error: *** JOB 1102767 ON midway2-0401 CANCELLED AT 2020-05-09T19:11:35 ***
