
real	6m16.539s
user	6m13.283s
sys	0m2.938s

VCFtools - 0.1.15
(C) Adam Auton and Anthony Marcketta 2009

Parameters as interpreted:
	--vcf test_142_ns.vcf
	--freq
	--out Salele142.vcf

After filtering, kept 2000 out of 2000 Individuals
Outputting Frequency Statistics...
After filtering, kept 1299 out of a possible 1299 Sites
Run Time = 0.00 seconds
Writing to /tmp/bcftools-sort.hx6JnT
Merging 1 temporary files
Cleaning
Done
Writing to /tmp/bcftools-sort.OylNZx
Merging 1 temporary files
slurmstepd-midway2-0402: error: *** JOB 1102796 ON midway2-0402 CANCELLED AT 2020-05-09T19:11:36 ***
