
real	6m18.170s
user	6m14.933s
sys	0m2.772s
Traceback (most recent call last):
  File "tree_2_vcf_noploidyConstantPopSize.py", line 192, in <module>
    main(args)
  File "tree_2_vcf_noploidyConstantPopSize.py", line 134, in main
    ns_vcf(ts_sample, '{0}_{1}_ns.vcf'.format(args.inputname, args.simnum))
  File "tree_2_vcf_noploidyConstantPopSize.py", line 56, in ns_vcf
    ts.write_vcf(vcf_file)
  File "/home/diegoortega/.local/lib/python3.7/site-packages/tskit/trees.py", line 3253, in write_vcf
    writer.write(output)
  File "/home/diegoortega/.local/lib/python3.7/site-packages/tskit/vcf.py", line 156, in write
    for variant in self.tree_sequence.variants(samples=self.samples):
  File "/home/diegoortega/.local/lib/python3.7/site-packages/tskit/trees.py", line 2923, in variants
    impute_missing_data=impute_missing_data)
_tskit.LibraryError: Cannot generate genotypes for non-samples unless missing data imputation is enabled

real	2m31.416s
user	2m30.950s
sys	0m0.299s
rm: cannot remove ‘Salele88.vcf.frq’: No such file or directory
rm: cannot remove ‘Salele88.vcf.log’: No such file or directory
rm: cannot remove ‘test_88_allelenumber.txt’: No such file or directory
rm: cannot remove ‘test_88_noncoding.vcf’: No such file or directory
rm: cannot remove ‘test_88_syn.vcf’: No such file or directory
rm: cannot remove ‘test_88_unsorted.vcf’: No such file or directory

real	6m20.205s
user	5m49.143s
sys	0m2.179s

VCFtools - 0.1.15
(C) Adam Auton and Anthony Marcketta 2009

Parameters as interpreted:
	--vcf test_89_ns.vcf
	--freq
	--out Salele89.vcf

After filtering, kept 2000 out of 2000 Individuals
Outputting Frequency Statistics...
After filtering, kept 1337 out of a possible 1337 Sites
Run Time = 4.00 seconds
slurmstepd-midway2-0402: error: *** JOB 1102778 ON midway2-0402 CANCELLED AT 2020-05-09T19:11:35 ***
