
real	6m58.099s
user	6m54.740s
sys	0m2.887s

VCFtools - 0.1.15
(C) Adam Auton and Anthony Marcketta 2009

Parameters as interpreted:
	--vcf test_1_ns.vcf
	--freq
	--out Salele1.vcf

After filtering, kept 2000 out of 2000 Individuals
Outputting Frequency Statistics...
After filtering, kept 1312 out of a possible 1312 Sites
Run Time = 1.00 seconds
Writing to /tmp/bcftools-sort.S42hTj
Merging 1 temporary files
Cleaning
Done
Writing to /tmp/bcftools-sort.z0WcqD
Merging 1 temporary files
Cleaning
Done

real	7m53.916s
user	4m24.115s
sys	0m3.918s

VCFtools - 0.1.15
(C) Adam Auton and Anthony Marcketta 2009

Parameters as interpreted:
	--vcf test_1_ns.vcf
	--freq
	--out Salele1.vcf

After filtering, kept 2000 out of 2000 Individuals
Outputting Frequency Statistics...
After filtering, kept 1312 out of a possible 1312 Sites
Run Time = 62.00 seconds

VCFtools - 0.1.15
(C) Adam Auton and Anthony Marcketta 2009

Parameters as interpreted:
	--vcf test_1_syn.vcf
	--freq
	--out SaleleSyn1.vcf

After filtering, kept 2000 out of 2000 Individuals
Outputting Frequency Statistics...
After filtering, kept 488 out of a possible 488 Sites
Run Time = 5.00 seconds

VCFtools - 0.1.15
(C) Adam Auton and Anthony Marcketta 2009

Parameters as interpreted:
	--vcf test_1_combined.vcf
	--freq
	--out SaleleWholeSequence1.vcf

After filtering, kept 2000 out of 2000 Individuals
Outputting Frequency Statistics...
After filtering, kept 73615 out of a possible 73615 Sites
Run Time = 42.00 seconds

VCFtools - 0.1.15
(C) Adam Auton and Anthony Marcketta 2009

Parameters as interpreted:
	--vcf test_1_combined.vcf
	--chr 1
	--to-bp 3673706
	--out MiniVCF1.vcf
	--recode
	--from-bp 3173706

After filtering, kept 2000 out of 2000 Individuals
Outputting VCF file...
After filtering, kept 1811 out of a possible 73615 Sites
Run Time = 48.00 seconds
Reading in VCF file...done.
Now printing output...done.

VCFtools - 0.1.15
(C) Adam Auton and Anthony Marcketta 2009

Parameters as interpreted:
	--vcf test_1_combined.vcf
	--chr 1
	--to-bp 16931211
	--out MiniVCF1.vcf
	--recode
	--from-bp 16431211

After filtering, kept 2000 out of 2000 Individuals
Outputting VCF file...
After filtering, kept 1814 out of a possible 73615 Sites
Run Time = 30.00 seconds
Reading in VCF file...done.
Now printing output...done.
rm: cannot remove ‘Salele1.vcf.log’: No such file or directory
rm: cannot remove ‘SaleleWholeSequence1.vcf.log’: No such file or directory

real	6m5.553s
user	6m3.019s
sys	0m2.102s

VCFtools - 0.1.15
(C) Adam Auton and Anthony Marcketta 2009

Parameters as interpreted:
	--vcf test_2_ns.vcf
	--freq
	--out Salele2.vcf

After filtering, kept 2000 out of 2000 Individuals
Outputting Frequency Statistics...
 Duplicate alternate alleles found at 1:16682515
After filtering, kept 1308 out of a possible 1308 Sites
Run Time = 1.00 seconds
Writing to /tmp/bcftools-sort.HCBhbN
Merging 1 temporary files
Cleaning
Done
Writing to /tmp/bcftools-sort.X8ix6V
Merging 1 temporary files
Cleaning
Done

real	5m40.010s
user	4m27.514s
sys	0m3.641s

VCFtools - 0.1.15
(C) Adam Auton and Anthony Marcketta 2009

Parameters as interpreted:
	--vcf test_2_ns.vcf
	--freq
	--out Salele2.vcf

After filtering, kept 2000 out of 2000 Individuals
Outputting Frequency Statistics...
 Duplicate alternate alleles found at 1:16682515
After filtering, kept 1308 out of a possible 1308 Sites
Run Time = 19.00 seconds

VCFtools - 0.1.15
(C) Adam Auton and Anthony Marcketta 2009

Parameters as interpreted:
	--vcf test_2_syn.vcf
	--freq
	--out SaleleSyn2.vcf

After filtering, kept 2000 out of 2000 Individuals
Outputting Frequency Statistics...
After filtering, kept 562 out of a possible 562 Sites
Run Time = 0.00 seconds

VCFtools - 0.1.15
(C) Adam Auton and Anthony Marcketta 2009

Parameters as interpreted:
	--vcf test_2_combined.vcf
	--freq
	--out SaleleWholeSequence2.vcf

After filtering, kept 2000 out of 2000 Individuals
Outputting Frequency Statistics...
 Duplicate alternate alleles found at 1:16682515
After filtering, kept 73167 out of a possible 73167 Sites
Run Time = 30.00 seconds

VCFtools - 0.1.15
(C) Adam Auton and Anthony Marcketta 2009

Parameters as interpreted:
	--vcf test_2_combined.vcf
	--chr 1
	--to-bp 3815993
	--out MiniVCF2.vcf
	--recode
	--from-bp 3315993

After filtering, kept 2000 out of 2000 Individuals
Outputting VCF file...
After filtering, kept 1835 out of a possible 73167 Sites
Run Time = 39.00 seconds
Reading in VCF file...done.
Now printing output...done.
rm: cannot remove ‘Salele2.vcf.log’: No such file or directory
rm: cannot remove ‘SaleleWholeSequence2.vcf.log’: No such file or directory

real	6m25.543s
user	6m2.215s
sys	0m3.045s

VCFtools - 0.1.15
(C) Adam Auton and Anthony Marcketta 2009

Parameters as interpreted:
	--vcf test_3_ns.vcf
	--freq
	--out Salele3.vcf

After filtering, kept 2000 out of 2000 Individuals
Outputting Frequency Statistics...
 Duplicate alternate alleles found at 1:6145607
After filtering, kept 1340 out of a possible 1340 Sites
Run Time = 1.00 seconds
Writing to /tmp/bcftools-sort.Oz3BmK
Merging 1 temporary files
Cleaning
Done
Writing to /tmp/bcftools-sort.nGxUKU
Merging 1 temporary files
Cleaning
Done

real	5m9.846s
user	4m24.056s
sys	0m3.807s

VCFtools - 0.1.15
(C) Adam Auton and Anthony Marcketta 2009

Parameters as interpreted:
	--vcf test_3_ns.vcf
	--freq
	--out Salele3.vcf

After filtering, kept 2000 out of 2000 Individuals
Outputting Frequency Statistics...
 Duplicate alternate alleles found at 1:6145607
After filtering, kept 1340 out of a possible 1340 Sites
Run Time = 1.00 seconds

VCFtools - 0.1.15
(C) Adam Auton and Anthony Marcketta 2009

Parameters as interpreted:
	--vcf test_3_syn.vcf
	--freq
	--out SaleleSyn3.vcf

After filtering, kept 2000 out of 2000 Individuals
Outputting Frequency Statistics...
After filtering, kept 515 out of a possible 515 Sites
Run Time = 1.00 seconds

VCFtools - 0.1.15
(C) Adam Auton and Anthony Marcketta 2009

Parameters as interpreted:
	--vcf test_3_combined.vcf
	--freq
	--out SaleleWholeSequence3.vcf

After filtering, kept 2000 out of 2000 Individuals
Outputting Frequency Statistics...
 Duplicate alternate alleles found at 1:6145607
After filtering, kept 73474 out of a possible 73474 Sites
Run Time = 37.00 seconds

VCFtools - 0.1.15
(C) Adam Auton and Anthony Marcketta 2009

Parameters as interpreted:
	--vcf test_3_combined.vcf
	--chr 1
	--to-bp 5819019
	--out MiniVCF3.vcf
	--recode
	--from-bp 5319019

After filtering, kept 2000 out of 2000 Individuals
Outputting VCF file...
After filtering, kept 1796 out of a possible 73474 Sites
Run Time = 14.00 seconds
Reading in VCF file...done.
Now printing output...done.

VCFtools - 0.1.15
(C) Adam Auton and Anthony Marcketta 2009

Parameters as interpreted:
	--vcf test_3_combined.vcf
	--chr 1
	--to-bp 6455250
	--out MiniVCF3.vcf
	--recode
	--from-bp 5955250

After filtering, kept 2000 out of 2000 Individuals
Outputting VCF file...
 Duplicate alternate alleles found at 1:6145607
After filtering, kept 1861 out of a possible 73474 Sites
Run Time = 10.00 seconds
Reading in VCF file...done.
Now printing output...done.

VCFtools - 0.1.15
(C) Adam Auton and Anthony Marcketta 2009

Parameters as interpreted:
	--vcf test_3_combined.vcf
	--chr 1
	--to-bp 12494970
	--out MiniVCF3.vcf
	--recode
	--from-bp 11994970

After filtering, kept 2000 out of 2000 Individuals
Outputting VCF file...
After filtering, kept 1868 out of a possible 73474 Sites
Run Time = 4.00 seconds
Reading in VCF file...done.
Now printing output...done.

VCFtools - 0.1.15
(C) Adam Auton and Anthony Marcketta 2009

Parameters as interpreted:
	--vcf test_3_combined.vcf
	--chr 1
	--to-bp 7083127
	--out MiniVCF3.vcf
	--recode
	--from-bp 6583127

After filtering, kept 2000 out of 2000 Individuals
Outputting VCF file...
After filtering, kept 1835 out of a possible 73474 Sites
Run Time = 9.00 seconds
Reading in VCF file...done.
Now printing output...done.

VCFtools - 0.1.15
(C) Adam Auton and Anthony Marcketta 2009

Parameters as interpreted:
	--vcf test_3_combined.vcf
	--chr 1
	--to-bp 11575014
	--out MiniVCF3.vcf
	--recode
	--from-bp 11075014

After filtering, kept 2000 out of 2000 Individuals
Outputting VCF file...
After filtering, kept 1899 out of a possible 73474 Sites
Run Time = 5.00 seconds
Reading in VCF file...done.
Now printing output...done.
rm: cannot remove ‘Salele3.vcf.log’: No such file or directory
rm: cannot remove ‘SaleleWholeSequence3.vcf.log’: No such file or directory
