
real	6m48.499s
user	6m45.521s
sys	0m2.553s

VCFtools - 0.1.15
(C) Adam Auton and Anthony Marcketta 2009

Parameters as interpreted:
	--vcf test_61_ns.vcf
	--freq
	--out Salele61.vcf

After filtering, kept 2000 out of 2000 Individuals
Outputting Frequency Statistics...
After filtering, kept 1367 out of a possible 1367 Sites
Run Time = 0.00 seconds
Writing to /tmp/bcftools-sort.uuE5Vx
Merging 1 temporary files
Cleaning
Done
Writing to /tmp/bcftools-sort.HKP9pm
Merging 1 temporary files
Cleaning
Done

real	10m18.291s
user	4m19.847s
sys	0m3.670s

VCFtools - 0.1.15
(C) Adam Auton and Anthony Marcketta 2009

Parameters as interpreted:
	--vcf test_61_ns.vcf
	--freq
	--out Salele61.vcf

After filtering, kept 2000 out of 2000 Individuals
Outputting Frequency Statistics...
After filtering, kept 1367 out of a possible 1367 Sites
Run Time = 18.00 seconds

VCFtools - 0.1.15
(C) Adam Auton and Anthony Marcketta 2009

Parameters as interpreted:
	--vcf test_61_syn.vcf
	--freq
	--out SaleleSyn61.vcf

After filtering, kept 2000 out of 2000 Individuals
Outputting Frequency Statistics...
After filtering, kept 506 out of a possible 506 Sites
Run Time = 28.00 seconds

VCFtools - 0.1.15
(C) Adam Auton and Anthony Marcketta 2009

Parameters as interpreted:
	--vcf test_61_combined.vcf
	--freq
	--out SaleleWholeSequence61.vcf

After filtering, kept 2000 out of 2000 Individuals
Outputting Frequency Statistics...
After filtering, kept 73668 out of a possible 73668 Sites
Run Time = 32.00 seconds

VCFtools - 0.1.15
(C) Adam Auton and Anthony Marcketta 2009

Parameters as interpreted:
	--vcf test_61_combined.vcf
	--chr 1
	--to-bp 3693623
	--out MiniVCF61.vcf
	--recode
	--from-bp 3193623

After filtering, kept 2000 out of 2000 Individuals
Outputting VCF file...
After filtering, kept 1754 out of a possible 73668 Sites
Run Time = 45.00 seconds
Reading in VCF file...done.
Now printing output...done.

VCFtools - 0.1.15
(C) Adam Auton and Anthony Marcketta 2009

Parameters as interpreted:
	--vcf test_61_combined.vcf
	--chr 1
	--to-bp 11504959
	--out MiniVCF61.vcf
	--recode
	--from-bp 11004959

After filtering, kept 2000 out of 2000 Individuals
Outputting VCF file...
After filtering, kept 1813 out of a possible 73668 Sites
Run Time = 25.00 seconds
Reading in VCF file...done.
Now printing output...done.

VCFtools - 0.1.15
(C) Adam Auton and Anthony Marcketta 2009

Parameters as interpreted:
	--vcf test_61_combined.vcf
	--chr 1
	--to-bp 17415346
	--out MiniVCF61.vcf
	--recode
	--from-bp 16915346

After filtering, kept 2000 out of 2000 Individuals
Outputting VCF file...
After filtering, kept 1772 out of a possible 73668 Sites
Run Time = 9.00 seconds
Reading in VCF file...done.
Now printing output...done.

VCFtools - 0.1.15
(C) Adam Auton and Anthony Marcketta 2009

Parameters as interpreted:
	--vcf test_61_combined.vcf
	--chr 1
	--to-bp 19481966
	--out MiniVCF61.vcf
	--recode
	--from-bp 18981966

After filtering, kept 2000 out of 2000 Individuals
Outputting VCF file...
After filtering, kept 1879 out of a possible 73668 Sites
Run Time = 5.00 seconds
Reading in VCF file...done.
Now printing output...done.
rm: cannot remove ‘Salele61.vcf.log’: No such file or directory
rm: cannot remove ‘SaleleWholeSequence61.vcf.log’: No such file or directory

real	6m30.651s
user	6m27.898s
sys	0m2.294s

VCFtools - 0.1.15
(C) Adam Auton and Anthony Marcketta 2009

Parameters as interpreted:
	--vcf test_62_ns.vcf
	--freq
	--out Salele62.vcf

After filtering, kept 2000 out of 2000 Individuals
Outputting Frequency Statistics...
After filtering, kept 1349 out of a possible 1349 Sites
Run Time = 1.00 seconds
Writing to /tmp/bcftools-sort.eCXi3T
Merging 1 temporary files
Cleaning
Done
Writing to /tmp/bcftools-sort.EgVWFu
Merging 1 temporary files
Cleaning
Done

real	9m26.730s
user	4m22.490s
sys	0m3.457s

VCFtools - 0.1.15
(C) Adam Auton and Anthony Marcketta 2009

Parameters as interpreted:
	--vcf test_62_ns.vcf
	--freq
	--out Salele62.vcf

After filtering, kept 2000 out of 2000 Individuals
Outputting Frequency Statistics...
After filtering, kept 1349 out of a possible 1349 Sites
Run Time = 12.00 seconds

VCFtools - 0.1.15
(C) Adam Auton and Anthony Marcketta 2009

Parameters as interpreted:
	--vcf test_62_syn.vcf
	--freq
	--out SaleleSyn62.vcf

After filtering, kept 2000 out of 2000 Individuals
Outputting Frequency Statistics...
After filtering, kept 546 out of a possible 546 Sites
Run Time = 6.00 seconds

VCFtools - 0.1.15
(C) Adam Auton and Anthony Marcketta 2009

Parameters as interpreted:
	--vcf test_62_combined.vcf
	--freq
	--out SaleleWholeSequence62.vcf

After filtering, kept 2000 out of 2000 Individuals
Outputting Frequency Statistics...
After filtering, kept 73426 out of a possible 73426 Sites
Run Time = 61.00 seconds

VCFtools - 0.1.15
(C) Adam Auton and Anthony Marcketta 2009

Parameters as interpreted:
	--vcf test_62_combined.vcf
	--chr 1
	--to-bp 511104
	--out MiniVCF62.vcf
	--recode
	--from-bp 11104

After filtering, kept 2000 out of 2000 Individuals
Outputting VCF file...
After filtering, kept 1948 out of a possible 73426 Sites
Run Time = 54.00 seconds
Reading in VCF file...done.
Now printing output...done.

VCFtools - 0.1.15
(C) Adam Auton and Anthony Marcketta 2009

Parameters as interpreted:
	--vcf test_62_combined.vcf
	--chr 1
	--to-bp 9921329
	--out MiniVCF62.vcf
	--recode
	--from-bp 9421329

After filtering, kept 2000 out of 2000 Individuals
Outputting VCF file...
After filtering, kept 1844 out of a possible 73426 Sites
Run Time = 10.00 seconds
Reading in VCF file...done.
Now printing output...done.

VCFtools - 0.1.15
(C) Adam Auton and Anthony Marcketta 2009

Parameters as interpreted:
	--vcf test_62_combined.vcf
	--chr 1
	--to-bp 17733227
	--out MiniVCF62.vcf
	--recode
	--from-bp 17233227

After filtering, kept 2000 out of 2000 Individuals
Outputting VCF file...
After filtering, kept 1792 out of a possible 73426 Sites
Run Time = 7.00 seconds
Reading in VCF file...done.
Now printing output...done.
rm: cannot remove ‘Salele62.vcf.log’: No such file or directory
rm: cannot remove ‘SaleleWholeSequence62.vcf.log’: No such file or directory

real	6m36.882s
user	6m30.091s
sys	0m2.568s

VCFtools - 0.1.15
(C) Adam Auton and Anthony Marcketta 2009

Parameters as interpreted:
	--vcf test_63_ns.vcf
	--freq
	--out Salele63.vcf

After filtering, kept 2000 out of 2000 Individuals
Outputting Frequency Statistics...
 Duplicate alternate alleles found at 1:19458143
After filtering, kept 1361 out of a possible 1361 Sites
Run Time = 11.00 seconds
Writing to /tmp/bcftools-sort.S24sJz
Merging 1 temporary files
Cleaning
Done
Writing to /tmp/bcftools-sort.duQGUd
[E::hts_open_format] Failed to open file /tmp/bcftools-sort.duQGUd/00001.bcf
Cannot write /tmp/bcftools-sort.duQGUd/00001.bcf: No such file or directory

real	6m25.488s
user	4m13.938s
sys	0m3.450s
rm: cannot remove ‘Salele63.vcf.log’: No such file or directory
