
real	6m38.041s
user	6m34.671s
sys	0m2.815s

VCFtools - 0.1.15
(C) Adam Auton and Anthony Marcketta 2009

Parameters as interpreted:
	--vcf test_10_ns.vcf
	--freq
	--out Salele10.vcf

After filtering, kept 2000 out of 2000 Individuals
Outputting Frequency Statistics...
After filtering, kept 1379 out of a possible 1379 Sites
Run Time = 1.00 seconds
Writing to /tmp/bcftools-sort.7757vd
Merging 1 temporary files
Cleaning
Done
Writing to /tmp/bcftools-sort.QFbAP7
Merging 1 temporary files
Cleaning
Done

real	9m44.527s
user	4m22.538s
sys	0m3.897s

VCFtools - 0.1.15
(C) Adam Auton and Anthony Marcketta 2009

Parameters as interpreted:
	--vcf test_10_ns.vcf
	--freq
	--out Salele10.vcf

After filtering, kept 2000 out of 2000 Individuals
Outputting Frequency Statistics...
After filtering, kept 1379 out of a possible 1379 Sites
Run Time = 6.00 seconds

VCFtools - 0.1.15
(C) Adam Auton and Anthony Marcketta 2009

Parameters as interpreted:
	--vcf test_10_syn.vcf
	--freq
	--out SaleleSyn10.vcf

After filtering, kept 2000 out of 2000 Individuals
Outputting Frequency Statistics...
After filtering, kept 537 out of a possible 537 Sites
Run Time = 13.00 seconds

VCFtools - 0.1.15
(C) Adam Auton and Anthony Marcketta 2009

Parameters as interpreted:
	--vcf test_10_combined.vcf
	--freq
	--out SaleleWholeSequence10.vcf

After filtering, kept 2000 out of 2000 Individuals
Outputting Frequency Statistics...
After filtering, kept 73670 out of a possible 73670 Sites
Run Time = 42.00 seconds

VCFtools - 0.1.15
(C) Adam Auton and Anthony Marcketta 2009

Parameters as interpreted:
	--vcf test_10_combined.vcf
	--chr 1
	--to-bp 3863684
	--out MiniVCF10.vcf
	--recode
	--from-bp 3363684

After filtering, kept 2000 out of 2000 Individuals
Outputting VCF file...
After filtering, kept 1816 out of a possible 73670 Sites
Run Time = 70.00 seconds
Reading in VCF file...done.
Now printing output...done.

VCFtools - 0.1.15
(C) Adam Auton and Anthony Marcketta 2009

Parameters as interpreted:
	--vcf test_10_combined.vcf
	--chr 1
	--to-bp 5170015
	--out MiniVCF10.vcf
	--recode
	--from-bp 4670015

After filtering, kept 2000 out of 2000 Individuals
Outputting VCF file...
After filtering, kept 1840 out of a possible 73670 Sites
Run Time = 21.00 seconds
Reading in VCF file...done.
Now printing output...done.

VCFtools - 0.1.15
(C) Adam Auton and Anthony Marcketta 2009

Parameters as interpreted:
	--vcf test_10_combined.vcf
	--chr 1
	--to-bp 19605709
	--out MiniVCF10.vcf
	--recode
	--from-bp 19105709

After filtering, kept 2000 out of 2000 Individuals
Outputting VCF file...
After filtering, kept 1824 out of a possible 73670 Sites
Run Time = 23.00 seconds
Reading in VCF file...done.
Now printing output...done.
rm: cannot remove ‘Salele10.vcf.log’: No such file or directory
rm: cannot remove ‘SaleleWholeSequence10.vcf.log’: No such file or directory

real	6m56.763s
user	6m53.192s
sys	0m3.014s

VCFtools - 0.1.15
(C) Adam Auton and Anthony Marcketta 2009

Parameters as interpreted:
	--vcf test_11_ns.vcf
	--freq
	--out Salele11.vcf

After filtering, kept 2000 out of 2000 Individuals
Outputting Frequency Statistics...
After filtering, kept 1326 out of a possible 1326 Sites
Run Time = 4.00 seconds
Writing to /tmp/bcftools-sort.cvRF0T
Merging 1 temporary files
Cleaning
Done
Writing to /tmp/bcftools-sort.BZyPK5
Merging 1 temporary files
Cleaning
Done

real	9m29.825s
user	4m20.126s
sys	0m3.828s

VCFtools - 0.1.15
(C) Adam Auton and Anthony Marcketta 2009

Parameters as interpreted:
	--vcf test_11_ns.vcf
	--freq
	--out Salele11.vcf

After filtering, kept 2000 out of 2000 Individuals
Outputting Frequency Statistics...
After filtering, kept 1326 out of a possible 1326 Sites
Run Time = 14.00 seconds

VCFtools - 0.1.15
(C) Adam Auton and Anthony Marcketta 2009

Parameters as interpreted:
	--vcf test_11_syn.vcf
	--freq
	--out SaleleSyn11.vcf

After filtering, kept 2000 out of 2000 Individuals
Outputting Frequency Statistics...
After filtering, kept 532 out of a possible 532 Sites
Run Time = 2.00 seconds

VCFtools - 0.1.15
(C) Adam Auton and Anthony Marcketta 2009

Parameters as interpreted:
	--vcf test_11_combined.vcf
	--freq
	--out SaleleWholeSequence11.vcf

After filtering, kept 2000 out of 2000 Individuals
Outputting Frequency Statistics...
After filtering, kept 73585 out of a possible 73585 Sites
Run Time = 70.00 seconds

VCFtools - 0.1.15
(C) Adam Auton and Anthony Marcketta 2009

Parameters as interpreted:
	--vcf test_11_combined.vcf
	--chr 1
	--to-bp 10616149
	--out MiniVCF11.vcf
	--recode
	--from-bp 10116149

After filtering, kept 2000 out of 2000 Individuals
Outputting VCF file...
After filtering, kept 1778 out of a possible 73585 Sites
Run Time = 29.00 seconds
Reading in VCF file...done.
Now printing output...done.

VCFtools - 0.1.15
(C) Adam Auton and Anthony Marcketta 2009

Parameters as interpreted:
	--vcf test_11_combined.vcf
	--chr 1
	--to-bp 10918386
	--out MiniVCF11.vcf
	--recode
	--from-bp 10418386

After filtering, kept 2000 out of 2000 Individuals
Outputting VCF file...
After filtering, kept 1779 out of a possible 73585 Sites
Run Time = 9.00 seconds
Reading in VCF file...done.
Now printing output...done.
rm: cannot remove ‘Salele11.vcf.log’: No such file or directory
rm: cannot remove ‘SaleleWholeSequence11.vcf.log’: No such file or directory

real	6m14.599s
user	6m11.104s
sys	0m3.006s

VCFtools - 0.1.15
(C) Adam Auton and Anthony Marcketta 2009

Parameters as interpreted:
	--vcf test_12_ns.vcf
	--freq
	--out Salele12.vcf

After filtering, kept 2000 out of 2000 Individuals
Outputting Frequency Statistics...
After filtering, kept 1345 out of a possible 1345 Sites
Run Time = 0.00 seconds
Writing to /tmp/bcftools-sort.u5letC
Merging 1 temporary files
Cleaning
Done
Writing to /tmp/bcftools-sort.H1acFn
[E::hts_open_format] Failed to open file /tmp/bcftools-sort.H1acFn/00001.bcf
Cannot write /tmp/bcftools-sort.H1acFn/00001.bcf: No such file or directory

real	5m58.730s
user	4m24.050s
sys	0m3.481s
rm: cannot remove ‘Salele12.vcf.log’: No such file or directory
