
real	6m24.611s
user	6m21.359s
sys	0m2.926s

VCFtools - 0.1.15
(C) Adam Auton and Anthony Marcketta 2009

Parameters as interpreted:
	--vcf test_133_ns.vcf
	--freq
	--out Salele133.vcf

After filtering, kept 2000 out of 2000 Individuals
Outputting Frequency Statistics...
After filtering, kept 1309 out of a possible 1309 Sites
Run Time = 0.00 seconds
Writing to /tmp/bcftools-sort.9fEJla
Merging 1 temporary files
Cleaning
Done
Writing to /tmp/bcftools-sort.haK1VG
Merging 1 temporary files
Cleaning
Done

real	8m20.036s
user	4m19.268s
sys	0m3.563s

VCFtools - 0.1.15
(C) Adam Auton and Anthony Marcketta 2009

Parameters as interpreted:
	--vcf test_133_ns.vcf
	--freq
	--out Salele133.vcf

After filtering, kept 2000 out of 2000 Individuals
Outputting Frequency Statistics...
After filtering, kept 1309 out of a possible 1309 Sites
Run Time = 1.00 seconds

VCFtools - 0.1.15
(C) Adam Auton and Anthony Marcketta 2009

Parameters as interpreted:
	--vcf test_133_syn.vcf
	--freq
	--out SaleleSyn133.vcf

After filtering, kept 2000 out of 2000 Individuals
Outputting Frequency Statistics...
After filtering, kept 524 out of a possible 524 Sites
Run Time = 6.00 seconds

VCFtools - 0.1.15
(C) Adam Auton and Anthony Marcketta 2009

Parameters as interpreted:
	--vcf test_133_combined.vcf
	--freq
	--out SaleleWholeSequence133.vcf

After filtering, kept 2000 out of 2000 Individuals
Outputting Frequency Statistics...
After filtering, kept 73723 out of a possible 73723 Sites
Run Time = 89.00 seconds

VCFtools - 0.1.15
(C) Adam Auton and Anthony Marcketta 2009

Parameters as interpreted:
	--vcf test_133_combined.vcf
	--chr 1
	--to-bp 4898419
	--out MiniVCF133.vcf
	--recode
	--from-bp 4398419

After filtering, kept 2000 out of 2000 Individuals
Outputting VCF file...
After filtering, kept 1838 out of a possible 73723 Sites
Run Time = 53.00 seconds
Reading in VCF file...done.
Now printing output...done.

VCFtools - 0.1.15
(C) Adam Auton and Anthony Marcketta 2009

Parameters as interpreted:
	--vcf test_133_combined.vcf
	--chr 1
	--to-bp 6454246
	--out MiniVCF133.vcf
	--recode
	--from-bp 5954246

After filtering, kept 2000 out of 2000 Individuals
Outputting VCF file...
After filtering, kept 1890 out of a possible 73723 Sites
Run Time = 28.00 seconds
Reading in VCF file...done.
Now printing output...done.

VCFtools - 0.1.15
(C) Adam Auton and Anthony Marcketta 2009

Parameters as interpreted:
	--vcf test_133_combined.vcf
	--chr 1
	--to-bp 8667509
	--out MiniVCF133.vcf
	--recode
	--from-bp 8167509

After filtering, kept 2000 out of 2000 Individuals
Outputting VCF file...
After filtering, kept 1802 out of a possible 73723 Sites
Run Time = 29.00 seconds
Reading in VCF file...done.
Now printing output...done.

VCFtools - 0.1.15
(C) Adam Auton and Anthony Marcketta 2009

Parameters as interpreted:
	--vcf test_133_combined.vcf
	--chr 1
	--to-bp 4725419
	--out MiniVCF133.vcf
	--recode
	--from-bp 4225419

After filtering, kept 2000 out of 2000 Individuals
Outputting VCF file...
After filtering, kept 1809 out of a possible 73723 Sites
Run Time = 13.00 seconds
Reading in VCF file...done.
Now printing output...done.

VCFtools - 0.1.15
(C) Adam Auton and Anthony Marcketta 2009

Parameters as interpreted:
	--vcf test_133_combined.vcf
	--chr 1
	--to-bp 6052519
	--out MiniVCF133.vcf
	--recode
	--from-bp 5552519

After filtering, kept 2000 out of 2000 Individuals
Outputting VCF file...
After filtering, kept 1896 out of a possible 73723 Sites
Run Time = 11.00 seconds
Reading in VCF file...done.
Now printing output...done.
rm: cannot remove ‘Salele133.vcf.log’: No such file or directory
rm: cannot remove ‘SaleleWholeSequence133.vcf.log’: No such file or directory

real	6m54.561s
user	6m51.143s
sys	0m2.966s

VCFtools - 0.1.15
(C) Adam Auton and Anthony Marcketta 2009

Parameters as interpreted:
	--vcf test_134_ns.vcf
	--freq
	--out Salele134.vcf

After filtering, kept 2000 out of 2000 Individuals
Outputting Frequency Statistics...
After filtering, kept 1386 out of a possible 1386 Sites
Run Time = 18.00 seconds
Writing to /tmp/bcftools-sort.fGqlWI
Merging 1 temporary files
Cleaning
Done
Writing to /tmp/bcftools-sort.itaNnN
Merging 1 temporary files
Cleaning
Done

real	10m15.636s
user	4m19.546s
sys	0m3.636s

VCFtools - 0.1.15
(C) Adam Auton and Anthony Marcketta 2009

Parameters as interpreted:
	--vcf test_134_ns.vcf
	--freq
	--out Salele134.vcf

After filtering, kept 2000 out of 2000 Individuals
Outputting Frequency Statistics...
After filtering, kept 1386 out of a possible 1386 Sites
Run Time = 10.00 seconds

VCFtools - 0.1.15
(C) Adam Auton and Anthony Marcketta 2009

Parameters as interpreted:
	--vcf test_134_syn.vcf
	--freq
	--out SaleleSyn134.vcf

After filtering, kept 2000 out of 2000 Individuals
Outputting Frequency Statistics...
After filtering, kept 502 out of a possible 502 Sites
Run Time = 7.00 seconds

VCFtools - 0.1.15
(C) Adam Auton and Anthony Marcketta 2009

Parameters as interpreted:
	--vcf test_134_combined.vcf
	--freq
	--out SaleleWholeSequence134.vcf

After filtering, kept 2000 out of 2000 Individuals
Outputting Frequency Statistics...
After filtering, kept 72992 out of a possible 72992 Sites
Run Time = 40.00 seconds

VCFtools - 0.1.15
(C) Adam Auton and Anthony Marcketta 2009

Parameters as interpreted:
	--vcf test_134_combined.vcf
	--chr 1
	--to-bp 706109
	--out MiniVCF134.vcf
	--recode
	--from-bp 206109

After filtering, kept 2000 out of 2000 Individuals
Outputting VCF file...
After filtering, kept 1774 out of a possible 72992 Sites
Run Time = 22.00 seconds
Reading in VCF file...done.
Now printing output...done.

VCFtools - 0.1.15
(C) Adam Auton and Anthony Marcketta 2009

Parameters as interpreted:
	--vcf test_134_combined.vcf
	--chr 1
	--to-bp 3838720
	--out MiniVCF134.vcf
	--recode
	--from-bp 3338720

After filtering, kept 2000 out of 2000 Individuals
Outputting VCF file...
After filtering, kept 1854 out of a possible 72992 Sites
Run Time = 14.00 seconds
Reading in VCF file...done.
Now printing output...done.

VCFtools - 0.1.15
(C) Adam Auton and Anthony Marcketta 2009

Parameters as interpreted:
	--vcf test_134_combined.vcf
	--chr 1
	--to-bp 1857358
	--out MiniVCF134.vcf
	--recode
	--from-bp 1357358

After filtering, kept 2000 out of 2000 Individuals
Outputting VCF file...
After filtering, kept 1938 out of a possible 72992 Sites
Run Time = 15.00 seconds
Reading in VCF file...done.
Now printing output...done.

VCFtools - 0.1.15
(C) Adam Auton and Anthony Marcketta 2009

Parameters as interpreted:
	--vcf test_134_combined.vcf
	--chr 1
	--to-bp 4911049
	--out MiniVCF134.vcf
	--recode
	--from-bp 4411049

After filtering, kept 2000 out of 2000 Individuals
Outputting VCF file...
After filtering, kept 1924 out of a possible 72992 Sites
Run Time = 10.00 seconds
Reading in VCF file...done.
Now printing output...done.

VCFtools - 0.1.15
(C) Adam Auton and Anthony Marcketta 2009

Parameters as interpreted:
	--vcf test_134_combined.vcf
	--chr 1
	--to-bp 7591799
	--out MiniVCF134.vcf
	--recode
	--from-bp 7091799

After filtering, kept 2000 out of 2000 Individuals
Outputting VCF file...
After filtering, kept 1788 out of a possible 72992 Sites
Run Time = 8.00 seconds
Reading in VCF file...done.
Now printing output...done.
rm: cannot remove ‘Salele134.vcf.log’: No such file or directory
rm: cannot remove ‘SaleleWholeSequence134.vcf.log’: No such file or directory

real	6m19.815s
user	6m15.853s
sys	0m2.876s

VCFtools - 0.1.15
(C) Adam Auton and Anthony Marcketta 2009

Parameters as interpreted:
	--vcf test_135_ns.vcf
	--freq
	--out Salele135.vcf

After filtering, kept 2000 out of 2000 Individuals
Outputting Frequency Statistics...
After filtering, kept 1310 out of a possible 1310 Sites
Run Time = 5.00 seconds
Writing to /tmp/bcftools-sort.BqO8JT
Merging 1 temporary files
Cleaning
Done
Writing to /tmp/bcftools-sort.boM1zM
[E::hts_open_format] Failed to open file /tmp/bcftools-sort.boM1zM/00001.bcf
Cannot write /tmp/bcftools-sort.boM1zM/00001.bcf: No such file or directory

real	7m46.390s
user	4m34.447s
sys	0m3.416s
rm: cannot remove ‘Salele135.vcf.log’: No such file or directory
