
real	6m9.862s
user	6m6.694s
sys	0m2.752s

VCFtools - 0.1.15
(C) Adam Auton and Anthony Marcketta 2009

Parameters as interpreted:
	--vcf test_49_ns.vcf
	--freq
	--out Salele49.vcf

After filtering, kept 2000 out of 2000 Individuals
Outputting Frequency Statistics...
After filtering, kept 1361 out of a possible 1361 Sites
Run Time = 1.00 seconds
Writing to /tmp/bcftools-sort.Y2EF5x
Merging 1 temporary files
Cleaning
Done
Writing to /tmp/bcftools-sort.EmrNYW
Merging 1 temporary files
slurmstepd-midway2-0401: error: *** JOB 1102765 ON midway2-0401 CANCELLED AT 2020-05-09T19:11:35 ***
