
real	6m16.231s
user	6m12.749s
sys	0m3.047s
Traceback (most recent call last):
  File "tree_2_vcf_noploidyConstantPopSize.py", line 192, in <module>
    main(args)
  File "tree_2_vcf_noploidyConstantPopSize.py", line 134, in main
    ns_vcf(ts_sample, '{0}_{1}_ns.vcf'.format(args.inputname, args.simnum))
  File "tree_2_vcf_noploidyConstantPopSize.py", line 56, in ns_vcf
    ts.write_vcf(vcf_file)
  File "/home/diegoortega/.local/lib/python3.7/site-packages/tskit/trees.py", line 3253, in write_vcf
    writer.write(output)
  File "/home/diegoortega/.local/lib/python3.7/site-packages/tskit/vcf.py", line 156, in write
    for variant in self.tree_sequence.variants(samples=self.samples):
  File "/home/diegoortega/.local/lib/python3.7/site-packages/tskit/trees.py", line 2923, in variants
    impute_missing_data=impute_missing_data)
_tskit.LibraryError: Cannot generate genotypes for non-samples unless missing data imputation is enabled

real	2m28.878s
user	2m28.406s
sys	0m0.285s
rm: cannot remove ‘Salele43.vcf.frq’: No such file or directory
rm: cannot remove ‘Salele43.vcf.log’: No such file or directory
rm: cannot remove ‘test_43_allelenumber.txt’: No such file or directory
rm: cannot remove ‘test_43_noncoding.vcf’: No such file or directory
rm: cannot remove ‘test_43_syn.vcf’: No such file or directory
rm: cannot remove ‘test_43_unsorted.vcf’: No such file or directory

real	6m32.538s
user	6m26.255s
sys	0m1.976s

VCFtools - 0.1.15
(C) Adam Auton and Anthony Marcketta 2009

Parameters as interpreted:
	--vcf test_44_ns.vcf
	--freq
	--out Salele44.vcf

After filtering, kept 2000 out of 2000 Individuals
Outputting Frequency Statistics...
After filtering, kept 1354 out of a possible 1354 Sites
Run Time = 3.00 seconds
slurmstepd-midway2-0401: error: *** JOB 1102763 ON midway2-0401 CANCELLED AT 2020-05-09T19:11:35 ***
