
real	6m25.874s
user	6m24.034s
sys	0m1.401s

VCFtools - 0.1.15
(C) Adam Auton and Anthony Marcketta 2009

Parameters as interpreted:
	--vcf test_133_ns.vcf
	--freq
	--out Salele133.vcf

After filtering, kept 2000 out of 2000 Individuals
Outputting Frequency Statistics...
After filtering, kept 1321 out of a possible 1321 Sites
Run Time = 1.00 seconds
Writing to /tmp/bcftools-sort.rU2Lu8
Merging 1 temporary files
Cleaning
Done
Writing to /tmp/bcftools-sort.EIu3Qn
Merging 1 temporary files
Cleaning
Done

real	15m31.741s
user	6m9.324s
sys	0m6.723s
slurmstepd-midway2-0402: error: *** JOB 1102793 ON midway2-0402 CANCELLED AT 2020-05-09T19:11:35 ***
