
real	7m4.018s
user	7m0.297s
sys	0m3.128s

VCFtools - 0.1.15
(C) Adam Auton and Anthony Marcketta 2009

Parameters as interpreted:
	--vcf test_40_ns.vcf
	--freq
	--out Salele40.vcf

After filtering, kept 2000 out of 2000 Individuals
Outputting Frequency Statistics...
 Duplicate alternate alleles found at 1:9554118
After filtering, kept 1360 out of a possible 1360 Sites
Run Time = 2.00 seconds
Writing to /tmp/bcftools-sort.QlRWQw
Merging 1 temporary files
Cleaning
Done
Writing to /tmp/bcftools-sort.XUGaBo
Merging 1 temporary files
Cleaning
Done

real	10m2.272s
user	4m37.407s
sys	0m3.836s

VCFtools - 0.1.15
(C) Adam Auton and Anthony Marcketta 2009

Parameters as interpreted:
	--vcf test_40_ns.vcf
	--freq
	--out Salele40.vcf

After filtering, kept 2000 out of 2000 Individuals
Outputting Frequency Statistics...
 Duplicate alternate alleles found at 1:9554118
After filtering, kept 1360 out of a possible 1360 Sites
Run Time = 18.00 seconds

VCFtools - 0.1.15
(C) Adam Auton and Anthony Marcketta 2009

Parameters as interpreted:
	--vcf test_40_syn.vcf
	--freq
	--out SaleleSyn40.vcf

After filtering, kept 2000 out of 2000 Individuals
Outputting Frequency Statistics...
After filtering, kept 554 out of a possible 554 Sites
Run Time = 37.00 seconds

VCFtools - 0.1.15
(C) Adam Auton and Anthony Marcketta 2009

Parameters as interpreted:
	--vcf test_40_combined.vcf
	--freq
	--out SaleleWholeSequence40.vcf

After filtering, kept 2000 out of 2000 Individuals
Outputting Frequency Statistics...
 Duplicate alternate alleles found at 1:9554118
After filtering, kept 73217 out of a possible 73217 Sites
Run Time = 96.00 seconds

VCFtools - 0.1.15
(C) Adam Auton and Anthony Marcketta 2009

Parameters as interpreted:
	--vcf test_40_combined.vcf
	--chr 1
	--to-bp 9921391
	--out MiniVCF40.vcf
	--recode
	--from-bp 9421391

After filtering, kept 2000 out of 2000 Individuals
Outputting VCF file...
 Duplicate alternate alleles found at 1:9554118
After filtering, kept 1883 out of a possible 73217 Sites
Run Time = 16.00 seconds
Reading in VCF file...done.
Now printing output...done.

VCFtools - 0.1.15
(C) Adam Auton and Anthony Marcketta 2009

Parameters as interpreted:
	--vcf test_40_combined.vcf
	--chr 1
	--to-bp 8018050
	--out MiniVCF40.vcf
	--recode
	--from-bp 7518050

After filtering, kept 2000 out of 2000 Individuals
Outputting VCF file...
After filtering, kept 1862 out of a possible 73217 Sites
Run Time = 18.00 seconds
Reading in VCF file...done.
Now printing output...done.
rm: cannot remove ‘Salele40.vcf.log’: No such file or directory
rm: cannot remove ‘SaleleWholeSequence40.vcf.log’: No such file or directory

real	6m21.977s
user	6m18.353s
sys	0m2.913s

VCFtools - 0.1.15
(C) Adam Auton and Anthony Marcketta 2009

Parameters as interpreted:
	--vcf test_41_ns.vcf
	--freq
	--out Salele41.vcf

After filtering, kept 2000 out of 2000 Individuals
Outputting Frequency Statistics...
 Duplicate alternate alleles found at 1:1301170
After filtering, kept 1300 out of a possible 1300 Sites
Run Time = 0.00 seconds
Writing to /tmp/bcftools-sort.PhjzQZ
Merging 1 temporary files
Cleaning
Done
Writing to /tmp/bcftools-sort.xGr2r8
Merging 1 temporary files
Cleaning
Done

real	7m1.326s
user	4m31.714s
sys	0m3.590s

VCFtools - 0.1.15
(C) Adam Auton and Anthony Marcketta 2009

Parameters as interpreted:
	--vcf test_41_ns.vcf
	--freq
	--out Salele41.vcf

After filtering, kept 2000 out of 2000 Individuals
Outputting Frequency Statistics...
 Duplicate alternate alleles found at 1:1301170
After filtering, kept 1300 out of a possible 1300 Sites
Run Time = 5.00 seconds

VCFtools - 0.1.15
(C) Adam Auton and Anthony Marcketta 2009

Parameters as interpreted:
	--vcf test_41_syn.vcf
	--freq
	--out SaleleSyn41.vcf

After filtering, kept 2000 out of 2000 Individuals
Outputting Frequency Statistics...
After filtering, kept 502 out of a possible 502 Sites
Run Time = 17.00 seconds

VCFtools - 0.1.15
(C) Adam Auton and Anthony Marcketta 2009

Parameters as interpreted:
	--vcf test_41_combined.vcf
	--freq
	--out SaleleWholeSequence41.vcf

After filtering, kept 2000 out of 2000 Individuals
Outputting Frequency Statistics...
 Duplicate alternate alleles found at 1:1301170
After filtering, kept 72375 out of a possible 72375 Sites
Run Time = 64.00 seconds

VCFtools - 0.1.15
(C) Adam Auton and Anthony Marcketta 2009

Parameters as interpreted:
	--vcf test_41_combined.vcf
	--chr 1
	--to-bp 12131098
	--out MiniVCF41.vcf
	--recode
	--from-bp 11631098

After filtering, kept 2000 out of 2000 Individuals
Outputting VCF file...
After filtering, kept 1819 out of a possible 72375 Sites
Run Time = 31.00 seconds
Reading in VCF file...done.
Now printing output...done.

VCFtools - 0.1.15
(C) Adam Auton and Anthony Marcketta 2009

Parameters as interpreted:
	--vcf test_41_combined.vcf
	--chr 1
	--to-bp 13148241
	--out MiniVCF41.vcf
	--recode
	--from-bp 12648241

After filtering, kept 2000 out of 2000 Individuals
Outputting VCF file...
After filtering, kept 1751 out of a possible 72375 Sites
Run Time = 37.00 seconds
Reading in VCF file...done.
Now printing output...done.
rm: cannot remove ‘Salele41.vcf.log’: No such file or directory
rm: cannot remove ‘SaleleWholeSequence41.vcf.log’: No such file or directory

real	6m19.567s
user	6m15.152s
sys	0m3.134s

VCFtools - 0.1.15
(C) Adam Auton and Anthony Marcketta 2009

Parameters as interpreted:
	--vcf test_42_ns.vcf
	--freq
	--out Salele42.vcf

After filtering, kept 2000 out of 2000 Individuals
Outputting Frequency Statistics...
 Duplicate alternate alleles found at 1:3589514
 Duplicate alternate alleles found at 1:18334483
After filtering, kept 1320 out of a possible 1320 Sites
Run Time = 2.00 seconds
Writing to /tmp/bcftools-sort.J9MoqF
Merging 1 temporary files
Cleaning
Done
Writing to /tmp/bcftools-sort.cEpGXD
Merging 1 temporary files
Cleaning
Done

real	5m21.793s
user	4m34.781s
sys	0m3.609s

VCFtools - 0.1.15
(C) Adam Auton and Anthony Marcketta 2009

Parameters as interpreted:
	--vcf test_42_ns.vcf
	--freq
	--out Salele42.vcf

After filtering, kept 2000 out of 2000 Individuals
Outputting Frequency Statistics...
 Duplicate alternate alleles found at 1:3589514
 Duplicate alternate alleles found at 1:18334483
After filtering, kept 1320 out of a possible 1320 Sites
Run Time = 1.00 seconds

VCFtools - 0.1.15
(C) Adam Auton and Anthony Marcketta 2009

Parameters as interpreted:
	--vcf test_42_syn.vcf
	--freq
	--out SaleleSyn42.vcf

After filtering, kept 2000 out of 2000 Individuals
Outputting Frequency Statistics...
After filtering, kept 502 out of a possible 502 Sites
Run Time = 3.00 seconds

VCFtools - 0.1.15
(C) Adam Auton and Anthony Marcketta 2009

Parameters as interpreted:
	--vcf test_42_combined.vcf
	--freq
	--out SaleleWholeSequence42.vcf

After filtering, kept 2000 out of 2000 Individuals
Outputting Frequency Statistics...
 Duplicate alternate alleles found at 1:3589514
 Duplicate alternate alleles found at 1:18334483
After filtering, kept 73561 out of a possible 73561 Sites
Run Time = 34.00 seconds

VCFtools - 0.1.15
(C) Adam Auton and Anthony Marcketta 2009

Parameters as interpreted:
	--vcf test_42_combined.vcf
	--chr 1
	--to-bp 7674200
	--out MiniVCF42.vcf
	--recode
	--from-bp 7174200

After filtering, kept 2000 out of 2000 Individuals
Outputting VCF file...
After filtering, kept 1879 out of a possible 73561 Sites
Run Time = 25.00 seconds
Reading in VCF file...done.
Now printing output...done.

VCFtools - 0.1.15
(C) Adam Auton and Anthony Marcketta 2009

Parameters as interpreted:
	--vcf test_42_combined.vcf
	--chr 1
	--to-bp 16156228
	--out MiniVCF42.vcf
	--recode
	--from-bp 15656228

After filtering, kept 2000 out of 2000 Individuals
Outputting VCF file...
After filtering, kept 1699 out of a possible 73561 Sites
Run Time = 5.00 seconds
Reading in VCF file...done.
Now printing output...done.

VCFtools - 0.1.15
(C) Adam Auton and Anthony Marcketta 2009

Parameters as interpreted:
	--vcf test_42_combined.vcf
	--chr 1
	--to-bp 9804145
	--out MiniVCF42.vcf
	--recode
	--from-bp 9304145

After filtering, kept 2000 out of 2000 Individuals
Outputting VCF file...
After filtering, kept 1834 out of a possible 73561 Sites
Run Time = 21.00 seconds
Reading in VCF file...done.
Now printing output...done.

VCFtools - 0.1.15
(C) Adam Auton and Anthony Marcketta 2009

Parameters as interpreted:
	--vcf test_42_combined.vcf
	--chr 1
	--to-bp 17083666
	--out MiniVCF42.vcf
	--recode
	--from-bp 16583666

After filtering, kept 2000 out of 2000 Individuals
Outputting VCF file...
After filtering, kept 1852 out of a possible 73561 Sites
Run Time = 5.00 seconds
Reading in VCF file...done.
Now printing output...done.
rm: cannot remove ‘Salele42.vcf.log’: No such file or directory
rm: cannot remove ‘SaleleWholeSequence42.vcf.log’: No such file or directory
