1
// Initial random seed:
2005767320723

// RunInitializeCallbacks():
initializeMutationRate(4.18731e-08);
initializeTreeSeq();
initializeMutationType(1, 0, "f", 0);
initializeMutationType(2, 0.5, "s", "return runif(1,0.00125, 0.0125);");
initializeGenomicElementType(1, m1, 1);
initializeRecombinationRate(5e-08);
NO!
2
// Initial random seed:
2006497328030

// RunInitializeCallbacks():
initializeMutationRate(4.18731e-08);
initializeTreeSeq();
initializeMutationType(1, 0, "f", 0);
initializeMutationType(2, 0.5, "s", "return runif(1,0.00125, 0.0125);");
initializeGenomicElementType(1, m1, 1);
initializeRecombinationRate(5e-08);
NO!
3
// Initial random seed:
2007187328819

// RunInitializeCallbacks():
initializeMutationRate(4.18731e-08);
initializeTreeSeq();
initializeMutationType(1, 0, "f", 0);
initializeMutationType(2, 0.5, "s", "return runif(1,0.00125, 0.0125);");
initializeGenomicElementType(1, m1, 1);
initializeRecombinationRate(5e-08);
NO!
TotalNumberOfAlleles is 0
