
real	6m26.040s
user	6m22.304s
sys	0m2.998s

VCFtools - 0.1.15
(C) Adam Auton and Anthony Marcketta 2009

Parameters as interpreted:
	--vcf test_79_ns.vcf
	--freq
	--out Salele79.vcf

After filtering, kept 2000 out of 2000 Individuals
Outputting Frequency Statistics...
 Duplicate alternate alleles found at 1:4145570
After filtering, kept 1298 out of a possible 1298 Sites
Run Time = 0.00 seconds
Traceback (most recent call last):
  File "tree_2_vcf_noploidyConstantPopSize.py", line 192, in <module>
    main(args)
  File "tree_2_vcf_noploidyConstantPopSize.py", line 153, in main
    args.mu, start, end)
  File "tree_2_vcf_noploidyConstantPopSize.py", line 100, in noncoding_vcf
    ts.write_vcf(vcf_file)
  File "/home/diegoortega/.local/lib/python3.7/site-packages/tskit/trees.py", line 3253, in write_vcf
    writer.write(output)
  File "/home/diegoortega/.local/lib/python3.7/site-packages/tskit/vcf.py", line 163, in write
    "Missing data is not currently supported. Please open an issue "
ValueError: Missing data is not currently supported. Please open an issue on GitHub if this limitation affects you.

real	3m50.788s
user	3m41.050s
sys	0m0.368s

VCFtools - 0.1.15
(C) Adam Auton and Anthony Marcketta 2009

Parameters as interpreted:
	--vcf test_79_ns.vcf
	--freq
	--out Salele79.vcf

After filtering, kept 2000 out of 2000 Individuals
Outputting Frequency Statistics...
 Duplicate alternate alleles found at 1:4145570
After filtering, kept 1298 out of a possible 1298 Sites
Run Time = 3.00 seconds

VCFtools - 0.1.15
(C) Adam Auton and Anthony Marcketta 2009

Parameters as interpreted:
	--vcf test_79_syn.vcf
	--freq
	--out SaleleSyn79.vcf

After filtering, kept 2000 out of 2000 Individuals
Outputting Frequency Statistics...
After filtering, kept 1055 out of a possible 1055 Sites
Run Time = 10.00 seconds

VCFtools - 0.1.15
(C) Adam Auton and Anthony Marcketta 2009

Parameters as interpreted:
	--vcf test_79_combined.vcf
	--freq
	--out SaleleWholeSequence79.vcf

After filtering, kept 2000 out of 2000 Individuals
Outputting Frequency Statistics...
 Duplicate alternate alleles found at 1:4145570
After filtering, kept 146589 out of a possible 146589 Sites
Run Time = 105.00 seconds
/tmp/slurmd/job1103446/slurm_script: line 107: [: -gt: unary operator expected
/tmp/slurmd/job1103446/slurm_script: line 107: [: -gt: unary operator expected

VCFtools - 0.1.15
(C) Adam Auton and Anthony Marcketta 2009

Parameters as interpreted:
	--vcf test_79_combined.vcf
	--chr 1
	--to-bp 5081755
	--out MiniVCF79.vcf
	--recode
	--from-bp 4581755

After filtering, kept 2000 out of 2000 Individuals
Outputting VCF file...
After filtering, kept 3705 out of a possible 146589 Sites
Run Time = 121.00 seconds
Reading in VCF file...done.
Now printing output...done.
rm: cannot remove ‘Salele79.vcf.log’: No such file or directory
rm: cannot remove ‘SaleleWholeSequence79.vcf.log’: No such file or directory

real	6m46.289s
user	6m25.448s
sys	0m2.807s

VCFtools - 0.1.15
(C) Adam Auton and Anthony Marcketta 2009

Parameters as interpreted:
	--vcf test_80_ns.vcf
	--freq
	--out Salele80.vcf

After filtering, kept 2000 out of 2000 Individuals
Outputting Frequency Statistics...
After filtering, kept 1340 out of a possible 1340 Sites
Run Time = 1.00 seconds
Writing to /tmp/bcftools-sort.iE833b
Merging 1 temporary files
Cleaning
Done
Writing to /tmp/bcftools-sort.o1CCrA
Merging 1 temporary files
Cleaning
Done

real	4m37.432s
user	4m26.949s
sys	0m3.708s

VCFtools - 0.1.15
(C) Adam Auton and Anthony Marcketta 2009

Parameters as interpreted:
	--vcf test_80_ns.vcf
	--freq
	--out Salele80.vcf

After filtering, kept 2000 out of 2000 Individuals
Outputting Frequency Statistics...
After filtering, kept 1340 out of a possible 1340 Sites
Run Time = 1.00 seconds

VCFtools - 0.1.15
(C) Adam Auton and Anthony Marcketta 2009

Parameters as interpreted:
	--vcf test_80_syn.vcf
	--freq
	--out SaleleSyn80.vcf

After filtering, kept 2000 out of 2000 Individuals
Outputting Frequency Statistics...
After filtering, kept 494 out of a possible 494 Sites
Run Time = 0.00 seconds

VCFtools - 0.1.15
(C) Adam Auton and Anthony Marcketta 2009

Parameters as interpreted:
	--vcf test_80_combined.vcf
	--freq
	--out SaleleWholeSequence80.vcf

After filtering, kept 2000 out of 2000 Individuals
Outputting Frequency Statistics...
After filtering, kept 73603 out of a possible 73603 Sites
Run Time = 22.00 seconds

VCFtools - 0.1.15
(C) Adam Auton and Anthony Marcketta 2009

Parameters as interpreted:
	--vcf test_80_combined.vcf
	--chr 1
	--to-bp 15601650
	--out MiniVCF80.vcf
	--recode
	--from-bp 15101650

After filtering, kept 2000 out of 2000 Individuals
Outputting VCF file...
After filtering, kept 1815 out of a possible 73603 Sites
Run Time = 4.00 seconds
Reading in VCF file...done.
Now printing output...done.

VCFtools - 0.1.15
(C) Adam Auton and Anthony Marcketta 2009

Parameters as interpreted:
	--vcf test_80_combined.vcf
	--chr 1
	--to-bp 8638261
	--out MiniVCF80.vcf
	--recode
	--from-bp 8138261

After filtering, kept 2000 out of 2000 Individuals
Outputting VCF file...
After filtering, kept 1920 out of a possible 73603 Sites
Run Time = 4.00 seconds
Reading in VCF file...done.
Now printing output...done.

VCFtools - 0.1.15
(C) Adam Auton and Anthony Marcketta 2009

Parameters as interpreted:
	--vcf test_80_combined.vcf
	--chr 1
	--to-bp 15998658
	--out MiniVCF80.vcf
	--recode
	--from-bp 15498658

After filtering, kept 2000 out of 2000 Individuals
Outputting VCF file...
After filtering, kept 1801 out of a possible 73603 Sites
Run Time = 4.00 seconds
Reading in VCF file...done.
Now printing output...done.
rm: cannot remove ‘Salele80.vcf.log’: No such file or directory
rm: cannot remove ‘SaleleWholeSequence80.vcf.log’: No such file or directory

real	7m42.481s
user	6m39.914s
sys	0m3.139s

VCFtools - 0.1.15
(C) Adam Auton and Anthony Marcketta 2009

Parameters as interpreted:
	--vcf test_81_ns.vcf
	--freq
	--out Salele81.vcf

After filtering, kept 2000 out of 2000 Individuals
Outputting Frequency Statistics...
 Duplicate alternate alleles found at 1:12213292
After filtering, kept 1372 out of a possible 1372 Sites
Run Time = 0.00 seconds
Writing to /tmp/bcftools-sort.eLrtbk
Merging 1 temporary files
Cleaning
Done
Writing to /tmp/bcftools-sort.9kLqlA
Merging 1 temporary files
Cleaning
Done

real	11m0.532s
user	4m25.772s
sys	0m3.845s

VCFtools - 0.1.15
(C) Adam Auton and Anthony Marcketta 2009

Parameters as interpreted:
	--vcf test_81_ns.vcf
	--freq
	--out Salele81.vcf

After filtering, kept 2000 out of 2000 Individuals
Outputting Frequency Statistics...
 Duplicate alternate alleles found at 1:12213292
After filtering, kept 1372 out of a possible 1372 Sites
Run Time = 4.00 seconds

VCFtools - 0.1.15
(C) Adam Auton and Anthony Marcketta 2009

Parameters as interpreted:
	--vcf test_81_syn.vcf
	--freq
	--out SaleleSyn81.vcf

After filtering, kept 2000 out of 2000 Individuals
Outputting Frequency Statistics...
After filtering, kept 539 out of a possible 539 Sites
Run Time = 1.00 seconds

VCFtools - 0.1.15
(C) Adam Auton and Anthony Marcketta 2009

Parameters as interpreted:
	--vcf test_81_combined.vcf
	--freq
	--out SaleleWholeSequence81.vcf

After filtering, kept 2000 out of 2000 Individuals
Outputting Frequency Statistics...
 Duplicate alternate alleles found at 1:12213292
After filtering, kept 73951 out of a possible 73951 Sites
Run Time = 25.00 seconds

VCFtools - 0.1.15
(C) Adam Auton and Anthony Marcketta 2009

Parameters as interpreted:
	--vcf test_81_combined.vcf
	--chr 1
	--to-bp 788926
	--out MiniVCF81.vcf
	--recode
	--from-bp 288926

After filtering, kept 2000 out of 2000 Individuals
Outputting VCF file...
After filtering, kept 1892 out of a possible 73951 Sites
Run Time = 9.00 seconds
Reading in VCF file...done.
Now printing output...done.

VCFtools - 0.1.15
(C) Adam Auton and Anthony Marcketta 2009

Parameters as interpreted:
	--vcf test_81_combined.vcf
	--chr 1
	--to-bp 788822
	--out MiniVCF81.vcf
	--recode
	--from-bp 288822

After filtering, kept 2000 out of 2000 Individuals
Outputting VCF file...
After filtering, kept 1891 out of a possible 73951 Sites
Run Time = 6.00 seconds
Reading in VCF file...done.
Now printing output...done.

VCFtools - 0.1.15
(C) Adam Auton and Anthony Marcketta 2009

Parameters as interpreted:
	--vcf test_81_combined.vcf
	--chr 1
	--to-bp 3773314
	--out MiniVCF81.vcf
	--recode
	--from-bp 3273314

After filtering, kept 2000 out of 2000 Individuals
Outputting VCF file...
After filtering, kept 1832 out of a possible 73951 Sites
Run Time = 19.00 seconds
Reading in VCF file...done.
Now printing output...done.
rm: cannot remove ‘Salele81.vcf.log’: No such file or directory
rm: cannot remove ‘SaleleWholeSequence81.vcf.log’: No such file or directory
