
real	6m14.793s
user	6m11.038s
sys	0m3.155s

VCFtools - 0.1.15
(C) Adam Auton and Anthony Marcketta 2009

Parameters as interpreted:
	--vcf test_67_ns.vcf
	--freq
	--out Salele67.vcf

After filtering, kept 2000 out of 2000 Individuals
Outputting Frequency Statistics...
 Duplicate alternate alleles found at 1:7408126
After filtering, kept 1330 out of a possible 1330 Sites
Run Time = 0.00 seconds
Writing to /tmp/bcftools-sort.A7fL5x
Merging 1 temporary files
Cleaning
Done
Writing to /tmp/bcftools-sort.DvBYCU
Merging 1 temporary files
Cleaning
Done

real	15m42.170s
user	6m10.268s
sys	0m6.671s
slurmstepd-midway2-0401: error: *** JOB 1102771 ON midway2-0401 CANCELLED AT 2020-05-09T19:11:35 ***
