ERROR (SLiMSim::RunInitializeCallbacks): At least one genomic element must be defined in an initialize() callback with initializeGenomicElement().

real	0m0.248s
user	0m0.006s
sys	0m0.008s
Traceback (most recent call last):
  File "tree_2_vcf_noploidyConstantPopSize.py", line 192, in <module>
    main(args)
  File "tree_2_vcf_noploidyConstantPopSize.py", line 128, in main
    annot, start, end = zip(*lines)
ValueError: not enough values to unpack (expected 3, got 0)

real	0m7.206s
user	0m0.638s
sys	0m0.419s
rm: cannot remove ‘trees_test_1.trees’: No such file or directory
rm: cannot remove ‘test_1_ns.vcf’: No such file or directory
rm: cannot remove ‘Salele1.vcf.frq’: No such file or directory
rm: cannot remove ‘Salele1.vcf.log’: No such file or directory
rm: cannot remove ‘test_1_allelenumber.txt’: No such file or directory
rm: cannot remove ‘test_1_noncoding.vcf’: No such file or directory
rm: cannot remove ‘test_1_syn.vcf’: No such file or directory
rm: cannot remove ‘test_1_unsorted.vcf’: No such file or directory
ERROR (SLiMSim::RunInitializeCallbacks): At least one genomic element must be defined in an initialize() callback with initializeGenomicElement().

real	0m0.089s
user	0m0.005s
sys	0m0.009s
Traceback (most recent call last):
  File "tree_2_vcf_noploidyConstantPopSize.py", line 192, in <module>
    main(args)
  File "tree_2_vcf_noploidyConstantPopSize.py", line 128, in main
    annot, start, end = zip(*lines)
ValueError: not enough values to unpack (expected 3, got 0)

real	0m0.772s
user	0m0.412s
sys	0m0.259s
rm: cannot remove ‘trees_test_2.trees’: No such file or directory
rm: cannot remove ‘test_2_ns.vcf’: No such file or directory
rm: cannot remove ‘Salele2.vcf.frq’: No such file or directory
rm: cannot remove ‘Salele2.vcf.log’: No such file or directory
rm: cannot remove ‘test_2_allelenumber.txt’: No such file or directory
rm: cannot remove ‘test_2_noncoding.vcf’: No such file or directory
rm: cannot remove ‘test_2_syn.vcf’: No such file or directory
rm: cannot remove ‘test_2_unsorted.vcf’: No such file or directory
ERROR (SLiMSim::RunInitializeCallbacks): At least one genomic element must be defined in an initialize() callback with initializeGenomicElement().

real	0m0.006s
user	0m0.003s
sys	0m0.002s
Traceback (most recent call last):
  File "tree_2_vcf_noploidyConstantPopSize.py", line 192, in <module>
    main(args)
  File "tree_2_vcf_noploidyConstantPopSize.py", line 128, in main
    annot, start, end = zip(*lines)
ValueError: not enough values to unpack (expected 3, got 0)

real	0m0.653s
user	0m0.411s
sys	0m0.229s
rm: cannot remove ‘trees_test_3.trees’: No such file or directory
rm: cannot remove ‘test_3_ns.vcf’: No such file or directory
rm: cannot remove ‘Salele3.vcf.frq’: No such file or directory
rm: cannot remove ‘Salele3.vcf.log’: No such file or directory
rm: cannot remove ‘test_3_allelenumber.txt’: No such file or directory
rm: cannot remove ‘test_3_noncoding.vcf’: No such file or directory
rm: cannot remove ‘test_3_syn.vcf’: No such file or directory
rm: cannot remove ‘test_3_unsorted.vcf’: No such file or directory
