
real	6m44.057s
user	6m40.373s
sys	0m2.634s

VCFtools - 0.1.15
(C) Adam Auton and Anthony Marcketta 2009

Parameters as interpreted:
	--vcf test_109_ns.vcf
	--freq
	--out Salele109.vcf

After filtering, kept 2000 out of 2000 Individuals
Outputting Frequency Statistics...
 Duplicate alternate alleles found at 1:7763907
After filtering, kept 1327 out of a possible 1327 Sites
Run Time = 0.00 seconds
Writing to /tmp/bcftools-sort.xmy0xy
Merging 1 temporary files
Cleaning
Done
Writing to /tmp/bcftools-sort.8whpCa
slurmstepd-midway2-0402: error: *** JOB 1102785 ON midway2-0402 CANCELLED AT 2020-05-09T19:11:35 ***
