
real	7m15.600s
user	7m12.783s
sys	0m2.028s
Traceback (most recent call last):
  File "tree_2_vcf_noploidyConstantPopSize.py", line 192, in <module>
    main(args)
  File "tree_2_vcf_noploidyConstantPopSize.py", line 134, in main
    ns_vcf(ts_sample, '{0}_{1}_ns.vcf'.format(args.inputname, args.simnum))
  File "tree_2_vcf_noploidyConstantPopSize.py", line 56, in ns_vcf
    ts.write_vcf(vcf_file)
  File "/home/diegoortega/.local/lib/python3.7/site-packages/tskit/trees.py", line 3253, in write_vcf
    writer.write(output)
  File "/home/diegoortega/.local/lib/python3.7/site-packages/tskit/vcf.py", line 156, in write
    for variant in self.tree_sequence.variants(samples=self.samples):
  File "/home/diegoortega/.local/lib/python3.7/site-packages/tskit/trees.py", line 2923, in variants
    impute_missing_data=impute_missing_data)
_tskit.LibraryError: Cannot generate genotypes for non-samples unless missing data imputation is enabled

real	2m33.507s
user	2m33.083s
sys	0m0.296s
rm: cannot remove ‘Salele22.vcf.frq’: No such file or directory
rm: cannot remove ‘Salele22.vcf.log’: No such file or directory
rm: cannot remove ‘test_22_allelenumber.txt’: No such file or directory
rm: cannot remove ‘test_22_noncoding.vcf’: No such file or directory
rm: cannot remove ‘test_22_syn.vcf’: No such file or directory
rm: cannot remove ‘test_22_unsorted.vcf’: No such file or directory

real	6m25.531s
user	6m20.408s
sys	0m2.764s
slurmstepd-midway2-0401: error: *** JOB 1102756 ON midway2-0401 CANCELLED AT 2020-05-09T19:11:35 ***
