
real	6m23.170s
user	6m20.529s
sys	0m2.005s

VCFtools - 0.1.15
(C) Adam Auton and Anthony Marcketta 2009

Parameters as interpreted:
	--vcf test_13_ns.vcf
	--freq
	--out Salele13.vcf

After filtering, kept 2000 out of 2000 Individuals
Outputting Frequency Statistics...
After filtering, kept 1348 out of a possible 1348 Sites
Run Time = 0.00 seconds
Writing to /tmp/bcftools-sort.GN32ph
Merging 1 temporary files
Cleaning
Done
Writing to /tmp/bcftools-sort.4a37nM
Merging 1 temporary files
Cleaning
Done

real	9m12.474s
user	4m25.147s
sys	0m3.824s

VCFtools - 0.1.15
(C) Adam Auton and Anthony Marcketta 2009

Parameters as interpreted:
	--vcf test_13_ns.vcf
	--freq
	--out Salele13.vcf

After filtering, kept 2000 out of 2000 Individuals
Outputting Frequency Statistics...
After filtering, kept 1348 out of a possible 1348 Sites
Run Time = 4.00 seconds

VCFtools - 0.1.15
(C) Adam Auton and Anthony Marcketta 2009

Parameters as interpreted:
	--vcf test_13_syn.vcf
	--freq
	--out SaleleSyn13.vcf

After filtering, kept 2000 out of 2000 Individuals
Outputting Frequency Statistics...
After filtering, kept 513 out of a possible 513 Sites
Run Time = 12.00 seconds

VCFtools - 0.1.15
(C) Adam Auton and Anthony Marcketta 2009

Parameters as interpreted:
	--vcf test_13_combined.vcf
	--freq
	--out SaleleWholeSequence13.vcf

After filtering, kept 2000 out of 2000 Individuals
Outputting Frequency Statistics...
After filtering, kept 74163 out of a possible 74163 Sites
Run Time = 45.00 seconds

VCFtools - 0.1.15
(C) Adam Auton and Anthony Marcketta 2009

Parameters as interpreted:
	--vcf test_13_combined.vcf
	--chr 1
	--to-bp 15446121
	--out MiniVCF13.vcf
	--recode
	--from-bp 14946121

After filtering, kept 2000 out of 2000 Individuals
Outputting VCF file...
After filtering, kept 1879 out of a possible 74163 Sites
Run Time = 60.00 seconds
Reading in VCF file...done.
Now printing output...done.

VCFtools - 0.1.15
(C) Adam Auton and Anthony Marcketta 2009

Parameters as interpreted:
	--vcf test_13_combined.vcf
	--chr 1
	--to-bp 16420028
	--out MiniVCF13.vcf
	--recode
	--from-bp 15920028

After filtering, kept 2000 out of 2000 Individuals
Outputting VCF file...
After filtering, kept 1864 out of a possible 74163 Sites
Run Time = 35.00 seconds
Reading in VCF file...done.
Now printing output...done.
rm: cannot remove ‘Salele13.vcf.log’: No such file or directory
rm: cannot remove ‘SaleleWholeSequence13.vcf.log’: No such file or directory

real	6m38.750s
user	6m36.151s
sys	0m2.079s

VCFtools - 0.1.15
(C) Adam Auton and Anthony Marcketta 2009

Parameters as interpreted:
	--vcf test_14_ns.vcf
	--freq
	--out Salele14.vcf

After filtering, kept 2000 out of 2000 Individuals
Outputting Frequency Statistics...
 Duplicate alternate alleles found at 1:3709417
After filtering, kept 1346 out of a possible 1346 Sites
Run Time = 0.00 seconds
Writing to /tmp/bcftools-sort.EVL3Ly
Merging 1 temporary files
Cleaning
Done
Writing to /tmp/bcftools-sort.qBFIdm
Merging 1 temporary files
Cleaning
Done

real	8m34.345s
user	4m22.380s
sys	0m3.720s

VCFtools - 0.1.15
(C) Adam Auton and Anthony Marcketta 2009

Parameters as interpreted:
	--vcf test_14_ns.vcf
	--freq
	--out Salele14.vcf

After filtering, kept 2000 out of 2000 Individuals
Outputting Frequency Statistics...
 Duplicate alternate alleles found at 1:3709417
After filtering, kept 1346 out of a possible 1346 Sites
Run Time = 15.00 seconds

VCFtools - 0.1.15
(C) Adam Auton and Anthony Marcketta 2009

Parameters as interpreted:
	--vcf test_14_syn.vcf
	--freq
	--out SaleleSyn14.vcf

After filtering, kept 2000 out of 2000 Individuals
Outputting Frequency Statistics...
After filtering, kept 549 out of a possible 549 Sites
Run Time = 0.00 seconds

VCFtools - 0.1.15
(C) Adam Auton and Anthony Marcketta 2009

Parameters as interpreted:
	--vcf test_14_combined.vcf
	--freq
	--out SaleleWholeSequence14.vcf

After filtering, kept 2000 out of 2000 Individuals
Outputting Frequency Statistics...
 Duplicate alternate alleles found at 1:3709417
After filtering, kept 73358 out of a possible 73358 Sites
Run Time = 28.00 seconds

VCFtools - 0.1.15
(C) Adam Auton and Anthony Marcketta 2009

Parameters as interpreted:
	--vcf test_14_combined.vcf
	--chr 1
	--to-bp 3537033
	--out MiniVCF14.vcf
	--recode
	--from-bp 3037033

After filtering, kept 2000 out of 2000 Individuals
Outputting VCF file...
After filtering, kept 1985 out of a possible 73358 Sites
Run Time = 51.00 seconds
Reading in VCF file...done.
Now printing output...done.
rm: cannot remove ‘Salele14.vcf.log’: No such file or directory
rm: cannot remove ‘SaleleWholeSequence14.vcf.log’: No such file or directory

real	6m54.410s
user	6m41.639s
sys	0m2.622s

VCFtools - 0.1.15
(C) Adam Auton and Anthony Marcketta 2009

Parameters as interpreted:
	--vcf test_15_ns.vcf
	--freq
	--out Salele15.vcf

After filtering, kept 2000 out of 2000 Individuals
Outputting Frequency Statistics...
After filtering, kept 1406 out of a possible 1406 Sites
Run Time = 9.00 seconds
Writing to /tmp/bcftools-sort.CjP0Wa
Merging 1 temporary files
Cleaning
Done
Writing to /tmp/bcftools-sort.g0rZlj
Merging 1 temporary files
Cleaning
Done

real	5m23.213s
user	4m19.518s
sys	0m3.468s

VCFtools - 0.1.15
(C) Adam Auton and Anthony Marcketta 2009

Parameters as interpreted:
	--vcf test_15_ns.vcf
	--freq
	--out Salele15.vcf

After filtering, kept 2000 out of 2000 Individuals
Outputting Frequency Statistics...
After filtering, kept 1406 out of a possible 1406 Sites
Run Time = 1.00 seconds

VCFtools - 0.1.15
(C) Adam Auton and Anthony Marcketta 2009

Parameters as interpreted:
	--vcf test_15_syn.vcf
	--freq
	--out SaleleSyn15.vcf

After filtering, kept 2000 out of 2000 Individuals
Outputting Frequency Statistics...
After filtering, kept 577 out of a possible 577 Sites
Run Time = 1.00 seconds

VCFtools - 0.1.15
(C) Adam Auton and Anthony Marcketta 2009

Parameters as interpreted:
	--vcf test_15_combined.vcf
	--freq
	--out SaleleWholeSequence15.vcf

After filtering, kept 2000 out of 2000 Individuals
Outputting Frequency Statistics...
After filtering, kept 73348 out of a possible 73348 Sites
Run Time = 37.00 seconds

VCFtools - 0.1.15
(C) Adam Auton and Anthony Marcketta 2009

Parameters as interpreted:
	--vcf test_15_combined.vcf
	--chr 1
	--to-bp 10389857
	--out MiniVCF15.vcf
	--recode
	--from-bp 9889857

After filtering, kept 2000 out of 2000 Individuals
Outputting VCF file...
After filtering, kept 1803 out of a possible 73348 Sites
Run Time = 21.00 seconds
Reading in VCF file...done.
Now printing output...done.

VCFtools - 0.1.15
(C) Adam Auton and Anthony Marcketta 2009

Parameters as interpreted:
	--vcf test_15_combined.vcf
	--chr 1
	--to-bp 10857986
	--out MiniVCF15.vcf
	--recode
	--from-bp 10357986

After filtering, kept 2000 out of 2000 Individuals
Outputting VCF file...
After filtering, kept 1853 out of a possible 73348 Sites
Run Time = 8.00 seconds
Reading in VCF file...done.
Now printing output...done.
rm: cannot remove ‘Salele15.vcf.log’: No such file or directory
rm: cannot remove ‘SaleleWholeSequence15.vcf.log’: No such file or directory
