
real	6m22.986s
user	6m20.442s
sys	0m2.063s

VCFtools - 0.1.15
(C) Adam Auton and Anthony Marcketta 2009

Parameters as interpreted:
	--vcf test_148_ns.vcf
	--freq
	--out Salele148.vcf

After filtering, kept 2000 out of 2000 Individuals
Outputting Frequency Statistics...
After filtering, kept 1355 out of a possible 1355 Sites
Run Time = 1.00 seconds
Writing to /tmp/bcftools-sort.vBTfQa
Merging 1 temporary files
Cleaning
Done
Writing to /tmp/bcftools-sort.FbCceF
Merging 1 temporary files
Cleaning
Done

real	9m40.206s
user	4m27.146s
sys	0m3.766s

VCFtools - 0.1.15
(C) Adam Auton and Anthony Marcketta 2009

Parameters as interpreted:
	--vcf test_148_ns.vcf
	--freq
	--out Salele148.vcf

After filtering, kept 2000 out of 2000 Individuals
Outputting Frequency Statistics...
After filtering, kept 1355 out of a possible 1355 Sites
Run Time = 4.00 seconds

VCFtools - 0.1.15
(C) Adam Auton and Anthony Marcketta 2009

Parameters as interpreted:
	--vcf test_148_syn.vcf
	--freq
	--out SaleleSyn148.vcf

After filtering, kept 2000 out of 2000 Individuals
Outputting Frequency Statistics...
After filtering, kept 546 out of a possible 546 Sites
Run Time = 3.00 seconds

VCFtools - 0.1.15
(C) Adam Auton and Anthony Marcketta 2009

Parameters as interpreted:
	--vcf test_148_combined.vcf
	--freq
	--out SaleleWholeSequence148.vcf

After filtering, kept 2000 out of 2000 Individuals
Outputting Frequency Statistics...
After filtering, kept 73373 out of a possible 73373 Sites
Run Time = 37.00 seconds

VCFtools - 0.1.15
(C) Adam Auton and Anthony Marcketta 2009

Parameters as interpreted:
	--vcf test_148_combined.vcf
	--chr 1
	--to-bp 7891289
	--out MiniVCF148.vcf
	--recode
	--from-bp 7391289

After filtering, kept 2000 out of 2000 Individuals
Outputting VCF file...
After filtering, kept 1855 out of a possible 73373 Sites
Run Time = 13.00 seconds
Reading in VCF file...done.
Now printing output...done.

VCFtools - 0.1.15
(C) Adam Auton and Anthony Marcketta 2009

Parameters as interpreted:
	--vcf test_148_combined.vcf
	--chr 1
	--to-bp 2188680
	--out MiniVCF148.vcf
	--recode
	--from-bp 1688680

After filtering, kept 2000 out of 2000 Individuals
Outputting VCF file...
After filtering, kept 1794 out of a possible 73373 Sites
Run Time = 24.00 seconds
Reading in VCF file...done.
Now printing output...done.
rm: cannot remove ‘Salele148.vcf.log’: No such file or directory
rm: cannot remove ‘SaleleWholeSequence148.vcf.log’: No such file or directory

real	5m53.034s
user	5m50.384s
sys	0m2.278s

VCFtools - 0.1.15
(C) Adam Auton and Anthony Marcketta 2009

Parameters as interpreted:
	--vcf test_149_ns.vcf
	--freq
	--out Salele149.vcf

After filtering, kept 2000 out of 2000 Individuals
Outputting Frequency Statistics...
 Duplicate alternate alleles found at 1:11878361
After filtering, kept 1233 out of a possible 1233 Sites
Run Time = 0.00 seconds
Writing to /tmp/bcftools-sort.yoR2w6
Merging 1 temporary files
Cleaning
Done
Writing to /tmp/bcftools-sort.7gVmHn
Merging 1 temporary files
Cleaning
Done

real	4m41.909s
user	4m27.373s
sys	0m3.314s

VCFtools - 0.1.15
(C) Adam Auton and Anthony Marcketta 2009

Parameters as interpreted:
	--vcf test_149_ns.vcf
	--freq
	--out Salele149.vcf

After filtering, kept 2000 out of 2000 Individuals
Outputting Frequency Statistics...
 Duplicate alternate alleles found at 1:11878361
After filtering, kept 1233 out of a possible 1233 Sites
Run Time = 0.00 seconds

VCFtools - 0.1.15
(C) Adam Auton and Anthony Marcketta 2009

Parameters as interpreted:
	--vcf test_149_syn.vcf
	--freq
	--out SaleleSyn149.vcf

After filtering, kept 2000 out of 2000 Individuals
Outputting Frequency Statistics...
After filtering, kept 547 out of a possible 547 Sites
Run Time = 1.00 seconds

VCFtools - 0.1.15
(C) Adam Auton and Anthony Marcketta 2009

Parameters as interpreted:
	--vcf test_149_combined.vcf
	--freq
	--out SaleleWholeSequence149.vcf

After filtering, kept 2000 out of 2000 Individuals
Outputting Frequency Statistics...
 Duplicate alternate alleles found at 1:11878361
After filtering, kept 73399 out of a possible 73399 Sites
Run Time = 28.00 seconds

VCFtools - 0.1.15
(C) Adam Auton and Anthony Marcketta 2009

Parameters as interpreted:
	--vcf test_149_combined.vcf
	--chr 1
	--to-bp 10079109
	--out MiniVCF149.vcf
	--recode
	--from-bp 9579109

After filtering, kept 2000 out of 2000 Individuals
Outputting VCF file...
After filtering, kept 1889 out of a possible 73399 Sites
Run Time = 8.00 seconds
Reading in VCF file...done.
Now printing output...done.
rm: cannot remove ‘Salele149.vcf.log’: No such file or directory
rm: cannot remove ‘SaleleWholeSequence149.vcf.log’: No such file or directory

real	6m19.723s
user	5m49.098s
sys	0m2.263s

VCFtools - 0.1.15
(C) Adam Auton and Anthony Marcketta 2009

Parameters as interpreted:
	--vcf test_150_ns.vcf
	--freq
	--out Salele150.vcf

After filtering, kept 2000 out of 2000 Individuals
Outputting Frequency Statistics...
After filtering, kept 1380 out of a possible 1380 Sites
Run Time = 0.00 seconds
Writing to /tmp/bcftools-sort.5pGIiT
Merging 1 temporary files
Cleaning
Done
Writing to /tmp/bcftools-sort.GAUCxk
Merging 1 temporary files
Cleaning
Done

real	7m8.279s
user	4m21.903s
sys	0m3.548s

VCFtools - 0.1.15
(C) Adam Auton and Anthony Marcketta 2009

Parameters as interpreted:
	--vcf test_150_ns.vcf
	--freq
	--out Salele150.vcf

After filtering, kept 2000 out of 2000 Individuals
Outputting Frequency Statistics...
After filtering, kept 1380 out of a possible 1380 Sites
Run Time = 5.00 seconds

VCFtools - 0.1.15
(C) Adam Auton and Anthony Marcketta 2009

Parameters as interpreted:
	--vcf test_150_syn.vcf
	--freq
	--out SaleleSyn150.vcf

After filtering, kept 2000 out of 2000 Individuals
Outputting Frequency Statistics...
After filtering, kept 526 out of a possible 526 Sites
Run Time = 1.00 seconds

VCFtools - 0.1.15
(C) Adam Auton and Anthony Marcketta 2009

Parameters as interpreted:
	--vcf test_150_combined.vcf
	--freq
	--out SaleleWholeSequence150.vcf

After filtering, kept 2000 out of 2000 Individuals
Outputting Frequency Statistics...
After filtering, kept 74787 out of a possible 74787 Sites
Run Time = 26.00 seconds

VCFtools - 0.1.15
(C) Adam Auton and Anthony Marcketta 2009

Parameters as interpreted:
	--vcf test_150_combined.vcf
	--chr 1
	--to-bp 1583176
	--out MiniVCF150.vcf
	--recode
	--from-bp 1083176

After filtering, kept 2000 out of 2000 Individuals
Outputting VCF file...
After filtering, kept 1692 out of a possible 74787 Sites
Run Time = 21.00 seconds
Reading in VCF file...done.
Now printing output...done.

VCFtools - 0.1.15
(C) Adam Auton and Anthony Marcketta 2009

Parameters as interpreted:
	--vcf test_150_combined.vcf
	--chr 1
	--to-bp 6190466
	--out MiniVCF150.vcf
	--recode
	--from-bp 5690466

After filtering, kept 2000 out of 2000 Individuals
Outputting VCF file...
After filtering, kept 1881 out of a possible 74787 Sites
Run Time = 14.00 seconds
Reading in VCF file...done.
Now printing output...done.

VCFtools - 0.1.15
(C) Adam Auton and Anthony Marcketta 2009

Parameters as interpreted:
	--vcf test_150_combined.vcf
	--chr 1
	--to-bp 11494300
	--out MiniVCF150.vcf
	--recode
	--from-bp 10994300

After filtering, kept 2000 out of 2000 Individuals
Outputting VCF file...
After filtering, kept 1804 out of a possible 74787 Sites
Run Time = 12.00 seconds
Reading in VCF file...done.
Now printing output...done.
rm: cannot remove ‘Salele150.vcf.log’: No such file or directory
rm: cannot remove ‘SaleleWholeSequence150.vcf.log’: No such file or directory
