
real	6m17.326s
user	6m13.906s
sys	0m3.007s

VCFtools - 0.1.15
(C) Adam Auton and Anthony Marcketta 2009

Parameters as interpreted:
	--vcf test_64_ns.vcf
	--freq
	--out Salele64.vcf

After filtering, kept 2000 out of 2000 Individuals
Outputting Frequency Statistics...
After filtering, kept 1356 out of a possible 1356 Sites
Run Time = 1.00 seconds
Writing to /tmp/bcftools-sort.76zK5x
Merging 1 temporary files
Cleaning
Done
Writing to /tmp/bcftools-sort.ks5ryE
Merging 1 temporary files
slurmstepd-midway2-0401: error: *** JOB 1102770 ON midway2-0401 CANCELLED AT 2020-05-09T19:11:35 ***
