
real	6m50.147s
user	6m46.528s
sys	0m3.087s

VCFtools - 0.1.15
(C) Adam Auton and Anthony Marcketta 2009

Parameters as interpreted:
	--vcf test_100_ns.vcf
	--freq
	--out Salele100.vcf

After filtering, kept 2000 out of 2000 Individuals
Outputting Frequency Statistics...
 Duplicate alternate alleles found at 1:11878915
After filtering, kept 1365 out of a possible 1365 Sites
Run Time = 1.00 seconds
Writing to /tmp/bcftools-sort.zAoGUq
Merging 1 temporary files
Cleaning
Done
Writing to /tmp/bcftools-sort.nas2jO
Merging 1 temporary files
Cleaning
Done

real	9m50.147s
user	4m22.468s
sys	0m3.968s

VCFtools - 0.1.15
(C) Adam Auton and Anthony Marcketta 2009

Parameters as interpreted:
	--vcf test_100_ns.vcf
	--freq
	--out Salele100.vcf

After filtering, kept 2000 out of 2000 Individuals
Outputting Frequency Statistics...
 Duplicate alternate alleles found at 1:11878915
After filtering, kept 1365 out of a possible 1365 Sites
Run Time = 3.00 seconds

VCFtools - 0.1.15
(C) Adam Auton and Anthony Marcketta 2009

Parameters as interpreted:
	--vcf test_100_syn.vcf
	--freq
	--out SaleleSyn100.vcf

After filtering, kept 2000 out of 2000 Individuals
Outputting Frequency Statistics...
After filtering, kept 487 out of a possible 487 Sites
Run Time = 10.00 seconds

VCFtools - 0.1.15
(C) Adam Auton and Anthony Marcketta 2009

Parameters as interpreted:
	--vcf test_100_combined.vcf
	--freq
	--out SaleleWholeSequence100.vcf

After filtering, kept 2000 out of 2000 Individuals
Outputting Frequency Statistics...
 Duplicate alternate alleles found at 1:11878915
After filtering, kept 74468 out of a possible 74468 Sites
Run Time = 69.00 seconds

VCFtools - 0.1.15
(C) Adam Auton and Anthony Marcketta 2009

Parameters as interpreted:
	--vcf test_100_combined.vcf
	--chr 1
	--to-bp 3435779
	--out MiniVCF100.vcf
	--recode
	--from-bp 2935779

After filtering, kept 2000 out of 2000 Individuals
Outputting VCF file...
After filtering, kept 1734 out of a possible 74468 Sites
Run Time = 41.00 seconds
Reading in VCF file...done.
Now printing output...done.

VCFtools - 0.1.15
(C) Adam Auton and Anthony Marcketta 2009

Parameters as interpreted:
	--vcf test_100_combined.vcf
	--chr 1
	--to-bp 6456733
	--out MiniVCF100.vcf
	--recode
	--from-bp 5956733

After filtering, kept 2000 out of 2000 Individuals
Outputting VCF file...
After filtering, kept 1876 out of a possible 74468 Sites
Run Time = 35.00 seconds
Reading in VCF file...done.
Now printing output...done.

VCFtools - 0.1.15
(C) Adam Auton and Anthony Marcketta 2009

Parameters as interpreted:
	--vcf test_100_combined.vcf
	--chr 1
	--to-bp 13840886
	--out MiniVCF100.vcf
	--recode
	--from-bp 13340886

After filtering, kept 2000 out of 2000 Individuals
Outputting VCF file...
After filtering, kept 1797 out of a possible 74468 Sites
Run Time = 20.00 seconds
Reading in VCF file...done.
Now printing output...done.

VCFtools - 0.1.15
(C) Adam Auton and Anthony Marcketta 2009

Parameters as interpreted:
	--vcf test_100_combined.vcf
	--chr 1
	--to-bp 16346908
	--out MiniVCF100.vcf
	--recode
	--from-bp 15846908

After filtering, kept 2000 out of 2000 Individuals
Outputting VCF file...
After filtering, kept 1868 out of a possible 74468 Sites
Run Time = 22.00 seconds
Reading in VCF file...done.
Now printing output...done.
rm: cannot remove ‘Salele100.vcf.log’: No such file or directory
rm: cannot remove ‘SaleleWholeSequence100.vcf.log’: No such file or directory

real	6m11.378s
user	6m8.337s
sys	0m2.527s

VCFtools - 0.1.15
(C) Adam Auton and Anthony Marcketta 2009

Parameters as interpreted:
	--vcf test_101_ns.vcf
	--freq
	--out Salele101.vcf

After filtering, kept 2000 out of 2000 Individuals
Outputting Frequency Statistics...
 Duplicate alternate alleles found at 1:7389946
 Duplicate alternate alleles found at 1:7422480
After filtering, kept 1405 out of a possible 1405 Sites
Run Time = 3.00 seconds
Writing to /tmp/bcftools-sort.6iE4ie
Merging 1 temporary files
Cleaning
Done
Writing to /tmp/bcftools-sort.kAmsby
Merging 1 temporary files
Cleaning
Done

real	7m32.238s
user	4m19.765s
sys	0m3.682s

VCFtools - 0.1.15
(C) Adam Auton and Anthony Marcketta 2009

Parameters as interpreted:
	--vcf test_101_ns.vcf
	--freq
	--out Salele101.vcf

After filtering, kept 2000 out of 2000 Individuals
Outputting Frequency Statistics...
 Duplicate alternate alleles found at 1:7389946
 Duplicate alternate alleles found at 1:7422480
After filtering, kept 1405 out of a possible 1405 Sites
Run Time = 8.00 seconds

VCFtools - 0.1.15
(C) Adam Auton and Anthony Marcketta 2009

Parameters as interpreted:
	--vcf test_101_syn.vcf
	--freq
	--out SaleleSyn101.vcf

After filtering, kept 2000 out of 2000 Individuals
Outputting Frequency Statistics...
After filtering, kept 515 out of a possible 515 Sites
Run Time = 21.00 seconds

VCFtools - 0.1.15
(C) Adam Auton and Anthony Marcketta 2009

Parameters as interpreted:
	--vcf test_101_combined.vcf
	--freq
	--out SaleleWholeSequence101.vcf

After filtering, kept 2000 out of 2000 Individuals
Outputting Frequency Statistics...
 Duplicate alternate alleles found at 1:7389946
 Duplicate alternate alleles found at 1:7422480
After filtering, kept 73614 out of a possible 73614 Sites
Run Time = 46.00 seconds

VCFtools - 0.1.15
(C) Adam Auton and Anthony Marcketta 2009

Parameters as interpreted:
	--vcf test_101_combined.vcf
	--chr 1
	--to-bp 1511010
	--out MiniVCF101.vcf
	--recode
	--from-bp 1011010

After filtering, kept 2000 out of 2000 Individuals
Outputting VCF file...
After filtering, kept 1723 out of a possible 73614 Sites
Run Time = 39.00 seconds
Reading in VCF file...done.
Now printing output...done.

VCFtools - 0.1.15
(C) Adam Auton and Anthony Marcketta 2009

Parameters as interpreted:
	--vcf test_101_combined.vcf
	--chr 1
	--to-bp 4395548
	--out MiniVCF101.vcf
	--recode
	--from-bp 3895548

After filtering, kept 2000 out of 2000 Individuals
Outputting VCF file...
After filtering, kept 1933 out of a possible 73614 Sites
Run Time = 13.00 seconds
Reading in VCF file...done.
Now printing output...done.

VCFtools - 0.1.15
(C) Adam Auton and Anthony Marcketta 2009

Parameters as interpreted:
	--vcf test_101_combined.vcf
	--chr 1
	--to-bp 15669296
	--out MiniVCF101.vcf
	--recode
	--from-bp 15169296

After filtering, kept 2000 out of 2000 Individuals
Outputting VCF file...
After filtering, kept 1758 out of a possible 73614 Sites
Run Time = 20.00 seconds
Reading in VCF file...done.
Now printing output...done.
rm: cannot remove ‘Salele101.vcf.log’: No such file or directory
rm: cannot remove ‘SaleleWholeSequence101.vcf.log’: No such file or directory

real	6m37.818s
user	6m29.658s
sys	0m1.614s

VCFtools - 0.1.15
(C) Adam Auton and Anthony Marcketta 2009

Parameters as interpreted:
	--vcf test_102_ns.vcf
	--freq
	--out Salele102.vcf

After filtering, kept 2000 out of 2000 Individuals
Outputting Frequency Statistics...
After filtering, kept 1314 out of a possible 1314 Sites
Run Time = 1.00 seconds
Writing to /tmp/bcftools-sort.qKIVq9
Merging 1 temporary files
Cleaning
Done
Writing to /tmp/bcftools-sort.fup7wN
Merging 1 temporary files
Cleaning
Done

real	6m36.984s
user	4m28.537s
sys	0m3.885s

VCFtools - 0.1.15
(C) Adam Auton and Anthony Marcketta 2009

Parameters as interpreted:
	--vcf test_102_ns.vcf
	--freq
	--out Salele102.vcf

After filtering, kept 2000 out of 2000 Individuals
Outputting Frequency Statistics...
After filtering, kept 1314 out of a possible 1314 Sites
Run Time = 5.00 seconds

VCFtools - 0.1.15
(C) Adam Auton and Anthony Marcketta 2009

Parameters as interpreted:
	--vcf test_102_syn.vcf
	--freq
	--out SaleleSyn102.vcf

After filtering, kept 2000 out of 2000 Individuals
Outputting Frequency Statistics...
After filtering, kept 514 out of a possible 514 Sites
Run Time = 0.00 seconds

VCFtools - 0.1.15
(C) Adam Auton and Anthony Marcketta 2009

Parameters as interpreted:
	--vcf test_102_combined.vcf
	--freq
	--out SaleleWholeSequence102.vcf

After filtering, kept 2000 out of 2000 Individuals
Outputting Frequency Statistics...
After filtering, kept 73287 out of a possible 73287 Sites
Run Time = 51.00 seconds

VCFtools - 0.1.15
(C) Adam Auton and Anthony Marcketta 2009

Parameters as interpreted:
	--vcf test_102_combined.vcf
	--chr 1
	--to-bp 4934732
	--out MiniVCF102.vcf
	--recode
	--from-bp 4434732

After filtering, kept 2000 out of 2000 Individuals
Outputting VCF file...
After filtering, kept 1790 out of a possible 73287 Sites
Run Time = 35.00 seconds
Reading in VCF file...done.
Now printing output...done.

VCFtools - 0.1.15
(C) Adam Auton and Anthony Marcketta 2009

Parameters as interpreted:
	--vcf test_102_combined.vcf
	--chr 1
	--to-bp 8332802
	--out MiniVCF102.vcf
	--recode
	--from-bp 7832802

After filtering, kept 2000 out of 2000 Individuals
Outputting VCF file...
After filtering, kept 1810 out of a possible 73287 Sites
Run Time = 12.00 seconds
Reading in VCF file...done.
Now printing output...done.

VCFtools - 0.1.15
(C) Adam Auton and Anthony Marcketta 2009

Parameters as interpreted:
	--vcf test_102_combined.vcf
	--chr 1
	--to-bp 11343847
	--out MiniVCF102.vcf
	--recode
	--from-bp 10843847

After filtering, kept 2000 out of 2000 Individuals
Outputting VCF file...
After filtering, kept 1863 out of a possible 73287 Sites
Run Time = 4.00 seconds
Reading in VCF file...done.
Now printing output...done.

VCFtools - 0.1.15
(C) Adam Auton and Anthony Marcketta 2009

Parameters as interpreted:
	--vcf test_102_combined.vcf
	--chr 1
	--to-bp 18213141
	--out MiniVCF102.vcf
	--recode
	--from-bp 17713141

After filtering, kept 2000 out of 2000 Individuals
Outputting VCF file...
After filtering, kept 1787 out of a possible 73287 Sites
Run Time = 4.00 seconds
Reading in VCF file...done.
Now printing output...done.

VCFtools - 0.1.15
(C) Adam Auton and Anthony Marcketta 2009

Parameters as interpreted:
	--vcf test_102_combined.vcf
	--chr 1
	--to-bp 18214160
	--out MiniVCF102.vcf
	--recode
	--from-bp 17714160

After filtering, kept 2000 out of 2000 Individuals
Outputting VCF file...
After filtering, kept 1786 out of a possible 73287 Sites
Run Time = 4.00 seconds
Reading in VCF file...done.
Now printing output...done.

VCFtools - 0.1.15
(C) Adam Auton and Anthony Marcketta 2009

Parameters as interpreted:
	--vcf test_102_combined.vcf
	--chr 1
	--to-bp 5229397
	--out MiniVCF102.vcf
	--recode
	--from-bp 4729397

After filtering, kept 2000 out of 2000 Individuals
Outputting VCF file...
After filtering, kept 1722 out of a possible 73287 Sites
Run Time = 4.00 seconds
Reading in VCF file...done.
Now printing output...done.
rm: cannot remove ‘Salele102.vcf.log’: No such file or directory
rm: cannot remove ‘SaleleWholeSequence102.vcf.log’: No such file or directory
