
real	6m20.472s
user	6m16.683s
sys	0m3.075s

VCFtools - 0.1.15
(C) Adam Auton and Anthony Marcketta 2009

Parameters as interpreted:
	--vcf test_142_ns.vcf
	--freq
	--out Salele142.vcf

After filtering, kept 2000 out of 2000 Individuals
Outputting Frequency Statistics...
After filtering, kept 1338 out of a possible 1338 Sites
Run Time = 1.00 seconds
Writing to /tmp/bcftools-sort.AaYu4R
Merging 1 temporary files
Cleaning
Done
Writing to /tmp/bcftools-sort.ptlgsk
Merging 1 temporary files
Cleaning
Done

real	8m29.962s
user	4m21.108s
sys	0m3.620s

VCFtools - 0.1.15
(C) Adam Auton and Anthony Marcketta 2009

Parameters as interpreted:
	--vcf test_142_ns.vcf
	--freq
	--out Salele142.vcf

After filtering, kept 2000 out of 2000 Individuals
Outputting Frequency Statistics...
After filtering, kept 1338 out of a possible 1338 Sites
Run Time = 7.00 seconds

VCFtools - 0.1.15
(C) Adam Auton and Anthony Marcketta 2009

Parameters as interpreted:
	--vcf test_142_syn.vcf
	--freq
	--out SaleleSyn142.vcf

After filtering, kept 2000 out of 2000 Individuals
Outputting Frequency Statistics...
After filtering, kept 513 out of a possible 513 Sites
Run Time = 61.00 seconds

VCFtools - 0.1.15
(C) Adam Auton and Anthony Marcketta 2009

Parameters as interpreted:
	--vcf test_142_combined.vcf
	--freq
	--out SaleleWholeSequence142.vcf

After filtering, kept 2000 out of 2000 Individuals
Outputting Frequency Statistics...
After filtering, kept 74245 out of a possible 74245 Sites
Run Time = 38.00 seconds

VCFtools - 0.1.15
(C) Adam Auton and Anthony Marcketta 2009

Parameters as interpreted:
	--vcf test_142_combined.vcf
	--chr 1
	--to-bp 9235764
	--out MiniVCF142.vcf
	--recode
	--from-bp 8735764

After filtering, kept 2000 out of 2000 Individuals
Outputting VCF file...
After filtering, kept 1914 out of a possible 74245 Sites
Run Time = 30.00 seconds
Reading in VCF file...done.
Now printing output...done.

VCFtools - 0.1.15
(C) Adam Auton and Anthony Marcketta 2009

Parameters as interpreted:
	--vcf test_142_combined.vcf
	--chr 1
	--to-bp 16995589
	--out MiniVCF142.vcf
	--recode
	--from-bp 16495589

After filtering, kept 2000 out of 2000 Individuals
Outputting VCF file...
After filtering, kept 1900 out of a possible 74245 Sites
Run Time = 25.00 seconds
Reading in VCF file...done.
Now printing output...done.
rm: cannot remove ‘Salele142.vcf.log’: No such file or directory
rm: cannot remove ‘SaleleWholeSequence142.vcf.log’: No such file or directory

real	6m14.405s
user	6m9.712s
sys	0m2.159s

VCFtools - 0.1.15
(C) Adam Auton and Anthony Marcketta 2009

Parameters as interpreted:
	--vcf test_143_ns.vcf
	--freq
	--out Salele143.vcf

After filtering, kept 2000 out of 2000 Individuals
Outputting Frequency Statistics...
After filtering, kept 1337 out of a possible 1337 Sites
Run Time = 1.00 seconds
Writing to /tmp/bcftools-sort.J3d9VL
Merging 1 temporary files
Cleaning
Done
Writing to /tmp/bcftools-sort.GYVzR0
Merging 1 temporary files
Cleaning
Done

real	5m2.795s
user	4m26.049s
sys	0m3.437s

VCFtools - 0.1.15
(C) Adam Auton and Anthony Marcketta 2009

Parameters as interpreted:
	--vcf test_143_ns.vcf
	--freq
	--out Salele143.vcf

After filtering, kept 2000 out of 2000 Individuals
Outputting Frequency Statistics...
After filtering, kept 1337 out of a possible 1337 Sites
Run Time = 1.00 seconds

VCFtools - 0.1.15
(C) Adam Auton and Anthony Marcketta 2009

Parameters as interpreted:
	--vcf test_143_syn.vcf
	--freq
	--out SaleleSyn143.vcf

After filtering, kept 2000 out of 2000 Individuals
Outputting Frequency Statistics...
After filtering, kept 518 out of a possible 518 Sites
Run Time = 6.00 seconds

VCFtools - 0.1.15
(C) Adam Auton and Anthony Marcketta 2009

Parameters as interpreted:
	--vcf test_143_combined.vcf
	--freq
	--out SaleleWholeSequence143.vcf

After filtering, kept 2000 out of 2000 Individuals
Outputting Frequency Statistics...
After filtering, kept 73700 out of a possible 73700 Sites
Run Time = 35.00 seconds

VCFtools - 0.1.15
(C) Adam Auton and Anthony Marcketta 2009

Parameters as interpreted:
	--vcf test_143_combined.vcf
	--chr 1
	--to-bp 17502362
	--out MiniVCF143.vcf
	--recode
	--from-bp 17002362

After filtering, kept 2000 out of 2000 Individuals
Outputting VCF file...
After filtering, kept 1870 out of a possible 73700 Sites
Run Time = 6.00 seconds
Reading in VCF file...done.
Now printing output...done.

VCFtools - 0.1.15
(C) Adam Auton and Anthony Marcketta 2009

Parameters as interpreted:
	--vcf test_143_combined.vcf
	--chr 1
	--to-bp 18287690
	--out MiniVCF143.vcf
	--recode
	--from-bp 17787690

After filtering, kept 2000 out of 2000 Individuals
Outputting VCF file...
After filtering, kept 1808 out of a possible 73700 Sites
Run Time = 20.00 seconds
Reading in VCF file...done.
Now printing output...done.
rm: cannot remove ‘Salele143.vcf.log’: No such file or directory
rm: cannot remove ‘SaleleWholeSequence143.vcf.log’: No such file or directory

real	6m57.496s
user	6m50.715s
sys	0m3.103s

VCFtools - 0.1.15
(C) Adam Auton and Anthony Marcketta 2009

Parameters as interpreted:
	--vcf test_144_ns.vcf
	--freq
	--out Salele144.vcf

After filtering, kept 2000 out of 2000 Individuals
Outputting Frequency Statistics...
 Duplicate alternate alleles found at 1:7669408
 Duplicate alternate alleles found at 1:9638565
After filtering, kept 1337 out of a possible 1337 Sites
Run Time = 0.00 seconds
Writing to /tmp/bcftools-sort.mP4jgn
Merging 1 temporary files
Cleaning
Done
Writing to /tmp/bcftools-sort.7emAA4
Merging 1 temporary files
Cleaning
Done

real	4m54.780s
user	4m18.454s
sys	0m3.421s

VCFtools - 0.1.15
(C) Adam Auton and Anthony Marcketta 2009

Parameters as interpreted:
	--vcf test_144_ns.vcf
	--freq
	--out Salele144.vcf

After filtering, kept 2000 out of 2000 Individuals
Outputting Frequency Statistics...
 Duplicate alternate alleles found at 1:7669408
 Duplicate alternate alleles found at 1:9638565
After filtering, kept 1337 out of a possible 1337 Sites
Run Time = 6.00 seconds

VCFtools - 0.1.15
(C) Adam Auton and Anthony Marcketta 2009

Parameters as interpreted:
	--vcf test_144_syn.vcf
	--freq
	--out SaleleSyn144.vcf

After filtering, kept 2000 out of 2000 Individuals
Outputting Frequency Statistics...
After filtering, kept 512 out of a possible 512 Sites
Run Time = 2.00 seconds

VCFtools - 0.1.15
(C) Adam Auton and Anthony Marcketta 2009

Parameters as interpreted:
	--vcf test_144_combined.vcf
	--freq
	--out SaleleWholeSequence144.vcf

After filtering, kept 2000 out of 2000 Individuals
Outputting Frequency Statistics...
 Duplicate alternate alleles found at 1:7669408
 Duplicate alternate alleles found at 1:9638565
After filtering, kept 73779 out of a possible 73779 Sites
Run Time = 23.00 seconds

VCFtools - 0.1.15
(C) Adam Auton and Anthony Marcketta 2009

Parameters as interpreted:
	--vcf test_144_combined.vcf
	--chr 1
	--to-bp 1541934
	--out MiniVCF144.vcf
	--recode
	--from-bp 1041934

After filtering, kept 2000 out of 2000 Individuals
Outputting VCF file...
After filtering, kept 1892 out of a possible 73779 Sites
Run Time = 6.00 seconds
Reading in VCF file...done.
Now printing output...done.

VCFtools - 0.1.15
(C) Adam Auton and Anthony Marcketta 2009

Parameters as interpreted:
	--vcf test_144_combined.vcf
	--chr 1
	--to-bp 6440768
	--out MiniVCF144.vcf
	--recode
	--from-bp 5940768

After filtering, kept 2000 out of 2000 Individuals
Outputting VCF file...
After filtering, kept 1937 out of a possible 73779 Sites
Run Time = 4.00 seconds
Reading in VCF file...done.
Now printing output...done.
rm: cannot remove ‘Salele144.vcf.log’: No such file or directory
rm: cannot remove ‘SaleleWholeSequence144.vcf.log’: No such file or directory
