
real	6m13.337s
user	6m9.699s
sys	0m3.103s

VCFtools - 0.1.15
(C) Adam Auton and Anthony Marcketta 2009

Parameters as interpreted:
	--vcf test_82_ns.vcf
	--freq
	--out Salele82.vcf

After filtering, kept 2000 out of 2000 Individuals
Outputting Frequency Statistics...
After filtering, kept 1369 out of a possible 1369 Sites
Run Time = 0.00 seconds
Writing to /tmp/bcftools-sort.gpqt5h
Merging 1 temporary files
Cleaning
Done
Writing to /tmp/bcftools-sort.32UW1S
Merging 1 temporary files
slurmstepd-midway2-0402: error: *** JOB 1102776 ON midway2-0402 CANCELLED AT 2020-05-09T19:11:35 ***
