
real	7m21.160s
user	7m18.100s
sys	0m2.389s
Traceback (most recent call last):
  File "tree_2_vcf_noploidyConstantPopSize.py", line 192, in <module>
    main(args)
  File "tree_2_vcf_noploidyConstantPopSize.py", line 134, in main
    ns_vcf(ts_sample, '{0}_{1}_ns.vcf'.format(args.inputname, args.simnum))
  File "tree_2_vcf_noploidyConstantPopSize.py", line 56, in ns_vcf
    ts.write_vcf(vcf_file)
  File "/home/diegoortega/.local/lib/python3.7/site-packages/tskit/trees.py", line 3253, in write_vcf
    writer.write(output)
  File "/home/diegoortega/.local/lib/python3.7/site-packages/tskit/vcf.py", line 156, in write
    for variant in self.tree_sequence.variants(samples=self.samples):
  File "/home/diegoortega/.local/lib/python3.7/site-packages/tskit/trees.py", line 2923, in variants
    impute_missing_data=impute_missing_data)
_tskit.LibraryError: Cannot generate genotypes for non-samples unless missing data imputation is enabled

real	2m36.709s
user	2m35.004s
sys	0m0.293s
rm: cannot remove ‘Salele22.vcf.frq’: No such file or directory
rm: cannot remove ‘Salele22.vcf.log’: No such file or directory
rm: cannot remove ‘test_22_allelenumber.txt’: No such file or directory
rm: cannot remove ‘test_22_noncoding.vcf’: No such file or directory
rm: cannot remove ‘test_22_syn.vcf’: No such file or directory
rm: cannot remove ‘test_22_unsorted.vcf’: No such file or directory

real	7m19.679s
user	6m23.735s
sys	0m2.648s

VCFtools - 0.1.15
(C) Adam Auton and Anthony Marcketta 2009

Parameters as interpreted:
	--vcf test_23_ns.vcf
	--freq
	--out Salele23.vcf

After filtering, kept 2000 out of 2000 Individuals
Outputting Frequency Statistics...
 Duplicate alternate alleles found at 1:564581
After filtering, kept 1372 out of a possible 1372 Sites
Run Time = 0.00 seconds
Writing to /tmp/bcftools-sort.2yeA6S
Merging 1 temporary files
Cleaning
Done
Writing to /tmp/bcftools-sort.NZFrmf
Merging 1 temporary files
Cleaning
Done

real	11m13.594s
user	4m27.971s
sys	0m3.793s

VCFtools - 0.1.15
(C) Adam Auton and Anthony Marcketta 2009

Parameters as interpreted:
	--vcf test_23_ns.vcf
	--freq
	--out Salele23.vcf

After filtering, kept 2000 out of 2000 Individuals
Outputting Frequency Statistics...
 Duplicate alternate alleles found at 1:564581
After filtering, kept 1372 out of a possible 1372 Sites
Run Time = 1.00 seconds

VCFtools - 0.1.15
(C) Adam Auton and Anthony Marcketta 2009

Parameters as interpreted:
	--vcf test_23_syn.vcf
	--freq
	--out SaleleSyn23.vcf

After filtering, kept 2000 out of 2000 Individuals
Outputting Frequency Statistics...
After filtering, kept 537 out of a possible 537 Sites
Run Time = 0.00 seconds

VCFtools - 0.1.15
(C) Adam Auton and Anthony Marcketta 2009

Parameters as interpreted:
	--vcf test_23_combined.vcf
	--freq
	--out SaleleWholeSequence23.vcf

After filtering, kept 2000 out of 2000 Individuals
Outputting Frequency Statistics...
 Duplicate alternate alleles found at 1:564581
After filtering, kept 74237 out of a possible 74237 Sites
Run Time = 22.00 seconds

VCFtools - 0.1.15
(C) Adam Auton and Anthony Marcketta 2009

Parameters as interpreted:
	--vcf test_23_combined.vcf
	--chr 1
	--to-bp 16354843
	--out MiniVCF23.vcf
	--recode
	--from-bp 15854843

After filtering, kept 2000 out of 2000 Individuals
Outputting VCF file...
After filtering, kept 1867 out of a possible 74237 Sites
Run Time = 4.00 seconds
Reading in VCF file...done.
Now printing output...done.

VCFtools - 0.1.15
(C) Adam Auton and Anthony Marcketta 2009

Parameters as interpreted:
	--vcf test_23_combined.vcf
	--chr 1
	--to-bp 18446554
	--out MiniVCF23.vcf
	--recode
	--from-bp 17946554

After filtering, kept 2000 out of 2000 Individuals
Outputting VCF file...
After filtering, kept 1817 out of a possible 74237 Sites
Run Time = 4.00 seconds
Reading in VCF file...done.
Now printing output...done.

VCFtools - 0.1.15
(C) Adam Auton and Anthony Marcketta 2009

Parameters as interpreted:
	--vcf test_23_combined.vcf
	--chr 1
	--to-bp 1567076
	--out MiniVCF23.vcf
	--recode
	--from-bp 1067076

After filtering, kept 2000 out of 2000 Individuals
Outputting VCF file...
After filtering, kept 1839 out of a possible 74237 Sites
Run Time = 4.00 seconds
Reading in VCF file...done.
Now printing output...done.
rm: cannot remove ‘Salele23.vcf.log’: No such file or directory
rm: cannot remove ‘SaleleWholeSequence23.vcf.log’: No such file or directory

real	6m3.366s
user	5m51.447s
sys	0m2.473s

VCFtools - 0.1.15
(C) Adam Auton and Anthony Marcketta 2009

Parameters as interpreted:
	--vcf test_24_ns.vcf
	--freq
	--out Salele24.vcf

After filtering, kept 2000 out of 2000 Individuals
Outputting Frequency Statistics...
After filtering, kept 1317 out of a possible 1317 Sites
Run Time = 0.00 seconds
Writing to /tmp/bcftools-sort.WLzu5I
Merging 1 temporary files
Cleaning
Done
Writing to /tmp/bcftools-sort.52rhGR
Merging 1 temporary files
Cleaning
Done

real	13m29.714s
user	4m26.294s
sys	0m3.909s

VCFtools - 0.1.15
(C) Adam Auton and Anthony Marcketta 2009

Parameters as interpreted:
	--vcf test_24_ns.vcf
	--freq
	--out Salele24.vcf

After filtering, kept 2000 out of 2000 Individuals
Outputting Frequency Statistics...
After filtering, kept 1317 out of a possible 1317 Sites
Run Time = 2.00 seconds

VCFtools - 0.1.15
(C) Adam Auton and Anthony Marcketta 2009

Parameters as interpreted:
	--vcf test_24_syn.vcf
	--freq
	--out SaleleSyn24.vcf

After filtering, kept 2000 out of 2000 Individuals
Outputting Frequency Statistics...
After filtering, kept 510 out of a possible 510 Sites
Run Time = 1.00 seconds

VCFtools - 0.1.15
(C) Adam Auton and Anthony Marcketta 2009

Parameters as interpreted:
	--vcf test_24_combined.vcf
	--freq
	--out SaleleWholeSequence24.vcf

After filtering, kept 2000 out of 2000 Individuals
Outputting Frequency Statistics...
After filtering, kept 74016 out of a possible 74016 Sites
Run Time = 27.00 seconds

VCFtools - 0.1.15
(C) Adam Auton and Anthony Marcketta 2009

Parameters as interpreted:
	--vcf test_24_combined.vcf
	--chr 1
	--to-bp 3063092
	--out MiniVCF24.vcf
	--recode
	--from-bp 2563092

After filtering, kept 2000 out of 2000 Individuals
Outputting VCF file...
After filtering, kept 1994 out of a possible 74016 Sites
Run Time = 19.00 seconds
Reading in VCF file...done.
Now printing output...done.

VCFtools - 0.1.15
(C) Adam Auton and Anthony Marcketta 2009

Parameters as interpreted:
	--vcf test_24_combined.vcf
	--chr 1
	--to-bp 4934968
	--out MiniVCF24.vcf
	--recode
	--from-bp 4434968

After filtering, kept 2000 out of 2000 Individuals
Outputting VCF file...
After filtering, kept 1878 out of a possible 74016 Sites
Run Time = 10.00 seconds
Reading in VCF file...done.
Now printing output...done.

VCFtools - 0.1.15
(C) Adam Auton and Anthony Marcketta 2009

Parameters as interpreted:
	--vcf test_24_combined.vcf
	--chr 1
	--to-bp 11593258
	--out MiniVCF24.vcf
	--recode
	--from-bp 11093258

After filtering, kept 2000 out of 2000 Individuals
Outputting VCF file...
After filtering, kept 1906 out of a possible 74016 Sites
Run Time = 17.00 seconds
Reading in VCF file...done.
Now printing output...done.

VCFtools - 0.1.15
(C) Adam Auton and Anthony Marcketta 2009

Parameters as interpreted:
	--vcf test_24_combined.vcf
	--chr 1
	--to-bp 16150976
	--out MiniVCF24.vcf
	--recode
	--from-bp 15650976

After filtering, kept 2000 out of 2000 Individuals
Outputting VCF file...
After filtering, kept 1869 out of a possible 74016 Sites
Run Time = 10.00 seconds
Reading in VCF file...done.
Now printing output...done.

VCFtools - 0.1.15
(C) Adam Auton and Anthony Marcketta 2009

Parameters as interpreted:
	--vcf test_24_combined.vcf
	--chr 1
	--to-bp 18434705
	--out MiniVCF24.vcf
	--recode
	--from-bp 17934705

After filtering, kept 2000 out of 2000 Individuals
Outputting VCF file...
After filtering, kept 1907 out of a possible 74016 Sites
Run Time = 4.00 seconds
Reading in VCF file...done.
Now printing output...done.
rm: cannot remove ‘Salele24.vcf.log’: No such file or directory
rm: cannot remove ‘SaleleWholeSequence24.vcf.log’: No such file or directory
