
real	7m10.260s
user	7m6.775s
sys	0m2.858s

VCFtools - 0.1.15
(C) Adam Auton and Anthony Marcketta 2009

Parameters as interpreted:
	--vcf test_4_ns.vcf
	--freq
	--out Salele4.vcf

After filtering, kept 2000 out of 2000 Individuals
Outputting Frequency Statistics...
After filtering, kept 1362 out of a possible 1362 Sites
Run Time = 1.00 seconds
Traceback (most recent call last):
  File "tree_2_vcf_noploidyConstantPopSize.py", line 192, in <module>
    main(args)
  File "tree_2_vcf_noploidyConstantPopSize.py", line 153, in main
    args.mu, start, end)
  File "tree_2_vcf_noploidyConstantPopSize.py", line 100, in noncoding_vcf
    ts.write_vcf(vcf_file)
  File "/home/diegoortega/.local/lib/python3.7/site-packages/tskit/trees.py", line 3253, in write_vcf
    writer.write(output)
  File "/home/diegoortega/.local/lib/python3.7/site-packages/tskit/vcf.py", line 163, in write
    "Missing data is not currently supported. Please open an issue "
ValueError: Missing data is not currently supported. Please open an issue on GitHub if this limitation affects you.

real	7m47.394s
user	4m46.021s
sys	0m0.664s
rm: cannot remove ‘Salele4.vcf.log’: No such file or directory
rm: cannot remove ‘test_4_syn.vcf’: No such file or directory
rm: cannot remove ‘test_4_unsorted.vcf’: No such file or directory
slurmstepd-midway2-0401: error: *** JOB 1102750 ON midway2-0401 CANCELLED AT 2020-05-09T19:11:35 ***
