
real	6m31.187s
user	6m28.065s
sys	0m2.562s

VCFtools - 0.1.15
(C) Adam Auton and Anthony Marcketta 2009

Parameters as interpreted:
	--vcf test_73_ns.vcf
	--freq
	--out Salele73.vcf

After filtering, kept 2000 out of 2000 Individuals
Outputting Frequency Statistics...
After filtering, kept 1339 out of a possible 1339 Sites
Run Time = 1.00 seconds
Traceback (most recent call last):
  File "tree_2_vcf_noploidyConstantPopSize.py", line 192, in <module>
    main(args)
  File "tree_2_vcf_noploidyConstantPopSize.py", line 153, in main
    args.mu, start, end)
  File "tree_2_vcf_noploidyConstantPopSize.py", line 100, in noncoding_vcf
    ts.write_vcf(vcf_file)
  File "/home/diegoortega/.local/lib/python3.7/site-packages/tskit/trees.py", line 3253, in write_vcf
    writer.write(output)
  File "/home/diegoortega/.local/lib/python3.7/site-packages/tskit/vcf.py", line 163, in write
    "Missing data is not currently supported. Please open an issue "
ValueError: Missing data is not currently supported. Please open an issue on GitHub if this limitation affects you.

real	3m37.724s
user	3m36.527s
sys	0m0.366s

VCFtools - 0.1.15
(C) Adam Auton and Anthony Marcketta 2009

Parameters as interpreted:
	--vcf test_73_ns.vcf
	--freq
	--out Salele73.vcf

After filtering, kept 2000 out of 2000 Individuals
Outputting Frequency Statistics...
After filtering, kept 1339 out of a possible 1339 Sites
Run Time = 1.00 seconds

VCFtools - 0.1.15
(C) Adam Auton and Anthony Marcketta 2009

Parameters as interpreted:
	--vcf test_73_syn.vcf
	--freq
	--out SaleleSyn73.vcf

After filtering, kept 2000 out of 2000 Individuals
Outputting Frequency Statistics...
After filtering, kept 1003 out of a possible 1003 Sites
Run Time = 2.00 seconds

VCFtools - 0.1.15
(C) Adam Auton and Anthony Marcketta 2009

Parameters as interpreted:
	--vcf test_73_combined.vcf
	--freq
	--out SaleleWholeSequence73.vcf

After filtering, kept 2000 out of 2000 Individuals
Outputting Frequency Statistics...
After filtering, kept 93600 out of a possible 93600 Sites
Run Time = 63.00 seconds
/tmp/slurmd/job1103444/slurm_script: line 107: [: -gt: unary operator expected
/tmp/slurmd/job1103444/slurm_script: line 107: [: -gt: unary operator expected
/tmp/slurmd/job1103444/slurm_script: line 107: [: -gt: unary operator expected
rm: cannot remove ‘test_73_combinedMSFormat.txt’: No such file or directory
rm: cannot remove ‘Salele73.vcf.log’: No such file or directory
rm: cannot remove ‘SaleleWholeSequence73.vcf.log’: No such file or directory

real	6m18.160s
user	6m9.949s
sys	0m2.169s

VCFtools - 0.1.15
(C) Adam Auton and Anthony Marcketta 2009

Parameters as interpreted:
	--vcf test_74_ns.vcf
	--freq
	--out Salele74.vcf

After filtering, kept 2000 out of 2000 Individuals
Outputting Frequency Statistics...
After filtering, kept 1330 out of a possible 1330 Sites
Run Time = 1.00 seconds
Writing to /tmp/bcftools-sort.pyq7ae
Merging 1 temporary files
Cleaning
Done
Writing to /tmp/bcftools-sort.qA12us
Merging 1 temporary files
Cleaning
Done

real	10m17.876s
user	4m20.006s
sys	0m3.636s

VCFtools - 0.1.15
(C) Adam Auton and Anthony Marcketta 2009

Parameters as interpreted:
	--vcf test_74_ns.vcf
	--freq
	--out Salele74.vcf

After filtering, kept 2000 out of 2000 Individuals
Outputting Frequency Statistics...
After filtering, kept 1330 out of a possible 1330 Sites
Run Time = 5.00 seconds

VCFtools - 0.1.15
(C) Adam Auton and Anthony Marcketta 2009

Parameters as interpreted:
	--vcf test_74_syn.vcf
	--freq
	--out SaleleSyn74.vcf

After filtering, kept 2000 out of 2000 Individuals
Outputting Frequency Statistics...
After filtering, kept 490 out of a possible 490 Sites
Run Time = 0.00 seconds

VCFtools - 0.1.15
(C) Adam Auton and Anthony Marcketta 2009

Parameters as interpreted:
	--vcf test_74_combined.vcf
	--freq
	--out SaleleWholeSequence74.vcf

After filtering, kept 2000 out of 2000 Individuals
Outputting Frequency Statistics...
After filtering, kept 73170 out of a possible 73170 Sites
Run Time = 23.00 seconds
rm: cannot remove ‘test_74_combinedMSFormat.txt’: No such file or directory
rm: cannot remove ‘Salele74.vcf.log’: No such file or directory
rm: cannot remove ‘SaleleWholeSequence74.vcf.log’: No such file or directory

real	6m27.579s
user	6m12.903s
sys	0m2.227s

VCFtools - 0.1.15
(C) Adam Auton and Anthony Marcketta 2009

Parameters as interpreted:
	--vcf test_75_ns.vcf
	--freq
	--out Salele75.vcf

After filtering, kept 2000 out of 2000 Individuals
Outputting Frequency Statistics...
 Duplicate alternate alleles found at 1:4070725
After filtering, kept 1304 out of a possible 1304 Sites
Run Time = 0.00 seconds
Writing to /tmp/bcftools-sort.6qvUyc
Merging 1 temporary files
Cleaning
Done
Writing to /tmp/bcftools-sort.YCEgGB
Merging 1 temporary files
Cleaning
Done

real	14m11.560s
user	4m26.288s
sys	0m3.681s

VCFtools - 0.1.15
(C) Adam Auton and Anthony Marcketta 2009

Parameters as interpreted:
	--vcf test_75_ns.vcf
	--freq
	--out Salele75.vcf

After filtering, kept 2000 out of 2000 Individuals
Outputting Frequency Statistics...
 Duplicate alternate alleles found at 1:4070725
After filtering, kept 1304 out of a possible 1304 Sites
Run Time = 10.00 seconds

VCFtools - 0.1.15
(C) Adam Auton and Anthony Marcketta 2009

Parameters as interpreted:
	--vcf test_75_syn.vcf
	--freq
	--out SaleleSyn75.vcf

After filtering, kept 2000 out of 2000 Individuals
Outputting Frequency Statistics...
After filtering, kept 561 out of a possible 561 Sites
Run Time = 0.00 seconds

VCFtools - 0.1.15
(C) Adam Auton and Anthony Marcketta 2009

Parameters as interpreted:
	--vcf test_75_combined.vcf
	--freq
	--out SaleleWholeSequence75.vcf

After filtering, kept 2000 out of 2000 Individuals
Outputting Frequency Statistics...
 Duplicate alternate alleles found at 1:4070725
After filtering, kept 73817 out of a possible 73817 Sites
Run Time = 27.00 seconds

VCFtools - 0.1.15
(C) Adam Auton and Anthony Marcketta 2009

Parameters as interpreted:
	--vcf test_75_combined.vcf
	--chr 1
	--to-bp 3732641
	--out MiniVCF75.vcf
	--recode
	--from-bp 3232641

After filtering, kept 2000 out of 2000 Individuals
Outputting VCF file...
After filtering, kept 1839 out of a possible 73817 Sites
Run Time = 19.00 seconds
Reading in VCF file...done.
Now printing output...done.

VCFtools - 0.1.15
(C) Adam Auton and Anthony Marcketta 2009

Parameters as interpreted:
	--vcf test_75_combined.vcf
	--chr 1
	--to-bp 10926428
	--out MiniVCF75.vcf
	--recode
	--from-bp 10426428

After filtering, kept 2000 out of 2000 Individuals
Outputting VCF file...
After filtering, kept 1865 out of a possible 73817 Sites
Run Time = 20.00 seconds
Reading in VCF file...done.
Now printing output...done.

VCFtools - 0.1.15
(C) Adam Auton and Anthony Marcketta 2009

Parameters as interpreted:
	--vcf test_75_combined.vcf
	--chr 1
	--to-bp 17741585
	--out MiniVCF75.vcf
	--recode
	--from-bp 17241585

After filtering, kept 2000 out of 2000 Individuals
Outputting VCF file...
After filtering, kept 1980 out of a possible 73817 Sites
Run Time = 13.00 seconds
Reading in VCF file...done.
Now printing output...done.
rm: cannot remove ‘Salele75.vcf.log’: No such file or directory
rm: cannot remove ‘SaleleWholeSequence75.vcf.log’: No such file or directory
