
real	6m36.543s
user	6m32.945s
sys	0m3.010s

VCFtools - 0.1.15
(C) Adam Auton and Anthony Marcketta 2009

Parameters as interpreted:
	--vcf test_37_ns.vcf
	--freq
	--out Salele37.vcf

After filtering, kept 2000 out of 2000 Individuals
Outputting Frequency Statistics...
After filtering, kept 1280 out of a possible 1280 Sites
Run Time = 1.00 seconds
Writing to /tmp/bcftools-sort.Ci68zH
Merging 1 temporary files
Cleaning
Done
Writing to /tmp/bcftools-sort.iHHIGP
Merging 1 temporary files
Cleaning
Done

real	9m39.963s
user	4m26.105s
sys	0m6.509s

VCFtools - 0.1.15
(C) Adam Auton and Anthony Marcketta 2009

Parameters as interpreted:
	--vcf test_37_ns.vcf
	--freq
	--out Salele37.vcf

After filtering, kept 2000 out of 2000 Individuals
Outputting Frequency Statistics...
After filtering, kept 1280 out of a possible 1280 Sites
Run Time = 6.00 seconds

VCFtools - 0.1.15
(C) Adam Auton and Anthony Marcketta 2009

Parameters as interpreted:
	--vcf test_37_syn.vcf
	--freq
	--out SaleleSyn37.vcf

After filtering, kept 2000 out of 2000 Individuals
Outputting Frequency Statistics...
After filtering, kept 532 out of a possible 532 Sites
Run Time = 14.00 seconds

VCFtools - 0.1.15
(C) Adam Auton and Anthony Marcketta 2009

Parameters as interpreted:
	--vcf test_37_combined.vcf
	--freq
	--out SaleleWholeSequence37.vcf

After filtering, kept 2000 out of 2000 Individuals
Outputting Frequency Statistics...
After filtering, kept 73171 out of a possible 73171 Sites
Run Time = 50.00 seconds

VCFtools - 0.1.15
(C) Adam Auton and Anthony Marcketta 2009

Parameters as interpreted:
	--vcf test_37_combined.vcf
	--chr 1
	--to-bp 11951505
	--out MiniVCF37.vcf
	--recode
	--from-bp 11451505

After filtering, kept 2000 out of 2000 Individuals
Outputting VCF file...
After filtering, kept 1859 out of a possible 73171 Sites
Run Time = 35.00 seconds
Reading in VCF file...done.
Now printing output...done.

VCFtools - 0.1.15
(C) Adam Auton and Anthony Marcketta 2009

Parameters as interpreted:
	--vcf test_37_combined.vcf
	--chr 1
	--to-bp 13729724
	--out MiniVCF37.vcf
	--recode
	--from-bp 13229724

After filtering, kept 2000 out of 2000 Individuals
Outputting VCF file...
After filtering, kept 1802 out of a possible 73171 Sites
Run Time = 38.00 seconds
Reading in VCF file...done.
Now printing output...done.

VCFtools - 0.1.15
(C) Adam Auton and Anthony Marcketta 2009

Parameters as interpreted:
	--vcf test_37_combined.vcf
	--chr 1
	--to-bp 15604179
	--out MiniVCF37.vcf
	--recode
	--from-bp 15104179

After filtering, kept 2000 out of 2000 Individuals
Outputting VCF file...
After filtering, kept 1796 out of a possible 73171 Sites
Run Time = 24.00 seconds
Reading in VCF file...done.
Now printing output...done.
rm: cannot remove ‘Salele37.vcf.log’: No such file or directory
rm: cannot remove ‘SaleleWholeSequence37.vcf.log’: No such file or directory

real	6m39.422s
user	6m35.208s
sys	0m3.602s

VCFtools - 0.1.15
(C) Adam Auton and Anthony Marcketta 2009

Parameters as interpreted:
	--vcf test_38_ns.vcf
	--freq
	--out Salele38.vcf

After filtering, kept 2000 out of 2000 Individuals
Outputting Frequency Statistics...
After filtering, kept 1317 out of a possible 1317 Sites
Run Time = 2.00 seconds
Writing to /tmp/bcftools-sort.eXJzNy
Merging 1 temporary files
Cleaning
Done
Writing to /tmp/bcftools-sort.mXTpmI
Merging 1 temporary files
Cleaning
Done

real	8m35.997s
user	4m28.033s
sys	0m7.983s

VCFtools - 0.1.15
(C) Adam Auton and Anthony Marcketta 2009

Parameters as interpreted:
	--vcf test_38_ns.vcf
	--freq
	--out Salele38.vcf

After filtering, kept 2000 out of 2000 Individuals
Outputting Frequency Statistics...
After filtering, kept 1317 out of a possible 1317 Sites
Run Time = 14.00 seconds

VCFtools - 0.1.15
(C) Adam Auton and Anthony Marcketta 2009

Parameters as interpreted:
	--vcf test_38_syn.vcf
	--freq
	--out SaleleSyn38.vcf

After filtering, kept 2000 out of 2000 Individuals
Outputting Frequency Statistics...
After filtering, kept 517 out of a possible 517 Sites
Run Time = 0.00 seconds

VCFtools - 0.1.15
(C) Adam Auton and Anthony Marcketta 2009

Parameters as interpreted:
	--vcf test_38_combined.vcf
	--freq
	--out SaleleWholeSequence38.vcf

After filtering, kept 2000 out of 2000 Individuals
Outputting Frequency Statistics...
After filtering, kept 73748 out of a possible 73748 Sites
Run Time = 47.00 seconds

VCFtools - 0.1.15
(C) Adam Auton and Anthony Marcketta 2009

Parameters as interpreted:
	--vcf test_38_combined.vcf
	--chr 1
	--to-bp 8340332
	--out MiniVCF38.vcf
	--recode
	--from-bp 7840332

After filtering, kept 2000 out of 2000 Individuals
Outputting VCF file...
After filtering, kept 1975 out of a possible 73748 Sites
Run Time = 37.00 seconds
Reading in VCF file...done.
Now printing output...done.

VCFtools - 0.1.15
(C) Adam Auton and Anthony Marcketta 2009

Parameters as interpreted:
	--vcf test_38_combined.vcf
	--chr 1
	--to-bp 11681378
	--out MiniVCF38.vcf
	--recode
	--from-bp 11181378

After filtering, kept 2000 out of 2000 Individuals
Outputting VCF file...
After filtering, kept 1891 out of a possible 73748 Sites
Run Time = 27.00 seconds
Reading in VCF file...done.
Now printing output...done.
rm: cannot remove ‘Salele38.vcf.log’: No such file or directory
rm: cannot remove ‘SaleleWholeSequence38.vcf.log’: No such file or directory

real	6m21.597s
user	6m12.949s
sys	0m6.247s

VCFtools - 0.1.15
(C) Adam Auton and Anthony Marcketta 2009

Parameters as interpreted:
	--vcf test_39_ns.vcf
	--freq
	--out Salele39.vcf

After filtering, kept 2000 out of 2000 Individuals
Outputting Frequency Statistics...
 Duplicate alternate alleles found at 1:67464
 Duplicate alternate alleles found at 1:8293382
After filtering, kept 1339 out of a possible 1339 Sites
Run Time = 0.00 seconds
Writing to /tmp/bcftools-sort.x8JBnU
Merging 1 temporary files
Cleaning
Done
Writing to /tmp/bcftools-sort.h8UAZj
Merging 1 temporary files
Cleaning
Done

real	5m37.680s
user	4m26.350s
sys	0m9.864s

VCFtools - 0.1.15
(C) Adam Auton and Anthony Marcketta 2009

Parameters as interpreted:
	--vcf test_39_ns.vcf
	--freq
	--out Salele39.vcf

After filtering, kept 2000 out of 2000 Individuals
Outputting Frequency Statistics...
 Duplicate alternate alleles found at 1:67464
 Duplicate alternate alleles found at 1:8293382
After filtering, kept 1339 out of a possible 1339 Sites
Run Time = 1.00 seconds

VCFtools - 0.1.15
(C) Adam Auton and Anthony Marcketta 2009

Parameters as interpreted:
	--vcf test_39_syn.vcf
	--freq
	--out SaleleSyn39.vcf

After filtering, kept 2000 out of 2000 Individuals
Outputting Frequency Statistics...
After filtering, kept 510 out of a possible 510 Sites
Run Time = 13.00 seconds

VCFtools - 0.1.15
(C) Adam Auton and Anthony Marcketta 2009

Parameters as interpreted:
	--vcf test_39_combined.vcf
	--freq
	--out SaleleWholeSequence39.vcf

After filtering, kept 2000 out of 2000 Individuals
Outputting Frequency Statistics...
 Duplicate alternate alleles found at 1:67464
 Duplicate alternate alleles found at 1:8293382
After filtering, kept 73236 out of a possible 73236 Sites
Run Time = 39.00 seconds

VCFtools - 0.1.15
(C) Adam Auton and Anthony Marcketta 2009

Parameters as interpreted:
	--vcf test_39_combined.vcf
	--chr 1
	--to-bp 9966634
	--out MiniVCF39.vcf
	--recode
	--from-bp 9466634

After filtering, kept 2000 out of 2000 Individuals
Outputting VCF file...
After filtering, kept 1801 out of a possible 73236 Sites
Run Time = 12.00 seconds
Reading in VCF file...done.
Now printing output...done.

VCFtools - 0.1.15
(C) Adam Auton and Anthony Marcketta 2009

Parameters as interpreted:
	--vcf test_39_combined.vcf
	--chr 1
	--to-bp 16152001
	--out MiniVCF39.vcf
	--recode
	--from-bp 15652001

After filtering, kept 2000 out of 2000 Individuals
Outputting VCF file...
After filtering, kept 1776 out of a possible 73236 Sites
Run Time = 13.00 seconds
Reading in VCF file...done.
Now printing output...done.

VCFtools - 0.1.15
(C) Adam Auton and Anthony Marcketta 2009

Parameters as interpreted:
	--vcf test_39_combined.vcf
	--chr 1
	--to-bp 16304886
	--out MiniVCF39.vcf
	--recode
	--from-bp 15804886

After filtering, kept 2000 out of 2000 Individuals
Outputting VCF file...
After filtering, kept 1789 out of a possible 73236 Sites
Run Time = 4.00 seconds
Reading in VCF file...done.
Now printing output...done.

VCFtools - 0.1.15
(C) Adam Auton and Anthony Marcketta 2009

Parameters as interpreted:
	--vcf test_39_combined.vcf
	--chr 1
	--to-bp 16936797
	--out MiniVCF39.vcf
	--recode
	--from-bp 16436797

After filtering, kept 2000 out of 2000 Individuals
Outputting VCF file...
After filtering, kept 1766 out of a possible 73236 Sites
Run Time = 4.00 seconds
Reading in VCF file...done.
Now printing output...done.

VCFtools - 0.1.15
(C) Adam Auton and Anthony Marcketta 2009

Parameters as interpreted:
	--vcf test_39_combined.vcf
	--chr 1
	--to-bp 7674391
	--out MiniVCF39.vcf
	--recode
	--from-bp 7174391

After filtering, kept 2000 out of 2000 Individuals
Outputting VCF file...
After filtering, kept 1825 out of a possible 73236 Sites
Run Time = 4.00 seconds
Reading in VCF file...done.
Now printing output...done.

VCFtools - 0.1.15
(C) Adam Auton and Anthony Marcketta 2009

Parameters as interpreted:
	--vcf test_39_combined.vcf
	--chr 1
	--to-bp 10992263
	--out MiniVCF39.vcf
	--recode
	--from-bp 10492263

After filtering, kept 2000 out of 2000 Individuals
Outputting VCF file...
After filtering, kept 1820 out of a possible 73236 Sites
Run Time = 3.00 seconds
Reading in VCF file...done.
Now printing output...done.
rm: cannot remove ‘Salele39.vcf.log’: No such file or directory
rm: cannot remove ‘SaleleWholeSequence39.vcf.log’: No such file or directory
