
real	6m59.775s
user	6m56.390s
sys	0m2.836s

VCFtools - 0.1.15
(C) Adam Auton and Anthony Marcketta 2009

Parameters as interpreted:
	--vcf test_94_ns.vcf
	--freq
	--out Salele94.vcf

After filtering, kept 2000 out of 2000 Individuals
Outputting Frequency Statistics...
After filtering, kept 1413 out of a possible 1413 Sites
Run Time = 0.00 seconds
Writing to /tmp/bcftools-sort.LydGNd
Merging 1 temporary files
Cleaning
Done
Writing to /tmp/bcftools-sort.O1RyKx
Merging 1 temporary files
Cleaning
Done

real	9m39.913s
user	4m27.929s
sys	0m4.031s

VCFtools - 0.1.15
(C) Adam Auton and Anthony Marcketta 2009

Parameters as interpreted:
	--vcf test_94_ns.vcf
	--freq
	--out Salele94.vcf

After filtering, kept 2000 out of 2000 Individuals
Outputting Frequency Statistics...
After filtering, kept 1413 out of a possible 1413 Sites
Run Time = 3.00 seconds

VCFtools - 0.1.15
(C) Adam Auton and Anthony Marcketta 2009

Parameters as interpreted:
	--vcf test_94_syn.vcf
	--freq
	--out SaleleSyn94.vcf

After filtering, kept 2000 out of 2000 Individuals
Outputting Frequency Statistics...
After filtering, kept 564 out of a possible 564 Sites
Run Time = 10.00 seconds

VCFtools - 0.1.15
(C) Adam Auton and Anthony Marcketta 2009

Parameters as interpreted:
	--vcf test_94_combined.vcf
	--freq
	--out SaleleWholeSequence94.vcf

After filtering, kept 2000 out of 2000 Individuals
Outputting Frequency Statistics...
After filtering, kept 73983 out of a possible 73983 Sites
Run Time = 72.00 seconds

VCFtools - 0.1.15
(C) Adam Auton and Anthony Marcketta 2009

Parameters as interpreted:
	--vcf test_94_combined.vcf
	--chr 1
	--to-bp 611441
	--out MiniVCF94.vcf
	--recode
	--from-bp 111441

After filtering, kept 2000 out of 2000 Individuals
Outputting VCF file...
After filtering, kept 1861 out of a possible 73983 Sites
Run Time = 12.00 seconds
Reading in VCF file...done.
Now printing output...done.

VCFtools - 0.1.15
(C) Adam Auton and Anthony Marcketta 2009

Parameters as interpreted:
	--vcf test_94_combined.vcf
	--chr 1
	--to-bp 11134254
	--out MiniVCF94.vcf
	--recode
	--from-bp 10634254

After filtering, kept 2000 out of 2000 Individuals
Outputting VCF file...
After filtering, kept 1781 out of a possible 73983 Sites
Run Time = 35.00 seconds
Reading in VCF file...done.
Now printing output...done.

VCFtools - 0.1.15
(C) Adam Auton and Anthony Marcketta 2009

Parameters as interpreted:
	--vcf test_94_combined.vcf
	--chr 1
	--to-bp 11874938
	--out MiniVCF94.vcf
	--recode
	--from-bp 11374938

After filtering, kept 2000 out of 2000 Individuals
Outputting VCF file...
After filtering, kept 1707 out of a possible 73983 Sites
Run Time = 22.00 seconds
Reading in VCF file...done.
Now printing output...done.

VCFtools - 0.1.15
(C) Adam Auton and Anthony Marcketta 2009

Parameters as interpreted:
	--vcf test_94_combined.vcf
	--chr 1
	--to-bp 11431262
	--out MiniVCF94.vcf
	--recode
	--from-bp 10931262

After filtering, kept 2000 out of 2000 Individuals
Outputting VCF file...
After filtering, kept 1828 out of a possible 73983 Sites
Run Time = 15.00 seconds
Reading in VCF file...done.
Now printing output...done.
rm: cannot remove ‘Salele94.vcf.log’: No such file or directory
rm: cannot remove ‘SaleleWholeSequence94.vcf.log’: No such file or directory

real	6m45.983s
user	6m41.778s
sys	0m3.155s

VCFtools - 0.1.15
(C) Adam Auton and Anthony Marcketta 2009

Parameters as interpreted:
	--vcf test_95_ns.vcf
	--freq
	--out Salele95.vcf

After filtering, kept 2000 out of 2000 Individuals
Outputting Frequency Statistics...
 Duplicate alternate alleles found at 1:7772286
 Duplicate alternate alleles found at 1:8302137
After filtering, kept 1299 out of a possible 1299 Sites
Run Time = 18.00 seconds
Writing to /tmp/bcftools-sort.7ZG1ZI
Merging 1 temporary files
Cleaning
Done
Writing to /tmp/bcftools-sort.VEvIJz
Merging 1 temporary files
Cleaning
Done

real	10m52.736s
user	4m36.090s
sys	0m3.715s

VCFtools - 0.1.15
(C) Adam Auton and Anthony Marcketta 2009

Parameters as interpreted:
	--vcf test_95_ns.vcf
	--freq
	--out Salele95.vcf

After filtering, kept 2000 out of 2000 Individuals
Outputting Frequency Statistics...
 Duplicate alternate alleles found at 1:7772286
 Duplicate alternate alleles found at 1:8302137
After filtering, kept 1299 out of a possible 1299 Sites
Run Time = 1.00 seconds

VCFtools - 0.1.15
(C) Adam Auton and Anthony Marcketta 2009

Parameters as interpreted:
	--vcf test_95_syn.vcf
	--freq
	--out SaleleSyn95.vcf

After filtering, kept 2000 out of 2000 Individuals
Outputting Frequency Statistics...
After filtering, kept 530 out of a possible 530 Sites
Run Time = 9.00 seconds

VCFtools - 0.1.15
(C) Adam Auton and Anthony Marcketta 2009

Parameters as interpreted:
	--vcf test_95_combined.vcf
	--freq
	--out SaleleWholeSequence95.vcf

After filtering, kept 2000 out of 2000 Individuals
Outputting Frequency Statistics...
 Duplicate alternate alleles found at 1:7772286
 Duplicate alternate alleles found at 1:8302137
After filtering, kept 73396 out of a possible 73396 Sites
Run Time = 41.00 seconds

VCFtools - 0.1.15
(C) Adam Auton and Anthony Marcketta 2009

Parameters as interpreted:
	--vcf test_95_combined.vcf
	--chr 1
	--to-bp 630510
	--out MiniVCF95.vcf
	--recode
	--from-bp 130510

After filtering, kept 2000 out of 2000 Individuals
Outputting VCF file...
After filtering, kept 1838 out of a possible 73396 Sites
Run Time = 19.00 seconds
Reading in VCF file...done.
Now printing output...done.

VCFtools - 0.1.15
(C) Adam Auton and Anthony Marcketta 2009

Parameters as interpreted:
	--vcf test_95_combined.vcf
	--chr 1
	--to-bp 6301860
	--out MiniVCF95.vcf
	--recode
	--from-bp 5801860

After filtering, kept 2000 out of 2000 Individuals
Outputting VCF file...
After filtering, kept 1795 out of a possible 73396 Sites
Run Time = 13.00 seconds
Reading in VCF file...done.
Now printing output...done.

VCFtools - 0.1.15
(C) Adam Auton and Anthony Marcketta 2009

Parameters as interpreted:
	--vcf test_95_combined.vcf
	--chr 1
	--to-bp 17684060
	--out MiniVCF95.vcf
	--recode
	--from-bp 17184060

After filtering, kept 2000 out of 2000 Individuals
Outputting VCF file...
After filtering, kept 1757 out of a possible 73396 Sites
Run Time = 13.00 seconds
Reading in VCF file...done.
Now printing output...done.

VCFtools - 0.1.15
(C) Adam Auton and Anthony Marcketta 2009

Parameters as interpreted:
	--vcf test_95_combined.vcf
	--chr 1
	--to-bp 17082649
	--out MiniVCF95.vcf
	--recode
	--from-bp 16582649

After filtering, kept 2000 out of 2000 Individuals
Outputting VCF file...
After filtering, kept 1715 out of a possible 73396 Sites
Run Time = 6.00 seconds
Reading in VCF file...done.
Now printing output...done.
rm: cannot remove ‘Salele95.vcf.log’: No such file or directory
rm: cannot remove ‘SaleleWholeSequence95.vcf.log’: No such file or directory

real	6m45.250s
user	6m39.711s
sys	0m2.246s

VCFtools - 0.1.15
(C) Adam Auton and Anthony Marcketta 2009

Parameters as interpreted:
	--vcf test_96_ns.vcf
	--freq
	--out Salele96.vcf

After filtering, kept 2000 out of 2000 Individuals
Outputting Frequency Statistics...
 Duplicate alternate alleles found at 1:8452270
After filtering, kept 1382 out of a possible 1382 Sites
Run Time = 3.00 seconds
Writing to /tmp/bcftools-sort.fuE2NT
Merging 1 temporary files
Cleaning
Done
Writing to /tmp/bcftools-sort.z1LLqJ
[E::hts_open_format] Failed to open file /tmp/bcftools-sort.z1LLqJ/00001.bcf
Cannot write /tmp/bcftools-sort.z1LLqJ/00001.bcf: No such file or directory

real	7m30.666s
user	4m18.616s
sys	0m3.640s
rm: cannot remove ‘Salele96.vcf.log’: No such file or directory
