
real	6m15.108s
user	6m11.807s
sys	0m2.917s

VCFtools - 0.1.15
(C) Adam Auton and Anthony Marcketta 2009

Parameters as interpreted:
	--vcf test_25_ns.vcf
	--freq
	--out Salele25.vcf

After filtering, kept 2000 out of 2000 Individuals
Outputting Frequency Statistics...
 Duplicate alternate alleles found at 1:2815692
 Duplicate alternate alleles found at 1:10140581
 Duplicate alternate alleles found at 1:16681731
After filtering, kept 1386 out of a possible 1386 Sites
Run Time = 1.00 seconds
Writing to /tmp/bcftools-sort.QVMloQ
Merging 1 temporary files
Cleaning
Done
Writing to /tmp/bcftools-sort.c3a2eH
Merging 1 temporary files
Cleaning
Done

real	8m47.031s
user	4m28.851s
sys	0m4.718s

VCFtools - 0.1.15
(C) Adam Auton and Anthony Marcketta 2009

Parameters as interpreted:
	--vcf test_25_ns.vcf
	--freq
	--out Salele25.vcf

After filtering, kept 2000 out of 2000 Individuals
Outputting Frequency Statistics...
 Duplicate alternate alleles found at 1:2815692
 Duplicate alternate alleles found at 1:10140581
 Duplicate alternate alleles found at 1:16681731
After filtering, kept 1386 out of a possible 1386 Sites
Run Time = 5.00 seconds

VCFtools - 0.1.15
(C) Adam Auton and Anthony Marcketta 2009

Parameters as interpreted:
	--vcf test_25_syn.vcf
	--freq
	--out SaleleSyn25.vcf

After filtering, kept 2000 out of 2000 Individuals
Outputting Frequency Statistics...
After filtering, kept 568 out of a possible 568 Sites
Run Time = 12.00 seconds

VCFtools - 0.1.15
(C) Adam Auton and Anthony Marcketta 2009

Parameters as interpreted:
	--vcf test_25_combined.vcf
	--freq
	--out SaleleWholeSequence25.vcf

After filtering, kept 2000 out of 2000 Individuals
Outputting Frequency Statistics...
 Duplicate alternate alleles found at 1:2815692
 Duplicate alternate alleles found at 1:10140581
 Duplicate alternate alleles found at 1:16681731
After filtering, kept 73705 out of a possible 73705 Sites
Run Time = 51.00 seconds

VCFtools - 0.1.15
(C) Adam Auton and Anthony Marcketta 2009

Parameters as interpreted:
	--vcf test_25_combined.vcf
	--chr 1
	--to-bp 524002
	--out MiniVCF25.vcf
	--recode
	--from-bp 24002

After filtering, kept 2000 out of 2000 Individuals
Outputting VCF file...
After filtering, kept 1720 out of a possible 73705 Sites
Run Time = 92.00 seconds
Reading in VCF file...done.
Now printing output...done.

VCFtools - 0.1.15
(C) Adam Auton and Anthony Marcketta 2009

Parameters as interpreted:
	--vcf test_25_combined.vcf
	--chr 1
	--to-bp 3778777
	--out MiniVCF25.vcf
	--recode
	--from-bp 3278777

After filtering, kept 2000 out of 2000 Individuals
Outputting VCF file...
After filtering, kept 1970 out of a possible 73705 Sites
Run Time = 18.00 seconds
Reading in VCF file...done.
Now printing output...done.

VCFtools - 0.1.15
(C) Adam Auton and Anthony Marcketta 2009

Parameters as interpreted:
	--vcf test_25_combined.vcf
	--chr 1
	--to-bp 17054707
	--out MiniVCF25.vcf
	--recode
	--from-bp 16554707

After filtering, kept 2000 out of 2000 Individuals
Outputting VCF file...
 Duplicate alternate alleles found at 1:16681731
After filtering, kept 1850 out of a possible 73705 Sites
Run Time = 9.00 seconds
Reading in VCF file...done.
Now printing output...done.

VCFtools - 0.1.15
(C) Adam Auton and Anthony Marcketta 2009

Parameters as interpreted:
	--vcf test_25_combined.vcf
	--chr 1
	--to-bp 6476781
	--out MiniVCF25.vcf
	--recode
	--from-bp 5976781

After filtering, kept 2000 out of 2000 Individuals
Outputting VCF file...
After filtering, kept 1825 out of a possible 73705 Sites
Run Time = 6.00 seconds
Reading in VCF file...done.
Now printing output...done.

VCFtools - 0.1.15
(C) Adam Auton and Anthony Marcketta 2009

Parameters as interpreted:
	--vcf test_25_combined.vcf
	--chr 1
	--to-bp 13393331
	--out MiniVCF25.vcf
	--recode
	--from-bp 12893331

After filtering, kept 2000 out of 2000 Individuals
Outputting VCF file...
After filtering, kept 1792 out of a possible 73705 Sites
Run Time = 4.00 seconds
Reading in VCF file...done.
Now printing output...done.
rm: cannot remove ‘Salele25.vcf.log’: No such file or directory
rm: cannot remove ‘SaleleWholeSequence25.vcf.log’: No such file or directory

real	6m45.129s
user	6m40.620s
sys	0m3.936s

VCFtools - 0.1.15
(C) Adam Auton and Anthony Marcketta 2009

Parameters as interpreted:
	--vcf test_26_ns.vcf
	--freq
	--out Salele26.vcf

After filtering, kept 2000 out of 2000 Individuals
Outputting Frequency Statistics...
After filtering, kept 1360 out of a possible 1360 Sites
Run Time = 13.00 seconds
Writing to /tmp/bcftools-sort.pjukTm
Merging 1 temporary files
Cleaning
Done
Writing to /tmp/bcftools-sort.IOCtMC
Merging 1 temporary files
Cleaning
Done

real	9m56.335s
user	4m32.006s
sys	0m5.632s

VCFtools - 0.1.15
(C) Adam Auton and Anthony Marcketta 2009

Parameters as interpreted:
	--vcf test_26_ns.vcf
	--freq
	--out Salele26.vcf

After filtering, kept 2000 out of 2000 Individuals
Outputting Frequency Statistics...
After filtering, kept 1360 out of a possible 1360 Sites
Run Time = 22.00 seconds

VCFtools - 0.1.15
(C) Adam Auton and Anthony Marcketta 2009

Parameters as interpreted:
	--vcf test_26_syn.vcf
	--freq
	--out SaleleSyn26.vcf

After filtering, kept 2000 out of 2000 Individuals
Outputting Frequency Statistics...
After filtering, kept 537 out of a possible 537 Sites
Run Time = 17.00 seconds

VCFtools - 0.1.15
(C) Adam Auton and Anthony Marcketta 2009

Parameters as interpreted:
	--vcf test_26_combined.vcf
	--freq
	--out SaleleWholeSequence26.vcf

After filtering, kept 2000 out of 2000 Individuals
Outputting Frequency Statistics...
After filtering, kept 73281 out of a possible 73281 Sites
Run Time = 25.00 seconds
rm: cannot remove ‘test_26_combinedMSFormat.txt’: No such file or directory
rm: cannot remove ‘Salele26.vcf.log’: No such file or directory
rm: cannot remove ‘SaleleWholeSequence26.vcf.log’: No such file or directory

real	6m38.311s
user	6m33.127s
sys	0m4.197s

VCFtools - 0.1.15
(C) Adam Auton and Anthony Marcketta 2009

Parameters as interpreted:
	--vcf test_27_ns.vcf
	--freq
	--out Salele27.vcf

After filtering, kept 2000 out of 2000 Individuals
Outputting Frequency Statistics...
 Duplicate alternate alleles found at 1:6991867
After filtering, kept 1307 out of a possible 1307 Sites
Run Time = 0.00 seconds
Writing to /tmp/bcftools-sort.0ve6yz
Merging 1 temporary files
Cleaning
Done
Writing to /tmp/bcftools-sort.B7WfOW
Merging 1 temporary files
Cleaning
Done

real	5m20.533s
user	4m28.014s
sys	0m5.645s

VCFtools - 0.1.15
(C) Adam Auton and Anthony Marcketta 2009

Parameters as interpreted:
	--vcf test_27_ns.vcf
	--freq
	--out Salele27.vcf

After filtering, kept 2000 out of 2000 Individuals
Outputting Frequency Statistics...
 Duplicate alternate alleles found at 1:6991867
After filtering, kept 1307 out of a possible 1307 Sites
Run Time = 1.00 seconds

VCFtools - 0.1.15
(C) Adam Auton and Anthony Marcketta 2009

Parameters as interpreted:
	--vcf test_27_syn.vcf
	--freq
	--out SaleleSyn27.vcf

After filtering, kept 2000 out of 2000 Individuals
Outputting Frequency Statistics...
After filtering, kept 521 out of a possible 521 Sites
Run Time = 0.00 seconds

VCFtools - 0.1.15
(C) Adam Auton and Anthony Marcketta 2009

Parameters as interpreted:
	--vcf test_27_combined.vcf
	--freq
	--out SaleleWholeSequence27.vcf

After filtering, kept 2000 out of 2000 Individuals
Outputting Frequency Statistics...
 Duplicate alternate alleles found at 1:6991867
After filtering, kept 73555 out of a possible 73555 Sites
Run Time = 37.00 seconds

VCFtools - 0.1.15
(C) Adam Auton and Anthony Marcketta 2009

Parameters as interpreted:
	--vcf test_27_combined.vcf
	--chr 1
	--to-bp 3420879
	--out MiniVCF27.vcf
	--recode
	--from-bp 2920879

After filtering, kept 2000 out of 2000 Individuals
Outputting VCF file...
After filtering, kept 1825 out of a possible 73555 Sites
Run Time = 21.00 seconds
Reading in VCF file...done.
Now printing output...done.

VCFtools - 0.1.15
(C) Adam Auton and Anthony Marcketta 2009

Parameters as interpreted:
	--vcf test_27_combined.vcf
	--chr 1
	--to-bp 9510595
	--out MiniVCF27.vcf
	--recode
	--from-bp 9010595

After filtering, kept 2000 out of 2000 Individuals
Outputting VCF file...
After filtering, kept 1914 out of a possible 73555 Sites
Run Time = 8.00 seconds
Reading in VCF file...done.
Now printing output...done.
rm: cannot remove ‘Salele27.vcf.log’: No such file or directory
rm: cannot remove ‘SaleleWholeSequence27.vcf.log’: No such file or directory
