
real	6m31.436s
user	6m28.769s
sys	0m2.021s

VCFtools - 0.1.15
(C) Adam Auton and Anthony Marcketta 2009

Parameters as interpreted:
	--vcf test_112_ns.vcf
	--freq
	--out Salele112.vcf

After filtering, kept 2000 out of 2000 Individuals
Outputting Frequency Statistics...
 Duplicate alternate alleles found at 1:13074641
After filtering, kept 1316 out of a possible 1316 Sites
Run Time = 1.00 seconds
Writing to /tmp/bcftools-sort.L3Tqow
Merging 1 temporary files
Cleaning
Done
Writing to /tmp/bcftools-sort.OfEzwv
Merging 1 temporary files
Cleaning
Done

real	9m29.613s
user	4m30.570s
sys	0m4.164s

VCFtools - 0.1.15
(C) Adam Auton and Anthony Marcketta 2009

Parameters as interpreted:
	--vcf test_112_ns.vcf
	--freq
	--out Salele112.vcf

After filtering, kept 2000 out of 2000 Individuals
Outputting Frequency Statistics...
 Duplicate alternate alleles found at 1:13074641
After filtering, kept 1316 out of a possible 1316 Sites
Run Time = 4.00 seconds

VCFtools - 0.1.15
(C) Adam Auton and Anthony Marcketta 2009

Parameters as interpreted:
	--vcf test_112_syn.vcf
	--freq
	--out SaleleSyn112.vcf

After filtering, kept 2000 out of 2000 Individuals
Outputting Frequency Statistics...
After filtering, kept 509 out of a possible 509 Sites
Run Time = 3.00 seconds

VCFtools - 0.1.15
(C) Adam Auton and Anthony Marcketta 2009

Parameters as interpreted:
	--vcf test_112_combined.vcf
	--freq
	--out SaleleWholeSequence112.vcf

After filtering, kept 2000 out of 2000 Individuals
Outputting Frequency Statistics...
 Duplicate alternate alleles found at 1:13074641
After filtering, kept 73650 out of a possible 73650 Sites
Run Time = 53.00 seconds

VCFtools - 0.1.15
(C) Adam Auton and Anthony Marcketta 2009

Parameters as interpreted:
	--vcf test_112_combined.vcf
	--chr 1
	--to-bp 3937527
	--out MiniVCF112.vcf
	--recode
	--from-bp 3437527

After filtering, kept 2000 out of 2000 Individuals
Outputting VCF file...
After filtering, kept 1844 out of a possible 73650 Sites
Run Time = 54.00 seconds
Reading in VCF file...done.
Now printing output...done.

VCFtools - 0.1.15
(C) Adam Auton and Anthony Marcketta 2009

Parameters as interpreted:
	--vcf test_112_combined.vcf
	--chr 1
	--to-bp 8367165
	--out MiniVCF112.vcf
	--recode
	--from-bp 7867165

After filtering, kept 2000 out of 2000 Individuals
Outputting VCF file...
After filtering, kept 1773 out of a possible 73650 Sites
Run Time = 35.00 seconds
Reading in VCF file...done.
Now printing output...done.

VCFtools - 0.1.15
(C) Adam Auton and Anthony Marcketta 2009

Parameters as interpreted:
	--vcf test_112_combined.vcf
	--chr 1
	--to-bp 16534411
	--out MiniVCF112.vcf
	--recode
	--from-bp 16034411

After filtering, kept 2000 out of 2000 Individuals
Outputting VCF file...
After filtering, kept 1958 out of a possible 73650 Sites
Run Time = 33.00 seconds
Reading in VCF file...done.
Now printing output...done.

VCFtools - 0.1.15
(C) Adam Auton and Anthony Marcketta 2009

Parameters as interpreted:
	--vcf test_112_combined.vcf
	--chr 1
	--to-bp 3774366
	--out MiniVCF112.vcf
	--recode
	--from-bp 3274366

After filtering, kept 2000 out of 2000 Individuals
Outputting VCF file...
After filtering, kept 1808 out of a possible 73650 Sites
Run Time = 18.00 seconds
Reading in VCF file...done.
Now printing output...done.
rm: cannot remove ‘Salele112.vcf.log’: No such file or directory
rm: cannot remove ‘SaleleWholeSequence112.vcf.log’: No such file or directory

real	6m55.993s
user	6m52.065s
sys	0m3.293s

VCFtools - 0.1.15
(C) Adam Auton and Anthony Marcketta 2009

Parameters as interpreted:
	--vcf test_113_ns.vcf
	--freq
	--out Salele113.vcf

After filtering, kept 2000 out of 2000 Individuals
Outputting Frequency Statistics...
After filtering, kept 1364 out of a possible 1364 Sites
Run Time = 12.00 seconds
Writing to /tmp/bcftools-sort.PsfOYI
Merging 1 temporary files
Cleaning
Done
Writing to /tmp/bcftools-sort.RAv9PK
Merging 1 temporary files
Cleaning
Done

real	10m6.037s
user	4m29.527s
sys	0m3.800s

VCFtools - 0.1.15
(C) Adam Auton and Anthony Marcketta 2009

Parameters as interpreted:
	--vcf test_113_ns.vcf
	--freq
	--out Salele113.vcf

After filtering, kept 2000 out of 2000 Individuals
Outputting Frequency Statistics...
After filtering, kept 1364 out of a possible 1364 Sites
Run Time = 10.00 seconds

VCFtools - 0.1.15
(C) Adam Auton and Anthony Marcketta 2009

Parameters as interpreted:
	--vcf test_113_syn.vcf
	--freq
	--out SaleleSyn113.vcf

After filtering, kept 2000 out of 2000 Individuals
Outputting Frequency Statistics...
After filtering, kept 551 out of a possible 551 Sites
Run Time = 8.00 seconds

VCFtools - 0.1.15
(C) Adam Auton and Anthony Marcketta 2009

Parameters as interpreted:
	--vcf test_113_combined.vcf
	--freq
	--out SaleleWholeSequence113.vcf

After filtering, kept 2000 out of 2000 Individuals
Outputting Frequency Statistics...
After filtering, kept 73369 out of a possible 73369 Sites
Run Time = 37.00 seconds

VCFtools - 0.1.15
(C) Adam Auton and Anthony Marcketta 2009

Parameters as interpreted:
	--vcf test_113_combined.vcf
	--chr 1
	--to-bp 626417
	--out MiniVCF113.vcf
	--recode
	--from-bp 126417

After filtering, kept 2000 out of 2000 Individuals
Outputting VCF file...
After filtering, kept 1780 out of a possible 73369 Sites
Run Time = 22.00 seconds
Reading in VCF file...done.
Now printing output...done.

VCFtools - 0.1.15
(C) Adam Auton and Anthony Marcketta 2009

Parameters as interpreted:
	--vcf test_113_combined.vcf
	--chr 1
	--to-bp 11360190
	--out MiniVCF113.vcf
	--recode
	--from-bp 10860190

After filtering, kept 2000 out of 2000 Individuals
Outputting VCF file...
After filtering, kept 1851 out of a possible 73369 Sites
Run Time = 13.00 seconds
Reading in VCF file...done.
Now printing output...done.

VCFtools - 0.1.15
(C) Adam Auton and Anthony Marcketta 2009

Parameters as interpreted:
	--vcf test_113_combined.vcf
	--chr 1
	--to-bp 17392592
	--out MiniVCF113.vcf
	--recode
	--from-bp 16892592

After filtering, kept 2000 out of 2000 Individuals
Outputting VCF file...
After filtering, kept 1919 out of a possible 73369 Sites
Run Time = 18.00 seconds
Reading in VCF file...done.
Now printing output...done.

VCFtools - 0.1.15
(C) Adam Auton and Anthony Marcketta 2009

Parameters as interpreted:
	--vcf test_113_combined.vcf
	--chr 1
	--to-bp 19707142
	--out MiniVCF113.vcf
	--recode
	--from-bp 19207142

After filtering, kept 2000 out of 2000 Individuals
Outputting VCF file...
After filtering, kept 1897 out of a possible 73369 Sites
Run Time = 11.00 seconds
Reading in VCF file...done.
Now printing output...done.

VCFtools - 0.1.15
(C) Adam Auton and Anthony Marcketta 2009

Parameters as interpreted:
	--vcf test_113_combined.vcf
	--chr 1
	--to-bp 6445888
	--out MiniVCF113.vcf
	--recode
	--from-bp 5945888

After filtering, kept 2000 out of 2000 Individuals
Outputting VCF file...
After filtering, kept 1852 out of a possible 73369 Sites
Run Time = 4.00 seconds
Reading in VCF file...done.
Now printing output...done.

VCFtools - 0.1.15
(C) Adam Auton and Anthony Marcketta 2009

Parameters as interpreted:
	--vcf test_113_combined.vcf
	--chr 1
	--to-bp 16900291
	--out MiniVCF113.vcf
	--recode
	--from-bp 16400291

After filtering, kept 2000 out of 2000 Individuals
Outputting VCF file...
After filtering, kept 1818 out of a possible 73369 Sites
Run Time = 3.00 seconds
Reading in VCF file...done.
Now printing output...done.
rm: cannot remove ‘Salele113.vcf.log’: No such file or directory
rm: cannot remove ‘SaleleWholeSequence113.vcf.log’: No such file or directory

real	6m53.557s
user	6m49.725s
sys	0m2.237s

VCFtools - 0.1.15
(C) Adam Auton and Anthony Marcketta 2009

Parameters as interpreted:
	--vcf test_114_ns.vcf
	--freq
	--out Salele114.vcf

After filtering, kept 2000 out of 2000 Individuals
Outputting Frequency Statistics...
 Duplicate alternate alleles found at 1:3658063
 Duplicate alternate alleles found at 1:11879196
After filtering, kept 1363 out of a possible 1363 Sites
Run Time = 1.00 seconds
Writing to /tmp/bcftools-sort.YfnVKQ
Merging 1 temporary files
Cleaning
Done
Writing to /tmp/bcftools-sort.soPosH
[E::hts_open_format] Failed to open file /tmp/bcftools-sort.soPosH/00001.bcf
Cannot write /tmp/bcftools-sort.soPosH/00001.bcf: No such file or directory

real	7m0.649s
user	4m16.623s
sys	0m3.864s
rm: cannot remove ‘Salele114.vcf.log’: No such file or directory
