
real	6m30.058s
user	6m26.838s
sys	0m2.757s

VCFtools - 0.1.15
(C) Adam Auton and Anthony Marcketta 2009

Parameters as interpreted:
	--vcf test_91_ns.vcf
	--freq
	--out Salele91.vcf

After filtering, kept 2000 out of 2000 Individuals
Outputting Frequency Statistics...
 Duplicate alternate alleles found at 1:6220842
After filtering, kept 1298 out of a possible 1298 Sites
Run Time = 1.00 seconds
Writing to /tmp/bcftools-sort.h4kfMF
Merging 1 temporary files
Cleaning
Done
Writing to /tmp/bcftools-sort.p6e2Hw
slurmstepd-midway2-0402: error: *** JOB 1102779 ON midway2-0402 CANCELLED AT 2020-05-09T19:11:35 ***
