1
// Initial random seed:
2130967378063

// RunInitializeCallbacks():
initializeMutationRate(4.18731e-08);
initializeTreeSeq();
initializeMutationType(1, 0, "f", 0);
initializeMutationType(2, 0.5, "s", "return runif(1,0.00125, 0.0125);");
initializeGenomicElementType(1, m1, 1);
initializeRecombinationRate(5e-08);
NO!
2
// Initial random seed:
2131637378653

// RunInitializeCallbacks():
initializeMutationRate(4.18731e-08);
initializeTreeSeq();
initializeMutationType(1, 0, "f", 0);
initializeMutationType(2, 0.5, "s", "return runif(1,0.00125, 0.0125);");
initializeGenomicElementType(1, m1, 1);
initializeRecombinationRate(5e-08);
NO!
3
// Initial random seed:
2132317379250

// RunInitializeCallbacks():
initializeMutationRate(4.18731e-08);
initializeTreeSeq();
initializeMutationType(1, 0, "f", 0);
initializeMutationType(2, 0.5, "s", "return runif(1,0.00125, 0.0125);");
initializeGenomicElementType(1, m1, 1);
initializeRecombinationRate(5e-08);
NO!
TotalNumberOfAlleles is 0
