
real	6m26.664s
user	6m23.360s
sys	0m2.803s

VCFtools - 0.1.15
(C) Adam Auton and Anthony Marcketta 2009

Parameters as interpreted:
	--vcf test_7_ns.vcf
	--freq
	--out Salele7.vcf

After filtering, kept 2000 out of 2000 Individuals
Outputting Frequency Statistics...
After filtering, kept 1372 out of a possible 1372 Sites
Run Time = 1.00 seconds
Writing to /tmp/bcftools-sort.A86tEd
Merging 1 temporary files
Cleaning
Done
Writing to /tmp/bcftools-sort.mP05Zk
Merging 1 temporary files
Cleaning
Done

real	10m11.937s
user	4m21.523s
sys	0m3.906s

VCFtools - 0.1.15
(C) Adam Auton and Anthony Marcketta 2009

Parameters as interpreted:
	--vcf test_7_ns.vcf
	--freq
	--out Salele7.vcf

After filtering, kept 2000 out of 2000 Individuals
Outputting Frequency Statistics...
After filtering, kept 1372 out of a possible 1372 Sites
Run Time = 6.00 seconds

VCFtools - 0.1.15
(C) Adam Auton and Anthony Marcketta 2009

Parameters as interpreted:
	--vcf test_7_syn.vcf
	--freq
	--out SaleleSyn7.vcf

After filtering, kept 2000 out of 2000 Individuals
Outputting Frequency Statistics...
After filtering, kept 492 out of a possible 492 Sites
Run Time = 9.00 seconds

VCFtools - 0.1.15
(C) Adam Auton and Anthony Marcketta 2009

Parameters as interpreted:
	--vcf test_7_combined.vcf
	--freq
	--out SaleleWholeSequence7.vcf

After filtering, kept 2000 out of 2000 Individuals
Outputting Frequency Statistics...
After filtering, kept 73264 out of a possible 73264 Sites
Run Time = 29.00 seconds

VCFtools - 0.1.15
(C) Adam Auton and Anthony Marcketta 2009

Parameters as interpreted:
	--vcf test_7_combined.vcf
	--chr 1
	--to-bp 3061986
	--out MiniVCF7.vcf
	--recode
	--from-bp 2561986

After filtering, kept 2000 out of 2000 Individuals
Outputting VCF file...
After filtering, kept 1749 out of a possible 73264 Sites
Run Time = 86.00 seconds
Reading in VCF file...done.
Now printing output...done.

VCFtools - 0.1.15
(C) Adam Auton and Anthony Marcketta 2009

Parameters as interpreted:
	--vcf test_7_combined.vcf
	--chr 1
	--to-bp 9247696
	--out MiniVCF7.vcf
	--recode
	--from-bp 8747696

After filtering, kept 2000 out of 2000 Individuals
Outputting VCF file...
After filtering, kept 1806 out of a possible 73264 Sites
Run Time = 21.00 seconds
Reading in VCF file...done.
Now printing output...done.
rm: cannot remove ‘Salele7.vcf.log’: No such file or directory
rm: cannot remove ‘SaleleWholeSequence7.vcf.log’: No such file or directory

real	6m16.793s
user	6m14.876s
sys	0m1.475s

VCFtools - 0.1.15
(C) Adam Auton and Anthony Marcketta 2009

Parameters as interpreted:
	--vcf test_8_ns.vcf
	--freq
	--out Salele8.vcf

After filtering, kept 2000 out of 2000 Individuals
Outputting Frequency Statistics...
After filtering, kept 1349 out of a possible 1349 Sites
Run Time = 1.00 seconds
Writing to /tmp/bcftools-sort.wClwlW
Merging 1 temporary files
Cleaning
Done
Writing to /tmp/bcftools-sort.RxX5Qg
Merging 1 temporary files
Cleaning
Done

real	6m30.308s
user	4m18.338s
sys	0m3.623s

VCFtools - 0.1.15
(C) Adam Auton and Anthony Marcketta 2009

Parameters as interpreted:
	--vcf test_8_ns.vcf
	--freq
	--out Salele8.vcf

After filtering, kept 2000 out of 2000 Individuals
Outputting Frequency Statistics...
After filtering, kept 1349 out of a possible 1349 Sites
Run Time = 12.00 seconds

VCFtools - 0.1.15
(C) Adam Auton and Anthony Marcketta 2009

Parameters as interpreted:
	--vcf test_8_syn.vcf
	--freq
	--out SaleleSyn8.vcf

After filtering, kept 2000 out of 2000 Individuals
Outputting Frequency Statistics...
After filtering, kept 533 out of a possible 533 Sites
Run Time = 14.00 seconds

VCFtools - 0.1.15
(C) Adam Auton and Anthony Marcketta 2009

Parameters as interpreted:
	--vcf test_8_combined.vcf
	--freq
	--out SaleleWholeSequence8.vcf

After filtering, kept 2000 out of 2000 Individuals
Outputting Frequency Statistics...
After filtering, kept 73059 out of a possible 73059 Sites
Run Time = 45.00 seconds

VCFtools - 0.1.15
(C) Adam Auton and Anthony Marcketta 2009

Parameters as interpreted:
	--vcf test_8_combined.vcf
	--chr 1
	--to-bp 4556567
	--out MiniVCF8.vcf
	--recode
	--from-bp 4056567

After filtering, kept 2000 out of 2000 Individuals
Outputting VCF file...
After filtering, kept 1816 out of a possible 73059 Sites
Run Time = 48.00 seconds
Reading in VCF file...done.
Now printing output...done.
rm: cannot remove ‘Salele8.vcf.log’: No such file or directory
rm: cannot remove ‘SaleleWholeSequence8.vcf.log’: No such file or directory

real	6m32.786s
user	6m28.420s
sys	0m3.004s

VCFtools - 0.1.15
(C) Adam Auton and Anthony Marcketta 2009

Parameters as interpreted:
	--vcf test_9_ns.vcf
	--freq
	--out Salele9.vcf

After filtering, kept 2000 out of 2000 Individuals
Outputting Frequency Statistics...
 Duplicate alternate alleles found at 1:363310
After filtering, kept 1331 out of a possible 1331 Sites
Run Time = 0.00 seconds
Writing to /tmp/bcftools-sort.pe1JFJ
Merging 1 temporary files
Cleaning
Done
Writing to /tmp/bcftools-sort.0jj9Fg
Merging 1 temporary files
Cleaning
Done

real	5m28.161s
user	4m20.979s
sys	0m3.560s

VCFtools - 0.1.15
(C) Adam Auton and Anthony Marcketta 2009

Parameters as interpreted:
	--vcf test_9_ns.vcf
	--freq
	--out Salele9.vcf

After filtering, kept 2000 out of 2000 Individuals
Outputting Frequency Statistics...
 Duplicate alternate alleles found at 1:363310
After filtering, kept 1331 out of a possible 1331 Sites
Run Time = 4.00 seconds

VCFtools - 0.1.15
(C) Adam Auton and Anthony Marcketta 2009

Parameters as interpreted:
	--vcf test_9_syn.vcf
	--freq
	--out SaleleSyn9.vcf

After filtering, kept 2000 out of 2000 Individuals
Outputting Frequency Statistics...
After filtering, kept 497 out of a possible 497 Sites
Run Time = 1.00 seconds

VCFtools - 0.1.15
(C) Adam Auton and Anthony Marcketta 2009

Parameters as interpreted:
	--vcf test_9_combined.vcf
	--freq
	--out SaleleWholeSequence9.vcf

After filtering, kept 2000 out of 2000 Individuals
Outputting Frequency Statistics...
 Duplicate alternate alleles found at 1:363310
After filtering, kept 73233 out of a possible 73233 Sites
Run Time = 27.00 seconds

VCFtools - 0.1.15
(C) Adam Auton and Anthony Marcketta 2009

Parameters as interpreted:
	--vcf test_9_combined.vcf
	--chr 1
	--to-bp 5185789
	--out MiniVCF9.vcf
	--recode
	--from-bp 4685789

After filtering, kept 2000 out of 2000 Individuals
Outputting VCF file...
After filtering, kept 1837 out of a possible 73233 Sites
Run Time = 6.00 seconds
Reading in VCF file...done.
Now printing output...done.

VCFtools - 0.1.15
(C) Adam Auton and Anthony Marcketta 2009

Parameters as interpreted:
	--vcf test_9_combined.vcf
	--chr 1
	--to-bp 8652026
	--out MiniVCF9.vcf
	--recode
	--from-bp 8152026

After filtering, kept 2000 out of 2000 Individuals
Outputting VCF file...
After filtering, kept 1837 out of a possible 73233 Sites
Run Time = 3.00 seconds
Reading in VCF file...done.
Now printing output...done.
rm: cannot remove ‘Salele9.vcf.log’: No such file or directory
rm: cannot remove ‘SaleleWholeSequence9.vcf.log’: No such file or directory
