
real	6m17.920s
user	6m14.294s
sys	0m3.109s
Traceback (most recent call last):
  File "tree_2_vcf_noploidyConstantPopSize.py", line 192, in <module>
    main(args)
  File "tree_2_vcf_noploidyConstantPopSize.py", line 134, in main
    ns_vcf(ts_sample, '{0}_{1}_ns.vcf'.format(args.inputname, args.simnum))
  File "tree_2_vcf_noploidyConstantPopSize.py", line 56, in ns_vcf
    ts.write_vcf(vcf_file)
  File "/home/diegoortega/.local/lib/python3.7/site-packages/tskit/trees.py", line 3253, in write_vcf
    writer.write(output)
  File "/home/diegoortega/.local/lib/python3.7/site-packages/tskit/vcf.py", line 156, in write
    for variant in self.tree_sequence.variants(samples=self.samples):
  File "/home/diegoortega/.local/lib/python3.7/site-packages/tskit/trees.py", line 2923, in variants
    impute_missing_data=impute_missing_data)
_tskit.LibraryError: Cannot generate genotypes for non-samples unless missing data imputation is enabled

real	2m28.661s
user	2m28.144s
sys	0m0.313s
rm: cannot remove ‘Salele88.vcf.frq’: No such file or directory
rm: cannot remove ‘Salele88.vcf.log’: No such file or directory
rm: cannot remove ‘test_88_allelenumber.txt’: No such file or directory
rm: cannot remove ‘test_88_noncoding.vcf’: No such file or directory
rm: cannot remove ‘test_88_syn.vcf’: No such file or directory
rm: cannot remove ‘test_88_unsorted.vcf’: No such file or directory

real	5m55.846s
user	5m51.698s
sys	0m2.245s

VCFtools - 0.1.15
(C) Adam Auton and Anthony Marcketta 2009

Parameters as interpreted:
	--vcf test_89_ns.vcf
	--freq
	--out Salele89.vcf

After filtering, kept 2000 out of 2000 Individuals
Outputting Frequency Statistics...
After filtering, kept 1368 out of a possible 1368 Sites
Run Time = 58.00 seconds
Writing to /tmp/bcftools-sort.5KrNuG
Merging 1 temporary files
Cleaning
Done
Writing to /tmp/bcftools-sort.DNcS80
Merging 1 temporary files
Cleaning
Done

real	9m2.152s
user	4m19.363s
sys	0m3.904s

VCFtools - 0.1.15
(C) Adam Auton and Anthony Marcketta 2009

Parameters as interpreted:
	--vcf test_89_ns.vcf
	--freq
	--out Salele89.vcf

After filtering, kept 2000 out of 2000 Individuals
Outputting Frequency Statistics...
After filtering, kept 1368 out of a possible 1368 Sites
Run Time = 1.00 seconds

VCFtools - 0.1.15
(C) Adam Auton and Anthony Marcketta 2009

Parameters as interpreted:
	--vcf test_89_syn.vcf
	--freq
	--out SaleleSyn89.vcf

After filtering, kept 2000 out of 2000 Individuals
Outputting Frequency Statistics...
After filtering, kept 534 out of a possible 534 Sites
Run Time = 1.00 seconds

VCFtools - 0.1.15
(C) Adam Auton and Anthony Marcketta 2009

Parameters as interpreted:
	--vcf test_89_combined.vcf
	--freq
	--out SaleleWholeSequence89.vcf

After filtering, kept 2000 out of 2000 Individuals
Outputting Frequency Statistics...
After filtering, kept 73031 out of a possible 73031 Sites
Run Time = 21.00 seconds

VCFtools - 0.1.15
(C) Adam Auton and Anthony Marcketta 2009

Parameters as interpreted:
	--vcf test_89_combined.vcf
	--chr 1
	--to-bp 18260542
	--out MiniVCF89.vcf
	--recode
	--from-bp 17760542

After filtering, kept 2000 out of 2000 Individuals
Outputting VCF file...
After filtering, kept 1793 out of a possible 73031 Sites
Run Time = 4.00 seconds
Reading in VCF file...done.
Now printing output...done.
rm: cannot remove ‘Salele89.vcf.log’: No such file or directory
rm: cannot remove ‘SaleleWholeSequence89.vcf.log’: No such file or directory

real	7m9.952s
user	7m5.584s
sys	0m2.903s

VCFtools - 0.1.15
(C) Adam Auton and Anthony Marcketta 2009

Parameters as interpreted:
	--vcf test_90_ns.vcf
	--freq
	--out Salele90.vcf

After filtering, kept 2000 out of 2000 Individuals
Outputting Frequency Statistics...
 Duplicate alternate alleles found at 1:11110359
After filtering, kept 1375 out of a possible 1375 Sites
Run Time = 1.00 seconds
Writing to /tmp/bcftools-sort.6cnsbJ
Merging 1 temporary files
Cleaning
Done
Writing to /tmp/bcftools-sort.INXHrq
Merging 1 temporary files
Cleaning
Done

real	9m32.156s
user	4m19.534s
sys	0m3.840s

VCFtools - 0.1.15
(C) Adam Auton and Anthony Marcketta 2009

Parameters as interpreted:
	--vcf test_90_ns.vcf
	--freq
	--out Salele90.vcf

After filtering, kept 2000 out of 2000 Individuals
Outputting Frequency Statistics...
 Duplicate alternate alleles found at 1:11110359
After filtering, kept 1375 out of a possible 1375 Sites
Run Time = 3.00 seconds

VCFtools - 0.1.15
(C) Adam Auton and Anthony Marcketta 2009

Parameters as interpreted:
	--vcf test_90_syn.vcf
	--freq
	--out SaleleSyn90.vcf

After filtering, kept 2000 out of 2000 Individuals
Outputting Frequency Statistics...
After filtering, kept 454 out of a possible 454 Sites
Run Time = 3.00 seconds

VCFtools - 0.1.15
(C) Adam Auton and Anthony Marcketta 2009

Parameters as interpreted:
	--vcf test_90_combined.vcf
	--freq
	--out SaleleWholeSequence90.vcf

After filtering, kept 2000 out of 2000 Individuals
Outputting Frequency Statistics...
 Duplicate alternate alleles found at 1:11110359
After filtering, kept 73684 out of a possible 73684 Sites
Run Time = 49.00 seconds

VCFtools - 0.1.15
(C) Adam Auton and Anthony Marcketta 2009

Parameters as interpreted:
	--vcf test_90_combined.vcf
	--chr 1
	--to-bp 2215665
	--out MiniVCF90.vcf
	--recode
	--from-bp 1715665

After filtering, kept 2000 out of 2000 Individuals
Outputting VCF file...
After filtering, kept 1794 out of a possible 73684 Sites
Run Time = 22.00 seconds
Reading in VCF file...done.
Now printing output...done.

VCFtools - 0.1.15
(C) Adam Auton and Anthony Marcketta 2009

Parameters as interpreted:
	--vcf test_90_combined.vcf
	--chr 1
	--to-bp 6158354
	--out MiniVCF90.vcf
	--recode
	--from-bp 5658354

After filtering, kept 2000 out of 2000 Individuals
Outputting VCF file...
After filtering, kept 1676 out of a possible 73684 Sites
Run Time = 12.00 seconds
Reading in VCF file...done.
Now printing output...done.

VCFtools - 0.1.15
(C) Adam Auton and Anthony Marcketta 2009

Parameters as interpreted:
	--vcf test_90_combined.vcf
	--chr 1
	--to-bp 6232425
	--out MiniVCF90.vcf
	--recode
	--from-bp 5732425

After filtering, kept 2000 out of 2000 Individuals
Outputting VCF file...
After filtering, kept 1730 out of a possible 73684 Sites
Run Time = 14.00 seconds
Reading in VCF file...done.
Now printing output...done.

VCFtools - 0.1.15
(C) Adam Auton and Anthony Marcketta 2009

Parameters as interpreted:
	--vcf test_90_combined.vcf
	--chr 1
	--to-bp 10603588
	--out MiniVCF90.vcf
	--recode
	--from-bp 10103588

After filtering, kept 2000 out of 2000 Individuals
Outputting VCF file...
After filtering, kept 1795 out of a possible 73684 Sites
Run Time = 12.00 seconds
Reading in VCF file...done.
Now printing output...done.

VCFtools - 0.1.15
(C) Adam Auton and Anthony Marcketta 2009

Parameters as interpreted:
	--vcf test_90_combined.vcf
	--chr 1
	--to-bp 13898626
	--out MiniVCF90.vcf
	--recode
	--from-bp 13398626

After filtering, kept 2000 out of 2000 Individuals
Outputting VCF file...
After filtering, kept 1869 out of a possible 73684 Sites
Run Time = 9.00 seconds
Reading in VCF file...done.
Now printing output...done.
/tmp/slurmd/job1103449/slurm_script: line 107: [: -gt: unary operator expected
rm: cannot remove ‘Salele90.vcf.log’: No such file or directory
rm: cannot remove ‘SaleleWholeSequence90.vcf.log’: No such file or directory
