
real	6m40.290s
user	6m37.014s
sys	0m2.927s

VCFtools - 0.1.15
(C) Adam Auton and Anthony Marcketta 2009

Parameters as interpreted:
	--vcf test_145_ns.vcf
	--freq
	--out Salele145.vcf

After filtering, kept 2000 out of 2000 Individuals
Outputting Frequency Statistics...
 Duplicate alternate alleles found at 1:16755594
After filtering, kept 1309 out of a possible 1309 Sites
Run Time = 0.00 seconds
Writing to /tmp/bcftools-sort.ws2ZCl
Merging 1 temporary files
Cleaning
Done
Writing to /tmp/bcftools-sort.9iGp7a
slurmstepd-midway2-0402: error: *** JOB 1102797 ON midway2-0402 CANCELLED AT 2020-05-09T19:11:36 ***
