
real	6m34.231s
user	6m30.911s
sys	0m2.882s

VCFtools - 0.1.15
(C) Adam Auton and Anthony Marcketta 2009

Parameters as interpreted:
	--vcf test_55_ns.vcf
	--freq
	--out Salele55.vcf

After filtering, kept 2000 out of 2000 Individuals
Outputting Frequency Statistics...
 Duplicate alternate alleles found at 1:3498854
 Duplicate alternate alleles found at 1:6991799
After filtering, kept 1377 out of a possible 1377 Sites
Run Time = 1.00 seconds
Writing to /tmp/bcftools-sort.r1F4vd
Merging 1 temporary files
Cleaning
Done
Writing to /tmp/bcftools-sort.u88w4L
Merging 1 temporary files
Cleaning
Done

real	8m52.596s
user	4m24.532s
sys	0m3.652s

VCFtools - 0.1.15
(C) Adam Auton and Anthony Marcketta 2009

Parameters as interpreted:
	--vcf test_55_ns.vcf
	--freq
	--out Salele55.vcf

After filtering, kept 2000 out of 2000 Individuals
Outputting Frequency Statistics...
 Duplicate alternate alleles found at 1:3498854
 Duplicate alternate alleles found at 1:6991799
After filtering, kept 1377 out of a possible 1377 Sites
Run Time = 4.00 seconds

VCFtools - 0.1.15
(C) Adam Auton and Anthony Marcketta 2009

Parameters as interpreted:
	--vcf test_55_syn.vcf
	--freq
	--out SaleleSyn55.vcf

After filtering, kept 2000 out of 2000 Individuals
Outputting Frequency Statistics...
After filtering, kept 529 out of a possible 529 Sites
Run Time = 8.00 seconds

VCFtools - 0.1.15
(C) Adam Auton and Anthony Marcketta 2009

Parameters as interpreted:
	--vcf test_55_combined.vcf
	--freq
	--out SaleleWholeSequence55.vcf

After filtering, kept 2000 out of 2000 Individuals
Outputting Frequency Statistics...
 Duplicate alternate alleles found at 1:3498854
 Duplicate alternate alleles found at 1:6991799
After filtering, kept 74143 out of a possible 74143 Sites
Run Time = 38.00 seconds
rm: cannot remove ‘test_55_combinedMSFormat.txt’: No such file or directory
rm: cannot remove ‘Salele55.vcf.log’: No such file or directory
rm: cannot remove ‘SaleleWholeSequence55.vcf.log’: No such file or directory

real	6m21.196s
user	6m14.668s
sys	0m3.159s

VCFtools - 0.1.15
(C) Adam Auton and Anthony Marcketta 2009

Parameters as interpreted:
	--vcf test_56_ns.vcf
	--freq
	--out Salele56.vcf

After filtering, kept 2000 out of 2000 Individuals
Outputting Frequency Statistics...
 Duplicate alternate alleles found at 1:4071613
After filtering, kept 1325 out of a possible 1325 Sites
Run Time = 0.00 seconds
Writing to /tmp/bcftools-sort.4bL22N
Merging 1 temporary files
Cleaning
Done
Writing to /tmp/bcftools-sort.evWWBO
Merging 1 temporary files
Cleaning
Done

real	4m30.279s
user	4m19.716s
sys	0m3.412s

VCFtools - 0.1.15
(C) Adam Auton and Anthony Marcketta 2009

Parameters as interpreted:
	--vcf test_56_ns.vcf
	--freq
	--out Salele56.vcf

After filtering, kept 2000 out of 2000 Individuals
Outputting Frequency Statistics...
 Duplicate alternate alleles found at 1:4071613
After filtering, kept 1325 out of a possible 1325 Sites
Run Time = 1.00 seconds

VCFtools - 0.1.15
(C) Adam Auton and Anthony Marcketta 2009

Parameters as interpreted:
	--vcf test_56_syn.vcf
	--freq
	--out SaleleSyn56.vcf

After filtering, kept 2000 out of 2000 Individuals
Outputting Frequency Statistics...
After filtering, kept 529 out of a possible 529 Sites
Run Time = 0.00 seconds

VCFtools - 0.1.15
(C) Adam Auton and Anthony Marcketta 2009

Parameters as interpreted:
	--vcf test_56_combined.vcf
	--freq
	--out SaleleWholeSequence56.vcf

After filtering, kept 2000 out of 2000 Individuals
Outputting Frequency Statistics...
 Duplicate alternate alleles found at 1:4071613
After filtering, kept 73923 out of a possible 73923 Sites
Run Time = 22.00 seconds

VCFtools - 0.1.15
(C) Adam Auton and Anthony Marcketta 2009

Parameters as interpreted:
	--vcf test_56_combined.vcf
	--chr 1
	--to-bp 13896955
	--out MiniVCF56.vcf
	--recode
	--from-bp 13396955

After filtering, kept 2000 out of 2000 Individuals
Outputting VCF file...
After filtering, kept 1849 out of a possible 73923 Sites
Run Time = 4.00 seconds
Reading in VCF file...done.
Now printing output...done.

VCFtools - 0.1.15
(C) Adam Auton and Anthony Marcketta 2009

Parameters as interpreted:
	--vcf test_56_combined.vcf
	--chr 1
	--to-bp 16948683
	--out MiniVCF56.vcf
	--recode
	--from-bp 16448683

After filtering, kept 2000 out of 2000 Individuals
Outputting VCF file...
After filtering, kept 1798 out of a possible 73923 Sites
Run Time = 4.00 seconds
Reading in VCF file...done.
Now printing output...done.

VCFtools - 0.1.15
(C) Adam Auton and Anthony Marcketta 2009

Parameters as interpreted:
	--vcf test_56_combined.vcf
	--chr 1
	--to-bp 12731284
	--out MiniVCF56.vcf
	--recode
	--from-bp 12231284

After filtering, kept 2000 out of 2000 Individuals
Outputting VCF file...
After filtering, kept 1867 out of a possible 73923 Sites
Run Time = 4.00 seconds
Reading in VCF file...done.
Now printing output...done.
rm: cannot remove ‘Salele56.vcf.log’: No such file or directory
rm: cannot remove ‘SaleleWholeSequence56.vcf.log’: No such file or directory

real	7m4.114s
user	6m28.461s
sys	0m2.143s

VCFtools - 0.1.15
(C) Adam Auton and Anthony Marcketta 2009

Parameters as interpreted:
	--vcf test_57_ns.vcf
	--freq
	--out Salele57.vcf

After filtering, kept 2000 out of 2000 Individuals
Outputting Frequency Statistics...
 Duplicate alternate alleles found at 1:3598151
After filtering, kept 1322 out of a possible 1322 Sites
Run Time = 0.00 seconds
Writing to /tmp/bcftools-sort.9heUyc
Merging 1 temporary files
Cleaning
Done
Writing to /tmp/bcftools-sort.u5gSd2
Merging 1 temporary files
Cleaning
Done

real	10m34.303s
user	4m29.817s
sys	0m3.571s

VCFtools - 0.1.15
(C) Adam Auton and Anthony Marcketta 2009

Parameters as interpreted:
	--vcf test_57_ns.vcf
	--freq
	--out Salele57.vcf

After filtering, kept 2000 out of 2000 Individuals
Outputting Frequency Statistics...
 Duplicate alternate alleles found at 1:3598151
After filtering, kept 1322 out of a possible 1322 Sites
Run Time = 1.00 seconds

VCFtools - 0.1.15
(C) Adam Auton and Anthony Marcketta 2009

Parameters as interpreted:
	--vcf test_57_syn.vcf
	--freq
	--out SaleleSyn57.vcf

After filtering, kept 2000 out of 2000 Individuals
Outputting Frequency Statistics...
After filtering, kept 489 out of a possible 489 Sites
Run Time = 0.00 seconds

VCFtools - 0.1.15
(C) Adam Auton and Anthony Marcketta 2009

Parameters as interpreted:
	--vcf test_57_combined.vcf
	--freq
	--out SaleleWholeSequence57.vcf

After filtering, kept 2000 out of 2000 Individuals
Outputting Frequency Statistics...
 Duplicate alternate alleles found at 1:3598151
After filtering, kept 73050 out of a possible 73050 Sites
Run Time = 23.00 seconds

VCFtools - 0.1.15
(C) Adam Auton and Anthony Marcketta 2009

Parameters as interpreted:
	--vcf test_57_combined.vcf
	--chr 1
	--to-bp 5135762
	--out MiniVCF57.vcf
	--recode
	--from-bp 4635762

After filtering, kept 2000 out of 2000 Individuals
Outputting VCF file...
After filtering, kept 1951 out of a possible 73050 Sites
Run Time = 15.00 seconds
Reading in VCF file...done.
Now printing output...done.

VCFtools - 0.1.15
(C) Adam Auton and Anthony Marcketta 2009

Parameters as interpreted:
	--vcf test_57_combined.vcf
	--chr 1
	--to-bp 6455532
	--out MiniVCF57.vcf
	--recode
	--from-bp 5955532

After filtering, kept 2000 out of 2000 Individuals
Outputting VCF file...
After filtering, kept 1783 out of a possible 73050 Sites
Run Time = 7.00 seconds
Reading in VCF file...done.
Now printing output...done.

VCFtools - 0.1.15
(C) Adam Auton and Anthony Marcketta 2009

Parameters as interpreted:
	--vcf test_57_combined.vcf
	--chr 1
	--to-bp 11375793
	--out MiniVCF57.vcf
	--recode
	--from-bp 10875793

After filtering, kept 2000 out of 2000 Individuals
Outputting VCF file...
After filtering, kept 1913 out of a possible 73050 Sites
Run Time = 17.00 seconds
Reading in VCF file...done.
Now printing output...done.
rm: cannot remove ‘Salele57.vcf.log’: No such file or directory
rm: cannot remove ‘SaleleWholeSequence57.vcf.log’: No such file or directory
