
real	6m30.822s
user	6m27.477s
sys	0m2.869s

VCFtools - 0.1.15
(C) Adam Auton and Anthony Marcketta 2009

Parameters as interpreted:
	--vcf test_28_ns.vcf
	--freq
	--out Salele28.vcf

After filtering, kept 2000 out of 2000 Individuals
Outputting Frequency Statistics...
After filtering, kept 1340 out of a possible 1340 Sites
Run Time = 0.00 seconds
Writing to /tmp/bcftools-sort.1X6X4M
Merging 1 temporary files
Cleaning
Done
Writing to /tmp/bcftools-sort.sittNE
Merging 1 temporary files
slurmstepd-midway2-0401: error: *** JOB 1102758 ON midway2-0401 CANCELLED AT 2020-05-09T19:11:35 ***
