
real	6m56.421s
user	6m52.786s
sys	0m3.135s

VCFtools - 0.1.15
(C) Adam Auton and Anthony Marcketta 2009

Parameters as interpreted:
	--vcf test_115_ns.vcf
	--freq
	--out Salele115.vcf

After filtering, kept 2000 out of 2000 Individuals
Outputting Frequency Statistics...
After filtering, kept 1357 out of a possible 1357 Sites
Run Time = 0.00 seconds
Writing to /tmp/bcftools-sort.LslQuT
Merging 1 temporary files
Cleaning
Done
Writing to /tmp/bcftools-sort.mCnTkk
Merging 1 temporary files
Cleaning
Done

real	9m40.688s
user	4m30.260s
sys	0m4.122s

VCFtools - 0.1.15
(C) Adam Auton and Anthony Marcketta 2009

Parameters as interpreted:
	--vcf test_115_ns.vcf
	--freq
	--out Salele115.vcf

After filtering, kept 2000 out of 2000 Individuals
Outputting Frequency Statistics...
After filtering, kept 1357 out of a possible 1357 Sites
Run Time = 3.00 seconds

VCFtools - 0.1.15
(C) Adam Auton and Anthony Marcketta 2009

Parameters as interpreted:
	--vcf test_115_syn.vcf
	--freq
	--out SaleleSyn115.vcf

After filtering, kept 2000 out of 2000 Individuals
Outputting Frequency Statistics...
After filtering, kept 509 out of a possible 509 Sites
Run Time = 3.00 seconds

VCFtools - 0.1.15
(C) Adam Auton and Anthony Marcketta 2009

Parameters as interpreted:
	--vcf test_115_combined.vcf
	--freq
	--out SaleleWholeSequence115.vcf

After filtering, kept 2000 out of 2000 Individuals
Outputting Frequency Statistics...
After filtering, kept 74044 out of a possible 74044 Sites
Run Time = 68.00 seconds

VCFtools - 0.1.15
(C) Adam Auton and Anthony Marcketta 2009

Parameters as interpreted:
	--vcf test_115_combined.vcf
	--chr 1
	--to-bp 5082192
	--out MiniVCF115.vcf
	--recode
	--from-bp 4582192

After filtering, kept 2000 out of 2000 Individuals
Outputting VCF file...
After filtering, kept 1857 out of a possible 74044 Sites
Run Time = 52.00 seconds
Reading in VCF file...done.
Now printing output...done.

VCFtools - 0.1.15
(C) Adam Auton and Anthony Marcketta 2009

Parameters as interpreted:
	--vcf test_115_combined.vcf
	--chr 1
	--to-bp 7242098
	--out MiniVCF115.vcf
	--recode
	--from-bp 6742098

After filtering, kept 2000 out of 2000 Individuals
Outputting VCF file...
After filtering, kept 1747 out of a possible 74044 Sites
Run Time = 32.00 seconds
Reading in VCF file...done.
Now printing output...done.
rm: cannot remove ‘Salele115.vcf.log’: No such file or directory
rm: cannot remove ‘SaleleWholeSequence115.vcf.log’: No such file or directory

real	6m26.091s
user	6m22.302s
sys	0m3.171s

VCFtools - 0.1.15
(C) Adam Auton and Anthony Marcketta 2009

Parameters as interpreted:
	--vcf test_116_ns.vcf
	--freq
	--out Salele116.vcf

After filtering, kept 2000 out of 2000 Individuals
Outputting Frequency Statistics...
After filtering, kept 1361 out of a possible 1361 Sites
Run Time = 0.00 seconds
Writing to /tmp/bcftools-sort.6iLMVd
Merging 1 temporary files
Cleaning
Done
Writing to /tmp/bcftools-sort.Lu6ezO
Merging 1 temporary files
Cleaning
Done

real	6m28.729s
user	4m23.351s
sys	0m3.797s

VCFtools - 0.1.15
(C) Adam Auton and Anthony Marcketta 2009

Parameters as interpreted:
	--vcf test_116_ns.vcf
	--freq
	--out Salele116.vcf

After filtering, kept 2000 out of 2000 Individuals
Outputting Frequency Statistics...
After filtering, kept 1361 out of a possible 1361 Sites
Run Time = 3.00 seconds

VCFtools - 0.1.15
(C) Adam Auton and Anthony Marcketta 2009

Parameters as interpreted:
	--vcf test_116_syn.vcf
	--freq
	--out SaleleSyn116.vcf

After filtering, kept 2000 out of 2000 Individuals
Outputting Frequency Statistics...
After filtering, kept 537 out of a possible 537 Sites
Run Time = 33.00 seconds

VCFtools - 0.1.15
(C) Adam Auton and Anthony Marcketta 2009

Parameters as interpreted:
	--vcf test_116_combined.vcf
	--freq
	--out SaleleWholeSequence116.vcf

After filtering, kept 2000 out of 2000 Individuals
Outputting Frequency Statistics...
After filtering, kept 73647 out of a possible 73647 Sites
Run Time = 44.00 seconds

VCFtools - 0.1.15
(C) Adam Auton and Anthony Marcketta 2009

Parameters as interpreted:
	--vcf test_116_combined.vcf
	--chr 1
	--to-bp 16462879
	--out MiniVCF116.vcf
	--recode
	--from-bp 15962879

After filtering, kept 2000 out of 2000 Individuals
Outputting VCF file...
After filtering, kept 1873 out of a possible 73647 Sites
Run Time = 40.00 seconds
Reading in VCF file...done.
Now printing output...done.

VCFtools - 0.1.15
(C) Adam Auton and Anthony Marcketta 2009

Parameters as interpreted:
	--vcf test_116_combined.vcf
	--chr 1
	--to-bp 16475972
	--out MiniVCF116.vcf
	--recode
	--from-bp 15975972

After filtering, kept 2000 out of 2000 Individuals
Outputting VCF file...
After filtering, kept 1864 out of a possible 73647 Sites
Run Time = 20.00 seconds
Reading in VCF file...done.
Now printing output...done.

VCFtools - 0.1.15
(C) Adam Auton and Anthony Marcketta 2009

Parameters as interpreted:
	--vcf test_116_combined.vcf
	--chr 1
	--to-bp 7674414
	--out MiniVCF116.vcf
	--recode
	--from-bp 7174414

After filtering, kept 2000 out of 2000 Individuals
Outputting VCF file...
After filtering, kept 1840 out of a possible 73647 Sites
Run Time = 36.00 seconds
Reading in VCF file...done.
Now printing output...done.
rm: cannot remove ‘Salele116.vcf.log’: No such file or directory
rm: cannot remove ‘SaleleWholeSequence116.vcf.log’: No such file or directory

real	6m44.262s
user	6m26.997s
sys	0m2.444s

VCFtools - 0.1.15
(C) Adam Auton and Anthony Marcketta 2009

Parameters as interpreted:
	--vcf test_117_ns.vcf
	--freq
	--out Salele117.vcf

After filtering, kept 2000 out of 2000 Individuals
Outputting Frequency Statistics...
After filtering, kept 1338 out of a possible 1338 Sites
Run Time = 0.00 seconds
Writing to /tmp/bcftools-sort.tUbzWe
Merging 1 temporary files
Cleaning
Done
Writing to /tmp/bcftools-sort.pMt2pj
Merging 1 temporary files
Cleaning
Done

real	5m21.244s
user	4m23.515s
sys	0m3.915s

VCFtools - 0.1.15
(C) Adam Auton and Anthony Marcketta 2009

Parameters as interpreted:
	--vcf test_117_ns.vcf
	--freq
	--out Salele117.vcf

After filtering, kept 2000 out of 2000 Individuals
Outputting Frequency Statistics...
After filtering, kept 1338 out of a possible 1338 Sites
Run Time = 5.00 seconds

VCFtools - 0.1.15
(C) Adam Auton and Anthony Marcketta 2009

Parameters as interpreted:
	--vcf test_117_syn.vcf
	--freq
	--out SaleleSyn117.vcf

After filtering, kept 2000 out of 2000 Individuals
Outputting Frequency Statistics...
After filtering, kept 560 out of a possible 560 Sites
Run Time = 4.00 seconds

VCFtools - 0.1.15
(C) Adam Auton and Anthony Marcketta 2009

Parameters as interpreted:
	--vcf test_117_combined.vcf
	--freq
	--out SaleleWholeSequence117.vcf

After filtering, kept 2000 out of 2000 Individuals
Outputting Frequency Statistics...
After filtering, kept 73922 out of a possible 73922 Sites
Run Time = 45.00 seconds

VCFtools - 0.1.15
(C) Adam Auton and Anthony Marcketta 2009

Parameters as interpreted:
	--vcf test_117_combined.vcf
	--chr 1
	--to-bp 16811659
	--out MiniVCF117.vcf
	--recode
	--from-bp 16311659

After filtering, kept 2000 out of 2000 Individuals
Outputting VCF file...
After filtering, kept 1704 out of a possible 73922 Sites
Run Time = 16.00 seconds
Reading in VCF file...done.
Now printing output...done.

VCFtools - 0.1.15
(C) Adam Auton and Anthony Marcketta 2009

Parameters as interpreted:
	--vcf test_117_combined.vcf
	--chr 1
	--to-bp 1555764
	--out MiniVCF117.vcf
	--recode
	--from-bp 1055764

After filtering, kept 2000 out of 2000 Individuals
Outputting VCF file...
After filtering, kept 1797 out of a possible 73922 Sites
Run Time = 30.00 seconds
Reading in VCF file...done.
Now printing output...done.

VCFtools - 0.1.15
(C) Adam Auton and Anthony Marcketta 2009

Parameters as interpreted:
	--vcf test_117_combined.vcf
	--chr 1
	--to-bp 8332621
	--out MiniVCF117.vcf
	--recode
	--from-bp 7832621

After filtering, kept 2000 out of 2000 Individuals
Outputting VCF file...
After filtering, kept 1727 out of a possible 73922 Sites
Run Time = 28.00 seconds
Reading in VCF file...done.
Now printing output...done.
rm: cannot remove ‘Salele117.vcf.log’: No such file or directory
rm: cannot remove ‘SaleleWholeSequence117.vcf.log’: No such file or directory
