
real	6m27.621s
user	6m24.691s
sys	0m2.355s

VCFtools - 0.1.15
(C) Adam Auton and Anthony Marcketta 2009

Parameters as interpreted:
	--vcf test_79_ns.vcf
	--freq
	--out Salele79.vcf

After filtering, kept 2000 out of 2000 Individuals
Outputting Frequency Statistics...
 Duplicate alternate alleles found at 1:4145570
After filtering, kept 1311 out of a possible 1311 Sites
Run Time = 1.00 seconds
Writing to /tmp/bcftools-sort.R4fJqr
Merging 1 temporary files
Cleaning
Done
Writing to /tmp/bcftools-sort.HJSQW3
Merging 1 temporary files
Cleaning
Done

real	15m29.577s
user	6m15.490s
sys	0m7.553s
slurmstepd-midway2-0402: error: *** JOB 1102775 ON midway2-0402 CANCELLED AT 2020-05-09T19:11:35 ***
