
real	6m24.307s
user	6m20.966s
sys	0m2.968s

VCFtools - 0.1.15
(C) Adam Auton and Anthony Marcketta 2009

Parameters as interpreted:
	--vcf test_139_ns.vcf
	--freq
	--out Salele139.vcf

After filtering, kept 2000 out of 2000 Individuals
Outputting Frequency Statistics...
After filtering, kept 1297 out of a possible 1297 Sites
Run Time = 0.00 seconds
Writing to /tmp/bcftools-sort.MnLXeR
Merging 1 temporary files
Cleaning
Done
Writing to /tmp/bcftools-sort.wr3biQ
Merging 1 temporary files
slurmstepd-midway2-0402: error: *** JOB 1102795 ON midway2-0402 CANCELLED AT 2020-05-09T19:11:36 ***
