
real	6m21.664s
user	6m18.121s
sys	0m3.003s

VCFtools - 0.1.15
(C) Adam Auton and Anthony Marcketta 2009

Parameters as interpreted:
	--vcf test_106_ns.vcf
	--freq
	--out Salele106.vcf

After filtering, kept 2000 out of 2000 Individuals
Outputting Frequency Statistics...
After filtering, kept 1309 out of a possible 1309 Sites
Run Time = 1.00 seconds
Writing to /tmp/bcftools-sort.zP2Gjg
Merging 1 temporary files
Cleaning
Done
Writing to /tmp/bcftools-sort.f4j8t9
Merging 1 temporary files
slurmstepd-midway2-0402: error: *** JOB 1102784 ON midway2-0402 CANCELLED AT 2020-05-09T19:11:35 ***
